UpdateCTestConfiguration  from :/home/grant/ros2_ws/build/mavros/CTestConfiguration.ini
Parse Config file:/home/grant/ros2_ws/build/mavros/CTestConfiguration.ini
   Site: grant-2f
   Build name: (empty)
 Add coverage exclude regular expressions.
SetCTestConfiguration:CMakeCommand:/usr/bin/cmake
Create new tag: 20221024-0046 - Experimental
UpdateCTestConfiguration  from :/home/grant/ros2_ws/build/mavros/CTestConfiguration.ini
Parse Config file:/home/grant/ros2_ws/build/mavros/CTestConfiguration.ini
Test project /home/grant/ros2_ws/build/mavros
Constructing a list of tests
Done constructing a list of tests
Updating test list for fixtures
Added 0 tests to meet fixture requirements
Checking test dependency graph...
Checking test dependency graph end
test 1
      Start  1: libmavros-frame-conversions-test

1: Test command: /home/grant/miniconda3/bin/python3 "-u" "/opt/ros/foxy/share/ament_cmake_test/cmake/run_test.py" "/home/grant/ros2_ws/build/mavros/test_results/mavros/libmavros-frame-conversions-test.gtest.xml" "--package-name" "mavros" "--output-file" "/home/grant/ros2_ws/build/mavros/ament_cmake_gtest/libmavros-frame-conversions-test.txt" "--command" "/home/grant/ros2_ws/build/mavros/libmavros-frame-conversions-test" "--gtest_output=xml:/home/grant/ros2_ws/build/mavros/test_results/mavros/libmavros-frame-conversions-test.gtest.xml"
1: Test timeout computed to be: 60
1: -- run_test.py: invoking following command in '/home/grant/ros2_ws/build/mavros':
1:  - /home/grant/ros2_ws/build/mavros/libmavros-frame-conversions-test --gtest_output=xml:/home/grant/ros2_ws/build/mavros/test_results/mavros/libmavros-frame-conversions-test.gtest.xml
1: [==========] Running 9 tests from 1 test case.
1: [----------] Global test environment set-up.
1: [----------] 9 tests from FRAME_TF
1: [ RUN      ] FRAME_TF.transform_static_frame__aircraft_to_baselink_123
1: [       OK ] FRAME_TF.transform_static_frame__aircraft_to_baselink_123 (0 ms)
1: [ RUN      ] FRAME_TF.transform_static_frame__baselink_to_aircraft_123
1: [       OK ] FRAME_TF.transform_static_frame__baselink_to_aircraft_123 (0 ms)
1: [ RUN      ] FRAME_TF.transform_static_frame__enu_to_ned_123
1: [       OK ] FRAME_TF.transform_static_frame__enu_to_ned_123 (1 ms)
1: [ RUN      ] FRAME_TF.transform_static_frame__ned_to_enu_123
1: [       OK ] FRAME_TF.transform_static_frame__ned_to_enu_123 (0 ms)
1: [ RUN      ] FRAME_TF.transform_static_frame__ecef_to_enu_123_00
1: [       OK ] FRAME_TF.transform_static_frame__ecef_to_enu_123_00 (0 ms)
1: [ RUN      ] FRAME_TF.transform_static_frame__enu_to_ecef_123_00
1: [       OK ] FRAME_TF.transform_static_frame__enu_to_ecef_123_00 (0 ms)
1: [ RUN      ] FRAME_TF.transform_static_frame__ecef_to_enu_123_4030
1: [       OK ] FRAME_TF.transform_static_frame__ecef_to_enu_123_4030 (0 ms)
1: [ RUN      ] FRAME_TF.transform_static_frame__enu_to_ecef_123_4030
1: [       OK ] FRAME_TF.transform_static_frame__enu_to_ecef_123_4030 (0 ms)
1: [ RUN      ] FRAME_TF.quaternion_transforms__ned_to_ned_123
1: [       OK ] FRAME_TF.quaternion_transforms__ned_to_ned_123 (0 ms)
1: [----------] 9 tests from FRAME_TF (1 ms total)
1: 
1: [----------] Global test environment tear-down
1: [==========] 9 tests from 1 test case ran. (1 ms total)
1: [  PASSED  ] 9 tests.
1: -- run_test.py: return code 0
1: -- run_test.py: inject classname prefix into gtest result file '/home/grant/ros2_ws/build/mavros/test_results/mavros/libmavros-frame-conversions-test.gtest.xml'
1: -- run_test.py: verify result file '/home/grant/ros2_ws/build/mavros/test_results/mavros/libmavros-frame-conversions-test.gtest.xml'
 1/12 Test  #1: libmavros-frame-conversions-test ....   Passed    0.09 sec
test 2
      Start  2: libmavros-sensor-orientation-test

2: Test command: /home/grant/miniconda3/bin/python3 "-u" "/opt/ros/foxy/share/ament_cmake_test/cmake/run_test.py" "/home/grant/ros2_ws/build/mavros/test_results/mavros/libmavros-sensor-orientation-test.gtest.xml" "--package-name" "mavros" "--output-file" "/home/grant/ros2_ws/build/mavros/ament_cmake_gtest/libmavros-sensor-orientation-test.txt" "--command" "/home/grant/ros2_ws/build/mavros/libmavros-sensor-orientation-test" "--gtest_output=xml:/home/grant/ros2_ws/build/mavros/test_results/mavros/libmavros-sensor-orientation-test.gtest.xml"
2: Test timeout computed to be: 60
2: -- run_test.py: invoking following command in '/home/grant/ros2_ws/build/mavros':
2:  - /home/grant/ros2_ws/build/mavros/libmavros-sensor-orientation-test --gtest_output=xml:/home/grant/ros2_ws/build/mavros/test_results/mavros/libmavros-sensor-orientation-test.gtest.xml
2: [==========] Running 16 tests from 1 test case.
2: [----------] Global test environment set-up.
2: [----------] 16 tests from UTILS
2: [ RUN      ] UTILS.sensor_orientation_matching__none
2: [       OK ] UTILS.sensor_orientation_matching__none (0 ms)
2: [ RUN      ] UTILS.sensor_orientation_matching__roll_180
2: [       OK ] UTILS.sensor_orientation_matching__roll_180 (0 ms)
2: [ RUN      ] UTILS.sensor_orientation_matching__roll_180_yaw_90
2: [       OK ] UTILS.sensor_orientation_matching__roll_180_yaw_90 (0 ms)
2: [ RUN      ] UTILS.sensor_orientation_matching__custom
2: [       OK ] UTILS.sensor_orientation_matching__custom (0 ms)
2: [ RUN      ] UTILS.to_string__none
2: [       OK ] UTILS.to_string__none (0 ms)
2: [ RUN      ] UTILS.to_string__roll_180
2: [       OK ] UTILS.to_string__roll_180 (0 ms)
2: [ RUN      ] UTILS.to_string__roll_180_yaw_90
2: [       OK ] UTILS.to_string__roll_180_yaw_90 (0 ms)
2: [ RUN      ] UTILS.to_string__custom
2: [       OK ] UTILS.to_string__custom (0 ms)
2: [ RUN      ] UTILS.sensor_orientation_from_str__none
2: [       OK ] UTILS.sensor_orientation_from_str__none (0 ms)
2: [ RUN      ] UTILS.sensor_orientation_from_str__unknown
2: [ERROR] [1666572396.394676925] [uas.enum]: SENSOR: wrong orientation str: completely wrong identifier
2: [       OK ] UTILS.sensor_orientation_from_str__unknown (1 ms)
2: [ RUN      ] UTILS.sensor_orientation_from_str__number
2: [       OK ] UTILS.sensor_orientation_from_str__number (0 ms)
2: [ RUN      ] UTILS.sensor_orientation_from_str__wrong_number
2: [ERROR] [1666572396.394733105] [uas.enum]: SENSOR: orientation index out of bound: 123
2: [       OK ] UTILS.sensor_orientation_from_str__wrong_number (0 ms)
2: [ RUN      ] UTILS.sensor_orientation_from_str__roll_180
2: [       OK ] UTILS.sensor_orientation_from_str__roll_180 (0 ms)
2: [ RUN      ] UTILS.sensor_orientation_from_str__roll_180_yaw_90
2: [       OK ] UTILS.sensor_orientation_from_str__roll_180_yaw_90 (0 ms)
2: [ RUN      ] UTILS.sensor_orientation_from_str__last_element_roll_90_yaw_270
2: [       OK ] UTILS.sensor_orientation_from_str__last_element_roll_90_yaw_270 (0 ms)
2: [ RUN      ] UTILS.sensor_orientation_from_str__custom
2: [       OK ] UTILS.sensor_orientation_from_str__custom (0 ms)
2: [----------] 16 tests from UTILS (1 ms total)
2: 
2: [----------] Global test environment tear-down
2: [==========] 16 tests from 1 test case ran. (2 ms total)
2: [  PASSED  ] 16 tests.
2: -- run_test.py: return code 0
2: -- run_test.py: inject classname prefix into gtest result file '/home/grant/ros2_ws/build/mavros/test_results/mavros/libmavros-sensor-orientation-test.gtest.xml'
2: -- run_test.py: verify result file '/home/grant/ros2_ws/build/mavros/test_results/mavros/libmavros-sensor-orientation-test.gtest.xml'
 2/12 Test  #2: libmavros-sensor-orientation-test ...   Passed    0.09 sec
test 3
      Start  3: libmavros-quaternion-utils-test

3: Test command: /home/grant/miniconda3/bin/python3 "-u" "/opt/ros/foxy/share/ament_cmake_test/cmake/run_test.py" "/home/grant/ros2_ws/build/mavros/test_results/mavros/libmavros-quaternion-utils-test.gtest.xml" "--package-name" "mavros" "--output-file" "/home/grant/ros2_ws/build/mavros/ament_cmake_gtest/libmavros-quaternion-utils-test.txt" "--command" "/home/grant/ros2_ws/build/mavros/libmavros-quaternion-utils-test" "--gtest_output=xml:/home/grant/ros2_ws/build/mavros/test_results/mavros/libmavros-quaternion-utils-test.gtest.xml"
3: Test timeout computed to be: 60
3: -- run_test.py: invoking following command in '/home/grant/ros2_ws/build/mavros':
3:  - /home/grant/ros2_ws/build/mavros/libmavros-quaternion-utils-test --gtest_output=xml:/home/grant/ros2_ws/build/mavros/test_results/mavros/libmavros-quaternion-utils-test.gtest.xml
3: [==========] Running 7 tests from 1 test case.
3: [----------] Global test environment set-up.
3: [----------] 7 tests from FRAME_TF
3: [ RUN      ] FRAME_TF.quaternion_from_rpy__check_compatibility
3: [       OK ] FRAME_TF.quaternion_from_rpy__check_compatibility (0 ms)
3: [ RUN      ] FRAME_TF.quaternion_from_rpy__paranoic_check
3: [       OK ] FRAME_TF.quaternion_from_rpy__paranoic_check (0 ms)
3: [ RUN      ] FRAME_TF.quaternion_to_rpy__123
3: [       OK ] FRAME_TF.quaternion_to_rpy__123 (0 ms)
3: [ RUN      ] FRAME_TF.quaternion_to_rpy__pm_pi
3: [       OK ] FRAME_TF.quaternion_to_rpy__pm_pi (425 ms)
3: [ RUN      ] FRAME_TF.quaternion_get_yaw__123
3: [       OK ] FRAME_TF.quaternion_get_yaw__123 (0 ms)
3: [ RUN      ] FRAME_TF.quaternion_get_yaw__pm_pi
3: [       OK ] FRAME_TF.quaternion_get_yaw__pm_pi (5 ms)
3: [ RUN      ] FRAME_TF.quaternion_to_mavlink__123
3: [       OK ] FRAME_TF.quaternion_to_mavlink__123 (0 ms)
3: [----------] 7 tests from FRAME_TF (430 ms total)
3: 
3: [----------] Global test environment tear-down
3: [==========] 7 tests from 1 test case ran. (430 ms total)
3: [  PASSED  ] 7 tests.
3: -- run_test.py: return code 0
3: -- run_test.py: inject classname prefix into gtest result file '/home/grant/ros2_ws/build/mavros/test_results/mavros/libmavros-quaternion-utils-test.gtest.xml'
3: -- run_test.py: verify result file '/home/grant/ros2_ws/build/mavros/test_results/mavros/libmavros-quaternion-utils-test.gtest.xml'
 3/12 Test  #3: libmavros-quaternion-utils-test .....   Passed    0.52 sec
test 4
      Start  4: mavros-router-test

4: Test command: /home/grant/miniconda3/bin/python3 "-u" "/opt/ros/foxy/share/ament_cmake_test/cmake/run_test.py" "/home/grant/ros2_ws/build/mavros/test_results/mavros/mavros-router-test.gtest.xml" "--package-name" "mavros" "--output-file" "/home/grant/ros2_ws/build/mavros/ament_cmake_gmock/mavros-router-test.txt" "--command" "/home/grant/ros2_ws/build/mavros/mavros-router-test" "--gtest_output=xml:/home/grant/ros2_ws/build/mavros/test_results/mavros/mavros-router-test.gtest.xml"
4: Test timeout computed to be: 60
4: -- run_test.py: invoking following command in '/home/grant/ros2_ws/build/mavros':
4:  - /home/grant/ros2_ws/build/mavros/mavros-router-test --gtest_output=xml:/home/grant/ros2_ws/build/mavros/test_results/mavros/mavros-router-test.gtest.xml
4: [==========] Running 8 tests from 1 test case.
4: [----------] Global test environment set-up.
4: [----------] 8 tests from TestRouter
4: [ RUN      ] TestRouter.set_parameter
4: [INFO] [1666572397.012488598] [test_mavros_router]: Built-in SIMD instructions: SSE, SSE2
4: [INFO] [1666572397.012561678] [test_mavros_router]: Built-in MAVLink package version: 2022.8.8
4: [INFO] [1666572397.012574728] [test_mavros_router]: Known MAVLink dialects: common ardupilotmega ASLUAV AVSSUAS all development icarous matrixpilot paparazzi standard storm32 uAvionix ualberta
4: [INFO] [1666572397.012581608] [test_mavros_router]: MAVROS Router started
4: [INFO] [1666572397.012666018] [test_mavros_router]: Requested to add endpoint: type: 0, url: tcp-l://:57601
4: [INFO] [1666572397.012797918] [test_mavros_router]: Endpoint link[1000] created
4: [INFO] [1666572397.014562893] [test_mavros_router]: link[1000] opened successfully
4: [INFO] [1666572397.014601963] [test_mavros_router]: Requested to add endpoint: type: 0, url: udp://:45001@
4: [INFO] [1666572397.014646093] [test_mavros_router]: Endpoint link[1001] created
4: [INFO] [1666572397.014870074] [test_mavros_router]: link[1001] opened successfully
4: [INFO] [1666572397.014934694] [test_mavros_router]: Requested to add endpoint: type: 1, url: tcp-l://:57602
4: [INFO] [1666572397.014992104] [test_mavros_router]: Endpoint link[1002] created
4: [INFO] [1666572397.015131354] [test_mavros_router]: link[1002] opened successfully
4: [INFO] [1666572397.015157194] [test_mavros_router]: Requested to add endpoint: type: 1, url: udp://:45002@
4: [INFO] [1666572397.015194584] [test_mavros_router]: Endpoint link[1003] created
4: [INFO] [1666572397.015324245] [test_mavros_router]: link[1003] opened successfully
4: [INFO] [1666572397.015383535] [test_mavros_router]: Requested to add endpoint: type: 2, url: /uas1
4: [INFO] [1666572397.015455035] [test_mavros_router]: Endpoint link[1004] created
4: [INFO] [1666572397.016389987] [test_mavros_router]: link[1004] opened successfully
4: [INFO] [1666572397.016417697] [test_mavros_router]: Requested to add endpoint: type: 2, url: /uas2
4: [INFO] [1666572397.016453447] [test_mavros_router]: Endpoint link[1005] created
4: [INFO] [1666572397.016862548] [test_mavros_router]: link[1005] opened successfully
4: [       OK ] TestRouter.set_parameter (14 ms)
4: [ RUN      ] TestRouter.route_fcu_broadcast
4: [INFO] [1666572397.023073327] [test_mavros_router]: Built-in SIMD instructions: SSE, SSE2
4: [INFO] [1666572397.023101377] [test_mavros_router]: Built-in MAVLink package version: 2022.8.8
4: [INFO] [1666572397.023109967] [test_mavros_router]: Known MAVLink dialects: common ardupilotmega ASLUAV AVSSUAS all development icarous matrixpilot paparazzi standard storm32 uAvionix ualberta
4: [INFO] [1666572397.023116567] [test_mavros_router]: MAVROS Router started
4: [       OK ] TestRouter.route_fcu_broadcast (6 ms)
4: [ RUN      ] TestRouter.route_uas_broadcast
4: [INFO] [1666572397.030142800] [test_mavros_router]: Built-in SIMD instructions: SSE, SSE2
4: [INFO] [1666572397.030171620] [test_mavros_router]: Built-in MAVLink package version: 2022.8.8
4: [INFO] [1666572397.030180540] [test_mavros_router]: Known MAVLink dialects: common ardupilotmega ASLUAV AVSSUAS all development icarous matrixpilot paparazzi standard storm32 uAvionix ualberta
4: [INFO] [1666572397.030187160] [test_mavros_router]: MAVROS Router started
4: [       OK ] TestRouter.route_uas_broadcast (7 ms)
4: [ RUN      ] TestRouter.route_gcs_broadcast
4: [INFO] [1666572397.060634314] [test_mavros_router]: Built-in SIMD instructions: SSE, SSE2
4: [INFO] [1666572397.060666984] [test_mavros_router]: Built-in MAVLink package version: 2022.8.8
4: [INFO] [1666572397.060677224] [test_mavros_router]: Known MAVLink dialects: common ardupilotmega ASLUAV AVSSUAS all development icarous matrixpilot paparazzi standard storm32 uAvionix ualberta
4: [INFO] [1666572397.060684164] [test_mavros_router]: MAVROS Router started
4: [       OK ] TestRouter.route_gcs_broadcast (31 ms)
4: [ RUN      ] TestRouter.route_targeted_one_system
4: [INFO] [1666572397.069041633] [test_mavros_router]: Built-in SIMD instructions: SSE, SSE2
4: [INFO] [1666572397.069076683] [test_mavros_router]: Built-in MAVLink package version: 2022.8.8
4: [INFO] [1666572397.069085673] [test_mavros_router]: Known MAVLink dialects: common ardupilotmega ASLUAV AVSSUAS all development icarous matrixpilot paparazzi standard storm32 uAvionix ualberta
4: [INFO] [1666572397.069092343] [test_mavros_router]: MAVROS Router started
4: [       OK ] TestRouter.route_targeted_one_system (8 ms)
4: [ RUN      ] TestRouter.route_targeted_two_system
4: [INFO] [1666572397.077702469] [test_mavros_router]: Built-in SIMD instructions: SSE, SSE2
4: [INFO] [1666572397.077732599] [test_mavros_router]: Built-in MAVLink package version: 2022.8.8
4: [INFO] [1666572397.077740749] [test_mavros_router]: Known MAVLink dialects: common ardupilotmega ASLUAV AVSSUAS all development icarous matrixpilot paparazzi standard storm32 uAvionix ualberta
4: [INFO] [1666572397.077747379] [test_mavros_router]: MAVROS Router started
4: [       OK ] TestRouter.route_targeted_two_system (9 ms)
4: [ RUN      ] TestRouter.route_targeted_system_component
4: [INFO] [1666572397.088347540] [test_mavros_router]: Built-in SIMD instructions: SSE, SSE2
4: [INFO] [1666572397.088397290] [test_mavros_router]: Built-in MAVLink package version: 2022.8.8
4: [INFO] [1666572397.088406430] [test_mavros_router]: Known MAVLink dialects: common ardupilotmega ASLUAV AVSSUAS all development icarous matrixpilot paparazzi standard storm32 uAvionix ualberta
4: [INFO] [1666572397.088413401] [test_mavros_router]: MAVROS Router started
4: [       OK ] TestRouter.route_targeted_system_component (10 ms)
4: [ RUN      ] TestRouter.endpoint_recv_message
4: [INFO] [1666572397.100029248] [test_mavros_router]: Built-in SIMD instructions: SSE, SSE2
4: [INFO] [1666572397.100081688] [test_mavros_router]: Built-in MAVLink package version: 2022.8.8
4: [INFO] [1666572397.100091868] [test_mavros_router]: Known MAVLink dialects: common ardupilotmega ASLUAV AVSSUAS all development icarous matrixpilot paparazzi standard storm32 uAvionix ualberta
4: [INFO] [1666572397.100098858] [test_mavros_router]: MAVROS Router started
4: [INFO] [1666572397.100142208] [test_mavros_router]: Requested to add endpoint: type: 2, url: /uas1
4: [INFO] [1666572397.100208518] [test_mavros_router]: Endpoint link[1000] created
4: [INFO] [1666572397.100967680] [test_mavros_router]: link[1000] opened successfully
4: [INFO] [1666572397.101071490] [test_mavros_router]: link[1000] detected remote address 1.191
4: [WARN] [1666572397.101108320] [test_mavros_router]: Message dropped: msgid: 0, source: 1.191, target: 0.0
4: [       OK ] TestRouter.endpoint_recv_message (13 ms)
4: [----------] 8 tests from TestRouter (98 ms total)
4: 
4: [----------] Global test environment tear-down
4: [==========] 8 tests from 1 test case ran. (98 ms total)
4: [  PASSED  ] 8 tests.
4: -- run_test.py: return code 0
4: -- run_test.py: inject classname prefix into gtest result file '/home/grant/ros2_ws/build/mavros/test_results/mavros/mavros-router-test.gtest.xml'
4: -- run_test.py: verify result file '/home/grant/ros2_ws/build/mavros/test_results/mavros/mavros-router-test.gtest.xml'
 4/12 Test  #4: mavros-router-test ..................   Passed    0.19 sec
test 5
      Start  5: mavros-uas-test

5: Test command: /home/grant/miniconda3/bin/python3 "-u" "/opt/ros/foxy/share/ament_cmake_test/cmake/run_test.py" "/home/grant/ros2_ws/build/mavros/test_results/mavros/mavros-uas-test.gtest.xml" "--package-name" "mavros" "--output-file" "/home/grant/ros2_ws/build/mavros/ament_cmake_gmock/mavros-uas-test.txt" "--command" "/home/grant/ros2_ws/build/mavros/mavros-uas-test" "--gtest_output=xml:/home/grant/ros2_ws/build/mavros/test_results/mavros/mavros-uas-test.gtest.xml"
5: Test timeout computed to be: 60
5: -- run_test.py: invoking following command in '/home/grant/ros2_ws/build/mavros':
5:  - /home/grant/ros2_ws/build/mavros/mavros-uas-test --gtest_output=xml:/home/grant/ros2_ws/build/mavros/test_results/mavros/mavros-uas-test.gtest.xml
5: [==========] Running 2 tests from 1 test case.
5: [----------] Global test environment set-up.
5: [----------] 2 tests from TestUAS
5: [ RUN      ] TestUAS.is_plugin_allowed
5: [       OK ] TestUAS.is_plugin_allowed (27 ms)
5: [ RUN      ] TestUAS.add_plugin__route_message__filter
5: [INFO] [1666572397.225989130] [test_mavros_uas]: Plugin test1 created
5: [INFO] [1666572397.226287881] [test_mavros_uas]: Plugin test1 initialized
5: [INFO] [1666572397.226325151] [test_mavros_uas]: Plugin test2 created
5: [INFO] [1666572397.226358981] [test_mavros_uas]: Plugin test2 initialized
5: [       OK ] TestUAS.add_plugin__route_message__filter (7 ms)
5: [----------] 2 tests from TestUAS (34 ms total)
5: 
5: [----------] Global test environment tear-down
5: [==========] 2 tests from 1 test case ran. (34 ms total)
5: [  PASSED  ] 2 tests.
5: -- run_test.py: return code 0
5: -- run_test.py: inject classname prefix into gtest result file '/home/grant/ros2_ws/build/mavros/test_results/mavros/mavros-uas-test.gtest.xml'
5: -- run_test.py: verify result file '/home/grant/ros2_ws/build/mavros/test_results/mavros/mavros-uas-test.gtest.xml'
 5/12 Test  #5: mavros-uas-test .....................   Passed    0.13 sec
test 6
      Start  6: cppcheck

6: Test command: /home/grant/miniconda3/bin/python3 "-u" "/opt/ros/foxy/share/ament_cmake_test/cmake/run_test.py" "/home/grant/ros2_ws/build/mavros/test_results/mavros/cppcheck.xunit.xml" "--package-name" "mavros" "--output-file" "/home/grant/ros2_ws/build/mavros/ament_cppcheck/cppcheck.txt" "--command" "/opt/ros/foxy/bin/ament_cppcheck" "--xunit-file" "/home/grant/ros2_ws/build/mavros/test_results/mavros/cppcheck.xunit.xml" "--exclude" "./test/*.cpp" "--include_dirs" "/home/grant/ros2_ws/src/mavros/mavros/include"
6: Test timeout computed to be: 300
6: -- run_test.py: invoking following command in '/home/grant/ros2_ws/src/mavros/mavros':
6:  - /opt/ros/foxy/bin/ament_cppcheck --xunit-file /home/grant/ros2_ws/build/mavros/test_results/mavros/cppcheck.xunit.xml --exclude ./test/*.cpp --include_dirs /home/grant/ros2_ws/src/mavros/mavros/include
6: No problems found
6: -- run_test.py: return code 0
6: -- run_test.py: verify result file '/home/grant/ros2_ws/build/mavros/test_results/mavros/cppcheck.xunit.xml'
 6/12 Test  #6: cppcheck ............................   Passed    0.51 sec
test 7
      Start  7: cpplint

7: Test command: /home/grant/miniconda3/bin/python3 "-u" "/opt/ros/foxy/share/ament_cmake_test/cmake/run_test.py" "/home/grant/ros2_ws/build/mavros/test_results/mavros/cpplint.xunit.xml" "--package-name" "mavros" "--output-file" "/home/grant/ros2_ws/build/mavros/ament_cpplint/cpplint.txt" "--command" "/opt/ros/foxy/bin/ament_cpplint" "--xunit-file" "/home/grant/ros2_ws/build/mavros/test_results/mavros/cpplint.xunit.xml"
7: Test timeout computed to be: 120
7: -- run_test.py: invoking following command in '/home/grant/ros2_ws/src/mavros/mavros':
7:  - /opt/ros/foxy/bin/ament_cpplint --xunit-file /home/grant/ros2_ws/build/mavros/test_results/mavros/cpplint.xunit.xml
7: Using '--root=/home/grant/ros2_ws/src/mavros/mavros/include' argument
7: 
7: Done processing /home/grant/ros2_ws/src/mavros/mavros/include/mavros/frame_tf.hpp
7: 
7: Done processing /home/grant/ros2_ws/src/mavros/mavros/include/mavros/mavros_plugin_register_macro.hpp
7: 
7: Done processing /home/grant/ros2_ws/src/mavros/mavros/include/mavros/mavros_router.hpp
7: 
7: Done processing /home/grant/ros2_ws/src/mavros/mavros/include/mavros/mavros_uas.hpp
7: 
7: Done processing /home/grant/ros2_ws/src/mavros/mavros/include/mavros/mission_protocol_base.hpp
7: 
7: Done processing /home/grant/ros2_ws/src/mavros/mavros/include/mavros/plugin.hpp
7: 
7: Done processing /home/grant/ros2_ws/src/mavros/mavros/include/mavros/plugin_filter.hpp
7: 
7: Done processing /home/grant/ros2_ws/src/mavros/mavros/include/mavros/px4_custom_mode.hpp
7: 
7: Done processing /home/grant/ros2_ws/src/mavros/mavros/include/mavros/setpoint_mixin.hpp
7: 
7: Done processing /home/grant/ros2_ws/src/mavros/mavros/include/mavros/uas_executor.hpp
7: 
7: Done processing /home/grant/ros2_ws/src/mavros/mavros/include/mavros/utils.hpp
7: 
7: Using '--root=/home/grant/ros2_ws/src/mavros/mavros/src' argument
7: 
7: Done processing /home/grant/ros2_ws/src/mavros/mavros/src/mavros_node.cpp
7: 
7: Done processing /home/grant/ros2_ws/src/mavros/mavros/src/lib/enum_sensor_orientation.cpp
7: 
7: Done processing /home/grant/ros2_ws/src/mavros/mavros/src/lib/enum_to_string.cpp
7: 
7: Done processing /home/grant/ros2_ws/src/mavros/mavros/src/lib/ftf_frame_conversions.cpp
7: 
7: Done processing /home/grant/ros2_ws/src/mavros/mavros/src/lib/ftf_quaternion_utils.cpp
7: 
7: Done processing /home/grant/ros2_ws/src/mavros/mavros/src/lib/mavros_router.cpp
7: 
7: Done processing /home/grant/ros2_ws/src/mavros/mavros/src/lib/mavros_uas.cpp
7: 
7: Done processing /home/grant/ros2_ws/src/mavros/mavros/src/lib/plugin.cpp
7: 
7: Done processing /home/grant/ros2_ws/src/mavros/mavros/src/lib/uas_ap.cpp
7: 
7: Done processing /home/grant/ros2_ws/src/mavros/mavros/src/lib/uas_data.cpp
7: 
7: Done processing /home/grant/ros2_ws/src/mavros/mavros/src/lib/uas_executor.cpp
7: 
7: Done processing /home/grant/ros2_ws/src/mavros/mavros/src/lib/uas_stringify.cpp
7: 
7: Done processing /home/grant/ros2_ws/src/mavros/mavros/src/lib/uas_tf.cpp
7: 
7: Done processing /home/grant/ros2_ws/src/mavros/mavros/src/lib/uas_timesync.cpp
7: 
7: Done processing /home/grant/ros2_ws/src/mavros/mavros/src/plugins/actuator_control.cpp
7: 
7: Done processing /home/grant/ros2_ws/src/mavros/mavros/src/plugins/altitude.cpp
7: 
7: Done processing /home/grant/ros2_ws/src/mavros/mavros/src/plugins/command.cpp
7: 
7: Done processing /home/grant/ros2_ws/src/mavros/mavros/src/plugins/dummy.cpp
7: 
7: Done processing /home/grant/ros2_ws/src/mavros/mavros/src/plugins/ftp.cpp
7: 
7: Done processing /home/grant/ros2_ws/src/mavros/mavros/src/plugins/geofence.cpp
7: 
7: Done processing /home/grant/ros2_ws/src/mavros/mavros/src/plugins/global_position.cpp
7: 
7: Done processing /home/grant/ros2_ws/src/mavros/mavros/src/plugins/home_position.cpp
7: 
7: Done processing /home/grant/ros2_ws/src/mavros/mavros/src/plugins/imu.cpp
7: 
7: Done processing /home/grant/ros2_ws/src/mavros/mavros/src/plugins/local_position.cpp
7: 
7: Done processing /home/grant/ros2_ws/src/mavros/mavros/src/plugins/manual_control.cpp
7: 
7: Done processing /home/grant/ros2_ws/src/mavros/mavros/src/plugins/mission_protocol_base.cpp
7: 
7: Done processing /home/grant/ros2_ws/src/mavros/mavros/src/plugins/nav_controller_output.cpp
7: 
7: Done processing /home/grant/ros2_ws/src/mavros/mavros/src/plugins/param.cpp
7: 
7: Done processing /home/grant/ros2_ws/src/mavros/mavros/src/plugins/rallypoint.cpp
7: 
7: Done processing /home/grant/ros2_ws/src/mavros/mavros/src/plugins/rc_io.cpp
7: 
7: Done processing /home/grant/ros2_ws/src/mavros/mavros/src/plugins/setpoint_accel.cpp
7: 
7: Done processing /home/grant/ros2_ws/src/mavros/mavros/src/plugins/setpoint_attitude.cpp
7: 
7: Done processing /home/grant/ros2_ws/src/mavros/mavros/src/plugins/setpoint_position.cpp
7: 
7: Done processing /home/grant/ros2_ws/src/mavros/mavros/src/plugins/setpoint_raw.cpp
7: 
7: Done processing /home/grant/ros2_ws/src/mavros/mavros/src/plugins/setpoint_trajectory.cpp
7: 
7: Done processing /home/grant/ros2_ws/src/mavros/mavros/src/plugins/setpoint_velocity.cpp
7: 
7: Done processing /home/grant/ros2_ws/src/mavros/mavros/src/plugins/sys_status.cpp
7: 
7: Done processing /home/grant/ros2_ws/src/mavros/mavros/src/plugins/sys_time.cpp
7: 
7: Done processing /home/grant/ros2_ws/src/mavros/mavros/src/plugins/waypoint.cpp
7: 
7: Done processing /home/grant/ros2_ws/src/mavros/mavros/src/plugins/wind_estimation.cpp
7: 
7: Using '--root=/home/grant/ros2_ws/src/mavros/mavros/test' argument
7: 
7: Done processing /home/grant/ros2_ws/src/mavros/mavros/test/test_frame_conversions.cpp
7: 
7: Done processing /home/grant/ros2_ws/src/mavros/mavros/test/test_quaternion_utils.cpp
7: 
7: Done processing /home/grant/ros2_ws/src/mavros/mavros/test/test_router.cpp
7: 
7: Done processing /home/grant/ros2_ws/src/mavros/mavros/test/test_sensor_orientation.cpp
7: 
7: Done processing /home/grant/ros2_ws/src/mavros/mavros/test/test_uas.cpp
7: 
7: No problems found
7: -- run_test.py: return code 0
7: -- run_test.py: verify result file '/home/grant/ros2_ws/build/mavros/test_results/mavros/cpplint.xunit.xml'
 7/12 Test  #7: cpplint .............................   Passed    4.77 sec
test 8
      Start  8: flake8

8: Test command: /home/grant/miniconda3/bin/python3 "-u" "/opt/ros/foxy/share/ament_cmake_test/cmake/run_test.py" "/home/grant/ros2_ws/build/mavros/test_results/mavros/flake8.xunit.xml" "--package-name" "mavros" "--output-file" "/home/grant/ros2_ws/build/mavros/ament_flake8/flake8.txt" "--command" "/opt/ros/foxy/bin/ament_flake8" "--xunit-file" "/home/grant/ros2_ws/build/mavros/test_results/mavros/flake8.xunit.xml"
8: Test timeout computed to be: 60
8: -- run_test.py: invoking following command in '/home/grant/ros2_ws/src/mavros/mavros':
8:  - /opt/ros/foxy/bin/ament_flake8 --xunit-file /home/grant/ros2_ws/build/mavros/test_results/mavros/flake8.xunit.xml
8: 
8: 27 files checked
8: No problems found
8: 
8: Checked files:
8: 
8: * ./setup.py
8: * ./mavros/ftp.py
8: * ./mavros/command.py
8: * ./mavros/global_position.py
8: * ./mavros/param.py
8: * ./mavros/setpoint.py
8: * ./mavros/mission.py
8: * ./mavros/system.py
8: * ./mavros/mavlink.py
8: * ./mavros/__init__.py
8: * ./mavros/local_position.py
8: * ./mavros/utils.py
8: * ./mavros/nuttx_crc32.py
8: * ./mavros/base.py
8: * ./mavros/cmd/checkid.py
8: * ./mavros/cmd/ftp.py
8: * ./mavros/cmd/param.py
8: * ./mavros/cmd/mission.py
8: * ./mavros/cmd/system.py
8: * ./mavros/cmd/__main__.py
8: * ./mavros/cmd/cmd.py
8: * ./mavros/cmd/__init__.py
8: * ./mavros/cmd/safety.py
8: * ./mavros/cmd/utils.py
8: * ./test/mavros_py/test_mission.py
8: * ./test/mavros_py/test_param.py
8: * ./test/mavros_py/__init__.py
8: -- run_test.py: return code 0
8: -- run_test.py: verify result file '/home/grant/ros2_ws/build/mavros/test_results/mavros/flake8.xunit.xml'
 8/12 Test  #8: flake8 ..............................   Passed    0.62 sec
test 9
      Start  9: lint_cmake

9: Test command: /home/grant/miniconda3/bin/python3 "-u" "/opt/ros/foxy/share/ament_cmake_test/cmake/run_test.py" "/home/grant/ros2_ws/build/mavros/test_results/mavros/lint_cmake.xunit.xml" "--package-name" "mavros" "--output-file" "/home/grant/ros2_ws/build/mavros/ament_lint_cmake/lint_cmake.txt" "--command" "/opt/ros/foxy/bin/ament_lint_cmake" "--xunit-file" "/home/grant/ros2_ws/build/mavros/test_results/mavros/lint_cmake.xunit.xml"
9: Test timeout computed to be: 60
9: -- run_test.py: invoking following command in '/home/grant/ros2_ws/src/mavros/mavros':
9:  - /opt/ros/foxy/bin/ament_lint_cmake --xunit-file /home/grant/ros2_ws/build/mavros/test_results/mavros/lint_cmake.xunit.xml
9: 
9: No problems found
9: -- run_test.py: return code 0
9: -- run_test.py: verify result file '/home/grant/ros2_ws/build/mavros/test_results/mavros/lint_cmake.xunit.xml'
 9/12 Test  #9: lint_cmake ..........................   Passed    0.36 sec
test 10
      Start 10: pep257

10: Test command: /home/grant/miniconda3/bin/python3 "-u" "/opt/ros/foxy/share/ament_cmake_test/cmake/run_test.py" "/home/grant/ros2_ws/build/mavros/test_results/mavros/pep257.xunit.xml" "--package-name" "mavros" "--output-file" "/home/grant/ros2_ws/build/mavros/ament_pep257/pep257.txt" "--command" "/opt/ros/foxy/bin/ament_pep257" "--xunit-file" "/home/grant/ros2_ws/build/mavros/test_results/mavros/pep257.xunit.xml"
10: Test timeout computed to be: 60
10: -- run_test.py: invoking following command in '/home/grant/ros2_ws/src/mavros/mavros':
10:  - /opt/ros/foxy/bin/ament_pep257 --xunit-file /home/grant/ros2_ws/build/mavros/test_results/mavros/pep257.xunit.xml
10: checking ./mavros/__init__.py
10: checking ./mavros/base.py
10: checking ./mavros/cmd/__init__.py
10: checking ./mavros/cmd/__main__.py
10: checking ./mavros/cmd/checkid.py
10: checking ./mavros/cmd/cmd.py
10: checking ./mavros/cmd/ftp.py
10: checking ./mavros/cmd/mission.py
10: checking ./mavros/cmd/param.py
10: checking ./mavros/cmd/safety.py
10: checking ./mavros/cmd/system.py
10: checking ./mavros/cmd/utils.py
10: checking ./mavros/command.py
10: checking ./mavros/ftp.py
10: checking ./mavros/global_position.py
10: checking ./mavros/local_position.py
10: checking ./mavros/mavlink.py
10: checking ./mavros/mission.py
10: checking ./mavros/nuttx_crc32.py
10: checking ./mavros/param.py
10: checking ./mavros/setpoint.py
10: checking ./mavros/system.py
10: checking ./mavros/utils.py
10: checking ./setup.py
10: checking ./test/mavros_py/__init__.py
10: checking ./test/mavros_py/test_mission.py
10: checking ./test/mavros_py/test_param.py
10: No problems found
10: -- run_test.py: return code 0
10: -- run_test.py: verify result file '/home/grant/ros2_ws/build/mavros/test_results/mavros/pep257.xunit.xml'
10/12 Test #10: pep257 ..............................   Passed    0.77 sec
test 11
      Start 11: uncrustify

11: Test command: /home/grant/miniconda3/bin/python3 "-u" "/opt/ros/foxy/share/ament_cmake_test/cmake/run_test.py" "/home/grant/ros2_ws/build/mavros/test_results/mavros/uncrustify.xunit.xml" "--package-name" "mavros" "--output-file" "/home/grant/ros2_ws/build/mavros/ament_uncrustify/uncrustify.txt" "--command" "/opt/ros/foxy/bin/ament_uncrustify" "--xunit-file" "/home/grant/ros2_ws/build/mavros/test_results/mavros/uncrustify.xunit.xml"
11: Test timeout computed to be: 60
11: -- run_test.py: invoking following command in '/home/grant/ros2_ws/src/mavros/mavros':
11:  - /opt/ros/foxy/bin/ament_uncrustify --xunit-file /home/grant/ros2_ws/build/mavros/test_results/mavros/uncrustify.xunit.xml
11: No code style divergence in file 'include/mavros/frame_tf.hpp'
11: 
11: No code style divergence in file 'include/mavros/mavros_plugin_register_macro.hpp'
11: 
11: No code style divergence in file 'include/mavros/mavros_router.hpp'
11: 
11: No code style divergence in file 'include/mavros/mavros_uas.hpp'
11: 
11: No code style divergence in file 'include/mavros/mission_protocol_base.hpp'
11: 
11: No code style divergence in file 'include/mavros/plugin.hpp'
11: 
11: No code style divergence in file 'include/mavros/plugin_filter.hpp'
11: 
11: No code style divergence in file 'include/mavros/px4_custom_mode.hpp'
11: 
11: No code style divergence in file 'include/mavros/setpoint_mixin.hpp'
11: 
11: No code style divergence in file 'include/mavros/uas_executor.hpp'
11: 
11: No code style divergence in file 'include/mavros/utils.hpp'
11: 
11: No code style divergence in file 'src/lib/enum_sensor_orientation.cpp'
11: 
11: No code style divergence in file 'src/lib/enum_to_string.cpp'
11: 
11: No code style divergence in file 'src/lib/ftf_frame_conversions.cpp'
11: 
11: No code style divergence in file 'src/lib/ftf_quaternion_utils.cpp'
11: 
11: No code style divergence in file 'src/lib/mavros_router.cpp'
11: 
11: No code style divergence in file 'src/lib/mavros_uas.cpp'
11: 
11: No code style divergence in file 'src/lib/plugin.cpp'
11: 
11: No code style divergence in file 'src/lib/uas_ap.cpp'
11: 
11: No code style divergence in file 'src/lib/uas_data.cpp'
11: 
11: No code style divergence in file 'src/lib/uas_executor.cpp'
11: 
11: No code style divergence in file 'src/lib/uas_stringify.cpp'
11: 
11: No code style divergence in file 'src/lib/uas_tf.cpp'
11: 
11: No code style divergence in file 'src/lib/uas_timesync.cpp'
11: 
11: No code style divergence in file 'src/mavros_node.cpp'
11: 
11: No code style divergence in file 'src/plugins/actuator_control.cpp'
11: 
11: No code style divergence in file 'src/plugins/altitude.cpp'
11: 
11: No code style divergence in file 'src/plugins/command.cpp'
11: 
11: No code style divergence in file 'src/plugins/dummy.cpp'
11: 
11: No code style divergence in file 'src/plugins/ftp.cpp'
11: 
11: No code style divergence in file 'src/plugins/geofence.cpp'
11: 
11: No code style divergence in file 'src/plugins/global_position.cpp'
11: 
11: No code style divergence in file 'src/plugins/home_position.cpp'
11: 
11: No code style divergence in file 'src/plugins/imu.cpp'
11: 
11: No code style divergence in file 'src/plugins/local_position.cpp'
11: 
11: No code style divergence in file 'src/plugins/manual_control.cpp'
11: 
11: No code style divergence in file 'src/plugins/mission_protocol_base.cpp'
11: 
11: No code style divergence in file 'src/plugins/nav_controller_output.cpp'
11: 
11: No code style divergence in file 'src/plugins/param.cpp'
11: 
11: No code style divergence in file 'src/plugins/rallypoint.cpp'
11: 
11: No code style divergence in file 'src/plugins/rc_io.cpp'
11: 
11: No code style divergence in file 'src/plugins/setpoint_accel.cpp'
11: 
11: No code style divergence in file 'src/plugins/setpoint_attitude.cpp'
11: 
11: No code style divergence in file 'src/plugins/setpoint_position.cpp'
11: 
11: No code style divergence in file 'src/plugins/setpoint_raw.cpp'
11: 
11: No code style divergence in file 'src/plugins/setpoint_trajectory.cpp'
11: 
11: No code style divergence in file 'src/plugins/setpoint_velocity.cpp'
11: 
11: No code style divergence in file 'src/plugins/sys_status.cpp'
11: 
11: No code style divergence in file 'src/plugins/sys_time.cpp'
11: 
11: No code style divergence in file 'src/plugins/waypoint.cpp'
11: 
11: No code style divergence in file 'src/plugins/wind_estimation.cpp'
11: 
11: No code style divergence in file 'test/test_frame_conversions.cpp'
11: 
11: No code style divergence in file 'test/test_quaternion_utils.cpp'
11: 
11: No code style divergence in file 'test/test_router.cpp'
11: 
11: No code style divergence in file 'test/test_sensor_orientation.cpp'
11: 
11: No code style divergence in file 'test/test_uas.cpp'
11: 
11: No problems found
11: -- run_test.py: return code 0
11: -- run_test.py: verify result file '/home/grant/ros2_ws/build/mavros/test_results/mavros/uncrustify.xunit.xml'
11/12 Test #11: uncrustify ..........................   Passed    0.66 sec
test 12
      Start 12: xmllint

12: Test command: /home/grant/miniconda3/bin/python3 "-u" "/opt/ros/foxy/share/ament_cmake_test/cmake/run_test.py" "/home/grant/ros2_ws/build/mavros/test_results/mavros/xmllint.xunit.xml" "--package-name" "mavros" "--output-file" "/home/grant/ros2_ws/build/mavros/ament_xmllint/xmllint.txt" "--command" "/opt/ros/foxy/bin/ament_xmllint" "--xunit-file" "/home/grant/ros2_ws/build/mavros/test_results/mavros/xmllint.xunit.xml"
12: Test timeout computed to be: 60
12: -- run_test.py: invoking following command in '/home/grant/ros2_ws/src/mavros/mavros':
12:  - /opt/ros/foxy/bin/ament_xmllint --xunit-file /home/grant/ros2_ws/build/mavros/test_results/mavros/xmllint.xunit.xml
12: File 'mavros_plugins.xml' is valid
12: 
12: File 'package.xml' is valid
12: 
12: No problems found
12: -- run_test.py: return code 0
12: -- run_test.py: verify result file '/home/grant/ros2_ws/build/mavros/test_results/mavros/xmllint.xunit.xml'
12/12 Test #12: xmllint .............................   Passed    0.37 sec

[0;32m100% tests passed[0;0m, 0 tests failed[0;0m out of 12

Label Time Summary:
cppcheck      =   0.51 sec*proc (1 test)
cpplint       =   4.77 sec*proc (1 test)
flake8        =   0.62 sec*proc (1 test)
gmock         =   0.31 sec*proc (2 tests)
gtest         =   0.70 sec*proc (3 tests)
lint_cmake    =   0.36 sec*proc (1 test)
linter        =   8.07 sec*proc (7 tests)
pep257        =   0.77 sec*proc (1 test)
uncrustify    =   0.66 sec*proc (1 test)
xmllint       =   0.37 sec*proc (1 test)

Total Test time (real) =   9.08 sec
