[0.039s] Invoking command in '/home/grant/ros2_ws/build/mavros': AMENT_PREFIX_PATH=/home/grant/ros2_ws/install/mavros:/home/grant/ros2_ws/install/libmavconn:/home/grant/ros2_ws/install/mavros_msgs:${AMENT_PREFIX_PATH} CMAKE_PREFIX_PATH=/home/grant/ros2_ws/install/mavros:/home/grant/ros2_ws/install/libmavconn:/home/grant/ros2_ws/install/mavros_msgs:/home/grant/ros2_ws/install/mavlink:${CMAKE_PREFIX_PATH} CONDA_PROMPT_MODIFIER=(base) LD_LIBRARY_PATH=/home/grant/ros2_ws/install/mavros/lib:/home/grant/ros2_ws/install/libmavconn/lib:/home/grant/ros2_ws/install/mavros_msgs/lib:${LD_LIBRARY_PATH} PKG_CONFIG_PATH=/home/grant/ros2_ws/install/mavlink/lib/x86_64-linux-gnu/pkgconfig:/home/grant/ros2_ws/install/mavlink/lib/pkgconfig:${PKG_CONFIG_PATH} PYTHONPATH=/home/grant/ros2_ws/install/mavros/lib/python3.8/site-packages:/home/grant/ros2_ws/install/mavros_msgs/lib/python3.8/site-packages:${PYTHONPATH} /usr/bin/ctest -C Release -D ExperimentalTest --no-compress-output -V --force-new-ctest-process
[0.046s] UpdateCTestConfiguration  from :/home/grant/ros2_ws/build/mavros/CTestConfiguration.ini
[0.046s] Parse Config file:/home/grant/ros2_ws/build/mavros/CTestConfiguration.ini
[0.046s]    Site: grant-2f
[0.046s]    Build name: (empty)
[0.046s]  Add coverage exclude regular expressions.
[0.047s] SetCTestConfiguration:CMakeCommand:/usr/bin/cmake
[0.047s] Create new tag: 20221024-0046 - Experimental
[0.047s] UpdateCTestConfiguration  from :/home/grant/ros2_ws/build/mavros/CTestConfiguration.ini
[0.047s] Parse Config file:/home/grant/ros2_ws/build/mavros/CTestConfiguration.ini
[0.047s] Test project /home/grant/ros2_ws/build/mavros
[0.047s] Constructing a list of tests
[0.047s] Done constructing a list of tests
[0.047s] Updating test list for fixtures
[0.048s] Added 0 tests to meet fixture requirements
[0.048s] Checking test dependency graph...
[0.048s] Checking test dependency graph end
[0.048s] test 1
[0.048s]       Start  1: libmavros-frame-conversions-test
[0.048s] 
[0.048s] 1: Test command: /home/grant/miniconda3/bin/python3 "-u" "/opt/ros/foxy/share/ament_cmake_test/cmake/run_test.py" "/home/grant/ros2_ws/build/mavros/test_results/mavros/libmavros-frame-conversions-test.gtest.xml" "--package-name" "mavros" "--output-file" "/home/grant/ros2_ws/build/mavros/ament_cmake_gtest/libmavros-frame-conversions-test.txt" "--command" "/home/grant/ros2_ws/build/mavros/libmavros-frame-conversions-test" "--gtest_output=xml:/home/grant/ros2_ws/build/mavros/test_results/mavros/libmavros-frame-conversions-test.gtest.xml"
[0.048s] 1: Test timeout computed to be: 60
[0.111s] 1: -- run_test.py: invoking following command in '/home/grant/ros2_ws/build/mavros':
[0.111s] 1:  - /home/grant/ros2_ws/build/mavros/libmavros-frame-conversions-test --gtest_output=xml:/home/grant/ros2_ws/build/mavros/test_results/mavros/libmavros-frame-conversions-test.gtest.xml
[0.123s] 1: [==========] Running 9 tests from 1 test case.
[0.123s] 1: [----------] Global test environment set-up.
[0.123s] 1: [----------] 9 tests from FRAME_TF
[0.124s] 1: [ RUN      ] FRAME_TF.transform_static_frame__aircraft_to_baselink_123
[0.124s] 1: [       OK ] FRAME_TF.transform_static_frame__aircraft_to_baselink_123 (0 ms)
[0.124s] 1: [ RUN      ] FRAME_TF.transform_static_frame__baselink_to_aircraft_123
[0.124s] 1: [       OK ] FRAME_TF.transform_static_frame__baselink_to_aircraft_123 (0 ms)
[0.124s] 1: [ RUN      ] FRAME_TF.transform_static_frame__enu_to_ned_123
[0.124s] 1: [       OK ] FRAME_TF.transform_static_frame__enu_to_ned_123 (1 ms)
[0.124s] 1: [ RUN      ] FRAME_TF.transform_static_frame__ned_to_enu_123
[0.124s] 1: [       OK ] FRAME_TF.transform_static_frame__ned_to_enu_123 (0 ms)
[0.124s] 1: [ RUN      ] FRAME_TF.transform_static_frame__ecef_to_enu_123_00
[0.124s] 1: [       OK ] FRAME_TF.transform_static_frame__ecef_to_enu_123_00 (0 ms)
[0.124s] 1: [ RUN      ] FRAME_TF.transform_static_frame__enu_to_ecef_123_00
[0.125s] 1: [       OK ] FRAME_TF.transform_static_frame__enu_to_ecef_123_00 (0 ms)
[0.125s] 1: [ RUN      ] FRAME_TF.transform_static_frame__ecef_to_enu_123_4030
[0.125s] 1: [       OK ] FRAME_TF.transform_static_frame__ecef_to_enu_123_4030 (0 ms)
[0.125s] 1: [ RUN      ] FRAME_TF.transform_static_frame__enu_to_ecef_123_4030
[0.125s] 1: [       OK ] FRAME_TF.transform_static_frame__enu_to_ecef_123_4030 (0 ms)
[0.125s] 1: [ RUN      ] FRAME_TF.quaternion_transforms__ned_to_ned_123
[0.125s] 1: [       OK ] FRAME_TF.quaternion_transforms__ned_to_ned_123 (0 ms)
[0.125s] 1: [----------] 9 tests from FRAME_TF (1 ms total)
[0.125s] 1: 
[0.125s] 1: [----------] Global test environment tear-down
[0.125s] 1: [==========] 9 tests from 1 test case ran. (1 ms total)
[0.125s] 1: [  PASSED  ] 9 tests.
[0.126s] 1: -- run_test.py: return code 0
[0.127s] 1: -- run_test.py: inject classname prefix into gtest result file '/home/grant/ros2_ws/build/mavros/test_results/mavros/libmavros-frame-conversions-test.gtest.xml'
[0.127s] 1: -- run_test.py: verify result file '/home/grant/ros2_ws/build/mavros/test_results/mavros/libmavros-frame-conversions-test.gtest.xml'
[0.136s]  1/12 Test  #1: libmavros-frame-conversions-test ....   Passed    0.09 sec
[0.136s] test 2
[0.136s]       Start  2: libmavros-sensor-orientation-test
[0.136s] 
[0.136s] 2: Test command: /home/grant/miniconda3/bin/python3 "-u" "/opt/ros/foxy/share/ament_cmake_test/cmake/run_test.py" "/home/grant/ros2_ws/build/mavros/test_results/mavros/libmavros-sensor-orientation-test.gtest.xml" "--package-name" "mavros" "--output-file" "/home/grant/ros2_ws/build/mavros/ament_cmake_gtest/libmavros-sensor-orientation-test.txt" "--command" "/home/grant/ros2_ws/build/mavros/libmavros-sensor-orientation-test" "--gtest_output=xml:/home/grant/ros2_ws/build/mavros/test_results/mavros/libmavros-sensor-orientation-test.gtest.xml"
[0.136s] 2: Test timeout computed to be: 60
[0.197s] 2: -- run_test.py: invoking following command in '/home/grant/ros2_ws/build/mavros':
[0.197s] 2:  - /home/grant/ros2_ws/build/mavros/libmavros-sensor-orientation-test --gtest_output=xml:/home/grant/ros2_ws/build/mavros/test_results/mavros/libmavros-sensor-orientation-test.gtest.xml
[0.209s] 2: [==========] Running 16 tests from 1 test case.
[0.210s] 2: [----------] Global test environment set-up.
[0.210s] 2: [----------] 16 tests from UTILS
[0.210s] 2: [ RUN      ] UTILS.sensor_orientation_matching__none
[0.210s] 2: [       OK ] UTILS.sensor_orientation_matching__none (0 ms)
[0.210s] 2: [ RUN      ] UTILS.sensor_orientation_matching__roll_180
[0.210s] 2: [       OK ] UTILS.sensor_orientation_matching__roll_180 (0 ms)
[0.210s] 2: [ RUN      ] UTILS.sensor_orientation_matching__roll_180_yaw_90
[0.210s] 2: [       OK ] UTILS.sensor_orientation_matching__roll_180_yaw_90 (0 ms)
[0.210s] 2: [ RUN      ] UTILS.sensor_orientation_matching__custom
[0.210s] 2: [       OK ] UTILS.sensor_orientation_matching__custom (0 ms)
[0.210s] 2: [ RUN      ] UTILS.to_string__none
[0.210s] 2: [       OK ] UTILS.to_string__none (0 ms)
[0.210s] 2: [ RUN      ] UTILS.to_string__roll_180
[0.211s] 2: [       OK ] UTILS.to_string__roll_180 (0 ms)
[0.211s] 2: [ RUN      ] UTILS.to_string__roll_180_yaw_90
[0.211s] 2: [       OK ] UTILS.to_string__roll_180_yaw_90 (0 ms)
[0.211s] 2: [ RUN      ] UTILS.to_string__custom
[0.211s] 2: [       OK ] UTILS.to_string__custom (0 ms)
[0.211s] 2: [ RUN      ] UTILS.sensor_orientation_from_str__none
[0.211s] 2: [       OK ] UTILS.sensor_orientation_from_str__none (0 ms)
[0.211s] 2: [ RUN      ] UTILS.sensor_orientation_from_str__unknown
[0.211s] 2: [ERROR] [1666572396.394676925] [uas.enum]: SENSOR: wrong orientation str: completely wrong identifier
[0.211s] 2: [       OK ] UTILS.sensor_orientation_from_str__unknown (1 ms)
[0.211s] 2: [ RUN      ] UTILS.sensor_orientation_from_str__number
[0.212s] 2: [       OK ] UTILS.sensor_orientation_from_str__number (0 ms)
[0.212s] 2: [ RUN      ] UTILS.sensor_orientation_from_str__wrong_number
[0.212s] 2: [ERROR] [1666572396.394733105] [uas.enum]: SENSOR: orientation index out of bound: 123
[0.212s] 2: [       OK ] UTILS.sensor_orientation_from_str__wrong_number (0 ms)
[0.212s] 2: [ RUN      ] UTILS.sensor_orientation_from_str__roll_180
[0.212s] 2: [       OK ] UTILS.sensor_orientation_from_str__roll_180 (0 ms)
[0.212s] 2: [ RUN      ] UTILS.sensor_orientation_from_str__roll_180_yaw_90
[0.212s] 2: [       OK ] UTILS.sensor_orientation_from_str__roll_180_yaw_90 (0 ms)
[0.212s] 2: [ RUN      ] UTILS.sensor_orientation_from_str__last_element_roll_90_yaw_270
[0.212s] 2: [       OK ] UTILS.sensor_orientation_from_str__last_element_roll_90_yaw_270 (0 ms)
[0.212s] 2: [ RUN      ] UTILS.sensor_orientation_from_str__custom
[0.212s] 2: [       OK ] UTILS.sensor_orientation_from_str__custom (0 ms)
[0.213s] 2: [----------] 16 tests from UTILS (1 ms total)
[0.213s] 2: 
[0.213s] 2: [----------] Global test environment tear-down
[0.213s] 2: [==========] 16 tests from 1 test case ran. (2 ms total)
[0.213s] 2: [  PASSED  ] 16 tests.
[0.214s] 2: -- run_test.py: return code 0
[0.214s] 2: -- run_test.py: inject classname prefix into gtest result file '/home/grant/ros2_ws/build/mavros/test_results/mavros/libmavros-sensor-orientation-test.gtest.xml'
[0.214s] 2: -- run_test.py: verify result file '/home/grant/ros2_ws/build/mavros/test_results/mavros/libmavros-sensor-orientation-test.gtest.xml'
[0.224s]  2/12 Test  #2: libmavros-sensor-orientation-test ...   Passed    0.09 sec
[0.225s] test 3
[0.225s]       Start  3: libmavros-quaternion-utils-test
[0.225s] 
[0.225s] 3: Test command: /home/grant/miniconda3/bin/python3 "-u" "/opt/ros/foxy/share/ament_cmake_test/cmake/run_test.py" "/home/grant/ros2_ws/build/mavros/test_results/mavros/libmavros-quaternion-utils-test.gtest.xml" "--package-name" "mavros" "--output-file" "/home/grant/ros2_ws/build/mavros/ament_cmake_gtest/libmavros-quaternion-utils-test.txt" "--command" "/home/grant/ros2_ws/build/mavros/libmavros-quaternion-utils-test" "--gtest_output=xml:/home/grant/ros2_ws/build/mavros/test_results/mavros/libmavros-quaternion-utils-test.gtest.xml"
[0.225s] 3: Test timeout computed to be: 60
[0.285s] 3: -- run_test.py: invoking following command in '/home/grant/ros2_ws/build/mavros':
[0.285s] 3:  - /home/grant/ros2_ws/build/mavros/libmavros-quaternion-utils-test --gtest_output=xml:/home/grant/ros2_ws/build/mavros/test_results/mavros/libmavros-quaternion-utils-test.gtest.xml
[0.297s] 3: [==========] Running 7 tests from 1 test case.
[0.297s] 3: [----------] Global test environment set-up.
[0.297s] 3: [----------] 7 tests from FRAME_TF
[0.298s] 3: [ RUN      ] FRAME_TF.quaternion_from_rpy__check_compatibility
[0.298s] 3: [       OK ] FRAME_TF.quaternion_from_rpy__check_compatibility (0 ms)
[0.298s] 3: [ RUN      ] FRAME_TF.quaternion_from_rpy__paranoic_check
[0.298s] 3: [       OK ] FRAME_TF.quaternion_from_rpy__paranoic_check (0 ms)
[0.298s] 3: [ RUN      ] FRAME_TF.quaternion_to_rpy__123
[0.298s] 3: [       OK ] FRAME_TF.quaternion_to_rpy__123 (0 ms)
[0.298s] 3: [ RUN      ] FRAME_TF.quaternion_to_rpy__pm_pi
[0.722s] 3: [       OK ] FRAME_TF.quaternion_to_rpy__pm_pi (425 ms)
[0.722s] 3: [ RUN      ] FRAME_TF.quaternion_get_yaw__123
[0.722s] 3: [       OK ] FRAME_TF.quaternion_get_yaw__123 (0 ms)
[0.722s] 3: [ RUN      ] FRAME_TF.quaternion_get_yaw__pm_pi
[0.727s] 3: [       OK ] FRAME_TF.quaternion_get_yaw__pm_pi (5 ms)
[0.727s] 3: [ RUN      ] FRAME_TF.quaternion_to_mavlink__123
[0.727s] 3: [       OK ] FRAME_TF.quaternion_to_mavlink__123 (0 ms)
[0.727s] 3: [----------] 7 tests from FRAME_TF (430 ms total)
[0.727s] 3: 
[0.727s] 3: [----------] Global test environment tear-down
[0.727s] 3: [==========] 7 tests from 1 test case ran. (430 ms total)
[0.727s] 3: [  PASSED  ] 7 tests.
[0.730s] 3: -- run_test.py: return code 0
[0.730s] 3: -- run_test.py: inject classname prefix into gtest result file '/home/grant/ros2_ws/build/mavros/test_results/mavros/libmavros-quaternion-utils-test.gtest.xml'
[0.730s] 3: -- run_test.py: verify result file '/home/grant/ros2_ws/build/mavros/test_results/mavros/libmavros-quaternion-utils-test.gtest.xml'
[0.746s]  3/12 Test  #3: libmavros-quaternion-utils-test .....   Passed    0.52 sec
[0.746s] test 4
[0.746s]       Start  4: mavros-router-test
[0.746s] 
[0.746s] 4: Test command: /home/grant/miniconda3/bin/python3 "-u" "/opt/ros/foxy/share/ament_cmake_test/cmake/run_test.py" "/home/grant/ros2_ws/build/mavros/test_results/mavros/mavros-router-test.gtest.xml" "--package-name" "mavros" "--output-file" "/home/grant/ros2_ws/build/mavros/ament_cmake_gmock/mavros-router-test.txt" "--command" "/home/grant/ros2_ws/build/mavros/mavros-router-test" "--gtest_output=xml:/home/grant/ros2_ws/build/mavros/test_results/mavros/mavros-router-test.gtest.xml"
[0.746s] 4: Test timeout computed to be: 60
[0.808s] 4: -- run_test.py: invoking following command in '/home/grant/ros2_ws/build/mavros':
[0.808s] 4:  - /home/grant/ros2_ws/build/mavros/mavros-router-test --gtest_output=xml:/home/grant/ros2_ws/build/mavros/test_results/mavros/mavros-router-test.gtest.xml
[0.820s] 4: [==========] Running 8 tests from 1 test case.
[0.820s] 4: [----------] Global test environment set-up.
[0.820s] 4: [----------] 8 tests from TestRouter
[0.820s] 4: [ RUN      ] TestRouter.set_parameter
[0.829s] 4: [INFO] [1666572397.012488598] [test_mavros_router]: Built-in SIMD instructions: SSE, SSE2
[0.829s] 4: [INFO] [1666572397.012561678] [test_mavros_router]: Built-in MAVLink package version: 2022.8.8
[0.829s] 4: [INFO] [1666572397.012574728] [test_mavros_router]: Known MAVLink dialects: common ardupilotmega ASLUAV AVSSUAS all development icarous matrixpilot paparazzi standard storm32 uAvionix ualberta
[0.829s] 4: [INFO] [1666572397.012581608] [test_mavros_router]: MAVROS Router started
[0.829s] 4: [INFO] [1666572397.012666018] [test_mavros_router]: Requested to add endpoint: type: 0, url: tcp-l://:57601
[0.829s] 4: [INFO] [1666572397.012797918] [test_mavros_router]: Endpoint link[1000] created
[0.831s] 4: [INFO] [1666572397.014562893] [test_mavros_router]: link[1000] opened successfully
[0.831s] 4: [INFO] [1666572397.014601963] [test_mavros_router]: Requested to add endpoint: type: 0, url: udp://:45001@
[0.831s] 4: [INFO] [1666572397.014646093] [test_mavros_router]: Endpoint link[1001] created
[0.831s] 4: [INFO] [1666572397.014870074] [test_mavros_router]: link[1001] opened successfully
[0.831s] 4: [INFO] [1666572397.014934694] [test_mavros_router]: Requested to add endpoint: type: 1, url: tcp-l://:57602
[0.832s] 4: [INFO] [1666572397.014992104] [test_mavros_router]: Endpoint link[1002] created
[0.832s] 4: [INFO] [1666572397.015131354] [test_mavros_router]: link[1002] opened successfully
[0.832s] 4: [INFO] [1666572397.015157194] [test_mavros_router]: Requested to add endpoint: type: 1, url: udp://:45002@
[0.832s] 4: [INFO] [1666572397.015194584] [test_mavros_router]: Endpoint link[1003] created
[0.832s] 4: [INFO] [1666572397.015324245] [test_mavros_router]: link[1003] opened successfully
[0.832s] 4: [INFO] [1666572397.015383535] [test_mavros_router]: Requested to add endpoint: type: 2, url: /uas1
[0.832s] 4: [INFO] [1666572397.015455035] [test_mavros_router]: Endpoint link[1004] created
[0.833s] 4: [INFO] [1666572397.016389987] [test_mavros_router]: link[1004] opened successfully
[0.833s] 4: [INFO] [1666572397.016417697] [test_mavros_router]: Requested to add endpoint: type: 2, url: /uas2
[0.833s] 4: [INFO] [1666572397.016453447] [test_mavros_router]: Endpoint link[1005] created
[0.833s] 4: [INFO] [1666572397.016862548] [test_mavros_router]: link[1005] opened successfully
[0.833s] 4: [       OK ] TestRouter.set_parameter (14 ms)
[0.834s] 4: [ RUN      ] TestRouter.route_fcu_broadcast
[0.839s] 4: [INFO] [1666572397.023073327] [test_mavros_router]: Built-in SIMD instructions: SSE, SSE2
[0.840s] 4: [INFO] [1666572397.023101377] [test_mavros_router]: Built-in MAVLink package version: 2022.8.8
[0.840s] 4: [INFO] [1666572397.023109967] [test_mavros_router]: Known MAVLink dialects: common ardupilotmega ASLUAV AVSSUAS all development icarous matrixpilot paparazzi standard storm32 uAvionix ualberta
[0.840s] 4: [INFO] [1666572397.023116567] [test_mavros_router]: MAVROS Router started
[0.840s] 4: [       OK ] TestRouter.route_fcu_broadcast (6 ms)
[0.840s] 4: [ RUN      ] TestRouter.route_uas_broadcast
[0.846s] 4: [INFO] [1666572397.030142800] [test_mavros_router]: Built-in SIMD instructions: SSE, SSE2
[0.847s] 4: [INFO] [1666572397.030171620] [test_mavros_router]: Built-in MAVLink package version: 2022.8.8
[0.847s] 4: [INFO] [1666572397.030180540] [test_mavros_router]: Known MAVLink dialects: common ardupilotmega ASLUAV AVSSUAS all development icarous matrixpilot paparazzi standard storm32 uAvionix ualberta
[0.847s] 4: [INFO] [1666572397.030187160] [test_mavros_router]: MAVROS Router started
[0.847s] 4: [       OK ] TestRouter.route_uas_broadcast (7 ms)
[0.847s] 4: [ RUN      ] TestRouter.route_gcs_broadcast
[0.877s] 4: [INFO] [1666572397.060634314] [test_mavros_router]: Built-in SIMD instructions: SSE, SSE2
[0.877s] 4: [INFO] [1666572397.060666984] [test_mavros_router]: Built-in MAVLink package version: 2022.8.8
[0.877s] 4: [INFO] [1666572397.060677224] [test_mavros_router]: Known MAVLink dialects: common ardupilotmega ASLUAV AVSSUAS all development icarous matrixpilot paparazzi standard storm32 uAvionix ualberta
[0.877s] 4: [INFO] [1666572397.060684164] [test_mavros_router]: MAVROS Router started
[0.877s] 4: [       OK ] TestRouter.route_gcs_broadcast (31 ms)
[0.877s] 4: [ RUN      ] TestRouter.route_targeted_one_system
[0.885s] 4: [INFO] [1666572397.069041633] [test_mavros_router]: Built-in SIMD instructions: SSE, SSE2
[0.886s] 4: [INFO] [1666572397.069076683] [test_mavros_router]: Built-in MAVLink package version: 2022.8.8
[0.886s] 4: [INFO] [1666572397.069085673] [test_mavros_router]: Known MAVLink dialects: common ardupilotmega ASLUAV AVSSUAS all development icarous matrixpilot paparazzi standard storm32 uAvionix ualberta
[0.886s] 4: [INFO] [1666572397.069092343] [test_mavros_router]: MAVROS Router started
[0.886s] 4: [       OK ] TestRouter.route_targeted_one_system (8 ms)
[0.886s] 4: [ RUN      ] TestRouter.route_targeted_two_system
[0.894s] 4: [INFO] [1666572397.077702469] [test_mavros_router]: Built-in SIMD instructions: SSE, SSE2
[0.894s] 4: [INFO] [1666572397.077732599] [test_mavros_router]: Built-in MAVLink package version: 2022.8.8
[0.894s] 4: [INFO] [1666572397.077740749] [test_mavros_router]: Known MAVLink dialects: common ardupilotmega ASLUAV AVSSUAS all development icarous matrixpilot paparazzi standard storm32 uAvionix ualberta
[0.894s] 4: [INFO] [1666572397.077747379] [test_mavros_router]: MAVROS Router started
[0.894s] 4: [       OK ] TestRouter.route_targeted_two_system (9 ms)
[0.895s] 4: [ RUN      ] TestRouter.route_targeted_system_component
[0.905s] 4: [INFO] [1666572397.088347540] [test_mavros_router]: Built-in SIMD instructions: SSE, SSE2
[0.905s] 4: [INFO] [1666572397.088397290] [test_mavros_router]: Built-in MAVLink package version: 2022.8.8
[0.905s] 4: [INFO] [1666572397.088406430] [test_mavros_router]: Known MAVLink dialects: common ardupilotmega ASLUAV AVSSUAS all development icarous matrixpilot paparazzi standard storm32 uAvionix ualberta
[0.905s] 4: [INFO] [1666572397.088413401] [test_mavros_router]: MAVROS Router started
[0.905s] 4: [       OK ] TestRouter.route_targeted_system_component (10 ms)
[0.905s] 4: [ RUN      ] TestRouter.endpoint_recv_message
[0.917s] 4: [INFO] [1666572397.100029248] [test_mavros_router]: Built-in SIMD instructions: SSE, SSE2
[0.917s] 4: [INFO] [1666572397.100081688] [test_mavros_router]: Built-in MAVLink package version: 2022.8.8
[0.917s] 4: [INFO] [1666572397.100091868] [test_mavros_router]: Known MAVLink dialects: common ardupilotmega ASLUAV AVSSUAS all development icarous matrixpilot paparazzi standard storm32 uAvionix ualberta
[0.917s] 4: [INFO] [1666572397.100098858] [test_mavros_router]: MAVROS Router started
[0.917s] 4: [INFO] [1666572397.100142208] [test_mavros_router]: Requested to add endpoint: type: 2, url: /uas1
[0.917s] 4: [INFO] [1666572397.100208518] [test_mavros_router]: Endpoint link[1000] created
[0.917s] 4: [INFO] [1666572397.100967680] [test_mavros_router]: link[1000] opened successfully
[0.917s] 4: [INFO] [1666572397.101071490] [test_mavros_router]: link[1000] detected remote address 1.191
[0.918s] 4: [WARN] [1666572397.101108320] [test_mavros_router]: Message dropped: msgid: 0, source: 1.191, target: 0.0
[0.918s] 4: [       OK ] TestRouter.endpoint_recv_message (13 ms)
[0.918s] 4: [----------] 8 tests from TestRouter (98 ms total)
[0.918s] 4: 
[0.918s] 4: [----------] Global test environment tear-down
[0.918s] 4: [==========] 8 tests from 1 test case ran. (98 ms total)
[0.918s] 4: [  PASSED  ] 8 tests.
[0.923s] 4: -- run_test.py: return code 0
[0.924s] 4: -- run_test.py: inject classname prefix into gtest result file '/home/grant/ros2_ws/build/mavros/test_results/mavros/mavros-router-test.gtest.xml'
[0.924s] 4: -- run_test.py: verify result file '/home/grant/ros2_ws/build/mavros/test_results/mavros/mavros-router-test.gtest.xml'
[0.933s]  4/12 Test  #4: mavros-router-test ..................   Passed    0.19 sec
[0.933s] test 5
[0.934s]       Start  5: mavros-uas-test
[0.934s] 
[0.934s] 5: Test command: /home/grant/miniconda3/bin/python3 "-u" "/opt/ros/foxy/share/ament_cmake_test/cmake/run_test.py" "/home/grant/ros2_ws/build/mavros/test_results/mavros/mavros-uas-test.gtest.xml" "--package-name" "mavros" "--output-file" "/home/grant/ros2_ws/build/mavros/ament_cmake_gmock/mavros-uas-test.txt" "--command" "/home/grant/ros2_ws/build/mavros/mavros-uas-test" "--gtest_output=xml:/home/grant/ros2_ws/build/mavros/test_results/mavros/mavros-uas-test.gtest.xml"
[0.934s] 5: Test timeout computed to be: 60
[0.995s] 5: -- run_test.py: invoking following command in '/home/grant/ros2_ws/build/mavros':
[0.995s] 5:  - /home/grant/ros2_ws/build/mavros/mavros-uas-test --gtest_output=xml:/home/grant/ros2_ws/build/mavros/test_results/mavros/mavros-uas-test.gtest.xml
[1.009s] 5: [==========] Running 2 tests from 1 test case.
[1.009s] 5: [----------] Global test environment set-up.
[1.009s] 5: [----------] 2 tests from TestUAS
[1.009s] 5: [ RUN      ] TestUAS.is_plugin_allowed
[1.036s] 5: [       OK ] TestUAS.is_plugin_allowed (27 ms)
[1.036s] 5: [ RUN      ] TestUAS.add_plugin__route_message__filter
[1.042s] 5: [INFO] [1666572397.225989130] [test_mavros_uas]: Plugin test1 created
[1.043s] 5: [INFO] [1666572397.226287881] [test_mavros_uas]: Plugin test1 initialized
[1.043s] 5: [INFO] [1666572397.226325151] [test_mavros_uas]: Plugin test2 created
[1.043s] 5: [INFO] [1666572397.226358981] [test_mavros_uas]: Plugin test2 initialized
[1.043s] 5: [       OK ] TestUAS.add_plugin__route_message__filter (7 ms)
[1.043s] 5: [----------] 2 tests from TestUAS (34 ms total)
[1.043s] 5: 
[1.044s] 5: [----------] Global test environment tear-down
[1.044s] 5: [==========] 2 tests from 1 test case ran. (34 ms total)
[1.044s] 5: [  PASSED  ] 2 tests.
[1.047s] 5: -- run_test.py: return code 0
[1.048s] 5: -- run_test.py: inject classname prefix into gtest result file '/home/grant/ros2_ws/build/mavros/test_results/mavros/mavros-uas-test.gtest.xml'
[1.048s] 5: -- run_test.py: verify result file '/home/grant/ros2_ws/build/mavros/test_results/mavros/mavros-uas-test.gtest.xml'
[1.060s]  5/12 Test  #5: mavros-uas-test .....................   Passed    0.13 sec
[1.060s] test 6
[1.060s]       Start  6: cppcheck
[1.060s] 
[1.060s] 6: Test command: /home/grant/miniconda3/bin/python3 "-u" "/opt/ros/foxy/share/ament_cmake_test/cmake/run_test.py" "/home/grant/ros2_ws/build/mavros/test_results/mavros/cppcheck.xunit.xml" "--package-name" "mavros" "--output-file" "/home/grant/ros2_ws/build/mavros/ament_cppcheck/cppcheck.txt" "--command" "/opt/ros/foxy/bin/ament_cppcheck" "--xunit-file" "/home/grant/ros2_ws/build/mavros/test_results/mavros/cppcheck.xunit.xml" "--exclude" "./test/*.cpp" "--include_dirs" "/home/grant/ros2_ws/src/mavros/mavros/include"
[1.060s] 6: Test timeout computed to be: 300
[1.122s] 6: -- run_test.py: invoking following command in '/home/grant/ros2_ws/src/mavros/mavros':
[1.122s] 6:  - /opt/ros/foxy/bin/ament_cppcheck --xunit-file /home/grant/ros2_ws/build/mavros/test_results/mavros/cppcheck.xunit.xml --exclude ./test/*.cpp --include_dirs /home/grant/ros2_ws/src/mavros/mavros/include
[1.530s] 6: No problems found
[1.556s] 6: -- run_test.py: return code 0
[1.557s] 6: -- run_test.py: verify result file '/home/grant/ros2_ws/build/mavros/test_results/mavros/cppcheck.xunit.xml'
[1.567s]  6/12 Test  #6: cppcheck ............................   Passed    0.51 sec
[1.567s] test 7
[1.567s]       Start  7: cpplint
[1.567s] 
[1.567s] 7: Test command: /home/grant/miniconda3/bin/python3 "-u" "/opt/ros/foxy/share/ament_cmake_test/cmake/run_test.py" "/home/grant/ros2_ws/build/mavros/test_results/mavros/cpplint.xunit.xml" "--package-name" "mavros" "--output-file" "/home/grant/ros2_ws/build/mavros/ament_cpplint/cpplint.txt" "--command" "/opt/ros/foxy/bin/ament_cpplint" "--xunit-file" "/home/grant/ros2_ws/build/mavros/test_results/mavros/cpplint.xunit.xml"
[1.567s] 7: Test timeout computed to be: 120
[1.632s] 7: -- run_test.py: invoking following command in '/home/grant/ros2_ws/src/mavros/mavros':
[1.632s] 7:  - /opt/ros/foxy/bin/ament_cpplint --xunit-file /home/grant/ros2_ws/build/mavros/test_results/mavros/cpplint.xunit.xml
[6.314s] 7: Using '--root=/home/grant/ros2_ws/src/mavros/mavros/include' argument
[6.314s] 7: 
[6.314s] 7: Done processing /home/grant/ros2_ws/src/mavros/mavros/include/mavros/frame_tf.hpp
[6.314s] 7: 
[6.314s] 7: Done processing /home/grant/ros2_ws/src/mavros/mavros/include/mavros/mavros_plugin_register_macro.hpp
[6.314s] 7: 
[6.314s] 7: Done processing /home/grant/ros2_ws/src/mavros/mavros/include/mavros/mavros_router.hpp
[6.315s] 7: 
[6.315s] 7: Done processing /home/grant/ros2_ws/src/mavros/mavros/include/mavros/mavros_uas.hpp
[6.315s] 7: 
[6.315s] 7: Done processing /home/grant/ros2_ws/src/mavros/mavros/include/mavros/mission_protocol_base.hpp
[6.315s] 7: 
[6.315s] 7: Done processing /home/grant/ros2_ws/src/mavros/mavros/include/mavros/plugin.hpp
[6.315s] 7: 
[6.315s] 7: Done processing /home/grant/ros2_ws/src/mavros/mavros/include/mavros/plugin_filter.hpp
[6.315s] 7: 
[6.315s] 7: Done processing /home/grant/ros2_ws/src/mavros/mavros/include/mavros/px4_custom_mode.hpp
[6.315s] 7: 
[6.315s] 7: Done processing /home/grant/ros2_ws/src/mavros/mavros/include/mavros/setpoint_mixin.hpp
[6.315s] 7: 
[6.315s] 7: Done processing /home/grant/ros2_ws/src/mavros/mavros/include/mavros/uas_executor.hpp
[6.315s] 7: 
[6.316s] 7: Done processing /home/grant/ros2_ws/src/mavros/mavros/include/mavros/utils.hpp
[6.316s] 7: 
[6.316s] 7: Using '--root=/home/grant/ros2_ws/src/mavros/mavros/src' argument
[6.316s] 7: 
[6.316s] 7: Done processing /home/grant/ros2_ws/src/mavros/mavros/src/mavros_node.cpp
[6.316s] 7: 
[6.316s] 7: Done processing /home/grant/ros2_ws/src/mavros/mavros/src/lib/enum_sensor_orientation.cpp
[6.316s] 7: 
[6.316s] 7: Done processing /home/grant/ros2_ws/src/mavros/mavros/src/lib/enum_to_string.cpp
[6.316s] 7: 
[6.316s] 7: Done processing /home/grant/ros2_ws/src/mavros/mavros/src/lib/ftf_frame_conversions.cpp
[6.316s] 7: 
[6.316s] 7: Done processing /home/grant/ros2_ws/src/mavros/mavros/src/lib/ftf_quaternion_utils.cpp
[6.316s] 7: 
[6.316s] 7: Done processing /home/grant/ros2_ws/src/mavros/mavros/src/lib/mavros_router.cpp
[6.316s] 7: 
[6.317s] 7: Done processing /home/grant/ros2_ws/src/mavros/mavros/src/lib/mavros_uas.cpp
[6.317s] 7: 
[6.317s] 7: Done processing /home/grant/ros2_ws/src/mavros/mavros/src/lib/plugin.cpp
[6.317s] 7: 
[6.317s] 7: Done processing /home/grant/ros2_ws/src/mavros/mavros/src/lib/uas_ap.cpp
[6.317s] 7: 
[6.317s] 7: Done processing /home/grant/ros2_ws/src/mavros/mavros/src/lib/uas_data.cpp
[6.317s] 7: 
[6.317s] 7: Done processing /home/grant/ros2_ws/src/mavros/mavros/src/lib/uas_executor.cpp
[6.317s] 7: 
[6.317s] 7: Done processing /home/grant/ros2_ws/src/mavros/mavros/src/lib/uas_stringify.cpp
[6.317s] 7: 
[6.317s] 7: Done processing /home/grant/ros2_ws/src/mavros/mavros/src/lib/uas_tf.cpp
[6.317s] 7: 
[6.317s] 7: Done processing /home/grant/ros2_ws/src/mavros/mavros/src/lib/uas_timesync.cpp
[6.318s] 7: 
[6.318s] 7: Done processing /home/grant/ros2_ws/src/mavros/mavros/src/plugins/actuator_control.cpp
[6.318s] 7: 
[6.318s] 7: Done processing /home/grant/ros2_ws/src/mavros/mavros/src/plugins/altitude.cpp
[6.318s] 7: 
[6.318s] 7: Done processing /home/grant/ros2_ws/src/mavros/mavros/src/plugins/command.cpp
[6.318s] 7: 
[6.318s] 7: Done processing /home/grant/ros2_ws/src/mavros/mavros/src/plugins/dummy.cpp
[6.318s] 7: 
[6.318s] 7: Done processing /home/grant/ros2_ws/src/mavros/mavros/src/plugins/ftp.cpp
[6.318s] 7: 
[6.318s] 7: Done processing /home/grant/ros2_ws/src/mavros/mavros/src/plugins/geofence.cpp
[6.318s] 7: 
[6.318s] 7: Done processing /home/grant/ros2_ws/src/mavros/mavros/src/plugins/global_position.cpp
[6.318s] 7: 
[6.319s] 7: Done processing /home/grant/ros2_ws/src/mavros/mavros/src/plugins/home_position.cpp
[6.319s] 7: 
[6.319s] 7: Done processing /home/grant/ros2_ws/src/mavros/mavros/src/plugins/imu.cpp
[6.319s] 7: 
[6.319s] 7: Done processing /home/grant/ros2_ws/src/mavros/mavros/src/plugins/local_position.cpp
[6.319s] 7: 
[6.319s] 7: Done processing /home/grant/ros2_ws/src/mavros/mavros/src/plugins/manual_control.cpp
[6.319s] 7: 
[6.319s] 7: Done processing /home/grant/ros2_ws/src/mavros/mavros/src/plugins/mission_protocol_base.cpp
[6.319s] 7: 
[6.319s] 7: Done processing /home/grant/ros2_ws/src/mavros/mavros/src/plugins/nav_controller_output.cpp
[6.319s] 7: 
[6.319s] 7: Done processing /home/grant/ros2_ws/src/mavros/mavros/src/plugins/param.cpp
[6.319s] 7: 
[6.319s] 7: Done processing /home/grant/ros2_ws/src/mavros/mavros/src/plugins/rallypoint.cpp
[6.319s] 7: 
[6.320s] 7: Done processing /home/grant/ros2_ws/src/mavros/mavros/src/plugins/rc_io.cpp
[6.320s] 7: 
[6.320s] 7: Done processing /home/grant/ros2_ws/src/mavros/mavros/src/plugins/setpoint_accel.cpp
[6.320s] 7: 
[6.320s] 7: Done processing /home/grant/ros2_ws/src/mavros/mavros/src/plugins/setpoint_attitude.cpp
[6.320s] 7: 
[6.320s] 7: Done processing /home/grant/ros2_ws/src/mavros/mavros/src/plugins/setpoint_position.cpp
[6.320s] 7: 
[6.320s] 7: Done processing /home/grant/ros2_ws/src/mavros/mavros/src/plugins/setpoint_raw.cpp
[6.320s] 7: 
[6.320s] 7: Done processing /home/grant/ros2_ws/src/mavros/mavros/src/plugins/setpoint_trajectory.cpp
[6.320s] 7: 
[6.320s] 7: Done processing /home/grant/ros2_ws/src/mavros/mavros/src/plugins/setpoint_velocity.cpp
[6.320s] 7: 
[6.320s] 7: Done processing /home/grant/ros2_ws/src/mavros/mavros/src/plugins/sys_status.cpp
[6.321s] 7: 
[6.321s] 7: Done processing /home/grant/ros2_ws/src/mavros/mavros/src/plugins/sys_time.cpp
[6.321s] 7: 
[6.321s] 7: Done processing /home/grant/ros2_ws/src/mavros/mavros/src/plugins/waypoint.cpp
[6.321s] 7: 
[6.321s] 7: Done processing /home/grant/ros2_ws/src/mavros/mavros/src/plugins/wind_estimation.cpp
[6.321s] 7: 
[6.321s] 7: Using '--root=/home/grant/ros2_ws/src/mavros/mavros/test' argument
[6.321s] 7: 
[6.321s] 7: Done processing /home/grant/ros2_ws/src/mavros/mavros/test/test_frame_conversions.cpp
[6.321s] 7: 
[6.321s] 7: Done processing /home/grant/ros2_ws/src/mavros/mavros/test/test_quaternion_utils.cpp
[6.321s] 7: 
[6.321s] 7: Done processing /home/grant/ros2_ws/src/mavros/mavros/test/test_router.cpp
[6.321s] 7: 
[6.322s] 7: Done processing /home/grant/ros2_ws/src/mavros/mavros/test/test_sensor_orientation.cpp
[6.322s] 7: 
[6.322s] 7: Done processing /home/grant/ros2_ws/src/mavros/mavros/test/test_uas.cpp
[6.322s] 7: 
[6.322s] 7: No problems found
[6.327s] 7: -- run_test.py: return code 0
[6.327s] 7: -- run_test.py: verify result file '/home/grant/ros2_ws/build/mavros/test_results/mavros/cpplint.xunit.xml'
[6.339s]  7/12 Test  #7: cpplint .............................   Passed    4.77 sec
[6.339s] test 8
[6.339s]       Start  8: flake8
[6.339s] 
[6.339s] 8: Test command: /home/grant/miniconda3/bin/python3 "-u" "/opt/ros/foxy/share/ament_cmake_test/cmake/run_test.py" "/home/grant/ros2_ws/build/mavros/test_results/mavros/flake8.xunit.xml" "--package-name" "mavros" "--output-file" "/home/grant/ros2_ws/build/mavros/ament_flake8/flake8.txt" "--command" "/opt/ros/foxy/bin/ament_flake8" "--xunit-file" "/home/grant/ros2_ws/build/mavros/test_results/mavros/flake8.xunit.xml"
[6.339s] 8: Test timeout computed to be: 60
[6.402s] 8: -- run_test.py: invoking following command in '/home/grant/ros2_ws/src/mavros/mavros':
[6.402s] 8:  - /opt/ros/foxy/bin/ament_flake8 --xunit-file /home/grant/ros2_ws/build/mavros/test_results/mavros/flake8.xunit.xml
[6.927s] 8: 
[6.927s] 8: 27 files checked
[6.927s] 8: No problems found
[6.927s] 8: 
[6.928s] 8: Checked files:
[6.928s] 8: 
[6.928s] 8: * ./setup.py
[6.928s] 8: * ./mavros/ftp.py
[6.928s] 8: * ./mavros/command.py
[6.928s] 8: * ./mavros/global_position.py
[6.928s] 8: * ./mavros/param.py
[6.928s] 8: * ./mavros/setpoint.py
[6.928s] 8: * ./mavros/mission.py
[6.928s] 8: * ./mavros/system.py
[6.928s] 8: * ./mavros/mavlink.py
[6.928s] 8: * ./mavros/__init__.py
[6.928s] 8: * ./mavros/local_position.py
[6.928s] 8: * ./mavros/utils.py
[6.928s] 8: * ./mavros/nuttx_crc32.py
[6.929s] 8: * ./mavros/base.py
[6.929s] 8: * ./mavros/cmd/checkid.py
[6.929s] 8: * ./mavros/cmd/ftp.py
[6.929s] 8: * ./mavros/cmd/param.py
[6.929s] 8: * ./mavros/cmd/mission.py
[6.929s] 8: * ./mavros/cmd/system.py
[6.929s] 8: * ./mavros/cmd/__main__.py
[6.929s] 8: * ./mavros/cmd/cmd.py
[6.929s] 8: * ./mavros/cmd/__init__.py
[6.929s] 8: * ./mavros/cmd/safety.py
[6.929s] 8: * ./mavros/cmd/utils.py
[6.929s] 8: * ./test/mavros_py/test_mission.py
[6.929s] 8: * ./test/mavros_py/test_param.py
[6.929s] 8: * ./test/mavros_py/__init__.py
[6.952s] 8: -- run_test.py: return code 0
[6.952s] 8: -- run_test.py: verify result file '/home/grant/ros2_ws/build/mavros/test_results/mavros/flake8.xunit.xml'
[6.962s]  8/12 Test  #8: flake8 ..............................   Passed    0.62 sec
[6.962s] test 9
[6.962s]       Start  9: lint_cmake
[6.962s] 
[6.963s] 9: Test command: /home/grant/miniconda3/bin/python3 "-u" "/opt/ros/foxy/share/ament_cmake_test/cmake/run_test.py" "/home/grant/ros2_ws/build/mavros/test_results/mavros/lint_cmake.xunit.xml" "--package-name" "mavros" "--output-file" "/home/grant/ros2_ws/build/mavros/ament_lint_cmake/lint_cmake.txt" "--command" "/opt/ros/foxy/bin/ament_lint_cmake" "--xunit-file" "/home/grant/ros2_ws/build/mavros/test_results/mavros/lint_cmake.xunit.xml"
[6.963s] 9: Test timeout computed to be: 60
[7.024s] 9: -- run_test.py: invoking following command in '/home/grant/ros2_ws/src/mavros/mavros':
[7.025s] 9:  - /opt/ros/foxy/bin/ament_lint_cmake --xunit-file /home/grant/ros2_ws/build/mavros/test_results/mavros/lint_cmake.xunit.xml
[7.279s] 9: 
[7.280s] 9: No problems found
[7.303s] 9: -- run_test.py: return code 0
[7.303s] 9: -- run_test.py: verify result file '/home/grant/ros2_ws/build/mavros/test_results/mavros/lint_cmake.xunit.xml'
[7.321s]  9/12 Test  #9: lint_cmake ..........................   Passed    0.36 sec
[7.321s] test 10
[7.321s]       Start 10: pep257
[7.321s] 
[7.321s] 10: Test command: /home/grant/miniconda3/bin/python3 "-u" "/opt/ros/foxy/share/ament_cmake_test/cmake/run_test.py" "/home/grant/ros2_ws/build/mavros/test_results/mavros/pep257.xunit.xml" "--package-name" "mavros" "--output-file" "/home/grant/ros2_ws/build/mavros/ament_pep257/pep257.txt" "--command" "/opt/ros/foxy/bin/ament_pep257" "--xunit-file" "/home/grant/ros2_ws/build/mavros/test_results/mavros/pep257.xunit.xml"
[7.321s] 10: Test timeout computed to be: 60
[7.410s] 10: -- run_test.py: invoking following command in '/home/grant/ros2_ws/src/mavros/mavros':
[7.410s] 10:  - /opt/ros/foxy/bin/ament_pep257 --xunit-file /home/grant/ros2_ws/build/mavros/test_results/mavros/pep257.xunit.xml
[8.062s] 10: checking ./mavros/__init__.py
[8.062s] 10: checking ./mavros/base.py
[8.062s] 10: checking ./mavros/cmd/__init__.py
[8.062s] 10: checking ./mavros/cmd/__main__.py
[8.062s] 10: checking ./mavros/cmd/checkid.py
[8.062s] 10: checking ./mavros/cmd/cmd.py
[8.062s] 10: checking ./mavros/cmd/ftp.py
[8.062s] 10: checking ./mavros/cmd/mission.py
[8.062s] 10: checking ./mavros/cmd/param.py
[8.062s] 10: checking ./mavros/cmd/safety.py
[8.062s] 10: checking ./mavros/cmd/system.py
[8.062s] 10: checking ./mavros/cmd/utils.py
[8.063s] 10: checking ./mavros/command.py
[8.063s] 10: checking ./mavros/ftp.py
[8.063s] 10: checking ./mavros/global_position.py
[8.063s] 10: checking ./mavros/local_position.py
[8.063s] 10: checking ./mavros/mavlink.py
[8.063s] 10: checking ./mavros/mission.py
[8.063s] 10: checking ./mavros/nuttx_crc32.py
[8.063s] 10: checking ./mavros/param.py
[8.063s] 10: checking ./mavros/setpoint.py
[8.063s] 10: checking ./mavros/system.py
[8.063s] 10: checking ./mavros/utils.py
[8.063s] 10: checking ./setup.py
[8.063s] 10: checking ./test/mavros_py/__init__.py
[8.063s] 10: checking ./test/mavros_py/test_mission.py
[8.063s] 10: checking ./test/mavros_py/test_param.py
[8.063s] 10: No problems found
[8.081s] 10: -- run_test.py: return code 0
[8.081s] 10: -- run_test.py: verify result file '/home/grant/ros2_ws/build/mavros/test_results/mavros/pep257.xunit.xml'
[8.092s] 10/12 Test #10: pep257 ..............................   Passed    0.77 sec
[8.092s] test 11
[8.093s]       Start 11: uncrustify
[8.093s] 
[8.093s] 11: Test command: /home/grant/miniconda3/bin/python3 "-u" "/opt/ros/foxy/share/ament_cmake_test/cmake/run_test.py" "/home/grant/ros2_ws/build/mavros/test_results/mavros/uncrustify.xunit.xml" "--package-name" "mavros" "--output-file" "/home/grant/ros2_ws/build/mavros/ament_uncrustify/uncrustify.txt" "--command" "/opt/ros/foxy/bin/ament_uncrustify" "--xunit-file" "/home/grant/ros2_ws/build/mavros/test_results/mavros/uncrustify.xunit.xml"
[8.093s] 11: Test timeout computed to be: 60
[8.171s] 11: -- run_test.py: invoking following command in '/home/grant/ros2_ws/src/mavros/mavros':
[8.171s] 11:  - /opt/ros/foxy/bin/ament_uncrustify --xunit-file /home/grant/ros2_ws/build/mavros/test_results/mavros/uncrustify.xunit.xml
[8.716s] 11: No code style divergence in file 'include/mavros/frame_tf.hpp'
[8.717s] 11: 
[8.717s] 11: No code style divergence in file 'include/mavros/mavros_plugin_register_macro.hpp'
[8.717s] 11: 
[8.717s] 11: No code style divergence in file 'include/mavros/mavros_router.hpp'
[8.717s] 11: 
[8.717s] 11: No code style divergence in file 'include/mavros/mavros_uas.hpp'
[8.717s] 11: 
[8.717s] 11: No code style divergence in file 'include/mavros/mission_protocol_base.hpp'
[8.717s] 11: 
[8.717s] 11: No code style divergence in file 'include/mavros/plugin.hpp'
[8.717s] 11: 
[8.717s] 11: No code style divergence in file 'include/mavros/plugin_filter.hpp'
[8.717s] 11: 
[8.718s] 11: No code style divergence in file 'include/mavros/px4_custom_mode.hpp'
[8.718s] 11: 
[8.718s] 11: No code style divergence in file 'include/mavros/setpoint_mixin.hpp'
[8.718s] 11: 
[8.718s] 11: No code style divergence in file 'include/mavros/uas_executor.hpp'
[8.718s] 11: 
[8.718s] 11: No code style divergence in file 'include/mavros/utils.hpp'
[8.718s] 11: 
[8.718s] 11: No code style divergence in file 'src/lib/enum_sensor_orientation.cpp'
[8.718s] 11: 
[8.718s] 11: No code style divergence in file 'src/lib/enum_to_string.cpp'
[8.718s] 11: 
[8.718s] 11: No code style divergence in file 'src/lib/ftf_frame_conversions.cpp'
[8.718s] 11: 
[8.718s] 11: No code style divergence in file 'src/lib/ftf_quaternion_utils.cpp'
[8.718s] 11: 
[8.719s] 11: No code style divergence in file 'src/lib/mavros_router.cpp'
[8.719s] 11: 
[8.719s] 11: No code style divergence in file 'src/lib/mavros_uas.cpp'
[8.719s] 11: 
[8.719s] 11: No code style divergence in file 'src/lib/plugin.cpp'
[8.719s] 11: 
[8.719s] 11: No code style divergence in file 'src/lib/uas_ap.cpp'
[8.719s] 11: 
[8.719s] 11: No code style divergence in file 'src/lib/uas_data.cpp'
[8.719s] 11: 
[8.719s] 11: No code style divergence in file 'src/lib/uas_executor.cpp'
[8.719s] 11: 
[8.719s] 11: No code style divergence in file 'src/lib/uas_stringify.cpp'
[8.719s] 11: 
[8.719s] 11: No code style divergence in file 'src/lib/uas_tf.cpp'
[8.720s] 11: 
[8.720s] 11: No code style divergence in file 'src/lib/uas_timesync.cpp'
[8.720s] 11: 
[8.720s] 11: No code style divergence in file 'src/mavros_node.cpp'
[8.720s] 11: 
[8.720s] 11: No code style divergence in file 'src/plugins/actuator_control.cpp'
[8.720s] 11: 
[8.720s] 11: No code style divergence in file 'src/plugins/altitude.cpp'
[8.720s] 11: 
[8.720s] 11: No code style divergence in file 'src/plugins/command.cpp'
[8.720s] 11: 
[8.720s] 11: No code style divergence in file 'src/plugins/dummy.cpp'
[8.720s] 11: 
[8.720s] 11: No code style divergence in file 'src/plugins/ftp.cpp'
[8.721s] 11: 
[8.721s] 11: No code style divergence in file 'src/plugins/geofence.cpp'
[8.721s] 11: 
[8.721s] 11: No code style divergence in file 'src/plugins/global_position.cpp'
[8.721s] 11: 
[8.721s] 11: No code style divergence in file 'src/plugins/home_position.cpp'
[8.721s] 11: 
[8.721s] 11: No code style divergence in file 'src/plugins/imu.cpp'
[8.721s] 11: 
[8.721s] 11: No code style divergence in file 'src/plugins/local_position.cpp'
[8.721s] 11: 
[8.722s] 11: No code style divergence in file 'src/plugins/manual_control.cpp'
[8.722s] 11: 
[8.722s] 11: No code style divergence in file 'src/plugins/mission_protocol_base.cpp'
[8.722s] 11: 
[8.722s] 11: No code style divergence in file 'src/plugins/nav_controller_output.cpp'
[8.722s] 11: 
[8.722s] 11: No code style divergence in file 'src/plugins/param.cpp'
[8.722s] 11: 
[8.722s] 11: No code style divergence in file 'src/plugins/rallypoint.cpp'
[8.722s] 11: 
[8.722s] 11: No code style divergence in file 'src/plugins/rc_io.cpp'
[8.723s] 11: 
[8.723s] 11: No code style divergence in file 'src/plugins/setpoint_accel.cpp'
[8.723s] 11: 
[8.723s] 11: No code style divergence in file 'src/plugins/setpoint_attitude.cpp'
[8.723s] 11: 
[8.723s] 11: No code style divergence in file 'src/plugins/setpoint_position.cpp'
[8.723s] 11: 
[8.723s] 11: No code style divergence in file 'src/plugins/setpoint_raw.cpp'
[8.723s] 11: 
[8.723s] 11: No code style divergence in file 'src/plugins/setpoint_trajectory.cpp'
[8.723s] 11: 
[8.724s] 11: No code style divergence in file 'src/plugins/setpoint_velocity.cpp'
[8.724s] 11: 
[8.724s] 11: No code style divergence in file 'src/plugins/sys_status.cpp'
[8.724s] 11: 
[8.724s] 11: No code style divergence in file 'src/plugins/sys_time.cpp'
[8.724s] 11: 
[8.724s] 11: No code style divergence in file 'src/plugins/waypoint.cpp'
[8.724s] 11: 
[8.724s] 11: No code style divergence in file 'src/plugins/wind_estimation.cpp'
[8.724s] 11: 
[8.724s] 11: No code style divergence in file 'test/test_frame_conversions.cpp'
[8.724s] 11: 
[8.725s] 11: No code style divergence in file 'test/test_quaternion_utils.cpp'
[8.725s] 11: 
[8.725s] 11: No code style divergence in file 'test/test_router.cpp'
[8.725s] 11: 
[8.725s] 11: No code style divergence in file 'test/test_sensor_orientation.cpp'
[8.725s] 11: 
[8.725s] 11: No code style divergence in file 'test/test_uas.cpp'
[8.725s] 11: 
[8.725s] 11: No problems found
[8.744s] 11: -- run_test.py: return code 0
[8.744s] 11: -- run_test.py: verify result file '/home/grant/ros2_ws/build/mavros/test_results/mavros/uncrustify.xunit.xml'
[8.755s] 11/12 Test #11: uncrustify ..........................   Passed    0.66 sec
[8.755s] test 12
[8.755s]       Start 12: xmllint
[8.755s] 
[8.755s] 12: Test command: /home/grant/miniconda3/bin/python3 "-u" "/opt/ros/foxy/share/ament_cmake_test/cmake/run_test.py" "/home/grant/ros2_ws/build/mavros/test_results/mavros/xmllint.xunit.xml" "--package-name" "mavros" "--output-file" "/home/grant/ros2_ws/build/mavros/ament_xmllint/xmllint.txt" "--command" "/opt/ros/foxy/bin/ament_xmllint" "--xunit-file" "/home/grant/ros2_ws/build/mavros/test_results/mavros/xmllint.xunit.xml"
[8.755s] 12: Test timeout computed to be: 60
[8.833s] 12: -- run_test.py: invoking following command in '/home/grant/ros2_ws/src/mavros/mavros':
[8.833s] 12:  - /opt/ros/foxy/bin/ament_xmllint --xunit-file /home/grant/ros2_ws/build/mavros/test_results/mavros/xmllint.xunit.xml
[9.079s] 12: File 'mavros_plugins.xml' is valid
[9.079s] 12: 
[9.080s] 12: File 'package.xml' is valid
[9.080s] 12: 
[9.080s] 12: No problems found
[9.111s] 12: -- run_test.py: return code 0
[9.111s] 12: -- run_test.py: verify result file '/home/grant/ros2_ws/build/mavros/test_results/mavros/xmllint.xunit.xml'
[9.129s] 12/12 Test #12: xmllint .............................   Passed    0.37 sec
[9.130s] 
[9.130s] [0;32m100% tests passed[0;0m, 0 tests failed[0;0m out of 12
[9.130s] 
[9.130s] Label Time Summary:
[9.130s] cppcheck      =   0.51 sec*proc (1 test)
[9.130s] cpplint       =   4.77 sec*proc (1 test)
[9.131s] flake8        =   0.62 sec*proc (1 test)
[9.131s] gmock         =   0.31 sec*proc (2 tests)
[9.131s] gtest         =   0.70 sec*proc (3 tests)
[9.131s] lint_cmake    =   0.36 sec*proc (1 test)
[9.131s] linter        =   8.07 sec*proc (7 tests)
[9.131s] pep257        =   0.77 sec*proc (1 test)
[9.131s] uncrustify    =   0.66 sec*proc (1 test)
[9.131s] xmllint       =   0.37 sec*proc (1 test)
[9.131s] 
[9.131s] Total Test time (real) =   9.08 sec
[9.136s] Invoked command in '/home/grant/ros2_ws/build/mavros' returned '0': AMENT_PREFIX_PATH=/home/grant/ros2_ws/install/mavros:/home/grant/ros2_ws/install/libmavconn:/home/grant/ros2_ws/install/mavros_msgs:${AMENT_PREFIX_PATH} CMAKE_PREFIX_PATH=/home/grant/ros2_ws/install/mavros:/home/grant/ros2_ws/install/libmavconn:/home/grant/ros2_ws/install/mavros_msgs:/home/grant/ros2_ws/install/mavlink:${CMAKE_PREFIX_PATH} CONDA_PROMPT_MODIFIER=(base) LD_LIBRARY_PATH=/home/grant/ros2_ws/install/mavros/lib:/home/grant/ros2_ws/install/libmavconn/lib:/home/grant/ros2_ws/install/mavros_msgs/lib:${LD_LIBRARY_PATH} PKG_CONFIG_PATH=/home/grant/ros2_ws/install/mavlink/lib/x86_64-linux-gnu/pkgconfig:/home/grant/ros2_ws/install/mavlink/lib/pkgconfig:${PKG_CONFIG_PATH} PYTHONPATH=/home/grant/ros2_ws/install/mavros/lib/python3.8/site-packages:/home/grant/ros2_ws/install/mavros_msgs/lib/python3.8/site-packages:${PYTHONPATH} /usr/bin/ctest -C Release -D ExperimentalTest --no-compress-output -V --force-new-ctest-process
