[0.034s] Invoking command in '/home/grant/ros2_ws/build/mavros': AMENT_PREFIX_PATH=/home/grant/ros2_ws/install/mavros:/home/grant/ros2_ws/install/libmavconn:/home/grant/ros2_ws/install/mavros_msgs:${AMENT_PREFIX_PATH} CMAKE_PREFIX_PATH=/home/grant/ros2_ws/install/mavros:/home/grant/ros2_ws/install/libmavconn:/home/grant/ros2_ws/install/mavros_msgs:/home/grant/ros2_ws/install/mavlink:${CMAKE_PREFIX_PATH} CONDA_PROMPT_MODIFIER=(base) LD_LIBRARY_PATH=/home/grant/ros2_ws/install/mavros/lib:/home/grant/ros2_ws/install/libmavconn/lib:/home/grant/ros2_ws/install/mavros_msgs/lib:${LD_LIBRARY_PATH} PKG_CONFIG_PATH=/home/grant/ros2_ws/install/mavlink/lib/x86_64-linux-gnu/pkgconfig:/home/grant/ros2_ws/install/mavlink/lib/pkgconfig:${PKG_CONFIG_PATH} PYTHONPATH=/home/grant/ros2_ws/install/mavros/lib/python3.8/site-packages:/home/grant/ros2_ws/install/mavros_msgs/lib/python3.8/site-packages:${PYTHONPATH} /usr/bin/ctest -C Release -D ExperimentalTest --no-compress-output -V --force-new-ctest-process
[0.040s] UpdateCTestConfiguration  from :/home/grant/ros2_ws/build/mavros/CTestConfiguration.ini
[0.040s] Parse Config file:/home/grant/ros2_ws/build/mavros/CTestConfiguration.ini
[0.040s]    Site: grant-2f
[0.040s]    Build name: (empty)
[0.040s]  Add coverage exclude regular expressions.
[0.040s] SetCTestConfiguration:CMakeCommand:/usr/bin/cmake
[0.040s] Create new tag: 20221024-0055 - Experimental
[0.040s] UpdateCTestConfiguration  from :/home/grant/ros2_ws/build/mavros/CTestConfiguration.ini
[0.040s] Parse Config file:/home/grant/ros2_ws/build/mavros/CTestConfiguration.ini
[0.040s] Test project /home/grant/ros2_ws/build/mavros
[0.040s] Constructing a list of tests
[0.041s] Done constructing a list of tests
[0.041s] Updating test list for fixtures
[0.041s] Added 0 tests to meet fixture requirements
[0.041s] Checking test dependency graph...
[0.041s] Checking test dependency graph end
[0.041s] test 1
[0.041s]       Start  1: libmavros-frame-conversions-test
[0.041s] 
[0.041s] 1: Test command: /home/grant/miniconda3/bin/python3 "-u" "/opt/ros/foxy/share/ament_cmake_test/cmake/run_test.py" "/home/grant/ros2_ws/build/mavros/test_results/mavros/libmavros-frame-conversions-test.gtest.xml" "--package-name" "mavros" "--output-file" "/home/grant/ros2_ws/build/mavros/ament_cmake_gtest/libmavros-frame-conversions-test.txt" "--command" "/home/grant/ros2_ws/build/mavros/libmavros-frame-conversions-test" "--gtest_output=xml:/home/grant/ros2_ws/build/mavros/test_results/mavros/libmavros-frame-conversions-test.gtest.xml"
[0.042s] 1: Test timeout computed to be: 60
[0.108s] 1: -- run_test.py: invoking following command in '/home/grant/ros2_ws/build/mavros':
[0.108s] 1:  - /home/grant/ros2_ws/build/mavros/libmavros-frame-conversions-test --gtest_output=xml:/home/grant/ros2_ws/build/mavros/test_results/mavros/libmavros-frame-conversions-test.gtest.xml
[0.123s] 1: [==========] Running 9 tests from 1 test case.
[0.123s] 1: [----------] Global test environment set-up.
[0.124s] 1: [----------] 9 tests from FRAME_TF
[0.124s] 1: [ RUN      ] FRAME_TF.transform_static_frame__aircraft_to_baselink_123
[0.124s] 1: [       OK ] FRAME_TF.transform_static_frame__aircraft_to_baselink_123 (0 ms)
[0.124s] 1: [ RUN      ] FRAME_TF.transform_static_frame__baselink_to_aircraft_123
[0.124s] 1: [       OK ] FRAME_TF.transform_static_frame__baselink_to_aircraft_123 (0 ms)
[0.124s] 1: [ RUN      ] FRAME_TF.transform_static_frame__enu_to_ned_123
[0.124s] 1: [       OK ] FRAME_TF.transform_static_frame__enu_to_ned_123 (0 ms)
[0.124s] 1: [ RUN      ] FRAME_TF.transform_static_frame__ned_to_enu_123
[0.125s] 1: [       OK ] FRAME_TF.transform_static_frame__ned_to_enu_123 (0 ms)
[0.125s] 1: [ RUN      ] FRAME_TF.transform_static_frame__ecef_to_enu_123_00
[0.125s] 1: [       OK ] FRAME_TF.transform_static_frame__ecef_to_enu_123_00 (0 ms)
[0.125s] 1: [ RUN      ] FRAME_TF.transform_static_frame__enu_to_ecef_123_00
[0.125s] 1: [       OK ] FRAME_TF.transform_static_frame__enu_to_ecef_123_00 (0 ms)
[0.125s] 1: [ RUN      ] FRAME_TF.transform_static_frame__ecef_to_enu_123_4030
[0.125s] 1: [       OK ] FRAME_TF.transform_static_frame__ecef_to_enu_123_4030 (0 ms)
[0.125s] 1: [ RUN      ] FRAME_TF.transform_static_frame__enu_to_ecef_123_4030
[0.125s] 1: [       OK ] FRAME_TF.transform_static_frame__enu_to_ecef_123_4030 (0 ms)
[0.125s] 1: [ RUN      ] FRAME_TF.quaternion_transforms__ned_to_ned_123
[0.125s] 1: [       OK ] FRAME_TF.quaternion_transforms__ned_to_ned_123 (0 ms)
[0.125s] 1: [----------] 9 tests from FRAME_TF (0 ms total)
[0.125s] 1: 
[0.125s] 1: [----------] Global test environment tear-down
[0.126s] 1: [==========] 9 tests from 1 test case ran. (0 ms total)
[0.126s] 1: [  PASSED  ] 9 tests.
[0.126s] 1: -- run_test.py: return code 0
[0.127s] 1: -- run_test.py: inject classname prefix into gtest result file '/home/grant/ros2_ws/build/mavros/test_results/mavros/libmavros-frame-conversions-test.gtest.xml'
[0.127s] 1: -- run_test.py: verify result file '/home/grant/ros2_ws/build/mavros/test_results/mavros/libmavros-frame-conversions-test.gtest.xml'
[0.137s]  1/12 Test  #1: libmavros-frame-conversions-test ....   Passed    0.10 sec
[0.137s] test 2
[0.137s]       Start  2: libmavros-sensor-orientation-test
[0.137s] 
[0.138s] 2: Test command: /home/grant/miniconda3/bin/python3 "-u" "/opt/ros/foxy/share/ament_cmake_test/cmake/run_test.py" "/home/grant/ros2_ws/build/mavros/test_results/mavros/libmavros-sensor-orientation-test.gtest.xml" "--package-name" "mavros" "--output-file" "/home/grant/ros2_ws/build/mavros/ament_cmake_gtest/libmavros-sensor-orientation-test.txt" "--command" "/home/grant/ros2_ws/build/mavros/libmavros-sensor-orientation-test" "--gtest_output=xml:/home/grant/ros2_ws/build/mavros/test_results/mavros/libmavros-sensor-orientation-test.gtest.xml"
[0.138s] 2: Test timeout computed to be: 60
[0.199s] 2: -- run_test.py: invoking following command in '/home/grant/ros2_ws/build/mavros':
[0.199s] 2:  - /home/grant/ros2_ws/build/mavros/libmavros-sensor-orientation-test --gtest_output=xml:/home/grant/ros2_ws/build/mavros/test_results/mavros/libmavros-sensor-orientation-test.gtest.xml
[0.212s] 2: [==========] Running 16 tests from 1 test case.
[0.212s] 2: [----------] Global test environment set-up.
[0.213s] 2: [----------] 16 tests from UTILS
[0.213s] 2: [ RUN      ] UTILS.sensor_orientation_matching__none
[0.213s] 2: [       OK ] UTILS.sensor_orientation_matching__none (0 ms)
[0.213s] 2: [ RUN      ] UTILS.sensor_orientation_matching__roll_180
[0.213s] 2: [       OK ] UTILS.sensor_orientation_matching__roll_180 (0 ms)
[0.213s] 2: [ RUN      ] UTILS.sensor_orientation_matching__roll_180_yaw_90
[0.213s] 2: [       OK ] UTILS.sensor_orientation_matching__roll_180_yaw_90 (0 ms)
[0.213s] 2: [ RUN      ] UTILS.sensor_orientation_matching__custom
[0.213s] 2: [       OK ] UTILS.sensor_orientation_matching__custom (0 ms)
[0.213s] 2: [ RUN      ] UTILS.to_string__none
[0.214s] 2: [       OK ] UTILS.to_string__none (0 ms)
[0.214s] 2: [ RUN      ] UTILS.to_string__roll_180
[0.214s] 2: [       OK ] UTILS.to_string__roll_180 (0 ms)
[0.214s] 2: [ RUN      ] UTILS.to_string__roll_180_yaw_90
[0.214s] 2: [       OK ] UTILS.to_string__roll_180_yaw_90 (0 ms)
[0.214s] 2: [ RUN      ] UTILS.to_string__custom
[0.214s] 2: [       OK ] UTILS.to_string__custom (0 ms)
[0.214s] 2: [ RUN      ] UTILS.sensor_orientation_from_str__none
[0.214s] 2: [       OK ] UTILS.sensor_orientation_from_str__none (0 ms)
[0.215s] 2: [ RUN      ] UTILS.sensor_orientation_from_str__unknown
[0.215s] 2: [ERROR] [1666572959.615661161] [uas.enum]: SENSOR: wrong orientation str: completely wrong identifier
[0.215s] 2: [       OK ] UTILS.sensor_orientation_from_str__unknown (0 ms)
[0.215s] 2: [ RUN      ] UTILS.sensor_orientation_from_str__number
[0.215s] 2: [       OK ] UTILS.sensor_orientation_from_str__number (0 ms)
[0.215s] 2: [ RUN      ] UTILS.sensor_orientation_from_str__wrong_number
[0.215s] 2: [ERROR] [1666572959.615722921] [uas.enum]: SENSOR: orientation index out of bound: 123
[0.215s] 2: [       OK ] UTILS.sensor_orientation_from_str__wrong_number (0 ms)
[0.215s] 2: [ RUN      ] UTILS.sensor_orientation_from_str__roll_180
[0.215s] 2: [       OK ] UTILS.sensor_orientation_from_str__roll_180 (0 ms)
[0.215s] 2: [ RUN      ] UTILS.sensor_orientation_from_str__roll_180_yaw_90
[0.215s] 2: [       OK ] UTILS.sensor_orientation_from_str__roll_180_yaw_90 (0 ms)
[0.215s] 2: [ RUN      ] UTILS.sensor_orientation_from_str__last_element_roll_90_yaw_270
[0.215s] 2: [       OK ] UTILS.sensor_orientation_from_str__last_element_roll_90_yaw_270 (0 ms)
[0.215s] 2: [ RUN      ] UTILS.sensor_orientation_from_str__custom
[0.216s] 2: [       OK ] UTILS.sensor_orientation_from_str__custom (0 ms)
[0.216s] 2: [----------] 16 tests from UTILS (0 ms total)
[0.216s] 2: 
[0.216s] 2: [----------] Global test environment tear-down
[0.216s] 2: [==========] 16 tests from 1 test case ran. (0 ms total)
[0.216s] 2: [  PASSED  ] 16 tests.
[0.216s] 2: -- run_test.py: return code 0
[0.216s] 2: -- run_test.py: inject classname prefix into gtest result file '/home/grant/ros2_ws/build/mavros/test_results/mavros/libmavros-sensor-orientation-test.gtest.xml'
[0.216s] 2: -- run_test.py: verify result file '/home/grant/ros2_ws/build/mavros/test_results/mavros/libmavros-sensor-orientation-test.gtest.xml'
[0.227s]  2/12 Test  #2: libmavros-sensor-orientation-test ...   Passed    0.09 sec
[0.227s] test 3
[0.227s]       Start  3: libmavros-quaternion-utils-test
[0.227s] 
[0.227s] 3: Test command: /home/grant/miniconda3/bin/python3 "-u" "/opt/ros/foxy/share/ament_cmake_test/cmake/run_test.py" "/home/grant/ros2_ws/build/mavros/test_results/mavros/libmavros-quaternion-utils-test.gtest.xml" "--package-name" "mavros" "--output-file" "/home/grant/ros2_ws/build/mavros/ament_cmake_gtest/libmavros-quaternion-utils-test.txt" "--command" "/home/grant/ros2_ws/build/mavros/libmavros-quaternion-utils-test" "--gtest_output=xml:/home/grant/ros2_ws/build/mavros/test_results/mavros/libmavros-quaternion-utils-test.gtest.xml"
[0.227s] 3: Test timeout computed to be: 60
[0.289s] 3: -- run_test.py: invoking following command in '/home/grant/ros2_ws/build/mavros':
[0.289s] 3:  - /home/grant/ros2_ws/build/mavros/libmavros-quaternion-utils-test --gtest_output=xml:/home/grant/ros2_ws/build/mavros/test_results/mavros/libmavros-quaternion-utils-test.gtest.xml
[0.302s] 3: [==========] Running 7 tests from 1 test case.
[0.302s] 3: [----------] Global test environment set-up.
[0.302s] 3: [----------] 7 tests from FRAME_TF
[0.303s] 3: [ RUN      ] FRAME_TF.quaternion_from_rpy__check_compatibility
[0.303s] 3: [       OK ] FRAME_TF.quaternion_from_rpy__check_compatibility (0 ms)
[0.303s] 3: [ RUN      ] FRAME_TF.quaternion_from_rpy__paranoic_check
[0.303s] 3: [       OK ] FRAME_TF.quaternion_from_rpy__paranoic_check (0 ms)
[0.303s] 3: [ RUN      ] FRAME_TF.quaternion_to_rpy__123
[0.303s] 3: [       OK ] FRAME_TF.quaternion_to_rpy__123 (0 ms)
[0.303s] 3: [ RUN      ] FRAME_TF.quaternion_to_rpy__pm_pi
[0.761s] 3: [       OK ] FRAME_TF.quaternion_to_rpy__pm_pi (458 ms)
[0.761s] 3: [ RUN      ] FRAME_TF.quaternion_get_yaw__123
[0.761s] 3: [       OK ] FRAME_TF.quaternion_get_yaw__123 (0 ms)
[0.761s] 3: [ RUN      ] FRAME_TF.quaternion_get_yaw__pm_pi
[0.765s] 3: [       OK ] FRAME_TF.quaternion_get_yaw__pm_pi (5 ms)
[0.765s] 3: [ RUN      ] FRAME_TF.quaternion_to_mavlink__123
[0.766s] 3: [       OK ] FRAME_TF.quaternion_to_mavlink__123 (0 ms)
[0.766s] 3: [----------] 7 tests from FRAME_TF (463 ms total)
[0.766s] 3: 
[0.766s] 3: [----------] Global test environment tear-down
[0.766s] 3: [==========] 7 tests from 1 test case ran. (463 ms total)
[0.766s] 3: [  PASSED  ] 7 tests.
[0.768s] 3: -- run_test.py: return code 0
[0.769s] 3: -- run_test.py: inject classname prefix into gtest result file '/home/grant/ros2_ws/build/mavros/test_results/mavros/libmavros-quaternion-utils-test.gtest.xml'
[0.769s] 3: -- run_test.py: verify result file '/home/grant/ros2_ws/build/mavros/test_results/mavros/libmavros-quaternion-utils-test.gtest.xml'
[0.779s]  3/12 Test  #3: libmavros-quaternion-utils-test .....   Passed    0.55 sec
[0.779s] test 4
[0.779s]       Start  4: mavros-router-test
[0.779s] 
[0.779s] 4: Test command: /home/grant/miniconda3/bin/python3 "-u" "/opt/ros/foxy/share/ament_cmake_test/cmake/run_test.py" "/home/grant/ros2_ws/build/mavros/test_results/mavros/mavros-router-test.gtest.xml" "--package-name" "mavros" "--output-file" "/home/grant/ros2_ws/build/mavros/ament_cmake_gmock/mavros-router-test.txt" "--command" "/home/grant/ros2_ws/build/mavros/mavros-router-test" "--gtest_output=xml:/home/grant/ros2_ws/build/mavros/test_results/mavros/mavros-router-test.gtest.xml"
[0.779s] 4: Test timeout computed to be: 60
[0.840s] 4: -- run_test.py: invoking following command in '/home/grant/ros2_ws/build/mavros':
[0.840s] 4:  - /home/grant/ros2_ws/build/mavros/mavros-router-test --gtest_output=xml:/home/grant/ros2_ws/build/mavros/test_results/mavros/mavros-router-test.gtest.xml
[0.853s] 4: [==========] Running 8 tests from 1 test case.
[0.853s] 4: [----------] Global test environment set-up.
[0.853s] 4: [----------] 8 tests from TestRouter
[0.853s] 4: [ RUN      ] TestRouter.set_parameter
[0.862s] 4: [INFO] [1666572960.265395084] [test_mavros_router]: Built-in SIMD instructions: SSE, SSE2
[0.862s] 4: [INFO] [1666572960.265469415] [test_mavros_router]: Built-in MAVLink package version: 2022.8.8
[0.862s] 4: [INFO] [1666572960.265482715] [test_mavros_router]: Known MAVLink dialects: common ardupilotmega ASLUAV AVSSUAS all development icarous matrixpilot paparazzi standard storm32 uAvionix ualberta
[0.863s] 4: [INFO] [1666572960.265489565] [test_mavros_router]: MAVROS Router started
[0.863s] 4: [INFO] [1666572960.265576395] [test_mavros_router]: Requested to add endpoint: type: 0, url: tcp-l://:57601
[0.863s] 4: [INFO] [1666572960.265711975] [test_mavros_router]: Endpoint link[1000] created
[0.864s] 4: [INFO] [1666572960.267495020] [test_mavros_router]: link[1000] opened successfully
[0.864s] 4: [INFO] [1666572960.267535250] [test_mavros_router]: Requested to add endpoint: type: 0, url: udp://:45001@
[0.864s] 4: [INFO] [1666572960.267578500] [test_mavros_router]: Endpoint link[1001] created
[0.865s] 4: [INFO] [1666572960.267815540] [test_mavros_router]: link[1001] opened successfully
[0.865s] 4: [INFO] [1666572960.267887641] [test_mavros_router]: Requested to add endpoint: type: 1, url: tcp-l://:57602
[0.865s] 4: [INFO] [1666572960.267931711] [test_mavros_router]: Endpoint link[1002] created
[0.865s] 4: [INFO] [1666572960.268083841] [test_mavros_router]: link[1002] opened successfully
[0.865s] 4: [INFO] [1666572960.268111051] [test_mavros_router]: Requested to add endpoint: type: 1, url: udp://:45002@
[0.865s] 4: [INFO] [1666572960.268148951] [test_mavros_router]: Endpoint link[1003] created
[0.865s] 4: [INFO] [1666572960.268316642] [test_mavros_router]: link[1003] opened successfully
[0.865s] 4: [INFO] [1666572960.268382032] [test_mavros_router]: Requested to add endpoint: type: 2, url: /uas1
[0.865s] 4: [INFO] [1666572960.268454382] [test_mavros_router]: Endpoint link[1004] created
[0.866s] 4: [INFO] [1666572960.269374904] [test_mavros_router]: link[1004] opened successfully
[0.866s] 4: [INFO] [1666572960.269404754] [test_mavros_router]: Requested to add endpoint: type: 2, url: /uas2
[0.866s] 4: [INFO] [1666572960.269440364] [test_mavros_router]: Endpoint link[1005] created
[0.867s] 4: [INFO] [1666572960.269856065] [test_mavros_router]: link[1005] opened successfully
[0.867s] 4: [       OK ] TestRouter.set_parameter (15 ms)
[0.867s] 4: [ RUN      ] TestRouter.route_fcu_broadcast
[0.873s] 4: [INFO] [1666572960.275904470] [test_mavros_router]: Built-in SIMD instructions: SSE, SSE2
[0.873s] 4: [INFO] [1666572960.275934780] [test_mavros_router]: Built-in MAVLink package version: 2022.8.8
[0.873s] 4: [INFO] [1666572960.275942960] [test_mavros_router]: Known MAVLink dialects: common ardupilotmega ASLUAV AVSSUAS all development icarous matrixpilot paparazzi standard storm32 uAvionix ualberta
[0.873s] 4: [INFO] [1666572960.275949530] [test_mavros_router]: MAVROS Router started
[0.873s] 4: [       OK ] TestRouter.route_fcu_broadcast (6 ms)
[0.873s] 4: [ RUN      ] TestRouter.route_uas_broadcast
[0.880s] 4: [INFO] [1666572960.283558968] [test_mavros_router]: Built-in SIMD instructions: SSE, SSE2
[0.880s] 4: [INFO] [1666572960.283589908] [test_mavros_router]: Built-in MAVLink package version: 2022.8.8
[0.880s] 4: [INFO] [1666572960.283597978] [test_mavros_router]: Known MAVLink dialects: common ardupilotmega ASLUAV AVSSUAS all development icarous matrixpilot paparazzi standard storm32 uAvionix ualberta
[0.881s] 4: [INFO] [1666572960.283604438] [test_mavros_router]: MAVROS Router started
[0.881s] 4: [       OK ] TestRouter.route_uas_broadcast (7 ms)
[0.881s] 4: [ RUN      ] TestRouter.route_gcs_broadcast
[0.924s] 4: [INFO] [1666572960.326665772] [test_mavros_router]: Built-in SIMD instructions: SSE, SSE2
[0.924s] 4: [INFO] [1666572960.326704112] [test_mavros_router]: Built-in MAVLink package version: 2022.8.8
[0.924s] 4: [INFO] [1666572960.326712452] [test_mavros_router]: Known MAVLink dialects: common ardupilotmega ASLUAV AVSSUAS all development icarous matrixpilot paparazzi standard storm32 uAvionix ualberta
[0.924s] 4: [INFO] [1666572960.326718952] [test_mavros_router]: MAVROS Router started
[0.924s] 4: [       OK ] TestRouter.route_gcs_broadcast (43 ms)
[0.924s] 4: [ RUN      ] TestRouter.route_targeted_one_system
[0.932s] 4: [INFO] [1666572960.335498404] [test_mavros_router]: Built-in SIMD instructions: SSE, SSE2
[0.932s] 4: [INFO] [1666572960.335529494] [test_mavros_router]: Built-in MAVLink package version: 2022.8.8
[0.932s] 4: [INFO] [1666572960.335537874] [test_mavros_router]: Known MAVLink dialects: common ardupilotmega ASLUAV AVSSUAS all development icarous matrixpilot paparazzi standard storm32 uAvionix ualberta
[0.932s] 4: [INFO] [1666572960.335544194] [test_mavros_router]: MAVROS Router started
[0.933s] 4: [       OK ] TestRouter.route_targeted_one_system (8 ms)
[0.933s] 4: [ RUN      ] TestRouter.route_targeted_two_system
[0.941s] 4: [INFO] [1666572960.344630746] [test_mavros_router]: Built-in SIMD instructions: SSE, SSE2
[0.941s] 4: [INFO] [1666572960.344659177] [test_mavros_router]: Built-in MAVLink package version: 2022.8.8
[0.941s] 4: [INFO] [1666572960.344667307] [test_mavros_router]: Known MAVLink dialects: common ardupilotmega ASLUAV AVSSUAS all development icarous matrixpilot paparazzi standard storm32 uAvionix ualberta
[0.942s] 4: [INFO] [1666572960.344673717] [test_mavros_router]: MAVROS Router started
[0.942s] 4: [       OK ] TestRouter.route_targeted_two_system (10 ms)
[0.942s] 4: [ RUN      ] TestRouter.route_targeted_system_component
[0.951s] 4: [INFO] [1666572960.354632961] [test_mavros_router]: Built-in SIMD instructions: SSE, SSE2
[0.951s] 4: [INFO] [1666572960.354662031] [test_mavros_router]: Built-in MAVLink package version: 2022.8.8
[0.951s] 4: [INFO] [1666572960.354670801] [test_mavros_router]: Known MAVLink dialects: common ardupilotmega ASLUAV AVSSUAS all development icarous matrixpilot paparazzi standard storm32 uAvionix ualberta
[0.952s] 4: [INFO] [1666572960.354677521] [test_mavros_router]: MAVROS Router started
[0.952s] 4: [       OK ] TestRouter.route_targeted_system_component (10 ms)
[0.952s] 4: [ RUN      ] TestRouter.endpoint_recv_message
[0.962s] 4: [INFO] [1666572960.364887545] [test_mavros_router]: Built-in SIMD instructions: SSE, SSE2
[0.962s] 4: [INFO] [1666572960.364935726] [test_mavros_router]: Built-in MAVLink package version: 2022.8.8
[0.962s] 4: [INFO] [1666572960.364945166] [test_mavros_router]: Known MAVLink dialects: common ardupilotmega ASLUAV AVSSUAS all development icarous matrixpilot paparazzi standard storm32 uAvionix ualberta
[0.962s] 4: [INFO] [1666572960.364951996] [test_mavros_router]: MAVROS Router started
[0.962s] 4: [INFO] [1666572960.364997886] [test_mavros_router]: Requested to add endpoint: type: 2, url: /uas1
[0.962s] 4: [INFO] [1666572960.365058416] [test_mavros_router]: Endpoint link[1000] created
[0.962s] 4: [INFO] [1666572960.365787627] [test_mavros_router]: link[1000] opened successfully
[0.963s] 4: [INFO] [1666572960.365875678] [test_mavros_router]: link[1000] detected remote address 1.191
[0.963s] 4: [WARN] [1666572960.365919018] [test_mavros_router]: Message dropped: msgid: 0, source: 1.191, target: 0.0
[0.963s] 4: [       OK ] TestRouter.endpoint_recv_message (11 ms)
[0.963s] 4: [----------] 8 tests from TestRouter (111 ms total)
[0.963s] 4: 
[0.963s] 4: [----------] Global test environment tear-down
[0.963s] 4: [==========] 8 tests from 1 test case ran. (111 ms total)
[0.963s] 4: [  PASSED  ] 8 tests.
[0.968s] 4: -- run_test.py: return code 0
[0.968s] 4: -- run_test.py: inject classname prefix into gtest result file '/home/grant/ros2_ws/build/mavros/test_results/mavros/mavros-router-test.gtest.xml'
[0.968s] 4: -- run_test.py: verify result file '/home/grant/ros2_ws/build/mavros/test_results/mavros/mavros-router-test.gtest.xml'
[0.978s]  4/12 Test  #4: mavros-router-test ..................   Passed    0.20 sec
[0.978s] test 5
[0.978s]       Start  5: mavros-uas-test
[0.979s] 
[0.979s] 5: Test command: /home/grant/miniconda3/bin/python3 "-u" "/opt/ros/foxy/share/ament_cmake_test/cmake/run_test.py" "/home/grant/ros2_ws/build/mavros/test_results/mavros/mavros-uas-test.gtest.xml" "--package-name" "mavros" "--output-file" "/home/grant/ros2_ws/build/mavros/ament_cmake_gmock/mavros-uas-test.txt" "--command" "/home/grant/ros2_ws/build/mavros/mavros-uas-test" "--gtest_output=xml:/home/grant/ros2_ws/build/mavros/test_results/mavros/mavros-uas-test.gtest.xml"
[0.979s] 5: Test timeout computed to be: 60
[1.039s] 5: -- run_test.py: invoking following command in '/home/grant/ros2_ws/build/mavros':
[1.039s] 5:  - /home/grant/ros2_ws/build/mavros/mavros-uas-test --gtest_output=xml:/home/grant/ros2_ws/build/mavros/test_results/mavros/mavros-uas-test.gtest.xml
[1.051s] 5: [==========] Running 2 tests from 1 test case.
[1.051s] 5: [----------] Global test environment set-up.
[1.051s] 5: [----------] 2 tests from TestUAS
[1.051s] 5: [ RUN      ] TestUAS.is_plugin_allowed
[1.077s] 5: [       OK ] TestUAS.is_plugin_allowed (26 ms)
[1.077s] 5: [ RUN      ] TestUAS.add_plugin__route_message__filter
[1.082s] 5: [INFO] [1666572960.485758398] [test_mavros_uas]: Plugin test1 created
[1.083s] 5: [INFO] [1666572960.486063699] [test_mavros_uas]: Plugin test1 initialized
[1.083s] 5: [INFO] [1666572960.486100349] [test_mavros_uas]: Plugin test2 created
[1.083s] 5: [INFO] [1666572960.486133739] [test_mavros_uas]: Plugin test2 initialized
[1.083s] 5: [       OK ] TestUAS.add_plugin__route_message__filter (7 ms)
[1.083s] 5: [----------] 2 tests from TestUAS (33 ms total)
[1.083s] 5: 
[1.084s] 5: [----------] Global test environment tear-down
[1.084s] 5: [==========] 2 tests from 1 test case ran. (33 ms total)
[1.084s] 5: [  PASSED  ] 2 tests.
[1.088s] 5: -- run_test.py: return code 0
[1.088s] 5: -- run_test.py: inject classname prefix into gtest result file '/home/grant/ros2_ws/build/mavros/test_results/mavros/mavros-uas-test.gtest.xml'
[1.088s] 5: -- run_test.py: verify result file '/home/grant/ros2_ws/build/mavros/test_results/mavros/mavros-uas-test.gtest.xml'
[1.099s]  5/12 Test  #5: mavros-uas-test .....................   Passed    0.12 sec
[1.099s] test 6
[1.099s]       Start  6: cppcheck
[1.099s] 
[1.099s] 6: Test command: /home/grant/miniconda3/bin/python3 "-u" "/opt/ros/foxy/share/ament_cmake_test/cmake/run_test.py" "/home/grant/ros2_ws/build/mavros/test_results/mavros/cppcheck.xunit.xml" "--package-name" "mavros" "--output-file" "/home/grant/ros2_ws/build/mavros/ament_cppcheck/cppcheck.txt" "--command" "/opt/ros/foxy/bin/ament_cppcheck" "--xunit-file" "/home/grant/ros2_ws/build/mavros/test_results/mavros/cppcheck.xunit.xml" "--exclude" "./test/*.cpp" "--include_dirs" "/home/grant/ros2_ws/src/mavros/mavros/include"
[1.099s] 6: Test timeout computed to be: 300
[1.161s] 6: -- run_test.py: invoking following command in '/home/grant/ros2_ws/src/mavros/mavros':
[1.161s] 6:  - /opt/ros/foxy/bin/ament_cppcheck --xunit-file /home/grant/ros2_ws/build/mavros/test_results/mavros/cppcheck.xunit.xml --exclude ./test/*.cpp --include_dirs /home/grant/ros2_ws/src/mavros/mavros/include
[1.583s] 6: No problems found
[1.601s] 6: -- run_test.py: return code 0
[1.601s] 6: -- run_test.py: verify result file '/home/grant/ros2_ws/build/mavros/test_results/mavros/cppcheck.xunit.xml'
[1.612s]  6/12 Test  #6: cppcheck ............................   Passed    0.51 sec
[1.612s] test 7
[1.612s]       Start  7: cpplint
[1.612s] 
[1.612s] 7: Test command: /home/grant/miniconda3/bin/python3 "-u" "/opt/ros/foxy/share/ament_cmake_test/cmake/run_test.py" "/home/grant/ros2_ws/build/mavros/test_results/mavros/cpplint.xunit.xml" "--package-name" "mavros" "--output-file" "/home/grant/ros2_ws/build/mavros/ament_cpplint/cpplint.txt" "--command" "/opt/ros/foxy/bin/ament_cpplint" "--xunit-file" "/home/grant/ros2_ws/build/mavros/test_results/mavros/cpplint.xunit.xml"
[1.612s] 7: Test timeout computed to be: 120
[1.672s] 7: -- run_test.py: invoking following command in '/home/grant/ros2_ws/src/mavros/mavros':
[1.672s] 7:  - /opt/ros/foxy/bin/ament_cpplint --xunit-file /home/grant/ros2_ws/build/mavros/test_results/mavros/cpplint.xunit.xml
[6.217s] 7: Using '--root=/home/grant/ros2_ws/src/mavros/mavros/include' argument
[6.217s] 7: 
[6.217s] 7: Done processing /home/grant/ros2_ws/src/mavros/mavros/include/mavros/frame_tf.hpp
[6.217s] 7: 
[6.218s] 7: Done processing /home/grant/ros2_ws/src/mavros/mavros/include/mavros/mavros_plugin_register_macro.hpp
[6.218s] 7: 
[6.218s] 7: Done processing /home/grant/ros2_ws/src/mavros/mavros/include/mavros/mavros_router.hpp
[6.218s] 7: 
[6.218s] 7: Done processing /home/grant/ros2_ws/src/mavros/mavros/include/mavros/mavros_uas.hpp
[6.218s] 7: 
[6.218s] 7: Done processing /home/grant/ros2_ws/src/mavros/mavros/include/mavros/mission_protocol_base.hpp
[6.218s] 7: 
[6.218s] 7: Done processing /home/grant/ros2_ws/src/mavros/mavros/include/mavros/plugin.hpp
[6.218s] 7: 
[6.218s] 7: Done processing /home/grant/ros2_ws/src/mavros/mavros/include/mavros/plugin_filter.hpp
[6.219s] 7: 
[6.219s] 7: Done processing /home/grant/ros2_ws/src/mavros/mavros/include/mavros/px4_custom_mode.hpp
[6.219s] 7: 
[6.219s] 7: Done processing /home/grant/ros2_ws/src/mavros/mavros/include/mavros/setpoint_mixin.hpp
[6.219s] 7: 
[6.219s] 7: Done processing /home/grant/ros2_ws/src/mavros/mavros/include/mavros/uas_executor.hpp
[6.219s] 7: 
[6.219s] 7: Done processing /home/grant/ros2_ws/src/mavros/mavros/include/mavros/utils.hpp
[6.219s] 7: 
[6.219s] 7: Using '--root=/home/grant/ros2_ws/src/mavros/mavros/src' argument
[6.219s] 7: 
[6.219s] 7: Done processing /home/grant/ros2_ws/src/mavros/mavros/src/mavros_node.cpp
[6.219s] 7: 
[6.220s] 7: Done processing /home/grant/ros2_ws/src/mavros/mavros/src/lib/enum_sensor_orientation.cpp
[6.220s] 7: 
[6.220s] 7: Done processing /home/grant/ros2_ws/src/mavros/mavros/src/lib/enum_to_string.cpp
[6.220s] 7: 
[6.220s] 7: Done processing /home/grant/ros2_ws/src/mavros/mavros/src/lib/ftf_frame_conversions.cpp
[6.220s] 7: 
[6.220s] 7: Done processing /home/grant/ros2_ws/src/mavros/mavros/src/lib/ftf_quaternion_utils.cpp
[6.220s] 7: 
[6.220s] 7: Done processing /home/grant/ros2_ws/src/mavros/mavros/src/lib/mavros_router.cpp
[6.220s] 7: 
[6.220s] 7: Done processing /home/grant/ros2_ws/src/mavros/mavros/src/lib/mavros_uas.cpp
[6.221s] 7: 
[6.221s] 7: Done processing /home/grant/ros2_ws/src/mavros/mavros/src/lib/plugin.cpp
[6.221s] 7: 
[6.221s] 7: Done processing /home/grant/ros2_ws/src/mavros/mavros/src/lib/uas_ap.cpp
[6.221s] 7: 
[6.221s] 7: Done processing /home/grant/ros2_ws/src/mavros/mavros/src/lib/uas_data.cpp
[6.221s] 7: 
[6.221s] 7: Done processing /home/grant/ros2_ws/src/mavros/mavros/src/lib/uas_executor.cpp
[6.221s] 7: 
[6.221s] 7: Done processing /home/grant/ros2_ws/src/mavros/mavros/src/lib/uas_stringify.cpp
[6.221s] 7: 
[6.221s] 7: Done processing /home/grant/ros2_ws/src/mavros/mavros/src/lib/uas_tf.cpp
[6.221s] 7: 
[6.221s] 7: Done processing /home/grant/ros2_ws/src/mavros/mavros/src/lib/uas_timesync.cpp
[6.221s] 7: 
[6.222s] 7: Done processing /home/grant/ros2_ws/src/mavros/mavros/src/plugins/actuator_control.cpp
[6.222s] 7: 
[6.222s] 7: Done processing /home/grant/ros2_ws/src/mavros/mavros/src/plugins/altitude.cpp
[6.222s] 7: 
[6.222s] 7: Done processing /home/grant/ros2_ws/src/mavros/mavros/src/plugins/command.cpp
[6.222s] 7: 
[6.222s] 7: Done processing /home/grant/ros2_ws/src/mavros/mavros/src/plugins/dummy.cpp
[6.222s] 7: 
[6.222s] 7: Done processing /home/grant/ros2_ws/src/mavros/mavros/src/plugins/ftp.cpp
[6.222s] 7: 
[6.222s] 7: Done processing /home/grant/ros2_ws/src/mavros/mavros/src/plugins/geofence.cpp
[6.222s] 7: 
[6.222s] 7: Done processing /home/grant/ros2_ws/src/mavros/mavros/src/plugins/global_position.cpp
[6.222s] 7: 
[6.222s] 7: Done processing /home/grant/ros2_ws/src/mavros/mavros/src/plugins/home_position.cpp
[6.223s] 7: 
[6.223s] 7: Done processing /home/grant/ros2_ws/src/mavros/mavros/src/plugins/imu.cpp
[6.223s] 7: 
[6.223s] 7: Done processing /home/grant/ros2_ws/src/mavros/mavros/src/plugins/local_position.cpp
[6.223s] 7: 
[6.223s] 7: Done processing /home/grant/ros2_ws/src/mavros/mavros/src/plugins/manual_control.cpp
[6.223s] 7: 
[6.223s] 7: Done processing /home/grant/ros2_ws/src/mavros/mavros/src/plugins/mission_protocol_base.cpp
[6.223s] 7: 
[6.223s] 7: Done processing /home/grant/ros2_ws/src/mavros/mavros/src/plugins/nav_controller_output.cpp
[6.223s] 7: 
[6.223s] 7: Done processing /home/grant/ros2_ws/src/mavros/mavros/src/plugins/param.cpp
[6.223s] 7: 
[6.223s] 7: Done processing /home/grant/ros2_ws/src/mavros/mavros/src/plugins/rallypoint.cpp
[6.223s] 7: 
[6.223s] 7: Done processing /home/grant/ros2_ws/src/mavros/mavros/src/plugins/rc_io.cpp
[6.224s] 7: 
[6.224s] 7: Done processing /home/grant/ros2_ws/src/mavros/mavros/src/plugins/setpoint_accel.cpp
[6.224s] 7: 
[6.224s] 7: Done processing /home/grant/ros2_ws/src/mavros/mavros/src/plugins/setpoint_attitude.cpp
[6.224s] 7: 
[6.224s] 7: Done processing /home/grant/ros2_ws/src/mavros/mavros/src/plugins/setpoint_position.cpp
[6.224s] 7: 
[6.224s] 7: Done processing /home/grant/ros2_ws/src/mavros/mavros/src/plugins/setpoint_raw.cpp
[6.224s] 7: 
[6.224s] 7: Done processing /home/grant/ros2_ws/src/mavros/mavros/src/plugins/setpoint_trajectory.cpp
[6.224s] 7: 
[6.224s] 7: Done processing /home/grant/ros2_ws/src/mavros/mavros/src/plugins/setpoint_velocity.cpp
[6.225s] 7: 
[6.225s] 7: Done processing /home/grant/ros2_ws/src/mavros/mavros/src/plugins/sys_status.cpp
[6.225s] 7: 
[6.225s] 7: Done processing /home/grant/ros2_ws/src/mavros/mavros/src/plugins/sys_time.cpp
[6.225s] 7: 
[6.225s] 7: Done processing /home/grant/ros2_ws/src/mavros/mavros/src/plugins/waypoint.cpp
[6.225s] 7: 
[6.225s] 7: Done processing /home/grant/ros2_ws/src/mavros/mavros/src/plugins/wind_estimation.cpp
[6.225s] 7: 
[6.225s] 7: Using '--root=/home/grant/ros2_ws/src/mavros/mavros/test' argument
[6.225s] 7: 
[6.226s] 7: Done processing /home/grant/ros2_ws/src/mavros/mavros/test/test_frame_conversions.cpp
[6.226s] 7: 
[6.226s] 7: Done processing /home/grant/ros2_ws/src/mavros/mavros/test/test_quaternion_utils.cpp
[6.226s] 7: 
[6.226s] 7: Done processing /home/grant/ros2_ws/src/mavros/mavros/test/test_router.cpp
[6.226s] 7: 
[6.226s] 7: Done processing /home/grant/ros2_ws/src/mavros/mavros/test/test_sensor_orientation.cpp
[6.226s] 7: 
[6.226s] 7: Done processing /home/grant/ros2_ws/src/mavros/mavros/test/test_uas.cpp
[6.226s] 7: 
[6.226s] 7: No problems found
[6.233s] 7: -- run_test.py: return code 0
[6.233s] 7: -- run_test.py: verify result file '/home/grant/ros2_ws/build/mavros/test_results/mavros/cpplint.xunit.xml'
[6.247s]  7/12 Test  #7: cpplint .............................   Passed    4.63 sec
[6.247s] test 8
[6.247s]       Start  8: flake8
[6.247s] 
[6.247s] 8: Test command: /home/grant/miniconda3/bin/python3 "-u" "/opt/ros/foxy/share/ament_cmake_test/cmake/run_test.py" "/home/grant/ros2_ws/build/mavros/test_results/mavros/flake8.xunit.xml" "--package-name" "mavros" "--output-file" "/home/grant/ros2_ws/build/mavros/ament_flake8/flake8.txt" "--command" "/opt/ros/foxy/bin/ament_flake8" "--xunit-file" "/home/grant/ros2_ws/build/mavros/test_results/mavros/flake8.xunit.xml"
[6.247s] 8: Test timeout computed to be: 60
[6.311s] 8: -- run_test.py: invoking following command in '/home/grant/ros2_ws/src/mavros/mavros':
[6.311s] 8:  - /opt/ros/foxy/bin/ament_flake8 --xunit-file /home/grant/ros2_ws/build/mavros/test_results/mavros/flake8.xunit.xml
[6.926s] 8: 
[6.926s] 8: 27 files checked
[6.926s] 8: No problems found
[6.926s] 8: 
[6.926s] 8: Checked files:
[6.926s] 8: 
[6.926s] 8: * ./setup.py
[6.927s] 8: * ./mavros/ftp.py
[6.927s] 8: * ./mavros/command.py
[6.927s] 8: * ./mavros/global_position.py
[6.927s] 8: * ./mavros/param.py
[6.927s] 8: * ./mavros/setpoint.py
[6.927s] 8: * ./mavros/mission.py
[6.927s] 8: * ./mavros/system.py
[6.927s] 8: * ./mavros/mavlink.py
[6.927s] 8: * ./mavros/__init__.py
[6.927s] 8: * ./mavros/local_position.py
[6.927s] 8: * ./mavros/utils.py
[6.928s] 8: * ./mavros/nuttx_crc32.py
[6.928s] 8: * ./mavros/base.py
[6.928s] 8: * ./mavros/cmd/checkid.py
[6.928s] 8: * ./mavros/cmd/ftp.py
[6.928s] 8: * ./mavros/cmd/param.py
[6.928s] 8: * ./mavros/cmd/mission.py
[6.928s] 8: * ./mavros/cmd/system.py
[6.928s] 8: * ./mavros/cmd/__main__.py
[6.928s] 8: * ./mavros/cmd/cmd.py
[6.928s] 8: * ./mavros/cmd/__init__.py
[6.929s] 8: * ./mavros/cmd/safety.py
[6.929s] 8: * ./mavros/cmd/utils.py
[6.929s] 8: * ./test/mavros_py/test_mission.py
[6.929s] 8: * ./test/mavros_py/test_param.py
[6.929s] 8: * ./test/mavros_py/__init__.py
[6.971s] 8: -- run_test.py: return code 0
[6.971s] 8: -- run_test.py: verify result file '/home/grant/ros2_ws/build/mavros/test_results/mavros/flake8.xunit.xml'
[6.981s]  8/12 Test  #8: flake8 ..............................   Passed    0.73 sec
[6.982s] test 9
[6.982s]       Start  9: lint_cmake
[6.982s] 
[6.982s] 9: Test command: /home/grant/miniconda3/bin/python3 "-u" "/opt/ros/foxy/share/ament_cmake_test/cmake/run_test.py" "/home/grant/ros2_ws/build/mavros/test_results/mavros/lint_cmake.xunit.xml" "--package-name" "mavros" "--output-file" "/home/grant/ros2_ws/build/mavros/ament_lint_cmake/lint_cmake.txt" "--command" "/opt/ros/foxy/bin/ament_lint_cmake" "--xunit-file" "/home/grant/ros2_ws/build/mavros/test_results/mavros/lint_cmake.xunit.xml"
[6.982s] 9: Test timeout computed to be: 60
[7.045s] 9: -- run_test.py: invoking following command in '/home/grant/ros2_ws/src/mavros/mavros':
[7.045s] 9:  - /opt/ros/foxy/bin/ament_lint_cmake --xunit-file /home/grant/ros2_ws/build/mavros/test_results/mavros/lint_cmake.xunit.xml
[7.241s] 9: 
[7.241s] 9: No problems found
[7.262s] 9: -- run_test.py: return code 0
[7.262s] 9: -- run_test.py: verify result file '/home/grant/ros2_ws/build/mavros/test_results/mavros/lint_cmake.xunit.xml'
[7.273s]  9/12 Test  #9: lint_cmake ..........................   Passed    0.29 sec
[7.273s] test 10
[7.273s]       Start 10: pep257
[7.273s] 
[7.273s] 10: Test command: /home/grant/miniconda3/bin/python3 "-u" "/opt/ros/foxy/share/ament_cmake_test/cmake/run_test.py" "/home/grant/ros2_ws/build/mavros/test_results/mavros/pep257.xunit.xml" "--package-name" "mavros" "--output-file" "/home/grant/ros2_ws/build/mavros/ament_pep257/pep257.txt" "--command" "/opt/ros/foxy/bin/ament_pep257" "--xunit-file" "/home/grant/ros2_ws/build/mavros/test_results/mavros/pep257.xunit.xml"
[7.273s] 10: Test timeout computed to be: 60
[7.343s] 10: -- run_test.py: invoking following command in '/home/grant/ros2_ws/src/mavros/mavros':
[7.343s] 10:  - /opt/ros/foxy/bin/ament_pep257 --xunit-file /home/grant/ros2_ws/build/mavros/test_results/mavros/pep257.xunit.xml
[7.895s] 10: checking ./mavros/__init__.py
[7.896s] 10: checking ./mavros/base.py
[7.896s] 10: checking ./mavros/cmd/__init__.py
[7.896s] 10: checking ./mavros/cmd/__main__.py
[7.896s] 10: checking ./mavros/cmd/checkid.py
[7.896s] 10: checking ./mavros/cmd/cmd.py
[7.896s] 10: checking ./mavros/cmd/ftp.py
[7.896s] 10: checking ./mavros/cmd/mission.py
[7.896s] 10: checking ./mavros/cmd/param.py
[7.896s] 10: checking ./mavros/cmd/safety.py
[7.896s] 10: checking ./mavros/cmd/system.py
[7.896s] 10: checking ./mavros/cmd/utils.py
[7.896s] 10: checking ./mavros/command.py
[7.896s] 10: checking ./mavros/ftp.py
[7.897s] 10: checking ./mavros/global_position.py
[7.897s] 10: checking ./mavros/local_position.py
[7.897s] 10: checking ./mavros/mavlink.py
[7.897s] 10: checking ./mavros/mission.py
[7.897s] 10: checking ./mavros/nuttx_crc32.py
[7.897s] 10: checking ./mavros/param.py
[7.897s] 10: checking ./mavros/setpoint.py
[7.897s] 10: checking ./mavros/system.py
[7.897s] 10: checking ./mavros/utils.py
[7.897s] 10: checking ./setup.py
[7.897s] 10: checking ./test/mavros_py/__init__.py
[7.897s] 10: checking ./test/mavros_py/test_mission.py
[7.897s] 10: checking ./test/mavros_py/test_param.py
[7.897s] 10: No problems found
[7.934s] 10: -- run_test.py: return code 0
[7.934s] 10: -- run_test.py: verify result file '/home/grant/ros2_ws/build/mavros/test_results/mavros/pep257.xunit.xml'
[7.953s] 10/12 Test #10: pep257 ..............................   Passed    0.68 sec
[7.953s] test 11
[7.953s]       Start 11: uncrustify
[7.953s] 
[7.953s] 11: Test command: /home/grant/miniconda3/bin/python3 "-u" "/opt/ros/foxy/share/ament_cmake_test/cmake/run_test.py" "/home/grant/ros2_ws/build/mavros/test_results/mavros/uncrustify.xunit.xml" "--package-name" "mavros" "--output-file" "/home/grant/ros2_ws/build/mavros/ament_uncrustify/uncrustify.txt" "--command" "/opt/ros/foxy/bin/ament_uncrustify" "--xunit-file" "/home/grant/ros2_ws/build/mavros/test_results/mavros/uncrustify.xunit.xml"
[7.953s] 11: Test timeout computed to be: 60
[8.018s] 11: -- run_test.py: invoking following command in '/home/grant/ros2_ws/src/mavros/mavros':
[8.018s] 11:  - /opt/ros/foxy/bin/ament_uncrustify --xunit-file /home/grant/ros2_ws/build/mavros/test_results/mavros/uncrustify.xunit.xml
[8.528s] 11: No code style divergence in file 'include/mavros/frame_tf.hpp'
[8.528s] 11: 
[8.528s] 11: No code style divergence in file 'include/mavros/mavros_plugin_register_macro.hpp'
[8.528s] 11: 
[8.528s] 11: No code style divergence in file 'include/mavros/mavros_router.hpp'
[8.528s] 11: 
[8.529s] 11: No code style divergence in file 'include/mavros/mavros_uas.hpp'
[8.529s] 11: 
[8.529s] 11: No code style divergence in file 'include/mavros/mission_protocol_base.hpp'
[8.529s] 11: 
[8.529s] 11: No code style divergence in file 'include/mavros/plugin.hpp'
[8.529s] 11: 
[8.529s] 11: No code style divergence in file 'include/mavros/plugin_filter.hpp'
[8.529s] 11: 
[8.529s] 11: No code style divergence in file 'include/mavros/px4_custom_mode.hpp'
[8.529s] 11: 
[8.529s] 11: No code style divergence in file 'include/mavros/setpoint_mixin.hpp'
[8.529s] 11: 
[8.529s] 11: No code style divergence in file 'include/mavros/uas_executor.hpp'
[8.529s] 11: 
[8.529s] 11: No code style divergence in file 'include/mavros/utils.hpp'
[8.530s] 11: 
[8.530s] 11: No code style divergence in file 'src/lib/enum_sensor_orientation.cpp'
[8.530s] 11: 
[8.530s] 11: No code style divergence in file 'src/lib/enum_to_string.cpp'
[8.530s] 11: 
[8.530s] 11: No code style divergence in file 'src/lib/ftf_frame_conversions.cpp'
[8.530s] 11: 
[8.530s] 11: No code style divergence in file 'src/lib/ftf_quaternion_utils.cpp'
[8.530s] 11: 
[8.530s] 11: No code style divergence in file 'src/lib/mavros_router.cpp'
[8.530s] 11: 
[8.530s] 11: No code style divergence in file 'src/lib/mavros_uas.cpp'
[8.530s] 11: 
[8.530s] 11: No code style divergence in file 'src/lib/plugin.cpp'
[8.530s] 11: 
[8.531s] 11: No code style divergence in file 'src/lib/uas_ap.cpp'
[8.531s] 11: 
[8.531s] 11: No code style divergence in file 'src/lib/uas_data.cpp'
[8.531s] 11: 
[8.531s] 11: No code style divergence in file 'src/lib/uas_executor.cpp'
[8.531s] 11: 
[8.531s] 11: No code style divergence in file 'src/lib/uas_stringify.cpp'
[8.531s] 11: 
[8.531s] 11: No code style divergence in file 'src/lib/uas_tf.cpp'
[8.531s] 11: 
[8.531s] 11: No code style divergence in file 'src/lib/uas_timesync.cpp'
[8.531s] 11: 
[8.531s] 11: No code style divergence in file 'src/mavros_node.cpp'
[8.531s] 11: 
[8.532s] 11: No code style divergence in file 'src/plugins/actuator_control.cpp'
[8.532s] 11: 
[8.532s] 11: No code style divergence in file 'src/plugins/altitude.cpp'
[8.532s] 11: 
[8.532s] 11: No code style divergence in file 'src/plugins/command.cpp'
[8.532s] 11: 
[8.532s] 11: No code style divergence in file 'src/plugins/dummy.cpp'
[8.532s] 11: 
[8.532s] 11: No code style divergence in file 'src/plugins/ftp.cpp'
[8.532s] 11: 
[8.532s] 11: No code style divergence in file 'src/plugins/geofence.cpp'
[8.532s] 11: 
[8.532s] 11: No code style divergence in file 'src/plugins/global_position.cpp'
[8.532s] 11: 
[8.532s] 11: No code style divergence in file 'src/plugins/home_position.cpp'
[8.533s] 11: 
[8.533s] 11: No code style divergence in file 'src/plugins/imu.cpp'
[8.533s] 11: 
[8.533s] 11: No code style divergence in file 'src/plugins/local_position.cpp'
[8.533s] 11: 
[8.533s] 11: No code style divergence in file 'src/plugins/manual_control.cpp'
[8.533s] 11: 
[8.533s] 11: No code style divergence in file 'src/plugins/mission_protocol_base.cpp'
[8.533s] 11: 
[8.533s] 11: No code style divergence in file 'src/plugins/nav_controller_output.cpp'
[8.533s] 11: 
[8.533s] 11: No code style divergence in file 'src/plugins/param.cpp'
[8.533s] 11: 
[8.533s] 11: No code style divergence in file 'src/plugins/rallypoint.cpp'
[8.533s] 11: 
[8.534s] 11: No code style divergence in file 'src/plugins/rc_io.cpp'
[8.534s] 11: 
[8.534s] 11: No code style divergence in file 'src/plugins/setpoint_accel.cpp'
[8.534s] 11: 
[8.534s] 11: No code style divergence in file 'src/plugins/setpoint_attitude.cpp'
[8.534s] 11: 
[8.534s] 11: No code style divergence in file 'src/plugins/setpoint_position.cpp'
[8.534s] 11: 
[8.534s] 11: No code style divergence in file 'src/plugins/setpoint_raw.cpp'
[8.534s] 11: 
[8.534s] 11: No code style divergence in file 'src/plugins/setpoint_trajectory.cpp'
[8.534s] 11: 
[8.534s] 11: No code style divergence in file 'src/plugins/setpoint_velocity.cpp'
[8.534s] 11: 
[8.534s] 11: No code style divergence in file 'src/plugins/sys_status.cpp'
[8.535s] 11: 
[8.535s] 11: No code style divergence in file 'src/plugins/sys_time.cpp'
[8.535s] 11: 
[8.535s] 11: No code style divergence in file 'src/plugins/waypoint.cpp'
[8.535s] 11: 
[8.535s] 11: No code style divergence in file 'src/plugins/wind_estimation.cpp'
[8.535s] 11: 
[8.535s] 11: No code style divergence in file 'test/test_frame_conversions.cpp'
[8.535s] 11: 
[8.535s] 11: No code style divergence in file 'test/test_quaternion_utils.cpp'
[8.535s] 11: 
[8.535s] 11: No code style divergence in file 'test/test_router.cpp'
[8.535s] 11: 
[8.535s] 11: No code style divergence in file 'test/test_sensor_orientation.cpp'
[8.535s] 11: 
[8.536s] 11: No code style divergence in file 'test/test_uas.cpp'
[8.536s] 11: 
[8.536s] 11: No problems found
[8.543s] 11: -- run_test.py: return code 0
[8.543s] 11: -- run_test.py: verify result file '/home/grant/ros2_ws/build/mavros/test_results/mavros/uncrustify.xunit.xml'
[8.556s] 11/12 Test #11: uncrustify ..........................   Passed    0.60 sec
[8.556s] test 12
[8.556s]       Start 12: xmllint
[8.556s] 
[8.556s] 12: Test command: /home/grant/miniconda3/bin/python3 "-u" "/opt/ros/foxy/share/ament_cmake_test/cmake/run_test.py" "/home/grant/ros2_ws/build/mavros/test_results/mavros/xmllint.xunit.xml" "--package-name" "mavros" "--output-file" "/home/grant/ros2_ws/build/mavros/ament_xmllint/xmllint.txt" "--command" "/opt/ros/foxy/bin/ament_xmllint" "--xunit-file" "/home/grant/ros2_ws/build/mavros/test_results/mavros/xmllint.xunit.xml"
[8.556s] 12: Test timeout computed to be: 60
[8.644s] 12: -- run_test.py: invoking following command in '/home/grant/ros2_ws/src/mavros/mavros':
[8.644s] 12:  - /opt/ros/foxy/bin/ament_xmllint --xunit-file /home/grant/ros2_ws/build/mavros/test_results/mavros/xmllint.xunit.xml
[8.872s] 12: File 'mavros_plugins.xml' is valid
[8.872s] 12: 
[8.872s] 12: File 'package.xml' is valid
[8.872s] 12: 
[8.872s] 12: No problems found
[8.901s] 12: -- run_test.py: return code 0
[8.901s] 12: -- run_test.py: verify result file '/home/grant/ros2_ws/build/mavros/test_results/mavros/xmllint.xunit.xml'
[8.918s] 12/12 Test #12: xmllint .............................   Passed    0.36 sec
[8.919s] 
[8.919s] [0;32m100% tests passed[0;0m, 0 tests failed[0;0m out of 12
[8.919s] 
[8.919s] Label Time Summary:
[8.919s] cppcheck      =   0.51 sec*proc (1 test)
[8.919s] cpplint       =   4.63 sec*proc (1 test)
[8.919s] flake8        =   0.73 sec*proc (1 test)
[8.920s] gmock         =   0.32 sec*proc (2 tests)
[8.920s] gtest         =   0.74 sec*proc (3 tests)
[8.920s] lint_cmake    =   0.29 sec*proc (1 test)
[8.920s] linter        =   7.82 sec*proc (7 tests)
[8.920s] pep257        =   0.68 sec*proc (1 test)
[8.920s] uncrustify    =   0.60 sec*proc (1 test)
[8.920s] xmllint       =   0.36 sec*proc (1 test)
[8.920s] 
[8.920s] Total Test time (real) =   8.88 sec
[8.925s] Invoked command in '/home/grant/ros2_ws/build/mavros' returned '0': AMENT_PREFIX_PATH=/home/grant/ros2_ws/install/mavros:/home/grant/ros2_ws/install/libmavconn:/home/grant/ros2_ws/install/mavros_msgs:${AMENT_PREFIX_PATH} CMAKE_PREFIX_PATH=/home/grant/ros2_ws/install/mavros:/home/grant/ros2_ws/install/libmavconn:/home/grant/ros2_ws/install/mavros_msgs:/home/grant/ros2_ws/install/mavlink:${CMAKE_PREFIX_PATH} CONDA_PROMPT_MODIFIER=(base) LD_LIBRARY_PATH=/home/grant/ros2_ws/install/mavros/lib:/home/grant/ros2_ws/install/libmavconn/lib:/home/grant/ros2_ws/install/mavros_msgs/lib:${LD_LIBRARY_PATH} PKG_CONFIG_PATH=/home/grant/ros2_ws/install/mavlink/lib/x86_64-linux-gnu/pkgconfig:/home/grant/ros2_ws/install/mavlink/lib/pkgconfig:${PKG_CONFIG_PATH} PYTHONPATH=/home/grant/ros2_ws/install/mavros/lib/python3.8/site-packages:/home/grant/ros2_ws/install/mavros_msgs/lib/python3.8/site-packages:${PYTHONPATH} /usr/bin/ctest -C Release -D ExperimentalTest --no-compress-output -V --force-new-ctest-process
