Start testing: Oct 23 20:55 EDT
----------------------------------------------------------
1/12 Testing: libmavros-frame-conversions-test
1/12 Test: libmavros-frame-conversions-test
Command: "/home/grant/miniconda3/bin/python3" "-u" "/opt/ros/foxy/share/ament_cmake_test/cmake/run_test.py" "/home/grant/ros2_ws/build/mavros/test_results/mavros/libmavros-frame-conversions-test.gtest.xml" "--package-name" "mavros" "--output-file" "/home/grant/ros2_ws/build/mavros/ament_cmake_gtest/libmavros-frame-conversions-test.txt" "--command" "/home/grant/ros2_ws/build/mavros/libmavros-frame-conversions-test" "--gtest_output=xml:/home/grant/ros2_ws/build/mavros/test_results/mavros/libmavros-frame-conversions-test.gtest.xml"
Directory: /home/grant/ros2_ws/build/mavros
"libmavros-frame-conversions-test" start time: Oct 23 20:55 EDT
Output:
----------------------------------------------------------
-- run_test.py: invoking following command in '/home/grant/ros2_ws/build/mavros':
 - /home/grant/ros2_ws/build/mavros/libmavros-frame-conversions-test --gtest_output=xml:/home/grant/ros2_ws/build/mavros/test_results/mavros/libmavros-frame-conversions-test.gtest.xml
[==========] Running 9 tests from 1 test case.
[----------] Global test environment set-up.
[----------] 9 tests from FRAME_TF
[ RUN      ] FRAME_TF.transform_static_frame__aircraft_to_baselink_123
[       OK ] FRAME_TF.transform_static_frame__aircraft_to_baselink_123 (0 ms)
[ RUN      ] FRAME_TF.transform_static_frame__baselink_to_aircraft_123
[       OK ] FRAME_TF.transform_static_frame__baselink_to_aircraft_123 (0 ms)
[ RUN      ] FRAME_TF.transform_static_frame__enu_to_ned_123
[       OK ] FRAME_TF.transform_static_frame__enu_to_ned_123 (0 ms)
[ RUN      ] FRAME_TF.transform_static_frame__ned_to_enu_123
[       OK ] FRAME_TF.transform_static_frame__ned_to_enu_123 (0 ms)
[ RUN      ] FRAME_TF.transform_static_frame__ecef_to_enu_123_00
[       OK ] FRAME_TF.transform_static_frame__ecef_to_enu_123_00 (0 ms)
[ RUN      ] FRAME_TF.transform_static_frame__enu_to_ecef_123_00
[       OK ] FRAME_TF.transform_static_frame__enu_to_ecef_123_00 (0 ms)
[ RUN      ] FRAME_TF.transform_static_frame__ecef_to_enu_123_4030
[       OK ] FRAME_TF.transform_static_frame__ecef_to_enu_123_4030 (0 ms)
[ RUN      ] FRAME_TF.transform_static_frame__enu_to_ecef_123_4030
[       OK ] FRAME_TF.transform_static_frame__enu_to_ecef_123_4030 (0 ms)
[ RUN      ] FRAME_TF.quaternion_transforms__ned_to_ned_123
[       OK ] FRAME_TF.quaternion_transforms__ned_to_ned_123 (0 ms)
[----------] 9 tests from FRAME_TF (0 ms total)

[----------] Global test environment tear-down
[==========] 9 tests from 1 test case ran. (0 ms total)
[  PASSED  ] 9 tests.
-- run_test.py: return code 0
-- run_test.py: inject classname prefix into gtest result file '/home/grant/ros2_ws/build/mavros/test_results/mavros/libmavros-frame-conversions-test.gtest.xml'
-- run_test.py: verify result file '/home/grant/ros2_ws/build/mavros/test_results/mavros/libmavros-frame-conversions-test.gtest.xml'
<end of output>
Test time =   0.10 sec
----------------------------------------------------------
Test Passed.
"libmavros-frame-conversions-test" end time: Oct 23 20:55 EDT
"libmavros-frame-conversions-test" time elapsed: 00:00:00
----------------------------------------------------------

2/12 Testing: libmavros-sensor-orientation-test
2/12 Test: libmavros-sensor-orientation-test
Command: "/home/grant/miniconda3/bin/python3" "-u" "/opt/ros/foxy/share/ament_cmake_test/cmake/run_test.py" "/home/grant/ros2_ws/build/mavros/test_results/mavros/libmavros-sensor-orientation-test.gtest.xml" "--package-name" "mavros" "--output-file" "/home/grant/ros2_ws/build/mavros/ament_cmake_gtest/libmavros-sensor-orientation-test.txt" "--command" "/home/grant/ros2_ws/build/mavros/libmavros-sensor-orientation-test" "--gtest_output=xml:/home/grant/ros2_ws/build/mavros/test_results/mavros/libmavros-sensor-orientation-test.gtest.xml"
Directory: /home/grant/ros2_ws/build/mavros
"libmavros-sensor-orientation-test" start time: Oct 23 20:55 EDT
Output:
----------------------------------------------------------
-- run_test.py: invoking following command in '/home/grant/ros2_ws/build/mavros':
 - /home/grant/ros2_ws/build/mavros/libmavros-sensor-orientation-test --gtest_output=xml:/home/grant/ros2_ws/build/mavros/test_results/mavros/libmavros-sensor-orientation-test.gtest.xml
[==========] Running 16 tests from 1 test case.
[----------] Global test environment set-up.
[----------] 16 tests from UTILS
[ RUN      ] UTILS.sensor_orientation_matching__none
[       OK ] UTILS.sensor_orientation_matching__none (0 ms)
[ RUN      ] UTILS.sensor_orientation_matching__roll_180
[       OK ] UTILS.sensor_orientation_matching__roll_180 (0 ms)
[ RUN      ] UTILS.sensor_orientation_matching__roll_180_yaw_90
[       OK ] UTILS.sensor_orientation_matching__roll_180_yaw_90 (0 ms)
[ RUN      ] UTILS.sensor_orientation_matching__custom
[       OK ] UTILS.sensor_orientation_matching__custom (0 ms)
[ RUN      ] UTILS.to_string__none
[       OK ] UTILS.to_string__none (0 ms)
[ RUN      ] UTILS.to_string__roll_180
[       OK ] UTILS.to_string__roll_180 (0 ms)
[ RUN      ] UTILS.to_string__roll_180_yaw_90
[       OK ] UTILS.to_string__roll_180_yaw_90 (0 ms)
[ RUN      ] UTILS.to_string__custom
[       OK ] UTILS.to_string__custom (0 ms)
[ RUN      ] UTILS.sensor_orientation_from_str__none
[       OK ] UTILS.sensor_orientation_from_str__none (0 ms)
[ RUN      ] UTILS.sensor_orientation_from_str__unknown
[ERROR] [1666572959.615661161] [uas.enum]: SENSOR: wrong orientation str: completely wrong identifier
[       OK ] UTILS.sensor_orientation_from_str__unknown (0 ms)
[ RUN      ] UTILS.sensor_orientation_from_str__number
[       OK ] UTILS.sensor_orientation_from_str__number (0 ms)
[ RUN      ] UTILS.sensor_orientation_from_str__wrong_number
[ERROR] [1666572959.615722921] [uas.enum]: SENSOR: orientation index out of bound: 123
[       OK ] UTILS.sensor_orientation_from_str__wrong_number (0 ms)
[ RUN      ] UTILS.sensor_orientation_from_str__roll_180
[       OK ] UTILS.sensor_orientation_from_str__roll_180 (0 ms)
[ RUN      ] UTILS.sensor_orientation_from_str__roll_180_yaw_90
[       OK ] UTILS.sensor_orientation_from_str__roll_180_yaw_90 (0 ms)
[ RUN      ] UTILS.sensor_orientation_from_str__last_element_roll_90_yaw_270
[       OK ] UTILS.sensor_orientation_from_str__last_element_roll_90_yaw_270 (0 ms)
[ RUN      ] UTILS.sensor_orientation_from_str__custom
[       OK ] UTILS.sensor_orientation_from_str__custom (0 ms)
[----------] 16 tests from UTILS (0 ms total)

[----------] Global test environment tear-down
[==========] 16 tests from 1 test case ran. (0 ms total)
[  PASSED  ] 16 tests.
-- run_test.py: return code 0
-- run_test.py: inject classname prefix into gtest result file '/home/grant/ros2_ws/build/mavros/test_results/mavros/libmavros-sensor-orientation-test.gtest.xml'
-- run_test.py: verify result file '/home/grant/ros2_ws/build/mavros/test_results/mavros/libmavros-sensor-orientation-test.gtest.xml'
<end of output>
Test time =   0.09 sec
----------------------------------------------------------
Test Passed.
"libmavros-sensor-orientation-test" end time: Oct 23 20:55 EDT
"libmavros-sensor-orientation-test" time elapsed: 00:00:00
----------------------------------------------------------

3/12 Testing: libmavros-quaternion-utils-test
3/12 Test: libmavros-quaternion-utils-test
Command: "/home/grant/miniconda3/bin/python3" "-u" "/opt/ros/foxy/share/ament_cmake_test/cmake/run_test.py" "/home/grant/ros2_ws/build/mavros/test_results/mavros/libmavros-quaternion-utils-test.gtest.xml" "--package-name" "mavros" "--output-file" "/home/grant/ros2_ws/build/mavros/ament_cmake_gtest/libmavros-quaternion-utils-test.txt" "--command" "/home/grant/ros2_ws/build/mavros/libmavros-quaternion-utils-test" "--gtest_output=xml:/home/grant/ros2_ws/build/mavros/test_results/mavros/libmavros-quaternion-utils-test.gtest.xml"
Directory: /home/grant/ros2_ws/build/mavros
"libmavros-quaternion-utils-test" start time: Oct 23 20:55 EDT
Output:
----------------------------------------------------------
-- run_test.py: invoking following command in '/home/grant/ros2_ws/build/mavros':
 - /home/grant/ros2_ws/build/mavros/libmavros-quaternion-utils-test --gtest_output=xml:/home/grant/ros2_ws/build/mavros/test_results/mavros/libmavros-quaternion-utils-test.gtest.xml
[==========] Running 7 tests from 1 test case.
[----------] Global test environment set-up.
[----------] 7 tests from FRAME_TF
[ RUN      ] FRAME_TF.quaternion_from_rpy__check_compatibility
[       OK ] FRAME_TF.quaternion_from_rpy__check_compatibility (0 ms)
[ RUN      ] FRAME_TF.quaternion_from_rpy__paranoic_check
[       OK ] FRAME_TF.quaternion_from_rpy__paranoic_check (0 ms)
[ RUN      ] FRAME_TF.quaternion_to_rpy__123
[       OK ] FRAME_TF.quaternion_to_rpy__123 (0 ms)
[ RUN      ] FRAME_TF.quaternion_to_rpy__pm_pi
[       OK ] FRAME_TF.quaternion_to_rpy__pm_pi (458 ms)
[ RUN      ] FRAME_TF.quaternion_get_yaw__123
[       OK ] FRAME_TF.quaternion_get_yaw__123 (0 ms)
[ RUN      ] FRAME_TF.quaternion_get_yaw__pm_pi
[       OK ] FRAME_TF.quaternion_get_yaw__pm_pi (5 ms)
[ RUN      ] FRAME_TF.quaternion_to_mavlink__123
[       OK ] FRAME_TF.quaternion_to_mavlink__123 (0 ms)
[----------] 7 tests from FRAME_TF (463 ms total)

[----------] Global test environment tear-down
[==========] 7 tests from 1 test case ran. (463 ms total)
[  PASSED  ] 7 tests.
-- run_test.py: return code 0
-- run_test.py: inject classname prefix into gtest result file '/home/grant/ros2_ws/build/mavros/test_results/mavros/libmavros-quaternion-utils-test.gtest.xml'
-- run_test.py: verify result file '/home/grant/ros2_ws/build/mavros/test_results/mavros/libmavros-quaternion-utils-test.gtest.xml'
<end of output>
Test time =   0.55 sec
----------------------------------------------------------
Test Passed.
"libmavros-quaternion-utils-test" end time: Oct 23 20:56 EDT
"libmavros-quaternion-utils-test" time elapsed: 00:00:00
----------------------------------------------------------

4/12 Testing: mavros-router-test
4/12 Test: mavros-router-test
Command: "/home/grant/miniconda3/bin/python3" "-u" "/opt/ros/foxy/share/ament_cmake_test/cmake/run_test.py" "/home/grant/ros2_ws/build/mavros/test_results/mavros/mavros-router-test.gtest.xml" "--package-name" "mavros" "--output-file" "/home/grant/ros2_ws/build/mavros/ament_cmake_gmock/mavros-router-test.txt" "--command" "/home/grant/ros2_ws/build/mavros/mavros-router-test" "--gtest_output=xml:/home/grant/ros2_ws/build/mavros/test_results/mavros/mavros-router-test.gtest.xml"
Directory: /home/grant/ros2_ws/build/mavros
"mavros-router-test" start time: Oct 23 20:56 EDT
Output:
----------------------------------------------------------
-- run_test.py: invoking following command in '/home/grant/ros2_ws/build/mavros':
 - /home/grant/ros2_ws/build/mavros/mavros-router-test --gtest_output=xml:/home/grant/ros2_ws/build/mavros/test_results/mavros/mavros-router-test.gtest.xml
[==========] Running 8 tests from 1 test case.
[----------] Global test environment set-up.
[----------] 8 tests from TestRouter
[ RUN      ] TestRouter.set_parameter
[INFO] [1666572960.265395084] [test_mavros_router]: Built-in SIMD instructions: SSE, SSE2
[INFO] [1666572960.265469415] [test_mavros_router]: Built-in MAVLink package version: 2022.8.8
[INFO] [1666572960.265482715] [test_mavros_router]: Known MAVLink dialects: common ardupilotmega ASLUAV AVSSUAS all development icarous matrixpilot paparazzi standard storm32 uAvionix ualberta
[INFO] [1666572960.265489565] [test_mavros_router]: MAVROS Router started
[INFO] [1666572960.265576395] [test_mavros_router]: Requested to add endpoint: type: 0, url: tcp-l://:57601
[INFO] [1666572960.265711975] [test_mavros_router]: Endpoint link[1000] created
[INFO] [1666572960.267495020] [test_mavros_router]: link[1000] opened successfully
[INFO] [1666572960.267535250] [test_mavros_router]: Requested to add endpoint: type: 0, url: udp://:45001@
[INFO] [1666572960.267578500] [test_mavros_router]: Endpoint link[1001] created
[INFO] [1666572960.267815540] [test_mavros_router]: link[1001] opened successfully
[INFO] [1666572960.267887641] [test_mavros_router]: Requested to add endpoint: type: 1, url: tcp-l://:57602
[INFO] [1666572960.267931711] [test_mavros_router]: Endpoint link[1002] created
[INFO] [1666572960.268083841] [test_mavros_router]: link[1002] opened successfully
[INFO] [1666572960.268111051] [test_mavros_router]: Requested to add endpoint: type: 1, url: udp://:45002@
[INFO] [1666572960.268148951] [test_mavros_router]: Endpoint link[1003] created
[INFO] [1666572960.268316642] [test_mavros_router]: link[1003] opened successfully
[INFO] [1666572960.268382032] [test_mavros_router]: Requested to add endpoint: type: 2, url: /uas1
[INFO] [1666572960.268454382] [test_mavros_router]: Endpoint link[1004] created
[INFO] [1666572960.269374904] [test_mavros_router]: link[1004] opened successfully
[INFO] [1666572960.269404754] [test_mavros_router]: Requested to add endpoint: type: 2, url: /uas2
[INFO] [1666572960.269440364] [test_mavros_router]: Endpoint link[1005] created
[INFO] [1666572960.269856065] [test_mavros_router]: link[1005] opened successfully
[       OK ] TestRouter.set_parameter (15 ms)
[ RUN      ] TestRouter.route_fcu_broadcast
[INFO] [1666572960.275904470] [test_mavros_router]: Built-in SIMD instructions: SSE, SSE2
[INFO] [1666572960.275934780] [test_mavros_router]: Built-in MAVLink package version: 2022.8.8
[INFO] [1666572960.275942960] [test_mavros_router]: Known MAVLink dialects: common ardupilotmega ASLUAV AVSSUAS all development icarous matrixpilot paparazzi standard storm32 uAvionix ualberta
[INFO] [1666572960.275949530] [test_mavros_router]: MAVROS Router started
[       OK ] TestRouter.route_fcu_broadcast (6 ms)
[ RUN      ] TestRouter.route_uas_broadcast
[INFO] [1666572960.283558968] [test_mavros_router]: Built-in SIMD instructions: SSE, SSE2
[INFO] [1666572960.283589908] [test_mavros_router]: Built-in MAVLink package version: 2022.8.8
[INFO] [1666572960.283597978] [test_mavros_router]: Known MAVLink dialects: common ardupilotmega ASLUAV AVSSUAS all development icarous matrixpilot paparazzi standard storm32 uAvionix ualberta
[INFO] [1666572960.283604438] [test_mavros_router]: MAVROS Router started
[       OK ] TestRouter.route_uas_broadcast (7 ms)
[ RUN      ] TestRouter.route_gcs_broadcast
[INFO] [1666572960.326665772] [test_mavros_router]: Built-in SIMD instructions: SSE, SSE2
[INFO] [1666572960.326704112] [test_mavros_router]: Built-in MAVLink package version: 2022.8.8
[INFO] [1666572960.326712452] [test_mavros_router]: Known MAVLink dialects: common ardupilotmega ASLUAV AVSSUAS all development icarous matrixpilot paparazzi standard storm32 uAvionix ualberta
[INFO] [1666572960.326718952] [test_mavros_router]: MAVROS Router started
[       OK ] TestRouter.route_gcs_broadcast (43 ms)
[ RUN      ] TestRouter.route_targeted_one_system
[INFO] [1666572960.335498404] [test_mavros_router]: Built-in SIMD instructions: SSE, SSE2
[INFO] [1666572960.335529494] [test_mavros_router]: Built-in MAVLink package version: 2022.8.8
[INFO] [1666572960.335537874] [test_mavros_router]: Known MAVLink dialects: common ardupilotmega ASLUAV AVSSUAS all development icarous matrixpilot paparazzi standard storm32 uAvionix ualberta
[INFO] [1666572960.335544194] [test_mavros_router]: MAVROS Router started
[       OK ] TestRouter.route_targeted_one_system (8 ms)
[ RUN      ] TestRouter.route_targeted_two_system
[INFO] [1666572960.344630746] [test_mavros_router]: Built-in SIMD instructions: SSE, SSE2
[INFO] [1666572960.344659177] [test_mavros_router]: Built-in MAVLink package version: 2022.8.8
[INFO] [1666572960.344667307] [test_mavros_router]: Known MAVLink dialects: common ardupilotmega ASLUAV AVSSUAS all development icarous matrixpilot paparazzi standard storm32 uAvionix ualberta
[INFO] [1666572960.344673717] [test_mavros_router]: MAVROS Router started
[       OK ] TestRouter.route_targeted_two_system (10 ms)
[ RUN      ] TestRouter.route_targeted_system_component
[INFO] [1666572960.354632961] [test_mavros_router]: Built-in SIMD instructions: SSE, SSE2
[INFO] [1666572960.354662031] [test_mavros_router]: Built-in MAVLink package version: 2022.8.8
[INFO] [1666572960.354670801] [test_mavros_router]: Known MAVLink dialects: common ardupilotmega ASLUAV AVSSUAS all development icarous matrixpilot paparazzi standard storm32 uAvionix ualberta
[INFO] [1666572960.354677521] [test_mavros_router]: MAVROS Router started
[       OK ] TestRouter.route_targeted_system_component (10 ms)
[ RUN      ] TestRouter.endpoint_recv_message
[INFO] [1666572960.364887545] [test_mavros_router]: Built-in SIMD instructions: SSE, SSE2
[INFO] [1666572960.364935726] [test_mavros_router]: Built-in MAVLink package version: 2022.8.8
[INFO] [1666572960.364945166] [test_mavros_router]: Known MAVLink dialects: common ardupilotmega ASLUAV AVSSUAS all development icarous matrixpilot paparazzi standard storm32 uAvionix ualberta
[INFO] [1666572960.364951996] [test_mavros_router]: MAVROS Router started
[INFO] [1666572960.364997886] [test_mavros_router]: Requested to add endpoint: type: 2, url: /uas1
[INFO] [1666572960.365058416] [test_mavros_router]: Endpoint link[1000] created
[INFO] [1666572960.365787627] [test_mavros_router]: link[1000] opened successfully
[INFO] [1666572960.365875678] [test_mavros_router]: link[1000] detected remote address 1.191
[WARN] [1666572960.365919018] [test_mavros_router]: Message dropped: msgid: 0, source: 1.191, target: 0.0
[       OK ] TestRouter.endpoint_recv_message (11 ms)
[----------] 8 tests from TestRouter (111 ms total)

[----------] Global test environment tear-down
[==========] 8 tests from 1 test case ran. (111 ms total)
[  PASSED  ] 8 tests.
-- run_test.py: return code 0
-- run_test.py: inject classname prefix into gtest result file '/home/grant/ros2_ws/build/mavros/test_results/mavros/mavros-router-test.gtest.xml'
-- run_test.py: verify result file '/home/grant/ros2_ws/build/mavros/test_results/mavros/mavros-router-test.gtest.xml'
<end of output>
Test time =   0.20 sec
----------------------------------------------------------
Test Passed.
"mavros-router-test" end time: Oct 23 20:56 EDT
"mavros-router-test" time elapsed: 00:00:00
----------------------------------------------------------

5/12 Testing: mavros-uas-test
5/12 Test: mavros-uas-test
Command: "/home/grant/miniconda3/bin/python3" "-u" "/opt/ros/foxy/share/ament_cmake_test/cmake/run_test.py" "/home/grant/ros2_ws/build/mavros/test_results/mavros/mavros-uas-test.gtest.xml" "--package-name" "mavros" "--output-file" "/home/grant/ros2_ws/build/mavros/ament_cmake_gmock/mavros-uas-test.txt" "--command" "/home/grant/ros2_ws/build/mavros/mavros-uas-test" "--gtest_output=xml:/home/grant/ros2_ws/build/mavros/test_results/mavros/mavros-uas-test.gtest.xml"
Directory: /home/grant/ros2_ws/build/mavros
"mavros-uas-test" start time: Oct 23 20:56 EDT
Output:
----------------------------------------------------------
-- run_test.py: invoking following command in '/home/grant/ros2_ws/build/mavros':
 - /home/grant/ros2_ws/build/mavros/mavros-uas-test --gtest_output=xml:/home/grant/ros2_ws/build/mavros/test_results/mavros/mavros-uas-test.gtest.xml
[==========] Running 2 tests from 1 test case.
[----------] Global test environment set-up.
[----------] 2 tests from TestUAS
[ RUN      ] TestUAS.is_plugin_allowed
[       OK ] TestUAS.is_plugin_allowed (26 ms)
[ RUN      ] TestUAS.add_plugin__route_message__filter
[INFO] [1666572960.485758398] [test_mavros_uas]: Plugin test1 created
[INFO] [1666572960.486063699] [test_mavros_uas]: Plugin test1 initialized
[INFO] [1666572960.486100349] [test_mavros_uas]: Plugin test2 created
[INFO] [1666572960.486133739] [test_mavros_uas]: Plugin test2 initialized
[       OK ] TestUAS.add_plugin__route_message__filter (7 ms)
[----------] 2 tests from TestUAS (33 ms total)

[----------] Global test environment tear-down
[==========] 2 tests from 1 test case ran. (33 ms total)
[  PASSED  ] 2 tests.
-- run_test.py: return code 0
-- run_test.py: inject classname prefix into gtest result file '/home/grant/ros2_ws/build/mavros/test_results/mavros/mavros-uas-test.gtest.xml'
-- run_test.py: verify result file '/home/grant/ros2_ws/build/mavros/test_results/mavros/mavros-uas-test.gtest.xml'
<end of output>
Test time =   0.12 sec
----------------------------------------------------------
Test Passed.
"mavros-uas-test" end time: Oct 23 20:56 EDT
"mavros-uas-test" time elapsed: 00:00:00
----------------------------------------------------------

6/12 Testing: cppcheck
6/12 Test: cppcheck
Command: "/home/grant/miniconda3/bin/python3" "-u" "/opt/ros/foxy/share/ament_cmake_test/cmake/run_test.py" "/home/grant/ros2_ws/build/mavros/test_results/mavros/cppcheck.xunit.xml" "--package-name" "mavros" "--output-file" "/home/grant/ros2_ws/build/mavros/ament_cppcheck/cppcheck.txt" "--command" "/opt/ros/foxy/bin/ament_cppcheck" "--xunit-file" "/home/grant/ros2_ws/build/mavros/test_results/mavros/cppcheck.xunit.xml" "--exclude" "./test/*.cpp" "--include_dirs" "/home/grant/ros2_ws/src/mavros/mavros/include"
Directory: /home/grant/ros2_ws/src/mavros/mavros
"cppcheck" start time: Oct 23 20:56 EDT
Output:
----------------------------------------------------------
-- run_test.py: invoking following command in '/home/grant/ros2_ws/src/mavros/mavros':
 - /opt/ros/foxy/bin/ament_cppcheck --xunit-file /home/grant/ros2_ws/build/mavros/test_results/mavros/cppcheck.xunit.xml --exclude ./test/*.cpp --include_dirs /home/grant/ros2_ws/src/mavros/mavros/include
No problems found
-- run_test.py: return code 0
-- run_test.py: verify result file '/home/grant/ros2_ws/build/mavros/test_results/mavros/cppcheck.xunit.xml'
<end of output>
Test time =   0.51 sec
----------------------------------------------------------
Test Passed.
"cppcheck" end time: Oct 23 20:56 EDT
"cppcheck" time elapsed: 00:00:00
----------------------------------------------------------

7/12 Testing: cpplint
7/12 Test: cpplint
Command: "/home/grant/miniconda3/bin/python3" "-u" "/opt/ros/foxy/share/ament_cmake_test/cmake/run_test.py" "/home/grant/ros2_ws/build/mavros/test_results/mavros/cpplint.xunit.xml" "--package-name" "mavros" "--output-file" "/home/grant/ros2_ws/build/mavros/ament_cpplint/cpplint.txt" "--command" "/opt/ros/foxy/bin/ament_cpplint" "--xunit-file" "/home/grant/ros2_ws/build/mavros/test_results/mavros/cpplint.xunit.xml"
Directory: /home/grant/ros2_ws/src/mavros/mavros
"cpplint" start time: Oct 23 20:56 EDT
Output:
----------------------------------------------------------
-- run_test.py: invoking following command in '/home/grant/ros2_ws/src/mavros/mavros':
 - /opt/ros/foxy/bin/ament_cpplint --xunit-file /home/grant/ros2_ws/build/mavros/test_results/mavros/cpplint.xunit.xml
Using '--root=/home/grant/ros2_ws/src/mavros/mavros/include' argument

Done processing /home/grant/ros2_ws/src/mavros/mavros/include/mavros/frame_tf.hpp

Done processing /home/grant/ros2_ws/src/mavros/mavros/include/mavros/mavros_plugin_register_macro.hpp

Done processing /home/grant/ros2_ws/src/mavros/mavros/include/mavros/mavros_router.hpp

Done processing /home/grant/ros2_ws/src/mavros/mavros/include/mavros/mavros_uas.hpp

Done processing /home/grant/ros2_ws/src/mavros/mavros/include/mavros/mission_protocol_base.hpp

Done processing /home/grant/ros2_ws/src/mavros/mavros/include/mavros/plugin.hpp

Done processing /home/grant/ros2_ws/src/mavros/mavros/include/mavros/plugin_filter.hpp

Done processing /home/grant/ros2_ws/src/mavros/mavros/include/mavros/px4_custom_mode.hpp

Done processing /home/grant/ros2_ws/src/mavros/mavros/include/mavros/setpoint_mixin.hpp

Done processing /home/grant/ros2_ws/src/mavros/mavros/include/mavros/uas_executor.hpp

Done processing /home/grant/ros2_ws/src/mavros/mavros/include/mavros/utils.hpp

Using '--root=/home/grant/ros2_ws/src/mavros/mavros/src' argument

Done processing /home/grant/ros2_ws/src/mavros/mavros/src/mavros_node.cpp

Done processing /home/grant/ros2_ws/src/mavros/mavros/src/lib/enum_sensor_orientation.cpp

Done processing /home/grant/ros2_ws/src/mavros/mavros/src/lib/enum_to_string.cpp

Done processing /home/grant/ros2_ws/src/mavros/mavros/src/lib/ftf_frame_conversions.cpp

Done processing /home/grant/ros2_ws/src/mavros/mavros/src/lib/ftf_quaternion_utils.cpp

Done processing /home/grant/ros2_ws/src/mavros/mavros/src/lib/mavros_router.cpp

Done processing /home/grant/ros2_ws/src/mavros/mavros/src/lib/mavros_uas.cpp

Done processing /home/grant/ros2_ws/src/mavros/mavros/src/lib/plugin.cpp

Done processing /home/grant/ros2_ws/src/mavros/mavros/src/lib/uas_ap.cpp

Done processing /home/grant/ros2_ws/src/mavros/mavros/src/lib/uas_data.cpp

Done processing /home/grant/ros2_ws/src/mavros/mavros/src/lib/uas_executor.cpp

Done processing /home/grant/ros2_ws/src/mavros/mavros/src/lib/uas_stringify.cpp

Done processing /home/grant/ros2_ws/src/mavros/mavros/src/lib/uas_tf.cpp

Done processing /home/grant/ros2_ws/src/mavros/mavros/src/lib/uas_timesync.cpp

Done processing /home/grant/ros2_ws/src/mavros/mavros/src/plugins/actuator_control.cpp

Done processing /home/grant/ros2_ws/src/mavros/mavros/src/plugins/altitude.cpp

Done processing /home/grant/ros2_ws/src/mavros/mavros/src/plugins/command.cpp

Done processing /home/grant/ros2_ws/src/mavros/mavros/src/plugins/dummy.cpp

Done processing /home/grant/ros2_ws/src/mavros/mavros/src/plugins/ftp.cpp

Done processing /home/grant/ros2_ws/src/mavros/mavros/src/plugins/geofence.cpp

Done processing /home/grant/ros2_ws/src/mavros/mavros/src/plugins/global_position.cpp

Done processing /home/grant/ros2_ws/src/mavros/mavros/src/plugins/home_position.cpp

Done processing /home/grant/ros2_ws/src/mavros/mavros/src/plugins/imu.cpp

Done processing /home/grant/ros2_ws/src/mavros/mavros/src/plugins/local_position.cpp

Done processing /home/grant/ros2_ws/src/mavros/mavros/src/plugins/manual_control.cpp

Done processing /home/grant/ros2_ws/src/mavros/mavros/src/plugins/mission_protocol_base.cpp

Done processing /home/grant/ros2_ws/src/mavros/mavros/src/plugins/nav_controller_output.cpp

Done processing /home/grant/ros2_ws/src/mavros/mavros/src/plugins/param.cpp

Done processing /home/grant/ros2_ws/src/mavros/mavros/src/plugins/rallypoint.cpp

Done processing /home/grant/ros2_ws/src/mavros/mavros/src/plugins/rc_io.cpp

Done processing /home/grant/ros2_ws/src/mavros/mavros/src/plugins/setpoint_accel.cpp

Done processing /home/grant/ros2_ws/src/mavros/mavros/src/plugins/setpoint_attitude.cpp

Done processing /home/grant/ros2_ws/src/mavros/mavros/src/plugins/setpoint_position.cpp

Done processing /home/grant/ros2_ws/src/mavros/mavros/src/plugins/setpoint_raw.cpp

Done processing /home/grant/ros2_ws/src/mavros/mavros/src/plugins/setpoint_trajectory.cpp

Done processing /home/grant/ros2_ws/src/mavros/mavros/src/plugins/setpoint_velocity.cpp

Done processing /home/grant/ros2_ws/src/mavros/mavros/src/plugins/sys_status.cpp

Done processing /home/grant/ros2_ws/src/mavros/mavros/src/plugins/sys_time.cpp

Done processing /home/grant/ros2_ws/src/mavros/mavros/src/plugins/waypoint.cpp

Done processing /home/grant/ros2_ws/src/mavros/mavros/src/plugins/wind_estimation.cpp

Using '--root=/home/grant/ros2_ws/src/mavros/mavros/test' argument

Done processing /home/grant/ros2_ws/src/mavros/mavros/test/test_frame_conversions.cpp

Done processing /home/grant/ros2_ws/src/mavros/mavros/test/test_quaternion_utils.cpp

Done processing /home/grant/ros2_ws/src/mavros/mavros/test/test_router.cpp

Done processing /home/grant/ros2_ws/src/mavros/mavros/test/test_sensor_orientation.cpp

Done processing /home/grant/ros2_ws/src/mavros/mavros/test/test_uas.cpp

No problems found
-- run_test.py: return code 0
-- run_test.py: verify result file '/home/grant/ros2_ws/build/mavros/test_results/mavros/cpplint.xunit.xml'
<end of output>
Test time =   4.63 sec
----------------------------------------------------------
Test Passed.
"cpplint" end time: Oct 23 20:56 EDT
"cpplint" time elapsed: 00:00:04
----------------------------------------------------------

8/12 Testing: flake8
8/12 Test: flake8
Command: "/home/grant/miniconda3/bin/python3" "-u" "/opt/ros/foxy/share/ament_cmake_test/cmake/run_test.py" "/home/grant/ros2_ws/build/mavros/test_results/mavros/flake8.xunit.xml" "--package-name" "mavros" "--output-file" "/home/grant/ros2_ws/build/mavros/ament_flake8/flake8.txt" "--command" "/opt/ros/foxy/bin/ament_flake8" "--xunit-file" "/home/grant/ros2_ws/build/mavros/test_results/mavros/flake8.xunit.xml"
Directory: /home/grant/ros2_ws/src/mavros/mavros
"flake8" start time: Oct 23 20:56 EDT
Output:
----------------------------------------------------------
-- run_test.py: invoking following command in '/home/grant/ros2_ws/src/mavros/mavros':
 - /opt/ros/foxy/bin/ament_flake8 --xunit-file /home/grant/ros2_ws/build/mavros/test_results/mavros/flake8.xunit.xml

27 files checked
No problems found

Checked files:

* ./setup.py
* ./mavros/ftp.py
* ./mavros/command.py
* ./mavros/global_position.py
* ./mavros/param.py
* ./mavros/setpoint.py
* ./mavros/mission.py
* ./mavros/system.py
* ./mavros/mavlink.py
* ./mavros/__init__.py
* ./mavros/local_position.py
* ./mavros/utils.py
* ./mavros/nuttx_crc32.py
* ./mavros/base.py
* ./mavros/cmd/checkid.py
* ./mavros/cmd/ftp.py
* ./mavros/cmd/param.py
* ./mavros/cmd/mission.py
* ./mavros/cmd/system.py
* ./mavros/cmd/__main__.py
* ./mavros/cmd/cmd.py
* ./mavros/cmd/__init__.py
* ./mavros/cmd/safety.py
* ./mavros/cmd/utils.py
* ./test/mavros_py/test_mission.py
* ./test/mavros_py/test_param.py
* ./test/mavros_py/__init__.py
-- run_test.py: return code 0
-- run_test.py: verify result file '/home/grant/ros2_ws/build/mavros/test_results/mavros/flake8.xunit.xml'
<end of output>
Test time =   0.73 sec
----------------------------------------------------------
Test Passed.
"flake8" end time: Oct 23 20:56 EDT
"flake8" time elapsed: 00:00:00
----------------------------------------------------------

9/12 Testing: lint_cmake
9/12 Test: lint_cmake
Command: "/home/grant/miniconda3/bin/python3" "-u" "/opt/ros/foxy/share/ament_cmake_test/cmake/run_test.py" "/home/grant/ros2_ws/build/mavros/test_results/mavros/lint_cmake.xunit.xml" "--package-name" "mavros" "--output-file" "/home/grant/ros2_ws/build/mavros/ament_lint_cmake/lint_cmake.txt" "--command" "/opt/ros/foxy/bin/ament_lint_cmake" "--xunit-file" "/home/grant/ros2_ws/build/mavros/test_results/mavros/lint_cmake.xunit.xml"
Directory: /home/grant/ros2_ws/src/mavros/mavros
"lint_cmake" start time: Oct 23 20:56 EDT
Output:
----------------------------------------------------------
-- run_test.py: invoking following command in '/home/grant/ros2_ws/src/mavros/mavros':
 - /opt/ros/foxy/bin/ament_lint_cmake --xunit-file /home/grant/ros2_ws/build/mavros/test_results/mavros/lint_cmake.xunit.xml

No problems found
-- run_test.py: return code 0
-- run_test.py: verify result file '/home/grant/ros2_ws/build/mavros/test_results/mavros/lint_cmake.xunit.xml'
<end of output>
Test time =   0.29 sec
----------------------------------------------------------
Test Passed.
"lint_cmake" end time: Oct 23 20:56 EDT
"lint_cmake" time elapsed: 00:00:00
----------------------------------------------------------

10/12 Testing: pep257
10/12 Test: pep257
Command: "/home/grant/miniconda3/bin/python3" "-u" "/opt/ros/foxy/share/ament_cmake_test/cmake/run_test.py" "/home/grant/ros2_ws/build/mavros/test_results/mavros/pep257.xunit.xml" "--package-name" "mavros" "--output-file" "/home/grant/ros2_ws/build/mavros/ament_pep257/pep257.txt" "--command" "/opt/ros/foxy/bin/ament_pep257" "--xunit-file" "/home/grant/ros2_ws/build/mavros/test_results/mavros/pep257.xunit.xml"
Directory: /home/grant/ros2_ws/src/mavros/mavros
"pep257" start time: Oct 23 20:56 EDT
Output:
----------------------------------------------------------
-- run_test.py: invoking following command in '/home/grant/ros2_ws/src/mavros/mavros':
 - /opt/ros/foxy/bin/ament_pep257 --xunit-file /home/grant/ros2_ws/build/mavros/test_results/mavros/pep257.xunit.xml
checking ./mavros/__init__.py
checking ./mavros/base.py
checking ./mavros/cmd/__init__.py
checking ./mavros/cmd/__main__.py
checking ./mavros/cmd/checkid.py
checking ./mavros/cmd/cmd.py
checking ./mavros/cmd/ftp.py
checking ./mavros/cmd/mission.py
checking ./mavros/cmd/param.py
checking ./mavros/cmd/safety.py
checking ./mavros/cmd/system.py
checking ./mavros/cmd/utils.py
checking ./mavros/command.py
checking ./mavros/ftp.py
checking ./mavros/global_position.py
checking ./mavros/local_position.py
checking ./mavros/mavlink.py
checking ./mavros/mission.py
checking ./mavros/nuttx_crc32.py
checking ./mavros/param.py
checking ./mavros/setpoint.py
checking ./mavros/system.py
checking ./mavros/utils.py
checking ./setup.py
checking ./test/mavros_py/__init__.py
checking ./test/mavros_py/test_mission.py
checking ./test/mavros_py/test_param.py
No problems found
-- run_test.py: return code 0
-- run_test.py: verify result file '/home/grant/ros2_ws/build/mavros/test_results/mavros/pep257.xunit.xml'
<end of output>
Test time =   0.68 sec
----------------------------------------------------------
Test Passed.
"pep257" end time: Oct 23 20:56 EDT
"pep257" time elapsed: 00:00:00
----------------------------------------------------------

11/12 Testing: uncrustify
11/12 Test: uncrustify
Command: "/home/grant/miniconda3/bin/python3" "-u" "/opt/ros/foxy/share/ament_cmake_test/cmake/run_test.py" "/home/grant/ros2_ws/build/mavros/test_results/mavros/uncrustify.xunit.xml" "--package-name" "mavros" "--output-file" "/home/grant/ros2_ws/build/mavros/ament_uncrustify/uncrustify.txt" "--command" "/opt/ros/foxy/bin/ament_uncrustify" "--xunit-file" "/home/grant/ros2_ws/build/mavros/test_results/mavros/uncrustify.xunit.xml"
Directory: /home/grant/ros2_ws/src/mavros/mavros
"uncrustify" start time: Oct 23 20:56 EDT
Output:
----------------------------------------------------------
-- run_test.py: invoking following command in '/home/grant/ros2_ws/src/mavros/mavros':
 - /opt/ros/foxy/bin/ament_uncrustify --xunit-file /home/grant/ros2_ws/build/mavros/test_results/mavros/uncrustify.xunit.xml
No code style divergence in file 'include/mavros/frame_tf.hpp'

No code style divergence in file 'include/mavros/mavros_plugin_register_macro.hpp'

No code style divergence in file 'include/mavros/mavros_router.hpp'

No code style divergence in file 'include/mavros/mavros_uas.hpp'

No code style divergence in file 'include/mavros/mission_protocol_base.hpp'

No code style divergence in file 'include/mavros/plugin.hpp'

No code style divergence in file 'include/mavros/plugin_filter.hpp'

No code style divergence in file 'include/mavros/px4_custom_mode.hpp'

No code style divergence in file 'include/mavros/setpoint_mixin.hpp'

No code style divergence in file 'include/mavros/uas_executor.hpp'

No code style divergence in file 'include/mavros/utils.hpp'

No code style divergence in file 'src/lib/enum_sensor_orientation.cpp'

No code style divergence in file 'src/lib/enum_to_string.cpp'

No code style divergence in file 'src/lib/ftf_frame_conversions.cpp'

No code style divergence in file 'src/lib/ftf_quaternion_utils.cpp'

No code style divergence in file 'src/lib/mavros_router.cpp'

No code style divergence in file 'src/lib/mavros_uas.cpp'

No code style divergence in file 'src/lib/plugin.cpp'

No code style divergence in file 'src/lib/uas_ap.cpp'

No code style divergence in file 'src/lib/uas_data.cpp'

No code style divergence in file 'src/lib/uas_executor.cpp'

No code style divergence in file 'src/lib/uas_stringify.cpp'

No code style divergence in file 'src/lib/uas_tf.cpp'

No code style divergence in file 'src/lib/uas_timesync.cpp'

No code style divergence in file 'src/mavros_node.cpp'

No code style divergence in file 'src/plugins/actuator_control.cpp'

No code style divergence in file 'src/plugins/altitude.cpp'

No code style divergence in file 'src/plugins/command.cpp'

No code style divergence in file 'src/plugins/dummy.cpp'

No code style divergence in file 'src/plugins/ftp.cpp'

No code style divergence in file 'src/plugins/geofence.cpp'

No code style divergence in file 'src/plugins/global_position.cpp'

No code style divergence in file 'src/plugins/home_position.cpp'

No code style divergence in file 'src/plugins/imu.cpp'

No code style divergence in file 'src/plugins/local_position.cpp'

No code style divergence in file 'src/plugins/manual_control.cpp'

No code style divergence in file 'src/plugins/mission_protocol_base.cpp'

No code style divergence in file 'src/plugins/nav_controller_output.cpp'

No code style divergence in file 'src/plugins/param.cpp'

No code style divergence in file 'src/plugins/rallypoint.cpp'

No code style divergence in file 'src/plugins/rc_io.cpp'

No code style divergence in file 'src/plugins/setpoint_accel.cpp'

No code style divergence in file 'src/plugins/setpoint_attitude.cpp'

No code style divergence in file 'src/plugins/setpoint_position.cpp'

No code style divergence in file 'src/plugins/setpoint_raw.cpp'

No code style divergence in file 'src/plugins/setpoint_trajectory.cpp'

No code style divergence in file 'src/plugins/setpoint_velocity.cpp'

No code style divergence in file 'src/plugins/sys_status.cpp'

No code style divergence in file 'src/plugins/sys_time.cpp'

No code style divergence in file 'src/plugins/waypoint.cpp'

No code style divergence in file 'src/plugins/wind_estimation.cpp'

No code style divergence in file 'test/test_frame_conversions.cpp'

No code style divergence in file 'test/test_quaternion_utils.cpp'

No code style divergence in file 'test/test_router.cpp'

No code style divergence in file 'test/test_sensor_orientation.cpp'

No code style divergence in file 'test/test_uas.cpp'

No problems found
-- run_test.py: return code 0
-- run_test.py: verify result file '/home/grant/ros2_ws/build/mavros/test_results/mavros/uncrustify.xunit.xml'
<end of output>
Test time =   0.60 sec
----------------------------------------------------------
Test Passed.
"uncrustify" end time: Oct 23 20:56 EDT
"uncrustify" time elapsed: 00:00:00
----------------------------------------------------------

12/12 Testing: xmllint
12/12 Test: xmllint
Command: "/home/grant/miniconda3/bin/python3" "-u" "/opt/ros/foxy/share/ament_cmake_test/cmake/run_test.py" "/home/grant/ros2_ws/build/mavros/test_results/mavros/xmllint.xunit.xml" "--package-name" "mavros" "--output-file" "/home/grant/ros2_ws/build/mavros/ament_xmllint/xmllint.txt" "--command" "/opt/ros/foxy/bin/ament_xmllint" "--xunit-file" "/home/grant/ros2_ws/build/mavros/test_results/mavros/xmllint.xunit.xml"
Directory: /home/grant/ros2_ws/src/mavros/mavros
"xmllint" start time: Oct 23 20:56 EDT
Output:
----------------------------------------------------------
-- run_test.py: invoking following command in '/home/grant/ros2_ws/src/mavros/mavros':
 - /opt/ros/foxy/bin/ament_xmllint --xunit-file /home/grant/ros2_ws/build/mavros/test_results/mavros/xmllint.xunit.xml
File 'mavros_plugins.xml' is valid

File 'package.xml' is valid

No problems found
-- run_test.py: return code 0
-- run_test.py: verify result file '/home/grant/ros2_ws/build/mavros/test_results/mavros/xmllint.xunit.xml'
<end of output>
Test time =   0.36 sec
----------------------------------------------------------
Test Passed.
"xmllint" end time: Oct 23 20:56 EDT
"xmllint" time elapsed: 00:00:00
----------------------------------------------------------

End testing: Oct 23 20:56 EDT

cppcheck =   0.51 sec*proc

cpplint =   4.63 sec*proc

flake8 =   0.73 sec*proc

gmock =   0.32 sec*proc

gtest =   0.74 sec*proc

lint_cmake =   0.29 sec*proc

linter =   7.82 sec*proc

pep257 =   0.68 sec*proc

uncrustify =   0.60 sec*proc

xmllint =   0.36 sec*proc

