<?xml version="1.0" encoding="UTF-8"?>
<Site BuildName="(empty)"
	BuildStamp="20221024-0047-Experimental"
	Name="grant-2f"
	Generator="ctest-3.16.3"
	CompilerName="/usr/bin/c++"
	CompilerVersion="9.4.0"
	OSName="Linux"
	Hostname="grant-2f"
	OSRelease="5.15.0-52-generic"
	OSVersion="#58~20.04.1-Ubuntu SMP Thu Oct 13 13:09:46 UTC 2022"
	OSPlatform="x86_64"
	Is64Bits="1"
	VendorString="AuthenticAMD"
	VendorID="Advanced Micro Devices"
	FamilyID="25"
	ModelID="33"
	ProcessorCacheSize="512"
	NumberOfLogicalCPU="8"
	NumberOfPhysicalCPU="8"
	TotalVirtualMemory="2047"
	TotalPhysicalMemory="23972"
	LogicalProcessorsPerPhysical="1"
	ProcessorClockFrequency="4200"
	>
	<Testing>
		<StartDateTime>Oct 23 20:47 EDT</StartDateTime>
		<StartTestTime>1666572430</StartTestTime>
		<TestList>
			<Test>./libmavros-frame-conversions-test</Test>
			<Test>./libmavros-sensor-orientation-test</Test>
			<Test>./libmavros-quaternion-utils-test</Test>
			<Test>./mavros-router-test</Test>
			<Test>./mavros-uas-test</Test>
			<Test>./cppcheck</Test>
			<Test>./cpplint</Test>
			<Test>./flake8</Test>
			<Test>./lint_cmake</Test>
			<Test>./pep257</Test>
			<Test>./uncrustify</Test>
			<Test>./xmllint</Test>
		</TestList>
		<Test Status="passed">
			<Name>libmavros-frame-conversions-test</Name>
			<Path>.</Path>
			<FullName>./libmavros-frame-conversions-test</FullName>
			<FullCommandLine>/home/grant/miniconda3/bin/python3 "-u" "/opt/ros/foxy/share/ament_cmake_test/cmake/run_test.py" "/home/grant/ros2_ws/build/mavros/test_results/mavros/libmavros-frame-conversions-test.gtest.xml" "--package-name" "mavros" "--output-file" "/home/grant/ros2_ws/build/mavros/ament_cmake_gtest/libmavros-frame-conversions-test.txt" "--command" "/home/grant/ros2_ws/build/mavros/libmavros-frame-conversions-test" "--gtest_output=xml:/home/grant/ros2_ws/build/mavros/test_results/mavros/libmavros-frame-conversions-test.gtest.xml"</FullCommandLine>
			<Results>
				<NamedMeasurement type="numeric/double" name="Execution Time">
					<Value>0.102365</Value>
				</NamedMeasurement>
				<NamedMeasurement type="numeric/double" name="Processors">
					<Value>1</Value>
				</NamedMeasurement>
				<NamedMeasurement type="text/string" name="Completion Status">
					<Value>Completed</Value>
				</NamedMeasurement>
				<NamedMeasurement type="text/string" name="Command Line">
					<Value>/home/grant/miniconda3/bin/python3 "-u" "/opt/ros/foxy/share/ament_cmake_test/cmake/run_test.py" "/home/grant/ros2_ws/build/mavros/test_results/mavros/libmavros-frame-conversions-test.gtest.xml" "--package-name" "mavros" "--output-file" "/home/grant/ros2_ws/build/mavros/ament_cmake_gtest/libmavros-frame-conversions-test.txt" "--command" "/home/grant/ros2_ws/build/mavros/libmavros-frame-conversions-test" "--gtest_output=xml:/home/grant/ros2_ws/build/mavros/test_results/mavros/libmavros-frame-conversions-test.gtest.xml"</Value>
				</NamedMeasurement>
				<Measurement>
					<Value>-- run_test.py: invoking following command in '/home/grant/ros2_ws/build/mavros':
 - /home/grant/ros2_ws/build/mavros/libmavros-frame-conversions-test --gtest_output=xml:/home/grant/ros2_ws/build/mavros/test_results/mavros/libmavros-frame-conversions-test.gtest.xml
[==========] Running 9 tests from 1 test case.
[----------] Global test environment set-up.
[----------] 9 tests from FRAME_TF
[ RUN      ] FRAME_TF.transform_static_frame__aircraft_to_baselink_123
[       OK ] FRAME_TF.transform_static_frame__aircraft_to_baselink_123 (0 ms)
[ RUN      ] FRAME_TF.transform_static_frame__baselink_to_aircraft_123
[       OK ] FRAME_TF.transform_static_frame__baselink_to_aircraft_123 (0 ms)
[ RUN      ] FRAME_TF.transform_static_frame__enu_to_ned_123
[       OK ] FRAME_TF.transform_static_frame__enu_to_ned_123 (0 ms)
[ RUN      ] FRAME_TF.transform_static_frame__ned_to_enu_123
[       OK ] FRAME_TF.transform_static_frame__ned_to_enu_123 (0 ms)
[ RUN      ] FRAME_TF.transform_static_frame__ecef_to_enu_123_00
[       OK ] FRAME_TF.transform_static_frame__ecef_to_enu_123_00 (0 ms)
[ RUN      ] FRAME_TF.transform_static_frame__enu_to_ecef_123_00
[       OK ] FRAME_TF.transform_static_frame__enu_to_ecef_123_00 (0 ms)
[ RUN      ] FRAME_TF.transform_static_frame__ecef_to_enu_123_4030
[       OK ] FRAME_TF.transform_static_frame__ecef_to_enu_123_4030 (0 ms)
[ RUN      ] FRAME_TF.transform_static_frame__enu_to_ecef_123_4030
[       OK ] FRAME_TF.transform_static_frame__enu_to_ecef_123_4030 (0 ms)
[ RUN      ] FRAME_TF.quaternion_transforms__ned_to_ned_123
[       OK ] FRAME_TF.quaternion_transforms__ned_to_ned_123 (0 ms)
[----------] 9 tests from FRAME_TF (0 ms total)

[----------] Global test environment tear-down
[==========] 9 tests from 1 test case ran. (0 ms total)
[  PASSED  ] 9 tests.
-- run_test.py: return code 0
-- run_test.py: inject classname prefix into gtest result file '/home/grant/ros2_ws/build/mavros/test_results/mavros/libmavros-frame-conversions-test.gtest.xml'
-- run_test.py: verify result file '/home/grant/ros2_ws/build/mavros/test_results/mavros/libmavros-frame-conversions-test.gtest.xml'
</Value>
				</Measurement>
			</Results>
			<Labels>
				<Label>gtest</Label>
			</Labels>
		</Test>
		<Test Status="passed">
			<Name>libmavros-sensor-orientation-test</Name>
			<Path>.</Path>
			<FullName>./libmavros-sensor-orientation-test</FullName>
			<FullCommandLine>/home/grant/miniconda3/bin/python3 "-u" "/opt/ros/foxy/share/ament_cmake_test/cmake/run_test.py" "/home/grant/ros2_ws/build/mavros/test_results/mavros/libmavros-sensor-orientation-test.gtest.xml" "--package-name" "mavros" "--output-file" "/home/grant/ros2_ws/build/mavros/ament_cmake_gtest/libmavros-sensor-orientation-test.txt" "--command" "/home/grant/ros2_ws/build/mavros/libmavros-sensor-orientation-test" "--gtest_output=xml:/home/grant/ros2_ws/build/mavros/test_results/mavros/libmavros-sensor-orientation-test.gtest.xml"</FullCommandLine>
			<Results>
				<NamedMeasurement type="numeric/double" name="Execution Time">
					<Value>0.087851</Value>
				</NamedMeasurement>
				<NamedMeasurement type="numeric/double" name="Processors">
					<Value>1</Value>
				</NamedMeasurement>
				<NamedMeasurement type="text/string" name="Completion Status">
					<Value>Completed</Value>
				</NamedMeasurement>
				<NamedMeasurement type="text/string" name="Command Line">
					<Value>/home/grant/miniconda3/bin/python3 "-u" "/opt/ros/foxy/share/ament_cmake_test/cmake/run_test.py" "/home/grant/ros2_ws/build/mavros/test_results/mavros/libmavros-sensor-orientation-test.gtest.xml" "--package-name" "mavros" "--output-file" "/home/grant/ros2_ws/build/mavros/ament_cmake_gtest/libmavros-sensor-orientation-test.txt" "--command" "/home/grant/ros2_ws/build/mavros/libmavros-sensor-orientation-test" "--gtest_output=xml:/home/grant/ros2_ws/build/mavros/test_results/mavros/libmavros-sensor-orientation-test.gtest.xml"</Value>
				</NamedMeasurement>
				<Measurement>
					<Value>-- run_test.py: invoking following command in '/home/grant/ros2_ws/build/mavros':
 - /home/grant/ros2_ws/build/mavros/libmavros-sensor-orientation-test --gtest_output=xml:/home/grant/ros2_ws/build/mavros/test_results/mavros/libmavros-sensor-orientation-test.gtest.xml
[==========] Running 16 tests from 1 test case.
[----------] Global test environment set-up.
[----------] 16 tests from UTILS
[ RUN      ] UTILS.sensor_orientation_matching__none
[       OK ] UTILS.sensor_orientation_matching__none (0 ms)
[ RUN      ] UTILS.sensor_orientation_matching__roll_180
[       OK ] UTILS.sensor_orientation_matching__roll_180 (0 ms)
[ RUN      ] UTILS.sensor_orientation_matching__roll_180_yaw_90
[       OK ] UTILS.sensor_orientation_matching__roll_180_yaw_90 (0 ms)
[ RUN      ] UTILS.sensor_orientation_matching__custom
[       OK ] UTILS.sensor_orientation_matching__custom (0 ms)
[ RUN      ] UTILS.to_string__none
[       OK ] UTILS.to_string__none (0 ms)
[ RUN      ] UTILS.to_string__roll_180
[       OK ] UTILS.to_string__roll_180 (0 ms)
[ RUN      ] UTILS.to_string__roll_180_yaw_90
[       OK ] UTILS.to_string__roll_180_yaw_90 (0 ms)
[ RUN      ] UTILS.to_string__custom
[       OK ] UTILS.to_string__custom (0 ms)
[ RUN      ] UTILS.sensor_orientation_from_str__none
[       OK ] UTILS.sensor_orientation_from_str__none (0 ms)
[ RUN      ] UTILS.sensor_orientation_from_str__unknown
[ERROR] [1666572430.827350262] [uas.enum]: SENSOR: wrong orientation str: completely wrong identifier
[       OK ] UTILS.sensor_orientation_from_str__unknown (0 ms)
[ RUN      ] UTILS.sensor_orientation_from_str__number
[       OK ] UTILS.sensor_orientation_from_str__number (0 ms)
[ RUN      ] UTILS.sensor_orientation_from_str__wrong_number
[ERROR] [1666572430.827397612] [uas.enum]: SENSOR: orientation index out of bound: 123
[       OK ] UTILS.sensor_orientation_from_str__wrong_number (0 ms)
[ RUN      ] UTILS.sensor_orientation_from_str__roll_180
[       OK ] UTILS.sensor_orientation_from_str__roll_180 (0 ms)
[ RUN      ] UTILS.sensor_orientation_from_str__roll_180_yaw_90
[       OK ] UTILS.sensor_orientation_from_str__roll_180_yaw_90 (0 ms)
[ RUN      ] UTILS.sensor_orientation_from_str__last_element_roll_90_yaw_270
[       OK ] UTILS.sensor_orientation_from_str__last_element_roll_90_yaw_270 (0 ms)
[ RUN      ] UTILS.sensor_orientation_from_str__custom
[       OK ] UTILS.sensor_orientation_from_str__custom (0 ms)
[----------] 16 tests from UTILS (0 ms total)

[----------] Global test environment tear-down
[==========] 16 tests from 1 test case ran. (0 ms total)
[  PASSED  ] 16 tests.
-- run_test.py: return code 0
-- run_test.py: inject classname prefix into gtest result file '/home/grant/ros2_ws/build/mavros/test_results/mavros/libmavros-sensor-orientation-test.gtest.xml'
-- run_test.py: verify result file '/home/grant/ros2_ws/build/mavros/test_results/mavros/libmavros-sensor-orientation-test.gtest.xml'
</Value>
				</Measurement>
			</Results>
			<Labels>
				<Label>gtest</Label>
			</Labels>
		</Test>
		<Test Status="passed">
			<Name>libmavros-quaternion-utils-test</Name>
			<Path>.</Path>
			<FullName>./libmavros-quaternion-utils-test</FullName>
			<FullCommandLine>/home/grant/miniconda3/bin/python3 "-u" "/opt/ros/foxy/share/ament_cmake_test/cmake/run_test.py" "/home/grant/ros2_ws/build/mavros/test_results/mavros/libmavros-quaternion-utils-test.gtest.xml" "--package-name" "mavros" "--output-file" "/home/grant/ros2_ws/build/mavros/ament_cmake_gtest/libmavros-quaternion-utils-test.txt" "--command" "/home/grant/ros2_ws/build/mavros/libmavros-quaternion-utils-test" "--gtest_output=xml:/home/grant/ros2_ws/build/mavros/test_results/mavros/libmavros-quaternion-utils-test.gtest.xml"</FullCommandLine>
			<Results>
				<NamedMeasurement type="numeric/double" name="Execution Time">
					<Value>0.538317</Value>
				</NamedMeasurement>
				<NamedMeasurement type="numeric/double" name="Processors">
					<Value>1</Value>
				</NamedMeasurement>
				<NamedMeasurement type="text/string" name="Completion Status">
					<Value>Completed</Value>
				</NamedMeasurement>
				<NamedMeasurement type="text/string" name="Command Line">
					<Value>/home/grant/miniconda3/bin/python3 "-u" "/opt/ros/foxy/share/ament_cmake_test/cmake/run_test.py" "/home/grant/ros2_ws/build/mavros/test_results/mavros/libmavros-quaternion-utils-test.gtest.xml" "--package-name" "mavros" "--output-file" "/home/grant/ros2_ws/build/mavros/ament_cmake_gtest/libmavros-quaternion-utils-test.txt" "--command" "/home/grant/ros2_ws/build/mavros/libmavros-quaternion-utils-test" "--gtest_output=xml:/home/grant/ros2_ws/build/mavros/test_results/mavros/libmavros-quaternion-utils-test.gtest.xml"</Value>
				</NamedMeasurement>
				<Measurement>
					<Value>-- run_test.py: invoking following command in '/home/grant/ros2_ws/build/mavros':
 - /home/grant/ros2_ws/build/mavros/libmavros-quaternion-utils-test --gtest_output=xml:/home/grant/ros2_ws/build/mavros/test_results/mavros/libmavros-quaternion-utils-test.gtest.xml
[==========] Running 7 tests from 1 test case.
[----------] Global test environment set-up.
[----------] 7 tests from FRAME_TF
[ RUN      ] FRAME_TF.quaternion_from_rpy__check_compatibility
[       OK ] FRAME_TF.quaternion_from_rpy__check_compatibility (0 ms)
[ RUN      ] FRAME_TF.quaternion_from_rpy__paranoic_check
[       OK ] FRAME_TF.quaternion_from_rpy__paranoic_check (0 ms)
[ RUN      ] FRAME_TF.quaternion_to_rpy__123
[       OK ] FRAME_TF.quaternion_to_rpy__123 (0 ms)
[ RUN      ] FRAME_TF.quaternion_to_rpy__pm_pi
[       OK ] FRAME_TF.quaternion_to_rpy__pm_pi (444 ms)
[ RUN      ] FRAME_TF.quaternion_get_yaw__123
[       OK ] FRAME_TF.quaternion_get_yaw__123 (0 ms)
[ RUN      ] FRAME_TF.quaternion_get_yaw__pm_pi
[       OK ] FRAME_TF.quaternion_get_yaw__pm_pi (4 ms)
[ RUN      ] FRAME_TF.quaternion_to_mavlink__123
[       OK ] FRAME_TF.quaternion_to_mavlink__123 (0 ms)
[----------] 7 tests from FRAME_TF (448 ms total)

[----------] Global test environment tear-down
[==========] 7 tests from 1 test case ran. (448 ms total)
[  PASSED  ] 7 tests.
-- run_test.py: return code 0
-- run_test.py: inject classname prefix into gtest result file '/home/grant/ros2_ws/build/mavros/test_results/mavros/libmavros-quaternion-utils-test.gtest.xml'
-- run_test.py: verify result file '/home/grant/ros2_ws/build/mavros/test_results/mavros/libmavros-quaternion-utils-test.gtest.xml'
</Value>
				</Measurement>
			</Results>
			<Labels>
				<Label>gtest</Label>
			</Labels>
		</Test>
		<Test Status="passed">
			<Name>mavros-router-test</Name>
			<Path>.</Path>
			<FullName>./mavros-router-test</FullName>
			<FullCommandLine>/home/grant/miniconda3/bin/python3 "-u" "/opt/ros/foxy/share/ament_cmake_test/cmake/run_test.py" "/home/grant/ros2_ws/build/mavros/test_results/mavros/mavros-router-test.gtest.xml" "--package-name" "mavros" "--output-file" "/home/grant/ros2_ws/build/mavros/ament_cmake_gmock/mavros-router-test.txt" "--command" "/home/grant/ros2_ws/build/mavros/mavros-router-test" "--gtest_output=xml:/home/grant/ros2_ws/build/mavros/test_results/mavros/mavros-router-test.gtest.xml"</FullCommandLine>
			<Results>
				<NamedMeasurement type="numeric/double" name="Execution Time">
					<Value>0.220773</Value>
				</NamedMeasurement>
				<NamedMeasurement type="numeric/double" name="Processors">
					<Value>1</Value>
				</NamedMeasurement>
				<NamedMeasurement type="text/string" name="Completion Status">
					<Value>Completed</Value>
				</NamedMeasurement>
				<NamedMeasurement type="text/string" name="Command Line">
					<Value>/home/grant/miniconda3/bin/python3 "-u" "/opt/ros/foxy/share/ament_cmake_test/cmake/run_test.py" "/home/grant/ros2_ws/build/mavros/test_results/mavros/mavros-router-test.gtest.xml" "--package-name" "mavros" "--output-file" "/home/grant/ros2_ws/build/mavros/ament_cmake_gmock/mavros-router-test.txt" "--command" "/home/grant/ros2_ws/build/mavros/mavros-router-test" "--gtest_output=xml:/home/grant/ros2_ws/build/mavros/test_results/mavros/mavros-router-test.gtest.xml"</Value>
				</NamedMeasurement>
				<Measurement>
					<Value>-- run_test.py: invoking following command in '/home/grant/ros2_ws/build/mavros':
 - /home/grant/ros2_ws/build/mavros/mavros-router-test --gtest_output=xml:/home/grant/ros2_ws/build/mavros/test_results/mavros/mavros-router-test.gtest.xml
[==========] Running 8 tests from 1 test case.
[----------] Global test environment set-up.
[----------] 8 tests from TestRouter
[ RUN      ] TestRouter.set_parameter
[INFO] [1666572431.460074152] [test_mavros_router]: Built-in SIMD instructions: SSE, SSE2
[INFO] [1666572431.460170762] [test_mavros_router]: Built-in MAVLink package version: 2022.8.8
[INFO] [1666572431.460188902] [test_mavros_router]: Known MAVLink dialects: common ardupilotmega ASLUAV AVSSUAS all development icarous matrixpilot paparazzi standard storm32 uAvionix ualberta
[INFO] [1666572431.460196042] [test_mavros_router]: MAVROS Router started
[INFO] [1666572431.460285822] [test_mavros_router]: Requested to add endpoint: type: 0, url: tcp-l://:57601
[INFO] [1666572431.460415943] [test_mavros_router]: Endpoint link[1000] created
[INFO] [1666572431.462190967] [test_mavros_router]: link[1000] opened successfully
[INFO] [1666572431.462230067] [test_mavros_router]: Requested to add endpoint: type: 0, url: udp://:45001@
[INFO] [1666572431.462273807] [test_mavros_router]: Endpoint link[1001] created
[INFO] [1666572431.462504578] [test_mavros_router]: link[1001] opened successfully
[INFO] [1666572431.462569828] [test_mavros_router]: Requested to add endpoint: type: 1, url: tcp-l://:57602
[INFO] [1666572431.462613568] [test_mavros_router]: Endpoint link[1002] created
[INFO] [1666572431.462766718] [test_mavros_router]: link[1002] opened successfully
[INFO] [1666572431.462794898] [test_mavros_router]: Requested to add endpoint: type: 1, url: udp://:45002@
[INFO] [1666572431.462833259] [test_mavros_router]: Endpoint link[1003] created
[INFO] [1666572431.462963539] [test_mavros_router]: link[1003] opened successfully
[INFO] [1666572431.463022999] [test_mavros_router]: Requested to add endpoint: type: 2, url: /uas1
[INFO] [1666572431.463094309] [test_mavros_router]: Endpoint link[1004] created
[INFO] [1666572431.464111902] [test_mavros_router]: link[1004] opened successfully
[INFO] [1666572431.464140642] [test_mavros_router]: Requested to add endpoint: type: 2, url: /uas2
[INFO] [1666572431.464193582] [test_mavros_router]: Endpoint link[1005] created
[INFO] [1666572431.464604393] [test_mavros_router]: link[1005] opened successfully
[       OK ] TestRouter.set_parameter (14 ms)
[ RUN      ] TestRouter.route_fcu_broadcast
[INFO] [1666572431.470881037] [test_mavros_router]: Built-in SIMD instructions: SSE, SSE2
[INFO] [1666572431.470910097] [test_mavros_router]: Built-in MAVLink package version: 2022.8.8
[INFO] [1666572431.470918227] [test_mavros_router]: Known MAVLink dialects: common ardupilotmega ASLUAV AVSSUAS all development icarous matrixpilot paparazzi standard storm32 uAvionix ualberta
[INFO] [1666572431.470924747] [test_mavros_router]: MAVROS Router started
[       OK ] TestRouter.route_fcu_broadcast (7 ms)
[ RUN      ] TestRouter.route_uas_broadcast
[INFO] [1666572431.477936075] [test_mavros_router]: Built-in SIMD instructions: SSE, SSE2
[INFO] [1666572431.477964165] [test_mavros_router]: Built-in MAVLink package version: 2022.8.8
[INFO] [1666572431.477972995] [test_mavros_router]: Known MAVLink dialects: common ardupilotmega ASLUAV AVSSUAS all development icarous matrixpilot paparazzi standard storm32 uAvionix ualberta
[INFO] [1666572431.477979605] [test_mavros_router]: MAVROS Router started
[       OK ] TestRouter.route_uas_broadcast (7 ms)
[ RUN      ] TestRouter.route_gcs_broadcast
[INFO] [1666572431.539281580] [test_mavros_router]: Built-in SIMD instructions: SSE, SSE2
[INFO] [1666572431.539323860] [test_mavros_router]: Built-in MAVLink package version: 2022.8.8
[INFO] [1666572431.539332370] [test_mavros_router]: Known MAVLink dialects: common ardupilotmega ASLUAV AVSSUAS all development icarous matrixpilot paparazzi standard storm32 uAvionix ualberta
[INFO] [1666572431.539339000] [test_mavros_router]: MAVROS Router started
[       OK ] TestRouter.route_gcs_broadcast (61 ms)
[ RUN      ] TestRouter.route_targeted_one_system
[INFO] [1666572431.548837043] [test_mavros_router]: Built-in SIMD instructions: SSE, SSE2
[INFO] [1666572431.548867123] [test_mavros_router]: Built-in MAVLink package version: 2022.8.8
[INFO] [1666572431.548875783] [test_mavros_router]: Known MAVLink dialects: common ardupilotmega ASLUAV AVSSUAS all development icarous matrixpilot paparazzi standard storm32 uAvionix ualberta
[INFO] [1666572431.548882313] [test_mavros_router]: MAVROS Router started
[       OK ] TestRouter.route_targeted_one_system (10 ms)
[ RUN      ] TestRouter.route_targeted_two_system
[INFO] [1666572431.558546367] [test_mavros_router]: Built-in SIMD instructions: SSE, SSE2
[INFO] [1666572431.558576967] [test_mavros_router]: Built-in MAVLink package version: 2022.8.8
[INFO] [1666572431.558587617] [test_mavros_router]: Known MAVLink dialects: common ardupilotmega ASLUAV AVSSUAS all development icarous matrixpilot paparazzi standard storm32 uAvionix ualberta
[INFO] [1666572431.558594517] [test_mavros_router]: MAVROS Router started
[       OK ] TestRouter.route_targeted_two_system (10 ms)
[ RUN      ] TestRouter.route_targeted_system_component
[INFO] [1666572431.568382581] [test_mavros_router]: Built-in SIMD instructions: SSE, SSE2
[INFO] [1666572431.568444071] [test_mavros_router]: Built-in MAVLink package version: 2022.8.8
[INFO] [1666572431.568457271] [test_mavros_router]: Known MAVLink dialects: common ardupilotmega ASLUAV AVSSUAS all development icarous matrixpilot paparazzi standard storm32 uAvionix ualberta
[INFO] [1666572431.568464101] [test_mavros_router]: MAVROS Router started
[       OK ] TestRouter.route_targeted_system_component (9 ms)
[ RUN      ] TestRouter.endpoint_recv_message
[INFO] [1666572431.579217047] [test_mavros_router]: Built-in SIMD instructions: SSE, SSE2
[INFO] [1666572431.579242237] [test_mavros_router]: Built-in MAVLink package version: 2022.8.8
[INFO] [1666572431.579264148] [test_mavros_router]: Known MAVLink dialects: common ardupilotmega ASLUAV AVSSUAS all development icarous matrixpilot paparazzi standard storm32 uAvionix ualberta
[INFO] [1666572431.579277858] [test_mavros_router]: MAVROS Router started
[INFO] [1666572431.579321888] [test_mavros_router]: Requested to add endpoint: type: 2, url: /uas1
[INFO] [1666572431.579385138] [test_mavros_router]: Endpoint link[1000] created
[INFO] [1666572431.580124850] [test_mavros_router]: link[1000] opened successfully
[INFO] [1666572431.580212330] [test_mavros_router]: link[1000] detected remote address 1.191
[WARN] [1666572431.580241690] [test_mavros_router]: Message dropped: msgid: 0, source: 1.191, target: 0.0
[       OK ] TestRouter.endpoint_recv_message (12 ms)
[----------] 8 tests from TestRouter (130 ms total)

[----------] Global test environment tear-down
[==========] 8 tests from 1 test case ran. (130 ms total)
[  PASSED  ] 8 tests.
-- run_test.py: return code 0
-- run_test.py: inject classname prefix into gtest result file '/home/grant/ros2_ws/build/mavros/test_results/mavros/mavros-router-test.gtest.xml'
-- run_test.py: verify result file '/home/grant/ros2_ws/build/mavros/test_results/mavros/mavros-router-test.gtest.xml'
</Value>
				</Measurement>
			</Results>
			<Labels>
				<Label>gmock</Label>
			</Labels>
		</Test>
		<Test Status="passed">
			<Name>mavros-uas-test</Name>
			<Path>.</Path>
			<FullName>./mavros-uas-test</FullName>
			<FullCommandLine>/home/grant/miniconda3/bin/python3 "-u" "/opt/ros/foxy/share/ament_cmake_test/cmake/run_test.py" "/home/grant/ros2_ws/build/mavros/test_results/mavros/mavros-uas-test.gtest.xml" "--package-name" "mavros" "--output-file" "/home/grant/ros2_ws/build/mavros/ament_cmake_gmock/mavros-uas-test.txt" "--command" "/home/grant/ros2_ws/build/mavros/mavros-uas-test" "--gtest_output=xml:/home/grant/ros2_ws/build/mavros/test_results/mavros/mavros-uas-test.gtest.xml"</FullCommandLine>
			<Results>
				<NamedMeasurement type="numeric/double" name="Execution Time">
					<Value>0.123479</Value>
				</NamedMeasurement>
				<NamedMeasurement type="numeric/double" name="Processors">
					<Value>1</Value>
				</NamedMeasurement>
				<NamedMeasurement type="text/string" name="Completion Status">
					<Value>Completed</Value>
				</NamedMeasurement>
				<NamedMeasurement type="text/string" name="Command Line">
					<Value>/home/grant/miniconda3/bin/python3 "-u" "/opt/ros/foxy/share/ament_cmake_test/cmake/run_test.py" "/home/grant/ros2_ws/build/mavros/test_results/mavros/mavros-uas-test.gtest.xml" "--package-name" "mavros" "--output-file" "/home/grant/ros2_ws/build/mavros/ament_cmake_gmock/mavros-uas-test.txt" "--command" "/home/grant/ros2_ws/build/mavros/mavros-uas-test" "--gtest_output=xml:/home/grant/ros2_ws/build/mavros/test_results/mavros/mavros-uas-test.gtest.xml"</Value>
				</NamedMeasurement>
				<Measurement>
					<Value>-- run_test.py: invoking following command in '/home/grant/ros2_ws/build/mavros':
 - /home/grant/ros2_ws/build/mavros/mavros-uas-test --gtest_output=xml:/home/grant/ros2_ws/build/mavros/test_results/mavros/mavros-uas-test.gtest.xml
[==========] Running 2 tests from 1 test case.
[----------] Global test environment set-up.
[----------] 2 tests from TestUAS
[ RUN      ] TestUAS.is_plugin_allowed
[       OK ] TestUAS.is_plugin_allowed (28 ms)
[ RUN      ] TestUAS.add_plugin__route_message__filter
[INFO] [1666572431.704831764] [test_mavros_uas]: Plugin test1 created
[INFO] [1666572431.705154120] [test_mavros_uas]: Plugin test1 initialized
[INFO] [1666572431.705188600] [test_mavros_uas]: Plugin test2 created
[INFO] [1666572431.705221730] [test_mavros_uas]: Plugin test2 initialized
[       OK ] TestUAS.add_plugin__route_message__filter (7 ms)
[----------] 2 tests from TestUAS (35 ms total)

[----------] Global test environment tear-down
[==========] 2 tests from 1 test case ran. (35 ms total)
[  PASSED  ] 2 tests.
-- run_test.py: return code 0
-- run_test.py: inject classname prefix into gtest result file '/home/grant/ros2_ws/build/mavros/test_results/mavros/mavros-uas-test.gtest.xml'
-- run_test.py: verify result file '/home/grant/ros2_ws/build/mavros/test_results/mavros/mavros-uas-test.gtest.xml'
</Value>
				</Measurement>
			</Results>
			<Labels>
				<Label>gmock</Label>
			</Labels>
		</Test>
		<Test Status="passed">
			<Name>cppcheck</Name>
			<Path>.</Path>
			<FullName>./cppcheck</FullName>
			<FullCommandLine>/home/grant/miniconda3/bin/python3 "-u" "/opt/ros/foxy/share/ament_cmake_test/cmake/run_test.py" "/home/grant/ros2_ws/build/mavros/test_results/mavros/cppcheck.xunit.xml" "--package-name" "mavros" "--output-file" "/home/grant/ros2_ws/build/mavros/ament_cppcheck/cppcheck.txt" "--command" "/opt/ros/foxy/bin/ament_cppcheck" "--xunit-file" "/home/grant/ros2_ws/build/mavros/test_results/mavros/cppcheck.xunit.xml" "--exclude" "./test/*.cpp" "--include_dirs" "/home/grant/ros2_ws/src/mavros/mavros/include"</FullCommandLine>
			<Results>
				<NamedMeasurement type="numeric/double" name="Execution Time">
					<Value>0.505426</Value>
				</NamedMeasurement>
				<NamedMeasurement type="numeric/double" name="Processors">
					<Value>1</Value>
				</NamedMeasurement>
				<NamedMeasurement type="text/string" name="Completion Status">
					<Value>Completed</Value>
				</NamedMeasurement>
				<NamedMeasurement type="text/string" name="Command Line">
					<Value>/home/grant/miniconda3/bin/python3 "-u" "/opt/ros/foxy/share/ament_cmake_test/cmake/run_test.py" "/home/grant/ros2_ws/build/mavros/test_results/mavros/cppcheck.xunit.xml" "--package-name" "mavros" "--output-file" "/home/grant/ros2_ws/build/mavros/ament_cppcheck/cppcheck.txt" "--command" "/opt/ros/foxy/bin/ament_cppcheck" "--xunit-file" "/home/grant/ros2_ws/build/mavros/test_results/mavros/cppcheck.xunit.xml" "--exclude" "./test/*.cpp" "--include_dirs" "/home/grant/ros2_ws/src/mavros/mavros/include"</Value>
				</NamedMeasurement>
				<Measurement>
					<Value>-- run_test.py: invoking following command in '/home/grant/ros2_ws/src/mavros/mavros':
 - /opt/ros/foxy/bin/ament_cppcheck --xunit-file /home/grant/ros2_ws/build/mavros/test_results/mavros/cppcheck.xunit.xml --exclude ./test/*.cpp --include_dirs /home/grant/ros2_ws/src/mavros/mavros/include
No problems found
-- run_test.py: return code 0
-- run_test.py: verify result file '/home/grant/ros2_ws/build/mavros/test_results/mavros/cppcheck.xunit.xml'
</Value>
				</Measurement>
			</Results>
			<Labels>
				<Label>cppcheck</Label>
				<Label>linter</Label>
			</Labels>
		</Test>
		<Test Status="passed">
			<Name>cpplint</Name>
			<Path>.</Path>
			<FullName>./cpplint</FullName>
			<FullCommandLine>/home/grant/miniconda3/bin/python3 "-u" "/opt/ros/foxy/share/ament_cmake_test/cmake/run_test.py" "/home/grant/ros2_ws/build/mavros/test_results/mavros/cpplint.xunit.xml" "--package-name" "mavros" "--output-file" "/home/grant/ros2_ws/build/mavros/ament_cpplint/cpplint.txt" "--command" "/opt/ros/foxy/bin/ament_cpplint" "--xunit-file" "/home/grant/ros2_ws/build/mavros/test_results/mavros/cpplint.xunit.xml"</FullCommandLine>
			<Results>
				<NamedMeasurement type="numeric/double" name="Execution Time">
					<Value>4.57998</Value>
				</NamedMeasurement>
				<NamedMeasurement type="numeric/double" name="Processors">
					<Value>1</Value>
				</NamedMeasurement>
				<NamedMeasurement type="text/string" name="Completion Status">
					<Value>Completed</Value>
				</NamedMeasurement>
				<NamedMeasurement type="text/string" name="Command Line">
					<Value>/home/grant/miniconda3/bin/python3 "-u" "/opt/ros/foxy/share/ament_cmake_test/cmake/run_test.py" "/home/grant/ros2_ws/build/mavros/test_results/mavros/cpplint.xunit.xml" "--package-name" "mavros" "--output-file" "/home/grant/ros2_ws/build/mavros/ament_cpplint/cpplint.txt" "--command" "/opt/ros/foxy/bin/ament_cpplint" "--xunit-file" "/home/grant/ros2_ws/build/mavros/test_results/mavros/cpplint.xunit.xml"</Value>
				</NamedMeasurement>
				<Measurement>
					<Value>-- run_test.py: invoking following command in '/home/grant/ros2_ws/src/mavros/mavros':
 - /opt/ros/foxy/bin/ament_cpplint --xunit-file /home/grant/ros2_ws/build/mavros/test_results/mavros/cpplint.xunit.xml
Using '--root=/home/grant/ros2_ws/src/mavros/mavros/include' argument

Done processing /home/grant/ros2_ws/src/mavros/mavros/include/mavros/frame_tf.hpp

Done processing /home/grant/ros2_ws/src/mavros/mavros/include/mavros/mavros_plugin_register_macro.hpp

Done processing /home/grant/ros2_ws/src/mavros/mavros/include/mavros/mavros_router.hpp

Done processing /home/grant/ros2_ws/src/mavros/mavros/include/mavros/mavros_uas.hpp

Done processing /home/grant/ros2_ws/src/mavros/mavros/include/mavros/mission_protocol_base.hpp

Done processing /home/grant/ros2_ws/src/mavros/mavros/include/mavros/plugin.hpp

Done processing /home/grant/ros2_ws/src/mavros/mavros/include/mavros/plugin_filter.hpp

Done processing /home/grant/ros2_ws/src/mavros/mavros/include/mavros/px4_custom_mode.hpp

Done processing /home/grant/ros2_ws/src/mavros/mavros/include/mavros/setpoint_mixin.hpp

Done processing /home/grant/ros2_ws/src/mavros/mavros/include/mavros/uas_executor.hpp

Done processing /home/grant/ros2_ws/src/mavros/mavros/include/mavros/utils.hpp

Using '--root=/home/grant/ros2_ws/src/mavros/mavros/src' argument

Done processing /home/grant/ros2_ws/src/mavros/mavros/src/mavros_node.cpp

Done processing /home/grant/ros2_ws/src/mavros/mavros/src/lib/enum_sensor_orientation.cpp

Done processing /home/grant/ros2_ws/src/mavros/mavros/src/lib/enum_to_string.cpp

Done processing /home/grant/ros2_ws/src/mavros/mavros/src/lib/ftf_frame_conversions.cpp

Done processing /home/grant/ros2_ws/src/mavros/mavros/src/lib/ftf_quaternion_utils.cpp

Done processing /home/grant/ros2_ws/src/mavros/mavros/src/lib/mavros_router.cpp

Done processing /home/grant/ros2_ws/src/mavros/mavros/src/lib/mavros_uas.cpp

Done processing /home/grant/ros2_ws/src/mavros/mavros/src/lib/plugin.cpp

Done processing /home/grant/ros2_ws/src/mavros/mavros/src/lib/uas_ap.cpp

Done processing /home/grant/ros2_ws/src/mavros/mavros/src/lib/uas_data.cpp

Done processing /home/grant/ros2_ws/src/mavros/mavros/src/lib/uas_executor.cpp

Done processing /home/grant/ros2_ws/src/mavros/mavros/src/lib/uas_stringify.cpp

Done processing /home/grant/ros2_ws/src/mavros/mavros/src/lib/uas_tf.cpp

Done processing /home/grant/ros2_ws/src/mavros/mavros/src/lib/uas_timesync.cpp

Done processing /home/grant/ros2_ws/src/mavros/mavros/src/plugins/actuator_control.cpp

Done processing /home/grant/ros2_ws/src/mavros/mavros/src/plugins/altitude.cpp

Done processing /home/grant/ros2_ws/src/mavros/mavros/src/plugins/command.cpp

Done processing /home/grant/ros2_ws/src/mavros/mavros/src/plugins/dummy.cpp

Done processing /home/grant/ros2_ws/src/mavros/mavros/src/plugins/ftp.cpp

Done processing /home/grant/ros2_ws/src/mavros/mavros/src/plugins/geofence.cpp

Done processing /home/grant/ros2_ws/src/mavros/mavros/src/plugins/global_position.cpp

Done processing /home/grant/ros2_ws/src/mavros/mavros/src/plugins/home_position.cpp

Done processing /home/grant/ros2_ws/src/mavros/mavros/src/plugins/imu.cpp

Done processing /home/grant/ros2_ws/src/mavros/mavros/src/plugins/local_position.cpp

Done processing /home/grant/ros2_ws/src/mavros/mavros/src/plugins/manual_control.cpp

Done processing /home/grant/ros2_ws/src/mavros/mavros/src/plugins/mission_protocol_base.cpp

Done processing /home/grant/ros2_ws/src/mavros/mavros/src/plugins/nav_controller_output.cpp

Done processing /home/grant/ros2_ws/src/mavros/mavros/src/plugins/param.cpp

Done processing /home/grant/ros2_ws/src/mavros/mavros/src/plugins/rallypoint.cpp

Done processing /home/grant/ros2_ws/src/mavros/mavros/src/plugins/rc_io.cpp

Done processing /home/grant/ros2_ws/src/mavros/mavros/src/plugins/setpoint_accel.cpp

Done processing /home/grant/ros2_ws/src/mavros/mavros/src/plugins/setpoint_attitude.cpp

Done processing /home/grant/ros2_ws/src/mavros/mavros/src/plugins/setpoint_position.cpp

Done processing /home/grant/ros2_ws/src/mavros/mavros/src/plugins/setpoint_raw.cpp

Done processing /home/grant/ros2_ws/src/mavros/mavros/src/plugins/setpoint_trajectory.cpp

Done processing /home/grant/ros2_ws/src/mavros/mavros/src/plugins/setpoint_velocity.cpp

Done processing /home/grant/ros2_ws/src/mavros/mavros/src/plugins/sys_status.cpp

Done processing /home/grant/ros2_ws/src/mavros/mavros/src/plugins/sys_time.cpp

Done processing /home/grant/ros2_ws/src/mavros/mavros/src/plugins/waypoint.cpp

Done processing /home/grant/ros2_ws/src/mavros/mavros/src/plugins/wind_estimation.cpp

Using '--root=/home/grant/ros2_ws/src/mavros/mavros/test' argument

Done processing /home/grant/ros2_ws/src/mavros/mavros/test/test_frame_conversions.cpp

Done processing /home/grant/ros2_ws/src/mavros/mavros/test/test_quaternion_utils.cpp

Done processing /home/grant/ros2_ws/src/mavros/mavros/test/test_router.cpp

Done processing /home/grant/ros2_ws/src/mavros/mavros/test/test_sensor_orientation.cpp

Done processing /home/grant/ros2_ws/src/mavros/mavros/test/test_uas.cpp

No problems found
-- run_test.py: return code 0
-- run_test.py: verify result file '/home/grant/ros2_ws/build/mavros/test_results/mavros/cpplint.xunit.xml'
</Value>
				</Measurement>
			</Results>
			<Labels>
				<Label>cpplint</Label>
				<Label>linter</Label>
			</Labels>
		</Test>
		<Test Status="passed">
			<Name>flake8</Name>
			<Path>.</Path>
			<FullName>./flake8</FullName>
			<FullCommandLine>/home/grant/miniconda3/bin/python3 "-u" "/opt/ros/foxy/share/ament_cmake_test/cmake/run_test.py" "/home/grant/ros2_ws/build/mavros/test_results/mavros/flake8.xunit.xml" "--package-name" "mavros" "--output-file" "/home/grant/ros2_ws/build/mavros/ament_flake8/flake8.txt" "--command" "/opt/ros/foxy/bin/ament_flake8" "--xunit-file" "/home/grant/ros2_ws/build/mavros/test_results/mavros/flake8.xunit.xml"</FullCommandLine>
			<Results>
				<NamedMeasurement type="numeric/double" name="Execution Time">
					<Value>0.600159</Value>
				</NamedMeasurement>
				<NamedMeasurement type="numeric/double" name="Processors">
					<Value>1</Value>
				</NamedMeasurement>
				<NamedMeasurement type="text/string" name="Completion Status">
					<Value>Completed</Value>
				</NamedMeasurement>
				<NamedMeasurement type="text/string" name="Command Line">
					<Value>/home/grant/miniconda3/bin/python3 "-u" "/opt/ros/foxy/share/ament_cmake_test/cmake/run_test.py" "/home/grant/ros2_ws/build/mavros/test_results/mavros/flake8.xunit.xml" "--package-name" "mavros" "--output-file" "/home/grant/ros2_ws/build/mavros/ament_flake8/flake8.txt" "--command" "/opt/ros/foxy/bin/ament_flake8" "--xunit-file" "/home/grant/ros2_ws/build/mavros/test_results/mavros/flake8.xunit.xml"</Value>
				</NamedMeasurement>
				<Measurement>
					<Value>-- run_test.py: invoking following command in '/home/grant/ros2_ws/src/mavros/mavros':
 - /opt/ros/foxy/bin/ament_flake8 --xunit-file /home/grant/ros2_ws/build/mavros/test_results/mavros/flake8.xunit.xml

27 files checked
No problems found

Checked files:

* ./setup.py
* ./mavros/ftp.py
* ./mavros/command.py
* ./mavros/global_position.py
* ./mavros/param.py
* ./mavros/setpoint.py
* ./mavros/mission.py
* ./mavros/system.py
* ./mavros/mavlink.py
* ./mavros/__init__.py
* ./mavros/local_position.py
* ./mavros/utils.py
* ./mavros/nuttx_crc32.py
* ./mavros/base.py
* ./mavros/cmd/checkid.py
* ./mavros/cmd/ftp.py
* ./mavros/cmd/param.py
* ./mavros/cmd/mission.py
* ./mavros/cmd/system.py
* ./mavros/cmd/__main__.py
* ./mavros/cmd/cmd.py
* ./mavros/cmd/__init__.py
* ./mavros/cmd/safety.py
* ./mavros/cmd/utils.py
* ./test/mavros_py/test_mission.py
* ./test/mavros_py/test_param.py
* ./test/mavros_py/__init__.py
-- run_test.py: return code 0
-- run_test.py: verify result file '/home/grant/ros2_ws/build/mavros/test_results/mavros/flake8.xunit.xml'
</Value>
				</Measurement>
			</Results>
			<Labels>
				<Label>flake8</Label>
				<Label>linter</Label>
			</Labels>
		</Test>
		<Test Status="passed">
			<Name>lint_cmake</Name>
			<Path>.</Path>
			<FullName>./lint_cmake</FullName>
			<FullCommandLine>/home/grant/miniconda3/bin/python3 "-u" "/opt/ros/foxy/share/ament_cmake_test/cmake/run_test.py" "/home/grant/ros2_ws/build/mavros/test_results/mavros/lint_cmake.xunit.xml" "--package-name" "mavros" "--output-file" "/home/grant/ros2_ws/build/mavros/ament_lint_cmake/lint_cmake.txt" "--command" "/opt/ros/foxy/bin/ament_lint_cmake" "--xunit-file" "/home/grant/ros2_ws/build/mavros/test_results/mavros/lint_cmake.xunit.xml"</FullCommandLine>
			<Results>
				<NamedMeasurement type="numeric/double" name="Execution Time">
					<Value>0.278612</Value>
				</NamedMeasurement>
				<NamedMeasurement type="numeric/double" name="Processors">
					<Value>1</Value>
				</NamedMeasurement>
				<NamedMeasurement type="text/string" name="Completion Status">
					<Value>Completed</Value>
				</NamedMeasurement>
				<NamedMeasurement type="text/string" name="Command Line">
					<Value>/home/grant/miniconda3/bin/python3 "-u" "/opt/ros/foxy/share/ament_cmake_test/cmake/run_test.py" "/home/grant/ros2_ws/build/mavros/test_results/mavros/lint_cmake.xunit.xml" "--package-name" "mavros" "--output-file" "/home/grant/ros2_ws/build/mavros/ament_lint_cmake/lint_cmake.txt" "--command" "/opt/ros/foxy/bin/ament_lint_cmake" "--xunit-file" "/home/grant/ros2_ws/build/mavros/test_results/mavros/lint_cmake.xunit.xml"</Value>
				</NamedMeasurement>
				<Measurement>
					<Value>-- run_test.py: invoking following command in '/home/grant/ros2_ws/src/mavros/mavros':
 - /opt/ros/foxy/bin/ament_lint_cmake --xunit-file /home/grant/ros2_ws/build/mavros/test_results/mavros/lint_cmake.xunit.xml

No problems found
-- run_test.py: return code 0
-- run_test.py: verify result file '/home/grant/ros2_ws/build/mavros/test_results/mavros/lint_cmake.xunit.xml'
</Value>
				</Measurement>
			</Results>
			<Labels>
				<Label>lint_cmake</Label>
				<Label>linter</Label>
			</Labels>
		</Test>
		<Test Status="passed">
			<Name>pep257</Name>
			<Path>.</Path>
			<FullName>./pep257</FullName>
			<FullCommandLine>/home/grant/miniconda3/bin/python3 "-u" "/opt/ros/foxy/share/ament_cmake_test/cmake/run_test.py" "/home/grant/ros2_ws/build/mavros/test_results/mavros/pep257.xunit.xml" "--package-name" "mavros" "--output-file" "/home/grant/ros2_ws/build/mavros/ament_pep257/pep257.txt" "--command" "/opt/ros/foxy/bin/ament_pep257" "--xunit-file" "/home/grant/ros2_ws/build/mavros/test_results/mavros/pep257.xunit.xml"</FullCommandLine>
			<Results>
				<NamedMeasurement type="numeric/double" name="Execution Time">
					<Value>0.690827</Value>
				</NamedMeasurement>
				<NamedMeasurement type="numeric/double" name="Processors">
					<Value>1</Value>
				</NamedMeasurement>
				<NamedMeasurement type="text/string" name="Completion Status">
					<Value>Completed</Value>
				</NamedMeasurement>
				<NamedMeasurement type="text/string" name="Command Line">
					<Value>/home/grant/miniconda3/bin/python3 "-u" "/opt/ros/foxy/share/ament_cmake_test/cmake/run_test.py" "/home/grant/ros2_ws/build/mavros/test_results/mavros/pep257.xunit.xml" "--package-name" "mavros" "--output-file" "/home/grant/ros2_ws/build/mavros/ament_pep257/pep257.txt" "--command" "/opt/ros/foxy/bin/ament_pep257" "--xunit-file" "/home/grant/ros2_ws/build/mavros/test_results/mavros/pep257.xunit.xml"</Value>
				</NamedMeasurement>
				<Measurement>
					<Value>-- run_test.py: invoking following command in '/home/grant/ros2_ws/src/mavros/mavros':
 - /opt/ros/foxy/bin/ament_pep257 --xunit-file /home/grant/ros2_ws/build/mavros/test_results/mavros/pep257.xunit.xml
checking ./mavros/__init__.py
checking ./mavros/base.py
checking ./mavros/cmd/__init__.py
checking ./mavros/cmd/__main__.py
checking ./mavros/cmd/checkid.py
checking ./mavros/cmd/cmd.py
checking ./mavros/cmd/ftp.py
checking ./mavros/cmd/mission.py
checking ./mavros/cmd/param.py
checking ./mavros/cmd/safety.py
checking ./mavros/cmd/system.py
checking ./mavros/cmd/utils.py
checking ./mavros/command.py
checking ./mavros/ftp.py
checking ./mavros/global_position.py
checking ./mavros/local_position.py
checking ./mavros/mavlink.py
checking ./mavros/mission.py
checking ./mavros/nuttx_crc32.py
checking ./mavros/param.py
checking ./mavros/setpoint.py
checking ./mavros/system.py
checking ./mavros/utils.py
checking ./setup.py
checking ./test/mavros_py/__init__.py
checking ./test/mavros_py/test_mission.py
checking ./test/mavros_py/test_param.py
No problems found
-- run_test.py: return code 0
-- run_test.py: verify result file '/home/grant/ros2_ws/build/mavros/test_results/mavros/pep257.xunit.xml'
</Value>
				</Measurement>
			</Results>
			<Labels>
				<Label>linter</Label>
				<Label>pep257</Label>
			</Labels>
		</Test>
		<Test Status="passed">
			<Name>uncrustify</Name>
			<Path>.</Path>
			<FullName>./uncrustify</FullName>
			<FullCommandLine>/home/grant/miniconda3/bin/python3 "-u" "/opt/ros/foxy/share/ament_cmake_test/cmake/run_test.py" "/home/grant/ros2_ws/build/mavros/test_results/mavros/uncrustify.xunit.xml" "--package-name" "mavros" "--output-file" "/home/grant/ros2_ws/build/mavros/ament_uncrustify/uncrustify.txt" "--command" "/opt/ros/foxy/bin/ament_uncrustify" "--xunit-file" "/home/grant/ros2_ws/build/mavros/test_results/mavros/uncrustify.xunit.xml"</FullCommandLine>
			<Results>
				<NamedMeasurement type="numeric/double" name="Execution Time">
					<Value>0.566376</Value>
				</NamedMeasurement>
				<NamedMeasurement type="numeric/double" name="Processors">
					<Value>1</Value>
				</NamedMeasurement>
				<NamedMeasurement type="text/string" name="Completion Status">
					<Value>Completed</Value>
				</NamedMeasurement>
				<NamedMeasurement type="text/string" name="Command Line">
					<Value>/home/grant/miniconda3/bin/python3 "-u" "/opt/ros/foxy/share/ament_cmake_test/cmake/run_test.py" "/home/grant/ros2_ws/build/mavros/test_results/mavros/uncrustify.xunit.xml" "--package-name" "mavros" "--output-file" "/home/grant/ros2_ws/build/mavros/ament_uncrustify/uncrustify.txt" "--command" "/opt/ros/foxy/bin/ament_uncrustify" "--xunit-file" "/home/grant/ros2_ws/build/mavros/test_results/mavros/uncrustify.xunit.xml"</Value>
				</NamedMeasurement>
				<Measurement>
					<Value>-- run_test.py: invoking following command in '/home/grant/ros2_ws/src/mavros/mavros':
 - /opt/ros/foxy/bin/ament_uncrustify --xunit-file /home/grant/ros2_ws/build/mavros/test_results/mavros/uncrustify.xunit.xml
No code style divergence in file 'include/mavros/frame_tf.hpp'

No code style divergence in file 'include/mavros/mavros_plugin_register_macro.hpp'

No code style divergence in file 'include/mavros/mavros_router.hpp'

No code style divergence in file 'include/mavros/mavros_uas.hpp'

No code style divergence in file 'include/mavros/mission_protocol_base.hpp'

No code style divergence in file 'include/mavros/plugin.hpp'

No code style divergence in file 'include/mavros/plugin_filter.hpp'

No code style divergence in file 'include/mavros/px4_custom_mode.hpp'

No code style divergence in file 'include/mavros/setpoint_mixin.hpp'

No code style divergence in file 'include/mavros/uas_executor.hpp'

No code style divergence in file 'include/mavros/utils.hpp'

No code style divergence in file 'src/lib/enum_sensor_orientation.cpp'

No code style divergence in file 'src/lib/enum_to_string.cpp'

No code style divergence in file 'src/lib/ftf_frame_conversions.cpp'

No code style divergence in file 'src/lib/ftf_quaternion_utils.cpp'

No code style divergence in file 'src/lib/mavros_router.cpp'

No code style divergence in file 'src/lib/mavros_uas.cpp'

No code style divergence in file 'src/lib/plugin.cpp'

No code style divergence in file 'src/lib/uas_ap.cpp'

No code style divergence in file 'src/lib/uas_data.cpp'

No code style divergence in file 'src/lib/uas_executor.cpp'

No code style divergence in file 'src/lib/uas_stringify.cpp'

No code style divergence in file 'src/lib/uas_tf.cpp'

No code style divergence in file 'src/lib/uas_timesync.cpp'

No code style divergence in file 'src/mavros_node.cpp'

No code style divergence in file 'src/plugins/actuator_control.cpp'

No code style divergence in file 'src/plugins/altitude.cpp'

No code style divergence in file 'src/plugins/command.cpp'

No code style divergence in file 'src/plugins/dummy.cpp'

No code style divergence in file 'src/plugins/ftp.cpp'

No code style divergence in file 'src/plugins/geofence.cpp'

No code style divergence in file 'src/plugins/global_position.cpp'

No code style divergence in file 'src/plugins/home_position.cpp'

No code style divergence in file 'src/plugins/imu.cpp'

No code style divergence in file 'src/plugins/local_position.cpp'

No code style divergence in file 'src/plugins/manual_control.cpp'

No code style divergence in file 'src/plugins/mission_protocol_base.cpp'

No code style divergence in file 'src/plugins/nav_controller_output.cpp'

No code style divergence in file 'src/plugins/param.cpp'

No code style divergence in file 'src/plugins/rallypoint.cpp'

No code style divergence in file 'src/plugins/rc_io.cpp'

No code style divergence in file 'src/plugins/setpoint_accel.cpp'

No code style divergence in file 'src/plugins/setpoint_attitude.cpp'

No code style divergence in file 'src/plugins/setpoint_position.cpp'

No code style divergence in file 'src/plugins/setpoint_raw.cpp'

No code style divergence in file 'src/plugins/setpoint_trajectory.cpp'

No code style divergence in file 'src/plugins/setpoint_velocity.cpp'

No code style divergence in file 'src/plugins/sys_status.cpp'

No code style divergence in file 'src/plugins/sys_time.cpp'

No code style divergence in file 'src/plugins/waypoint.cpp'

No code style divergence in file 'src/plugins/wind_estimation.cpp'

No code style divergence in file 'test/test_frame_conversions.cpp'

No code style divergence in file 'test/test_quaternion_utils.cpp'

No code style divergence in file 'test/test_router.cpp'

No code style divergence in file 'test/test_sensor_orientation.cpp'

No code style divergence in file 'test/test_uas.cpp'

No problems found
-- run_test.py: return code 0
-- run_test.py: verify result file '/home/grant/ros2_ws/build/mavros/test_results/mavros/uncrustify.xunit.xml'
</Value>
				</Measurement>
			</Results>
			<Labels>
				<Label>linter</Label>
				<Label>uncrustify</Label>
			</Labels>
		</Test>
		<Test Status="passed">
			<Name>xmllint</Name>
			<Path>.</Path>
			<FullName>./xmllint</FullName>
			<FullCommandLine>/home/grant/miniconda3/bin/python3 "-u" "/opt/ros/foxy/share/ament_cmake_test/cmake/run_test.py" "/home/grant/ros2_ws/build/mavros/test_results/mavros/xmllint.xunit.xml" "--package-name" "mavros" "--output-file" "/home/grant/ros2_ws/build/mavros/ament_xmllint/xmllint.txt" "--command" "/opt/ros/foxy/bin/ament_xmllint" "--xunit-file" "/home/grant/ros2_ws/build/mavros/test_results/mavros/xmllint.xunit.xml"</FullCommandLine>
			<Results>
				<NamedMeasurement type="numeric/double" name="Execution Time">
					<Value>0.28385</Value>
				</NamedMeasurement>
				<NamedMeasurement type="numeric/double" name="Processors">
					<Value>1</Value>
				</NamedMeasurement>
				<NamedMeasurement type="text/string" name="Completion Status">
					<Value>Completed</Value>
				</NamedMeasurement>
				<NamedMeasurement type="text/string" name="Command Line">
					<Value>/home/grant/miniconda3/bin/python3 "-u" "/opt/ros/foxy/share/ament_cmake_test/cmake/run_test.py" "/home/grant/ros2_ws/build/mavros/test_results/mavros/xmllint.xunit.xml" "--package-name" "mavros" "--output-file" "/home/grant/ros2_ws/build/mavros/ament_xmllint/xmllint.txt" "--command" "/opt/ros/foxy/bin/ament_xmllint" "--xunit-file" "/home/grant/ros2_ws/build/mavros/test_results/mavros/xmllint.xunit.xml"</Value>
				</NamedMeasurement>
				<Measurement>
					<Value>-- run_test.py: invoking following command in '/home/grant/ros2_ws/src/mavros/mavros':
 - /opt/ros/foxy/bin/ament_xmllint --xunit-file /home/grant/ros2_ws/build/mavros/test_results/mavros/xmllint.xunit.xml
File 'mavros_plugins.xml' is valid

File 'package.xml' is valid

No problems found
-- run_test.py: return code 0
-- run_test.py: verify result file '/home/grant/ros2_ws/build/mavros/test_results/mavros/xmllint.xunit.xml'
</Value>
				</Measurement>
			</Results>
			<Labels>
				<Label>linter</Label>
				<Label>xmllint</Label>
			</Labels>
		</Test>
		<EndDateTime>Oct 23 20:47 EDT</EndDateTime>
		<EndTestTime>1666572439</EndTestTime>
		<ElapsedMinutes>0</ElapsedMinutes>
	</Testing>
</Site>
