[0.047s] Invoking command in '/home/grant/ros2_ws/build/mavros': AMENT_PREFIX_PATH=/home/grant/ros2_ws/install/mavros:/home/grant/ros2_ws/install/libmavconn:/home/grant/ros2_ws/install/mavros_msgs:${AMENT_PREFIX_PATH} CMAKE_PREFIX_PATH=/home/grant/ros2_ws/install/mavros:/home/grant/ros2_ws/install/libmavconn:/home/grant/ros2_ws/install/mavros_msgs:/home/grant/ros2_ws/install/mavlink:${CMAKE_PREFIX_PATH} CONDA_PROMPT_MODIFIER=(base) LD_LIBRARY_PATH=/home/grant/ros2_ws/install/mavros/lib:/home/grant/ros2_ws/install/libmavconn/lib:/home/grant/ros2_ws/install/mavros_msgs/lib:${LD_LIBRARY_PATH} PKG_CONFIG_PATH=/home/grant/ros2_ws/install/mavlink/lib/x86_64-linux-gnu/pkgconfig:/home/grant/ros2_ws/install/mavlink/lib/pkgconfig:${PKG_CONFIG_PATH} PYTHONPATH=/home/grant/ros2_ws/install/mavros/lib/python3.8/site-packages:/home/grant/ros2_ws/install/mavros_msgs/lib/python3.8/site-packages:${PYTHONPATH} /usr/bin/ctest -C Release -D ExperimentalTest --no-compress-output -V --force-new-ctest-process
[0.061s] UpdateCTestConfiguration  from :/home/grant/ros2_ws/build/mavros/CTestConfiguration.ini
[0.061s] Parse Config file:/home/grant/ros2_ws/build/mavros/CTestConfiguration.ini
[0.061s]    Site: grant-2f
[0.061s]    Build name: (empty)
[0.061s]  Add coverage exclude regular expressions.
[0.062s] SetCTestConfiguration:CMakeCommand:/usr/bin/cmake
[0.062s] Create new tag: 20221024-0048 - Experimental
[0.062s] UpdateCTestConfiguration  from :/home/grant/ros2_ws/build/mavros/CTestConfiguration.ini
[0.062s] Parse Config file:/home/grant/ros2_ws/build/mavros/CTestConfiguration.ini
[0.062s] Test project /home/grant/ros2_ws/build/mavros
[0.062s] Constructing a list of tests
[0.062s] Done constructing a list of tests
[0.062s] Updating test list for fixtures
[0.062s] Added 0 tests to meet fixture requirements
[0.062s] Checking test dependency graph...
[0.062s] Checking test dependency graph end
[0.062s] test 1
[0.062s]       Start  1: libmavros-frame-conversions-test
[0.062s] 
[0.063s] 1: Test command: /home/grant/miniconda3/bin/python3 "-u" "/opt/ros/foxy/share/ament_cmake_test/cmake/run_test.py" "/home/grant/ros2_ws/build/mavros/test_results/mavros/libmavros-frame-conversions-test.gtest.xml" "--package-name" "mavros" "--output-file" "/home/grant/ros2_ws/build/mavros/ament_cmake_gtest/libmavros-frame-conversions-test.txt" "--command" "/home/grant/ros2_ws/build/mavros/libmavros-frame-conversions-test" "--gtest_output=xml:/home/grant/ros2_ws/build/mavros/test_results/mavros/libmavros-frame-conversions-test.gtest.xml"
[0.063s] 1: Test timeout computed to be: 60
[0.121s] 1: -- run_test.py: invoking following command in '/home/grant/ros2_ws/build/mavros':
[0.121s] 1:  - /home/grant/ros2_ws/build/mavros/libmavros-frame-conversions-test --gtest_output=xml:/home/grant/ros2_ws/build/mavros/test_results/mavros/libmavros-frame-conversions-test.gtest.xml
[0.135s] 1: [==========] Running 9 tests from 1 test case.
[0.135s] 1: [----------] Global test environment set-up.
[0.135s] 1: [----------] 9 tests from FRAME_TF
[0.135s] 1: [ RUN      ] FRAME_TF.transform_static_frame__aircraft_to_baselink_123
[0.135s] 1: [       OK ] FRAME_TF.transform_static_frame__aircraft_to_baselink_123 (0 ms)
[0.135s] 1: [ RUN      ] FRAME_TF.transform_static_frame__baselink_to_aircraft_123
[0.135s] 1: [       OK ] FRAME_TF.transform_static_frame__baselink_to_aircraft_123 (0 ms)
[0.135s] 1: [ RUN      ] FRAME_TF.transform_static_frame__enu_to_ned_123
[0.135s] 1: [       OK ] FRAME_TF.transform_static_frame__enu_to_ned_123 (0 ms)
[0.135s] 1: [ RUN      ] FRAME_TF.transform_static_frame__ned_to_enu_123
[0.135s] 1: [       OK ] FRAME_TF.transform_static_frame__ned_to_enu_123 (0 ms)
[0.135s] 1: [ RUN      ] FRAME_TF.transform_static_frame__ecef_to_enu_123_00
[0.136s] 1: [       OK ] FRAME_TF.transform_static_frame__ecef_to_enu_123_00 (0 ms)
[0.136s] 1: [ RUN      ] FRAME_TF.transform_static_frame__enu_to_ecef_123_00
[0.136s] 1: [       OK ] FRAME_TF.transform_static_frame__enu_to_ecef_123_00 (0 ms)
[0.136s] 1: [ RUN      ] FRAME_TF.transform_static_frame__ecef_to_enu_123_4030
[0.136s] 1: [       OK ] FRAME_TF.transform_static_frame__ecef_to_enu_123_4030 (0 ms)
[0.136s] 1: [ RUN      ] FRAME_TF.transform_static_frame__enu_to_ecef_123_4030
[0.136s] 1: [       OK ] FRAME_TF.transform_static_frame__enu_to_ecef_123_4030 (0 ms)
[0.136s] 1: [ RUN      ] FRAME_TF.quaternion_transforms__ned_to_ned_123
[0.136s] 1: [       OK ] FRAME_TF.quaternion_transforms__ned_to_ned_123 (0 ms)
[0.136s] 1: [----------] 9 tests from FRAME_TF (1 ms total)
[0.136s] 1: 
[0.136s] 1: [----------] Global test environment tear-down
[0.136s] 1: [==========] 9 tests from 1 test case ran. (1 ms total)
[0.136s] 1: [  PASSED  ] 9 tests.
[0.137s] 1: -- run_test.py: return code 0
[0.138s] 1: -- run_test.py: inject classname prefix into gtest result file '/home/grant/ros2_ws/build/mavros/test_results/mavros/libmavros-frame-conversions-test.gtest.xml'
[0.138s] 1: -- run_test.py: verify result file '/home/grant/ros2_ws/build/mavros/test_results/mavros/libmavros-frame-conversions-test.gtest.xml'
[0.149s]  1/12 Test  #1: libmavros-frame-conversions-test ....   Passed    0.09 sec
[0.149s] test 2
[0.149s]       Start  2: libmavros-sensor-orientation-test
[0.150s] 
[0.150s] 2: Test command: /home/grant/miniconda3/bin/python3 "-u" "/opt/ros/foxy/share/ament_cmake_test/cmake/run_test.py" "/home/grant/ros2_ws/build/mavros/test_results/mavros/libmavros-sensor-orientation-test.gtest.xml" "--package-name" "mavros" "--output-file" "/home/grant/ros2_ws/build/mavros/ament_cmake_gtest/libmavros-sensor-orientation-test.txt" "--command" "/home/grant/ros2_ws/build/mavros/libmavros-sensor-orientation-test" "--gtest_output=xml:/home/grant/ros2_ws/build/mavros/test_results/mavros/libmavros-sensor-orientation-test.gtest.xml"
[0.150s] 2: Test timeout computed to be: 60
[0.210s] 2: -- run_test.py: invoking following command in '/home/grant/ros2_ws/build/mavros':
[0.210s] 2:  - /home/grant/ros2_ws/build/mavros/libmavros-sensor-orientation-test --gtest_output=xml:/home/grant/ros2_ws/build/mavros/test_results/mavros/libmavros-sensor-orientation-test.gtest.xml
[0.222s] 2: [==========] Running 16 tests from 1 test case.
[0.222s] 2: [----------] Global test environment set-up.
[0.222s] 2: [----------] 16 tests from UTILS
[0.222s] 2: [ RUN      ] UTILS.sensor_orientation_matching__none
[0.222s] 2: [       OK ] UTILS.sensor_orientation_matching__none (0 ms)
[0.222s] 2: [ RUN      ] UTILS.sensor_orientation_matching__roll_180
[0.222s] 2: [       OK ] UTILS.sensor_orientation_matching__roll_180 (0 ms)
[0.223s] 2: [ RUN      ] UTILS.sensor_orientation_matching__roll_180_yaw_90
[0.223s] 2: [       OK ] UTILS.sensor_orientation_matching__roll_180_yaw_90 (0 ms)
[0.223s] 2: [ RUN      ] UTILS.sensor_orientation_matching__custom
[0.223s] 2: [       OK ] UTILS.sensor_orientation_matching__custom (0 ms)
[0.223s] 2: [ RUN      ] UTILS.to_string__none
[0.223s] 2: [       OK ] UTILS.to_string__none (0 ms)
[0.223s] 2: [ RUN      ] UTILS.to_string__roll_180
[0.223s] 2: [       OK ] UTILS.to_string__roll_180 (0 ms)
[0.223s] 2: [ RUN      ] UTILS.to_string__roll_180_yaw_90
[0.223s] 2: [       OK ] UTILS.to_string__roll_180_yaw_90 (0 ms)
[0.223s] 2: [ RUN      ] UTILS.to_string__custom
[0.224s] 2: [       OK ] UTILS.to_string__custom (0 ms)
[0.224s] 2: [ RUN      ] UTILS.sensor_orientation_from_str__none
[0.224s] 2: [       OK ] UTILS.sensor_orientation_from_str__none (0 ms)
[0.224s] 2: [ RUN      ] UTILS.sensor_orientation_from_str__unknown
[0.224s] 2: [ERROR] [1666572534.512606403] [uas.enum]: SENSOR: wrong orientation str: completely wrong identifier
[0.224s] 2: [       OK ] UTILS.sensor_orientation_from_str__unknown (0 ms)
[0.224s] 2: [ RUN      ] UTILS.sensor_orientation_from_str__number
[0.224s] 2: [       OK ] UTILS.sensor_orientation_from_str__number (0 ms)
[0.224s] 2: [ RUN      ] UTILS.sensor_orientation_from_str__wrong_number
[0.224s] 2: [ERROR] [1666572534.512666553] [uas.enum]: SENSOR: orientation index out of bound: 123
[0.224s] 2: [       OK ] UTILS.sensor_orientation_from_str__wrong_number (0 ms)
[0.224s] 2: [ RUN      ] UTILS.sensor_orientation_from_str__roll_180
[0.224s] 2: [       OK ] UTILS.sensor_orientation_from_str__roll_180 (0 ms)
[0.224s] 2: [ RUN      ] UTILS.sensor_orientation_from_str__roll_180_yaw_90
[0.224s] 2: [       OK ] UTILS.sensor_orientation_from_str__roll_180_yaw_90 (0 ms)
[0.225s] 2: [ RUN      ] UTILS.sensor_orientation_from_str__last_element_roll_90_yaw_270
[0.225s] 2: [       OK ] UTILS.sensor_orientation_from_str__last_element_roll_90_yaw_270 (0 ms)
[0.225s] 2: [ RUN      ] UTILS.sensor_orientation_from_str__custom
[0.225s] 2: [       OK ] UTILS.sensor_orientation_from_str__custom (0 ms)
[0.225s] 2: [----------] 16 tests from UTILS (0 ms total)
[0.225s] 2: 
[0.225s] 2: [----------] Global test environment tear-down
[0.225s] 2: [==========] 16 tests from 1 test case ran. (0 ms total)
[0.225s] 2: [  PASSED  ] 16 tests.
[0.225s] 2: -- run_test.py: return code 0
[0.225s] 2: -- run_test.py: inject classname prefix into gtest result file '/home/grant/ros2_ws/build/mavros/test_results/mavros/libmavros-sensor-orientation-test.gtest.xml'
[0.226s] 2: -- run_test.py: verify result file '/home/grant/ros2_ws/build/mavros/test_results/mavros/libmavros-sensor-orientation-test.gtest.xml'
[0.240s]  2/12 Test  #2: libmavros-sensor-orientation-test ...   Passed    0.09 sec
[0.240s] test 3
[0.240s]       Start  3: libmavros-quaternion-utils-test
[0.241s] 
[0.241s] 3: Test command: /home/grant/miniconda3/bin/python3 "-u" "/opt/ros/foxy/share/ament_cmake_test/cmake/run_test.py" "/home/grant/ros2_ws/build/mavros/test_results/mavros/libmavros-quaternion-utils-test.gtest.xml" "--package-name" "mavros" "--output-file" "/home/grant/ros2_ws/build/mavros/ament_cmake_gtest/libmavros-quaternion-utils-test.txt" "--command" "/home/grant/ros2_ws/build/mavros/libmavros-quaternion-utils-test" "--gtest_output=xml:/home/grant/ros2_ws/build/mavros/test_results/mavros/libmavros-quaternion-utils-test.gtest.xml"
[0.241s] 3: Test timeout computed to be: 60
[0.302s] 3: -- run_test.py: invoking following command in '/home/grant/ros2_ws/build/mavros':
[0.302s] 3:  - /home/grant/ros2_ws/build/mavros/libmavros-quaternion-utils-test --gtest_output=xml:/home/grant/ros2_ws/build/mavros/test_results/mavros/libmavros-quaternion-utils-test.gtest.xml
[0.313s] 3: [==========] Running 7 tests from 1 test case.
[0.313s] 3: [----------] Global test environment set-up.
[0.313s] 3: [----------] 7 tests from FRAME_TF
[0.313s] 3: [ RUN      ] FRAME_TF.quaternion_from_rpy__check_compatibility
[0.314s] 3: [       OK ] FRAME_TF.quaternion_from_rpy__check_compatibility (0 ms)
[0.314s] 3: [ RUN      ] FRAME_TF.quaternion_from_rpy__paranoic_check
[0.314s] 3: [       OK ] FRAME_TF.quaternion_from_rpy__paranoic_check (0 ms)
[0.314s] 3: [ RUN      ] FRAME_TF.quaternion_to_rpy__123
[0.314s] 3: [       OK ] FRAME_TF.quaternion_to_rpy__123 (0 ms)
[0.314s] 3: [ RUN      ] FRAME_TF.quaternion_to_rpy__pm_pi
[0.743s] 3: [       OK ] FRAME_TF.quaternion_to_rpy__pm_pi (430 ms)
[0.743s] 3: [ RUN      ] FRAME_TF.quaternion_get_yaw__123
[0.743s] 3: [       OK ] FRAME_TF.quaternion_get_yaw__123 (0 ms)
[0.743s] 3: [ RUN      ] FRAME_TF.quaternion_get_yaw__pm_pi
[0.747s] 3: [       OK ] FRAME_TF.quaternion_get_yaw__pm_pi (5 ms)
[0.748s] 3: [ RUN      ] FRAME_TF.quaternion_to_mavlink__123
[0.748s] 3: [       OK ] FRAME_TF.quaternion_to_mavlink__123 (0 ms)
[0.748s] 3: [----------] 7 tests from FRAME_TF (435 ms total)
[0.748s] 3: 
[0.748s] 3: [----------] Global test environment tear-down
[0.748s] 3: [==========] 7 tests from 1 test case ran. (435 ms total)
[0.748s] 3: [  PASSED  ] 7 tests.
[0.751s] 3: -- run_test.py: return code 0
[0.751s] 3: -- run_test.py: inject classname prefix into gtest result file '/home/grant/ros2_ws/build/mavros/test_results/mavros/libmavros-quaternion-utils-test.gtest.xml'
[0.751s] 3: -- run_test.py: verify result file '/home/grant/ros2_ws/build/mavros/test_results/mavros/libmavros-quaternion-utils-test.gtest.xml'
[0.761s]  3/12 Test  #3: libmavros-quaternion-utils-test .....   Passed    0.52 sec
[0.761s] test 4
[0.761s]       Start  4: mavros-router-test
[0.761s] 
[0.762s] 4: Test command: /home/grant/miniconda3/bin/python3 "-u" "/opt/ros/foxy/share/ament_cmake_test/cmake/run_test.py" "/home/grant/ros2_ws/build/mavros/test_results/mavros/mavros-router-test.gtest.xml" "--package-name" "mavros" "--output-file" "/home/grant/ros2_ws/build/mavros/ament_cmake_gmock/mavros-router-test.txt" "--command" "/home/grant/ros2_ws/build/mavros/mavros-router-test" "--gtest_output=xml:/home/grant/ros2_ws/build/mavros/test_results/mavros/mavros-router-test.gtest.xml"
[0.762s] 4: Test timeout computed to be: 60
[0.824s] 4: -- run_test.py: invoking following command in '/home/grant/ros2_ws/build/mavros':
[0.824s] 4:  - /home/grant/ros2_ws/build/mavros/mavros-router-test --gtest_output=xml:/home/grant/ros2_ws/build/mavros/test_results/mavros/mavros-router-test.gtest.xml
[0.835s] 4: [==========] Running 8 tests from 1 test case.
[0.836s] 4: [----------] Global test environment set-up.
[0.836s] 4: [----------] 8 tests from TestRouter
[0.836s] 4: [ RUN      ] TestRouter.set_parameter
[0.844s] 4: [INFO] [1666572535.134963459] [test_mavros_router]: Built-in SIMD instructions: SSE, SSE2
[0.845s] 4: [INFO] [1666572535.135048889] [test_mavros_router]: Built-in MAVLink package version: 2022.8.8
[0.845s] 4: [INFO] [1666572535.135063189] [test_mavros_router]: Known MAVLink dialects: common ardupilotmega ASLUAV AVSSUAS all development icarous matrixpilot paparazzi standard storm32 uAvionix ualberta
[0.845s] 4: [INFO] [1666572535.135071369] [test_mavros_router]: MAVROS Router started
[0.845s] 4: [INFO] [1666572535.135157119] [test_mavros_router]: Requested to add endpoint: type: 0, url: tcp-l://:57601
[0.845s] 4: [INFO] [1666572535.135284469] [test_mavros_router]: Endpoint link[1000] created
[0.846s] 4: [INFO] [1666572535.137075353] [test_mavros_router]: link[1000] opened successfully
[0.846s] 4: [INFO] [1666572535.137112884] [test_mavros_router]: Requested to add endpoint: type: 0, url: udp://:45001@
[0.847s] 4: [INFO] [1666572535.137151544] [test_mavros_router]: Endpoint link[1001] created
[0.847s] 4: [INFO] [1666572535.137380244] [test_mavros_router]: link[1001] opened successfully
[0.847s] 4: [INFO] [1666572535.137444904] [test_mavros_router]: Requested to add endpoint: type: 1, url: tcp-l://:57602
[0.847s] 4: [INFO] [1666572535.137503445] [test_mavros_router]: Endpoint link[1002] created
[0.847s] 4: [INFO] [1666572535.137642245] [test_mavros_router]: link[1002] opened successfully
[0.847s] 4: [INFO] [1666572535.137668465] [test_mavros_router]: Requested to add endpoint: type: 1, url: udp://:45002@
[0.847s] 4: [INFO] [1666572535.137706315] [test_mavros_router]: Endpoint link[1003] created
[0.847s] 4: [INFO] [1666572535.137836655] [test_mavros_router]: link[1003] opened successfully
[0.847s] 4: [INFO] [1666572535.137894415] [test_mavros_router]: Requested to add endpoint: type: 2, url: /uas1
[0.848s] 4: [INFO] [1666572535.137965026] [test_mavros_router]: Endpoint link[1004] created
[0.848s] 4: [INFO] [1666572535.138862758] [test_mavros_router]: link[1004] opened successfully
[0.848s] 4: [INFO] [1666572535.138889508] [test_mavros_router]: Requested to add endpoint: type: 2, url: /uas2
[0.848s] 4: [INFO] [1666572535.138925038] [test_mavros_router]: Endpoint link[1005] created
[0.849s] 4: [INFO] [1666572535.139342189] [test_mavros_router]: link[1005] opened successfully
[0.849s] 4: [       OK ] TestRouter.set_parameter (13 ms)
[0.849s] 4: [ RUN      ] TestRouter.route_fcu_broadcast
[0.855s] 4: [INFO] [1666572535.145690425] [test_mavros_router]: Built-in SIMD instructions: SSE, SSE2
[0.855s] 4: [INFO] [1666572535.145718965] [test_mavros_router]: Built-in MAVLink package version: 2022.8.8
[0.855s] 4: [INFO] [1666572535.145727245] [test_mavros_router]: Known MAVLink dialects: common ardupilotmega ASLUAV AVSSUAS all development icarous matrixpilot paparazzi standard storm32 uAvionix ualberta
[0.855s] 4: [INFO] [1666572535.145734815] [test_mavros_router]: MAVROS Router started
[0.855s] 4: [       OK ] TestRouter.route_fcu_broadcast (7 ms)
[0.855s] 4: [ RUN      ] TestRouter.route_uas_broadcast
[0.862s] 4: [INFO] [1666572535.152853277] [test_mavros_router]: Built-in SIMD instructions: SSE, SSE2
[0.863s] 4: [INFO] [1666572535.152905017] [test_mavros_router]: Built-in MAVLink package version: 2022.8.8
[0.863s] 4: [INFO] [1666572535.152913657] [test_mavros_router]: Known MAVLink dialects: common ardupilotmega ASLUAV AVSSUAS all development icarous matrixpilot paparazzi standard storm32 uAvionix ualberta
[0.863s] 4: [INFO] [1666572535.152920457] [test_mavros_router]: MAVROS Router started
[0.863s] 4: [       OK ] TestRouter.route_uas_broadcast (7 ms)
[0.863s] 4: [ RUN      ] TestRouter.route_gcs_broadcast
[0.899s] 4: [INFO] [1666572535.189967451] [test_mavros_router]: Built-in SIMD instructions: SSE, SSE2
[0.899s] 4: [INFO] [1666572535.190002471] [test_mavros_router]: Built-in MAVLink package version: 2022.8.8
[0.899s] 4: [INFO] [1666572535.190010681] [test_mavros_router]: Known MAVLink dialects: common ardupilotmega ASLUAV AVSSUAS all development icarous matrixpilot paparazzi standard storm32 uAvionix ualberta
[0.900s] 4: [INFO] [1666572535.190017191] [test_mavros_router]: MAVROS Router started
[0.900s] 4: [       OK ] TestRouter.route_gcs_broadcast (37 ms)
[0.900s] 4: [ RUN      ] TestRouter.route_targeted_one_system
[0.908s] 4: [INFO] [1666572535.198552626] [test_mavros_router]: Built-in SIMD instructions: SSE, SSE2
[0.908s] 4: [INFO] [1666572535.198587446] [test_mavros_router]: Built-in MAVLink package version: 2022.8.8
[0.908s] 4: [INFO] [1666572535.198597046] [test_mavros_router]: Known MAVLink dialects: common ardupilotmega ASLUAV AVSSUAS all development icarous matrixpilot paparazzi standard storm32 uAvionix ualberta
[0.908s] 4: [INFO] [1666572535.198603896] [test_mavros_router]: MAVROS Router started
[0.908s] 4: [       OK ] TestRouter.route_targeted_one_system (8 ms)
[0.908s] 4: [ RUN      ] TestRouter.route_targeted_two_system
[0.917s] 4: [INFO] [1666572535.207804314] [test_mavros_router]: Built-in SIMD instructions: SSE, SSE2
[0.917s] 4: [INFO] [1666572535.207834744] [test_mavros_router]: Built-in MAVLink package version: 2022.8.8
[0.917s] 4: [INFO] [1666572535.207843114] [test_mavros_router]: Known MAVLink dialects: common ardupilotmega ASLUAV AVSSUAS all development icarous matrixpilot paparazzi standard storm32 uAvionix ualberta
[0.917s] 4: [INFO] [1666572535.207849734] [test_mavros_router]: MAVROS Router started
[0.918s] 4: [       OK ] TestRouter.route_targeted_two_system (10 ms)
[0.918s] 4: [ RUN      ] TestRouter.route_targeted_system_component
[0.927s] 4: [INFO] [1666572535.217659648] [test_mavros_router]: Built-in SIMD instructions: SSE, SSE2
[0.927s] 4: [INFO] [1666572535.217689958] [test_mavros_router]: Built-in MAVLink package version: 2022.8.8
[0.927s] 4: [INFO] [1666572535.217698628] [test_mavros_router]: Known MAVLink dialects: common ardupilotmega ASLUAV AVSSUAS all development icarous matrixpilot paparazzi standard storm32 uAvionix ualberta
[0.927s] 4: [INFO] [1666572535.217705238] [test_mavros_router]: MAVROS Router started
[0.927s] 4: [       OK ] TestRouter.route_targeted_system_component (10 ms)
[0.927s] 4: [ RUN      ] TestRouter.endpoint_recv_message
[0.937s] 4: [INFO] [1666572535.228110154] [test_mavros_router]: Built-in SIMD instructions: SSE, SSE2
[0.938s] 4: [INFO] [1666572535.228143124] [test_mavros_router]: Built-in MAVLink package version: 2022.8.8
[0.938s] 4: [INFO] [1666572535.228153654] [test_mavros_router]: Known MAVLink dialects: common ardupilotmega ASLUAV AVSSUAS all development icarous matrixpilot paparazzi standard storm32 uAvionix ualberta
[0.938s] 4: [INFO] [1666572535.228160854] [test_mavros_router]: MAVROS Router started
[0.938s] 4: [INFO] [1666572535.228201194] [test_mavros_router]: Requested to add endpoint: type: 2, url: /uas1
[0.938s] 4: [INFO] [1666572535.228260254] [test_mavros_router]: Endpoint link[1000] created
[0.938s] 4: [INFO] [1666572535.228990626] [test_mavros_router]: link[1000] opened successfully
[0.939s] 4: [INFO] [1666572535.229091416] [test_mavros_router]: link[1000] detected remote address 1.191
[0.939s] 4: [WARN] [1666572535.229127456] [test_mavros_router]: Message dropped: msgid: 0, source: 1.191, target: 0.0
[0.939s] 4: [       OK ] TestRouter.endpoint_recv_message (11 ms)
[0.939s] 4: [----------] 8 tests from TestRouter (103 ms total)
[0.939s] 4: 
[0.939s] 4: [----------] Global test environment tear-down
[0.939s] 4: [==========] 8 tests from 1 test case ran. (103 ms total)
[0.939s] 4: [  PASSED  ] 8 tests.
[0.944s] 4: -- run_test.py: return code 0
[0.944s] 4: -- run_test.py: inject classname prefix into gtest result file '/home/grant/ros2_ws/build/mavros/test_results/mavros/mavros-router-test.gtest.xml'
[0.945s] 4: -- run_test.py: verify result file '/home/grant/ros2_ws/build/mavros/test_results/mavros/mavros-router-test.gtest.xml'
[0.955s]  4/12 Test  #4: mavros-router-test ..................   Passed    0.19 sec
[0.955s] test 5
[0.955s]       Start  5: mavros-uas-test
[0.955s] 
[0.955s] 5: Test command: /home/grant/miniconda3/bin/python3 "-u" "/opt/ros/foxy/share/ament_cmake_test/cmake/run_test.py" "/home/grant/ros2_ws/build/mavros/test_results/mavros/mavros-uas-test.gtest.xml" "--package-name" "mavros" "--output-file" "/home/grant/ros2_ws/build/mavros/ament_cmake_gmock/mavros-uas-test.txt" "--command" "/home/grant/ros2_ws/build/mavros/mavros-uas-test" "--gtest_output=xml:/home/grant/ros2_ws/build/mavros/test_results/mavros/mavros-uas-test.gtest.xml"
[0.955s] 5: Test timeout computed to be: 60
[1.017s] 5: -- run_test.py: invoking following command in '/home/grant/ros2_ws/build/mavros':
[1.017s] 5:  - /home/grant/ros2_ws/build/mavros/mavros-uas-test --gtest_output=xml:/home/grant/ros2_ws/build/mavros/test_results/mavros/mavros-uas-test.gtest.xml
[1.029s] 5: [==========] Running 2 tests from 1 test case.
[1.029s] 5: [----------] Global test environment set-up.
[1.029s] 5: [----------] 2 tests from TestUAS
[1.029s] 5: [ RUN      ] TestUAS.is_plugin_allowed
[1.057s] 5: [       OK ] TestUAS.is_plugin_allowed (28 ms)
[1.057s] 5: [ RUN      ] TestUAS.add_plugin__route_message__filter
[1.065s] 5: [INFO] [1666572535.354961933] [test_mavros_uas]: Plugin test1 created
[1.065s] 5: [INFO] [1666572535.355601644] [test_mavros_uas]: Plugin test1 initialized
[1.065s] 5: [INFO] [1666572535.355641724] [test_mavros_uas]: Plugin test2 created
[1.065s] 5: [INFO] [1666572535.355701844] [test_mavros_uas]: Plugin test2 initialized
[1.066s] 5: [       OK ] TestUAS.add_plugin__route_message__filter (9 ms)
[1.066s] 5: [----------] 2 tests from TestUAS (37 ms total)
[1.066s] 5: 
[1.066s] 5: [----------] Global test environment tear-down
[1.066s] 5: [==========] 2 tests from 1 test case ran. (37 ms total)
[1.066s] 5: [  PASSED  ] 2 tests.
[1.071s] 5: -- run_test.py: return code 0
[1.072s] 5: -- run_test.py: inject classname prefix into gtest result file '/home/grant/ros2_ws/build/mavros/test_results/mavros/mavros-uas-test.gtest.xml'
[1.072s] 5: -- run_test.py: verify result file '/home/grant/ros2_ws/build/mavros/test_results/mavros/mavros-uas-test.gtest.xml'
[1.082s]  5/12 Test  #5: mavros-uas-test .....................   Passed    0.13 sec
[1.082s] test 6
[1.082s]       Start  6: cppcheck
[1.082s] 
[1.082s] 6: Test command: /home/grant/miniconda3/bin/python3 "-u" "/opt/ros/foxy/share/ament_cmake_test/cmake/run_test.py" "/home/grant/ros2_ws/build/mavros/test_results/mavros/cppcheck.xunit.xml" "--package-name" "mavros" "--output-file" "/home/grant/ros2_ws/build/mavros/ament_cppcheck/cppcheck.txt" "--command" "/opt/ros/foxy/bin/ament_cppcheck" "--xunit-file" "/home/grant/ros2_ws/build/mavros/test_results/mavros/cppcheck.xunit.xml" "--exclude" "./test/*.cpp" "--include_dirs" "/home/grant/ros2_ws/src/mavros/mavros/include"
[1.082s] 6: Test timeout computed to be: 300
[1.144s] 6: -- run_test.py: invoking following command in '/home/grant/ros2_ws/src/mavros/mavros':
[1.144s] 6:  - /opt/ros/foxy/bin/ament_cppcheck --xunit-file /home/grant/ros2_ws/build/mavros/test_results/mavros/cppcheck.xunit.xml --exclude ./test/*.cpp --include_dirs /home/grant/ros2_ws/src/mavros/mavros/include
[1.557s] 6: No problems found
[1.573s] 6: -- run_test.py: return code 0
[1.573s] 6: -- run_test.py: verify result file '/home/grant/ros2_ws/build/mavros/test_results/mavros/cppcheck.xunit.xml'
[1.586s]  6/12 Test  #6: cppcheck ............................   Passed    0.50 sec
[1.586s] test 7
[1.586s]       Start  7: cpplint
[1.586s] 
[1.586s] 7: Test command: /home/grant/miniconda3/bin/python3 "-u" "/opt/ros/foxy/share/ament_cmake_test/cmake/run_test.py" "/home/grant/ros2_ws/build/mavros/test_results/mavros/cpplint.xunit.xml" "--package-name" "mavros" "--output-file" "/home/grant/ros2_ws/build/mavros/ament_cpplint/cpplint.txt" "--command" "/opt/ros/foxy/bin/ament_cpplint" "--xunit-file" "/home/grant/ros2_ws/build/mavros/test_results/mavros/cpplint.xunit.xml"
[1.586s] 7: Test timeout computed to be: 120
[1.646s] 7: -- run_test.py: invoking following command in '/home/grant/ros2_ws/src/mavros/mavros':
[1.647s] 7:  - /opt/ros/foxy/bin/ament_cpplint --xunit-file /home/grant/ros2_ws/build/mavros/test_results/mavros/cpplint.xunit.xml
[6.138s] 7: Using '--root=/home/grant/ros2_ws/src/mavros/mavros/include' argument
[6.138s] 7: 
[6.138s] 7: Done processing /home/grant/ros2_ws/src/mavros/mavros/include/mavros/frame_tf.hpp
[6.138s] 7: 
[6.138s] 7: Done processing /home/grant/ros2_ws/src/mavros/mavros/include/mavros/mavros_plugin_register_macro.hpp
[6.138s] 7: 
[6.138s] 7: Done processing /home/grant/ros2_ws/src/mavros/mavros/include/mavros/mavros_router.hpp
[6.138s] 7: 
[6.138s] 7: Done processing /home/grant/ros2_ws/src/mavros/mavros/include/mavros/mavros_uas.hpp
[6.139s] 7: 
[6.139s] 7: Done processing /home/grant/ros2_ws/src/mavros/mavros/include/mavros/mission_protocol_base.hpp
[6.139s] 7: 
[6.139s] 7: Done processing /home/grant/ros2_ws/src/mavros/mavros/include/mavros/plugin.hpp
[6.139s] 7: 
[6.139s] 7: Done processing /home/grant/ros2_ws/src/mavros/mavros/include/mavros/plugin_filter.hpp
[6.139s] 7: 
[6.139s] 7: Done processing /home/grant/ros2_ws/src/mavros/mavros/include/mavros/px4_custom_mode.hpp
[6.139s] 7: 
[6.139s] 7: Done processing /home/grant/ros2_ws/src/mavros/mavros/include/mavros/setpoint_mixin.hpp
[6.139s] 7: 
[6.139s] 7: Done processing /home/grant/ros2_ws/src/mavros/mavros/include/mavros/uas_executor.hpp
[6.139s] 7: 
[6.139s] 7: Done processing /home/grant/ros2_ws/src/mavros/mavros/include/mavros/utils.hpp
[6.140s] 7: 
[6.140s] 7: Using '--root=/home/grant/ros2_ws/src/mavros/mavros/src' argument
[6.140s] 7: 
[6.140s] 7: Done processing /home/grant/ros2_ws/src/mavros/mavros/src/mavros_node.cpp
[6.140s] 7: 
[6.140s] 7: Done processing /home/grant/ros2_ws/src/mavros/mavros/src/lib/enum_sensor_orientation.cpp
[6.140s] 7: 
[6.140s] 7: Done processing /home/grant/ros2_ws/src/mavros/mavros/src/lib/enum_to_string.cpp
[6.140s] 7: 
[6.140s] 7: Done processing /home/grant/ros2_ws/src/mavros/mavros/src/lib/ftf_frame_conversions.cpp
[6.140s] 7: 
[6.140s] 7: Done processing /home/grant/ros2_ws/src/mavros/mavros/src/lib/ftf_quaternion_utils.cpp
[6.140s] 7: 
[6.140s] 7: Done processing /home/grant/ros2_ws/src/mavros/mavros/src/lib/mavros_router.cpp
[6.140s] 7: 
[6.141s] 7: Done processing /home/grant/ros2_ws/src/mavros/mavros/src/lib/mavros_uas.cpp
[6.141s] 7: 
[6.141s] 7: Done processing /home/grant/ros2_ws/src/mavros/mavros/src/lib/plugin.cpp
[6.141s] 7: 
[6.141s] 7: Done processing /home/grant/ros2_ws/src/mavros/mavros/src/lib/uas_ap.cpp
[6.141s] 7: 
[6.141s] 7: Done processing /home/grant/ros2_ws/src/mavros/mavros/src/lib/uas_data.cpp
[6.141s] 7: 
[6.141s] 7: Done processing /home/grant/ros2_ws/src/mavros/mavros/src/lib/uas_executor.cpp
[6.141s] 7: 
[6.141s] 7: Done processing /home/grant/ros2_ws/src/mavros/mavros/src/lib/uas_stringify.cpp
[6.141s] 7: 
[6.141s] 7: Done processing /home/grant/ros2_ws/src/mavros/mavros/src/lib/uas_tf.cpp
[6.141s] 7: 
[6.141s] 7: Done processing /home/grant/ros2_ws/src/mavros/mavros/src/lib/uas_timesync.cpp
[6.142s] 7: 
[6.142s] 7: Done processing /home/grant/ros2_ws/src/mavros/mavros/src/plugins/actuator_control.cpp
[6.142s] 7: 
[6.142s] 7: Done processing /home/grant/ros2_ws/src/mavros/mavros/src/plugins/altitude.cpp
[6.142s] 7: 
[6.142s] 7: Done processing /home/grant/ros2_ws/src/mavros/mavros/src/plugins/command.cpp
[6.142s] 7: 
[6.142s] 7: Done processing /home/grant/ros2_ws/src/mavros/mavros/src/plugins/dummy.cpp
[6.142s] 7: 
[6.142s] 7: Done processing /home/grant/ros2_ws/src/mavros/mavros/src/plugins/ftp.cpp
[6.142s] 7: 
[6.142s] 7: Done processing /home/grant/ros2_ws/src/mavros/mavros/src/plugins/geofence.cpp
[6.143s] 7: 
[6.143s] 7: Done processing /home/grant/ros2_ws/src/mavros/mavros/src/plugins/global_position.cpp
[6.143s] 7: 
[6.143s] 7: Done processing /home/grant/ros2_ws/src/mavros/mavros/src/plugins/home_position.cpp
[6.143s] 7: 
[6.143s] 7: Done processing /home/grant/ros2_ws/src/mavros/mavros/src/plugins/imu.cpp
[6.143s] 7: 
[6.143s] 7: Done processing /home/grant/ros2_ws/src/mavros/mavros/src/plugins/local_position.cpp
[6.143s] 7: 
[6.143s] 7: Done processing /home/grant/ros2_ws/src/mavros/mavros/src/plugins/manual_control.cpp
[6.143s] 7: 
[6.143s] 7: Done processing /home/grant/ros2_ws/src/mavros/mavros/src/plugins/mission_protocol_base.cpp
[6.143s] 7: 
[6.143s] 7: Done processing /home/grant/ros2_ws/src/mavros/mavros/src/plugins/nav_controller_output.cpp
[6.143s] 7: 
[6.144s] 7: Done processing /home/grant/ros2_ws/src/mavros/mavros/src/plugins/param.cpp
[6.144s] 7: 
[6.144s] 7: Done processing /home/grant/ros2_ws/src/mavros/mavros/src/plugins/rallypoint.cpp
[6.144s] 7: 
[6.144s] 7: Done processing /home/grant/ros2_ws/src/mavros/mavros/src/plugins/rc_io.cpp
[6.144s] 7: 
[6.144s] 7: Done processing /home/grant/ros2_ws/src/mavros/mavros/src/plugins/setpoint_accel.cpp
[6.144s] 7: 
[6.144s] 7: Done processing /home/grant/ros2_ws/src/mavros/mavros/src/plugins/setpoint_attitude.cpp
[6.144s] 7: 
[6.144s] 7: Done processing /home/grant/ros2_ws/src/mavros/mavros/src/plugins/setpoint_position.cpp
[6.144s] 7: 
[6.144s] 7: Done processing /home/grant/ros2_ws/src/mavros/mavros/src/plugins/setpoint_raw.cpp
[6.144s] 7: 
[6.144s] 7: Done processing /home/grant/ros2_ws/src/mavros/mavros/src/plugins/setpoint_trajectory.cpp
[6.145s] 7: 
[6.145s] 7: Done processing /home/grant/ros2_ws/src/mavros/mavros/src/plugins/setpoint_velocity.cpp
[6.145s] 7: 
[6.145s] 7: Done processing /home/grant/ros2_ws/src/mavros/mavros/src/plugins/sys_status.cpp
[6.145s] 7: 
[6.145s] 7: Done processing /home/grant/ros2_ws/src/mavros/mavros/src/plugins/sys_time.cpp
[6.145s] 7: 
[6.145s] 7: Done processing /home/grant/ros2_ws/src/mavros/mavros/src/plugins/waypoint.cpp
[6.145s] 7: 
[6.145s] 7: Done processing /home/grant/ros2_ws/src/mavros/mavros/src/plugins/wind_estimation.cpp
[6.145s] 7: 
[6.145s] 7: Using '--root=/home/grant/ros2_ws/src/mavros/mavros/test' argument
[6.145s] 7: 
[6.145s] 7: Done processing /home/grant/ros2_ws/src/mavros/mavros/test/test_frame_conversions.cpp
[6.145s] 7: 
[6.146s] 7: Done processing /home/grant/ros2_ws/src/mavros/mavros/test/test_quaternion_utils.cpp
[6.146s] 7: 
[6.146s] 7: Done processing /home/grant/ros2_ws/src/mavros/mavros/test/test_router.cpp
[6.146s] 7: 
[6.146s] 7: Done processing /home/grant/ros2_ws/src/mavros/mavros/test/test_sensor_orientation.cpp
[6.146s] 7: 
[6.146s] 7: Done processing /home/grant/ros2_ws/src/mavros/mavros/test/test_uas.cpp
[6.146s] 7: 
[6.146s] 7: No problems found
[6.154s] 7: -- run_test.py: return code 0
[6.154s] 7: -- run_test.py: verify result file '/home/grant/ros2_ws/build/mavros/test_results/mavros/cpplint.xunit.xml'
[6.166s]  7/12 Test  #7: cpplint .............................   Passed    4.58 sec
[6.166s] test 8
[6.166s]       Start  8: flake8
[6.166s] 
[6.166s] 8: Test command: /home/grant/miniconda3/bin/python3 "-u" "/opt/ros/foxy/share/ament_cmake_test/cmake/run_test.py" "/home/grant/ros2_ws/build/mavros/test_results/mavros/flake8.xunit.xml" "--package-name" "mavros" "--output-file" "/home/grant/ros2_ws/build/mavros/ament_flake8/flake8.txt" "--command" "/opt/ros/foxy/bin/ament_flake8" "--xunit-file" "/home/grant/ros2_ws/build/mavros/test_results/mavros/flake8.xunit.xml"
[6.166s] 8: Test timeout computed to be: 60
[6.227s] 8: -- run_test.py: invoking following command in '/home/grant/ros2_ws/src/mavros/mavros':
[6.227s] 8:  - /opt/ros/foxy/bin/ament_flake8 --xunit-file /home/grant/ros2_ws/build/mavros/test_results/mavros/flake8.xunit.xml
[6.719s] 8: 
[6.719s] 8: 27 files checked
[6.719s] 8: No problems found
[6.719s] 8: 
[6.719s] 8: Checked files:
[6.719s] 8: 
[6.720s] 8: * ./setup.py
[6.720s] 8: * ./mavros/ftp.py
[6.720s] 8: * ./mavros/command.py
[6.720s] 8: * ./mavros/global_position.py
[6.720s] 8: * ./mavros/param.py
[6.720s] 8: * ./mavros/setpoint.py
[6.720s] 8: * ./mavros/mission.py
[6.720s] 8: * ./mavros/system.py
[6.720s] 8: * ./mavros/mavlink.py
[6.720s] 8: * ./mavros/__init__.py
[6.720s] 8: * ./mavros/local_position.py
[6.720s] 8: * ./mavros/utils.py
[6.720s] 8: * ./mavros/nuttx_crc32.py
[6.720s] 8: * ./mavros/base.py
[6.720s] 8: * ./mavros/cmd/checkid.py
[6.721s] 8: * ./mavros/cmd/ftp.py
[6.721s] 8: * ./mavros/cmd/param.py
[6.721s] 8: * ./mavros/cmd/mission.py
[6.721s] 8: * ./mavros/cmd/system.py
[6.721s] 8: * ./mavros/cmd/__main__.py
[6.721s] 8: * ./mavros/cmd/cmd.py
[6.721s] 8: * ./mavros/cmd/__init__.py
[6.721s] 8: * ./mavros/cmd/safety.py
[6.721s] 8: * ./mavros/cmd/utils.py
[6.721s] 8: * ./test/mavros_py/test_mission.py
[6.721s] 8: * ./test/mavros_py/test_param.py
[6.721s] 8: * ./test/mavros_py/__init__.py
[6.743s] 8: -- run_test.py: return code 0
[6.743s] 8: -- run_test.py: verify result file '/home/grant/ros2_ws/build/mavros/test_results/mavros/flake8.xunit.xml'
[6.754s]  8/12 Test  #8: flake8 ..............................   Passed    0.59 sec
[6.754s] test 9
[6.754s]       Start  9: lint_cmake
[6.754s] 
[6.754s] 9: Test command: /home/grant/miniconda3/bin/python3 "-u" "/opt/ros/foxy/share/ament_cmake_test/cmake/run_test.py" "/home/grant/ros2_ws/build/mavros/test_results/mavros/lint_cmake.xunit.xml" "--package-name" "mavros" "--output-file" "/home/grant/ros2_ws/build/mavros/ament_lint_cmake/lint_cmake.txt" "--command" "/opt/ros/foxy/bin/ament_lint_cmake" "--xunit-file" "/home/grant/ros2_ws/build/mavros/test_results/mavros/lint_cmake.xunit.xml"
[6.754s] 9: Test timeout computed to be: 60
[6.815s] 9: -- run_test.py: invoking following command in '/home/grant/ros2_ws/src/mavros/mavros':
[6.815s] 9:  - /opt/ros/foxy/bin/ament_lint_cmake --xunit-file /home/grant/ros2_ws/build/mavros/test_results/mavros/lint_cmake.xunit.xml
[7.008s] 9: 
[7.008s] 9: No problems found
[7.021s] 9: -- run_test.py: return code 0
[7.021s] 9: -- run_test.py: verify result file '/home/grant/ros2_ws/build/mavros/test_results/mavros/lint_cmake.xunit.xml'
[7.031s]  9/12 Test  #9: lint_cmake ..........................   Passed    0.28 sec
[7.031s] test 10
[7.032s]       Start 10: pep257
[7.032s] 
[7.032s] 10: Test command: /home/grant/miniconda3/bin/python3 "-u" "/opt/ros/foxy/share/ament_cmake_test/cmake/run_test.py" "/home/grant/ros2_ws/build/mavros/test_results/mavros/pep257.xunit.xml" "--package-name" "mavros" "--output-file" "/home/grant/ros2_ws/build/mavros/ament_pep257/pep257.txt" "--command" "/opt/ros/foxy/bin/ament_pep257" "--xunit-file" "/home/grant/ros2_ws/build/mavros/test_results/mavros/pep257.xunit.xml"
[7.032s] 10: Test timeout computed to be: 60
[7.093s] 10: -- run_test.py: invoking following command in '/home/grant/ros2_ws/src/mavros/mavros':
[7.093s] 10:  - /opt/ros/foxy/bin/ament_pep257 --xunit-file /home/grant/ros2_ws/build/mavros/test_results/mavros/pep257.xunit.xml
[7.612s] 10: checking ./mavros/__init__.py
[7.612s] 10: checking ./mavros/base.py
[7.612s] 10: checking ./mavros/cmd/__init__.py
[7.612s] 10: checking ./mavros/cmd/__main__.py
[7.612s] 10: checking ./mavros/cmd/checkid.py
[7.612s] 10: checking ./mavros/cmd/cmd.py
[7.612s] 10: checking ./mavros/cmd/ftp.py
[7.612s] 10: checking ./mavros/cmd/mission.py
[7.613s] 10: checking ./mavros/cmd/param.py
[7.613s] 10: checking ./mavros/cmd/safety.py
[7.613s] 10: checking ./mavros/cmd/system.py
[7.613s] 10: checking ./mavros/cmd/utils.py
[7.613s] 10: checking ./mavros/command.py
[7.613s] 10: checking ./mavros/ftp.py
[7.613s] 10: checking ./mavros/global_position.py
[7.613s] 10: checking ./mavros/local_position.py
[7.613s] 10: checking ./mavros/mavlink.py
[7.613s] 10: checking ./mavros/mission.py
[7.613s] 10: checking ./mavros/nuttx_crc32.py
[7.613s] 10: checking ./mavros/param.py
[7.613s] 10: checking ./mavros/setpoint.py
[7.613s] 10: checking ./mavros/system.py
[7.613s] 10: checking ./mavros/utils.py
[7.614s] 10: checking ./setup.py
[7.614s] 10: checking ./test/mavros_py/__init__.py
[7.614s] 10: checking ./test/mavros_py/test_mission.py
[7.614s] 10: checking ./test/mavros_py/test_param.py
[7.614s] 10: No problems found
[7.633s] 10: -- run_test.py: return code 0
[7.634s] 10: -- run_test.py: verify result file '/home/grant/ros2_ws/build/mavros/test_results/mavros/pep257.xunit.xml'
[7.646s] 10/12 Test #10: pep257 ..............................   Passed    0.61 sec
[7.646s] test 11
[7.646s]       Start 11: uncrustify
[7.646s] 
[7.646s] 11: Test command: /home/grant/miniconda3/bin/python3 "-u" "/opt/ros/foxy/share/ament_cmake_test/cmake/run_test.py" "/home/grant/ros2_ws/build/mavros/test_results/mavros/uncrustify.xunit.xml" "--package-name" "mavros" "--output-file" "/home/grant/ros2_ws/build/mavros/ament_uncrustify/uncrustify.txt" "--command" "/opt/ros/foxy/bin/ament_uncrustify" "--xunit-file" "/home/grant/ros2_ws/build/mavros/test_results/mavros/uncrustify.xunit.xml"
[7.646s] 11: Test timeout computed to be: 60
[7.708s] 11: -- run_test.py: invoking following command in '/home/grant/ros2_ws/src/mavros/mavros':
[7.708s] 11:  - /opt/ros/foxy/bin/ament_uncrustify --xunit-file /home/grant/ros2_ws/build/mavros/test_results/mavros/uncrustify.xunit.xml
[8.179s] 11: No code style divergence in file 'include/mavros/frame_tf.hpp'
[8.179s] 11: 
[8.179s] 11: No code style divergence in file 'include/mavros/mavros_plugin_register_macro.hpp'
[8.179s] 11: 
[8.179s] 11: No code style divergence in file 'include/mavros/mavros_router.hpp'
[8.179s] 11: 
[8.179s] 11: No code style divergence in file 'include/mavros/mavros_uas.hpp'
[8.179s] 11: 
[8.179s] 11: No code style divergence in file 'include/mavros/mission_protocol_base.hpp'
[8.179s] 11: 
[8.179s] 11: No code style divergence in file 'include/mavros/plugin.hpp'
[8.179s] 11: 
[8.179s] 11: No code style divergence in file 'include/mavros/plugin_filter.hpp'
[8.180s] 11: 
[8.180s] 11: No code style divergence in file 'include/mavros/px4_custom_mode.hpp'
[8.180s] 11: 
[8.180s] 11: No code style divergence in file 'include/mavros/setpoint_mixin.hpp'
[8.180s] 11: 
[8.180s] 11: No code style divergence in file 'include/mavros/uas_executor.hpp'
[8.180s] 11: 
[8.180s] 11: No code style divergence in file 'include/mavros/utils.hpp'
[8.180s] 11: 
[8.180s] 11: No code style divergence in file 'src/lib/enum_sensor_orientation.cpp'
[8.180s] 11: 
[8.180s] 11: No code style divergence in file 'src/lib/enum_to_string.cpp'
[8.180s] 11: 
[8.180s] 11: No code style divergence in file 'src/lib/ftf_frame_conversions.cpp'
[8.181s] 11: 
[8.181s] 11: No code style divergence in file 'src/lib/ftf_quaternion_utils.cpp'
[8.181s] 11: 
[8.181s] 11: No code style divergence in file 'src/lib/mavros_router.cpp'
[8.181s] 11: 
[8.181s] 11: No code style divergence in file 'src/lib/mavros_uas.cpp'
[8.181s] 11: 
[8.181s] 11: No code style divergence in file 'src/lib/plugin.cpp'
[8.181s] 11: 
[8.181s] 11: No code style divergence in file 'src/lib/uas_ap.cpp'
[8.181s] 11: 
[8.181s] 11: No code style divergence in file 'src/lib/uas_data.cpp'
[8.181s] 11: 
[8.181s] 11: No code style divergence in file 'src/lib/uas_executor.cpp'
[8.181s] 11: 
[8.182s] 11: No code style divergence in file 'src/lib/uas_stringify.cpp'
[8.182s] 11: 
[8.182s] 11: No code style divergence in file 'src/lib/uas_tf.cpp'
[8.182s] 11: 
[8.182s] 11: No code style divergence in file 'src/lib/uas_timesync.cpp'
[8.182s] 11: 
[8.182s] 11: No code style divergence in file 'src/mavros_node.cpp'
[8.182s] 11: 
[8.182s] 11: No code style divergence in file 'src/plugins/actuator_control.cpp'
[8.182s] 11: 
[8.182s] 11: No code style divergence in file 'src/plugins/altitude.cpp'
[8.182s] 11: 
[8.182s] 11: No code style divergence in file 'src/plugins/command.cpp'
[8.182s] 11: 
[8.182s] 11: No code style divergence in file 'src/plugins/dummy.cpp'
[8.183s] 11: 
[8.183s] 11: No code style divergence in file 'src/plugins/ftp.cpp'
[8.183s] 11: 
[8.183s] 11: No code style divergence in file 'src/plugins/geofence.cpp'
[8.183s] 11: 
[8.183s] 11: No code style divergence in file 'src/plugins/global_position.cpp'
[8.183s] 11: 
[8.183s] 11: No code style divergence in file 'src/plugins/home_position.cpp'
[8.183s] 11: 
[8.183s] 11: No code style divergence in file 'src/plugins/imu.cpp'
[8.183s] 11: 
[8.183s] 11: No code style divergence in file 'src/plugins/local_position.cpp'
[8.183s] 11: 
[8.183s] 11: No code style divergence in file 'src/plugins/manual_control.cpp'
[8.183s] 11: 
[8.184s] 11: No code style divergence in file 'src/plugins/mission_protocol_base.cpp'
[8.184s] 11: 
[8.184s] 11: No code style divergence in file 'src/plugins/nav_controller_output.cpp'
[8.184s] 11: 
[8.184s] 11: No code style divergence in file 'src/plugins/param.cpp'
[8.184s] 11: 
[8.184s] 11: No code style divergence in file 'src/plugins/rallypoint.cpp'
[8.184s] 11: 
[8.184s] 11: No code style divergence in file 'src/plugins/rc_io.cpp'
[8.184s] 11: 
[8.184s] 11: No code style divergence in file 'src/plugins/setpoint_accel.cpp'
[8.184s] 11: 
[8.184s] 11: No code style divergence in file 'src/plugins/setpoint_attitude.cpp'
[8.184s] 11: 
[8.184s] 11: No code style divergence in file 'src/plugins/setpoint_position.cpp'
[8.185s] 11: 
[8.185s] 11: No code style divergence in file 'src/plugins/setpoint_raw.cpp'
[8.185s] 11: 
[8.185s] 11: No code style divergence in file 'src/plugins/setpoint_trajectory.cpp'
[8.185s] 11: 
[8.185s] 11: No code style divergence in file 'src/plugins/setpoint_velocity.cpp'
[8.185s] 11: 
[8.185s] 11: No code style divergence in file 'src/plugins/sys_status.cpp'
[8.185s] 11: 
[8.185s] 11: No code style divergence in file 'src/plugins/sys_time.cpp'
[8.185s] 11: 
[8.185s] 11: No code style divergence in file 'src/plugins/waypoint.cpp'
[8.185s] 11: 
[8.185s] 11: No code style divergence in file 'src/plugins/wind_estimation.cpp'
[8.186s] 11: 
[8.186s] 11: No code style divergence in file 'test/test_frame_conversions.cpp'
[8.186s] 11: 
[8.186s] 11: No code style divergence in file 'test/test_quaternion_utils.cpp'
[8.186s] 11: 
[8.186s] 11: No code style divergence in file 'test/test_router.cpp'
[8.186s] 11: 
[8.186s] 11: No code style divergence in file 'test/test_sensor_orientation.cpp'
[8.186s] 11: 
[8.186s] 11: No code style divergence in file 'test/test_uas.cpp'
[8.186s] 11: 
[8.186s] 11: No problems found
[8.193s] 11: -- run_test.py: return code 0
[8.193s] 11: -- run_test.py: verify result file '/home/grant/ros2_ws/build/mavros/test_results/mavros/uncrustify.xunit.xml'
[8.206s] 11/12 Test #11: uncrustify ..........................   Passed    0.56 sec
[8.206s] test 12
[8.207s]       Start 12: xmllint
[8.207s] 
[8.207s] 12: Test command: /home/grant/miniconda3/bin/python3 "-u" "/opt/ros/foxy/share/ament_cmake_test/cmake/run_test.py" "/home/grant/ros2_ws/build/mavros/test_results/mavros/xmllint.xunit.xml" "--package-name" "mavros" "--output-file" "/home/grant/ros2_ws/build/mavros/ament_xmllint/xmllint.txt" "--command" "/opt/ros/foxy/bin/ament_xmllint" "--xunit-file" "/home/grant/ros2_ws/build/mavros/test_results/mavros/xmllint.xunit.xml"
[8.207s] 12: Test timeout computed to be: 60
[8.268s] 12: -- run_test.py: invoking following command in '/home/grant/ros2_ws/src/mavros/mavros':
[8.268s] 12:  - /opt/ros/foxy/bin/ament_xmllint --xunit-file /home/grant/ros2_ws/build/mavros/test_results/mavros/xmllint.xunit.xml
[8.465s] 12: File 'mavros_plugins.xml' is valid
[8.465s] 12: 
[8.466s] 12: File 'package.xml' is valid
[8.466s] 12: 
[8.466s] 12: No problems found
[8.481s] 12: -- run_test.py: return code 0
[8.482s] 12: -- run_test.py: verify result file '/home/grant/ros2_ws/build/mavros/test_results/mavros/xmllint.xunit.xml'
[8.492s] 12/12 Test #12: xmllint .............................   Passed    0.29 sec
[8.492s] 
[8.492s] [0;32m100% tests passed[0;0m, 0 tests failed[0;0m out of 12
[8.492s] 
[8.492s] Label Time Summary:
[8.492s] cppcheck      =   0.50 sec*proc (1 test)
[8.492s] cpplint       =   4.58 sec*proc (1 test)
[8.492s] flake8        =   0.59 sec*proc (1 test)
[8.492s] gmock         =   0.32 sec*proc (2 tests)
[8.493s] gtest         =   0.70 sec*proc (3 tests)
[8.493s] lint_cmake    =   0.28 sec*proc (1 test)
[8.493s] linter        =   7.41 sec*proc (7 tests)
[8.493s] pep257        =   0.61 sec*proc (1 test)
[8.493s] uncrustify    =   0.56 sec*proc (1 test)
[8.493s] xmllint       =   0.29 sec*proc (1 test)
[8.493s] 
[8.493s] Total Test time (real) =   8.44 sec
[8.500s] Invoked command in '/home/grant/ros2_ws/build/mavros' returned '0': AMENT_PREFIX_PATH=/home/grant/ros2_ws/install/mavros:/home/grant/ros2_ws/install/libmavconn:/home/grant/ros2_ws/install/mavros_msgs:${AMENT_PREFIX_PATH} CMAKE_PREFIX_PATH=/home/grant/ros2_ws/install/mavros:/home/grant/ros2_ws/install/libmavconn:/home/grant/ros2_ws/install/mavros_msgs:/home/grant/ros2_ws/install/mavlink:${CMAKE_PREFIX_PATH} CONDA_PROMPT_MODIFIER=(base) LD_LIBRARY_PATH=/home/grant/ros2_ws/install/mavros/lib:/home/grant/ros2_ws/install/libmavconn/lib:/home/grant/ros2_ws/install/mavros_msgs/lib:${LD_LIBRARY_PATH} PKG_CONFIG_PATH=/home/grant/ros2_ws/install/mavlink/lib/x86_64-linux-gnu/pkgconfig:/home/grant/ros2_ws/install/mavlink/lib/pkgconfig:${PKG_CONFIG_PATH} PYTHONPATH=/home/grant/ros2_ws/install/mavros/lib/python3.8/site-packages:/home/grant/ros2_ws/install/mavros_msgs/lib/python3.8/site-packages:${PYTHONPATH} /usr/bin/ctest -C Release -D ExperimentalTest --no-compress-output -V --force-new-ctest-process
