[0.025s] Invoking command in '/home/grant/ros2_ws/build/wave_gazebo_plugins': CMAKE_PREFIX_PATH=/home/grant/ros2_ws/install/mavros_extras:/home/grant/ros2_ws/install/mavros:/home/grant/ros2_ws/install/mavros_msgs:/home/grant/ros2_ws/install/libmavconn:/home/grant/ros2_ws/install/mavlink:/opt/ros/foxy:/home/grant/vrx_ws/devel:/opt/ros/noetic:/home/grant/ros2_foxy/ros2-linux CONDA_PROMPT_MODIFIER=(base) /usr/bin/cmake /home/grant/ros2_ws/src/adept-vrx/wave_gazebo_plugins -DCMAKE_INSTALL_PREFIX=/home/grant/ros2_ws/install/wave_gazebo_plugins
[0.089s] -- The C compiler identification is GNU 9.4.0
[0.143s] -- The CXX compiler identification is GNU 9.4.0
[0.147s] -- Check for working C compiler: /usr/bin/cc
[0.211s] -- Check for working C compiler: /usr/bin/cc -- works
[0.212s] -- Detecting C compiler ABI info
[0.276s] -- Detecting C compiler ABI info - done
[0.288s] -- Detecting C compile features
[0.288s] -- Detecting C compile features - done
[0.291s] -- Check for working CXX compiler: /usr/bin/c++
[0.362s] -- Check for working CXX compiler: /usr/bin/c++ -- works
[0.363s] -- Detecting CXX compiler ABI info
[0.431s] -- Detecting CXX compiler ABI info - done
[0.447s] -- Detecting CXX compile features
[0.447s] -- Detecting CXX compile features - done
[0.448s] -- Found ament_cmake: 0.9.11 (/opt/ros/foxy/share/ament_cmake/cmake)
[0.474s] -- Found PythonInterp: /home/grant/miniconda3/bin/python3 (found suitable version "3.8.13", minimum required is "3") 
[0.474s] -- Using PYTHON_EXECUTABLE: /home/grant/miniconda3/bin/python3
[0.756s] -- Found PkgConfig: /usr/bin/pkg-config (found version "0.29.1") 
[0.759s] -- Checking for module 'bullet>=2.82'
[0.770s] --   Found bullet, version 2.88
[0.865s] -- Found ccd: /usr/include (found suitable version "2.0", minimum required is "2.0") 
[0.907s] -- Found fcl: /usr/include (found suitable version "0.5.0", minimum required is "0.3.2") 
[0.951s] -- Found assimp: /usr/include (found version "5.0.0") 
[0.976s] -- Found DART: /usr/include (Required is at least version "6.6") found components: dart 
[1.252s] -- Found Boost: /usr/lib/x86_64-linux-gnu/cmake/Boost-1.71.0/BoostConfig.cmake (found suitable version "1.71.0", minimum required is "1.40.0") found components: thread system filesystem program_options regex iostreams date_time 
[1.275s] -- Found Protobuf: /usr/lib/x86_64-linux-gnu/libprotobuf.so;-lpthread (found version "3.6.1") 
[1.282s] -- Looking for ignition-math6 -- found version 6.13.0
[1.289s] -- Searching for dependencies of ignition-math6
[1.291s] -- Looking for OGRE...
[1.291s] -- OGRE_PREFIX_WATCH changed.
[1.296s] -- Checking for module 'OGRE'
[1.307s] --   Found OGRE, version 1.9.0
[1.336s] -- Found Ogre Ghadamon (1.9.0)
[1.347s] -- Found OGRE: optimized;/usr/lib/x86_64-linux-gnu/libOgreMain.so;debug;/usr/lib/x86_64-linux-gnu/libOgreMain.so
[1.360s] -- Looking for OGRE_Paging...
[1.370s] -- Found OGRE_Paging: optimized;/usr/lib/x86_64-linux-gnu/libOgrePaging.so;debug;/usr/lib/x86_64-linux-gnu/libOgrePaging.so
[1.370s] -- Looking for OGRE_Terrain...
[1.378s] -- Found OGRE_Terrain: optimized;/usr/lib/x86_64-linux-gnu/libOgreTerrain.so;debug;/usr/lib/x86_64-linux-gnu/libOgreTerrain.so
[1.378s] -- Looking for OGRE_Property...
[1.387s] -- Found OGRE_Property: optimized;/usr/lib/x86_64-linux-gnu/libOgreProperty.so;debug;/usr/lib/x86_64-linux-gnu/libOgreProperty.so
[1.387s] -- Looking for OGRE_RTShaderSystem...
[1.395s] -- Found OGRE_RTShaderSystem: optimized;/usr/lib/x86_64-linux-gnu/libOgreRTShaderSystem.so;debug;/usr/lib/x86_64-linux-gnu/libOgreRTShaderSystem.so
[1.395s] -- Looking for OGRE_Volume...
[1.404s] -- Found OGRE_Volume: optimized;/usr/lib/x86_64-linux-gnu/libOgreVolume.so;debug;/usr/lib/x86_64-linux-gnu/libOgreVolume.so
[1.404s] -- Looking for OGRE_Overlay...
[1.411s] -- Found OGRE_Overlay: optimized;/usr/lib/x86_64-linux-gnu/libOgreOverlay.so;debug;/usr/lib/x86_64-linux-gnu/libOgreOverlay.so
[1.595s] -- Looking for ignition-math6 -- found version 6.13.0
[1.598s] -- Looking for ignition-transport8 -- found version 8.3.0
[1.598s] -- Searching for dependencies of ignition-transport8
[1.613s] -- Found Protobuf: /usr/lib/x86_64-linux-gnu/libprotobuf.so;-lpthread (found suitable version "3.6.1", minimum required is "3") 
[1.621s] -- Checking for module 'uuid'
[1.632s] --   Found uuid, version 2.34.0
[1.660s] -- Found UUID: TRUE  
[1.663s] -- Looking for ignition-msgs5 -- found version 5.11.0
[1.663s] -- Searching for dependencies of ignition-msgs5
[1.679s] -- Looking for ignition-math6 -- found version 6.13.0
[1.683s] -- Checking for module 'tinyxml2'
[1.694s] --   Found tinyxml2, version 6.2.0
[1.723s] -- Looking for ignition-msgs5 -- found version 5.11.0
[1.726s] -- Looking for ignition-common3 -- found version 3.15.1
[1.727s] -- Searching for dependencies of ignition-common3
[1.727s] -- Looking for dlfcn.h - found
[1.728s] -- Looking for libdl - found
[1.729s] -- Found DL: TRUE  
[1.737s] -- Searching for <ignition-common3> component [graphics]
[1.739s] -- Looking for ignition-common3-graphics -- found version 3.15.1
[1.740s] -- Searching for dependencies of ignition-common3-graphics
[1.740s] -- Looking for ignition-math6 -- found version 6.13.0
[1.744s] -- Looking for ignition-fuel_tools4 -- found version 4.6.0
[1.745s] -- Searching for dependencies of ignition-fuel_tools4
[1.808s] -- Found CURL: /usr/lib/x86_64-linux-gnu/libcurl.so (found version "7.68.0")  
[1.817s] -- Checking for module 'jsoncpp'
[1.829s] --   Found jsoncpp, version 1.7.4
[1.858s] -- Found JSONCPP: TRUE  
[1.863s] -- Checking for module 'libzip'
[1.874s] --   Found libzip, version 1.5.1
[1.901s] -- Found ZIP: TRUE  
[1.902s] -- Looking for ignition-common3 -- found version 3.15.1
[1.902s] -- Looking for ignition-math6 -- found version 6.13.0
[1.902s] -- Looking for ignition-msgs5 -- found version 5.11.0
[1.907s] -- Configuring done
[1.942s] -- Generating done
[1.944s] -- Build files have been written to: /home/grant/ros2_ws/build/wave_gazebo_plugins
[1.950s] Invoked command in '/home/grant/ros2_ws/build/wave_gazebo_plugins' returned '0': CMAKE_PREFIX_PATH=/home/grant/ros2_ws/install/mavros_extras:/home/grant/ros2_ws/install/mavros:/home/grant/ros2_ws/install/mavros_msgs:/home/grant/ros2_ws/install/libmavconn:/home/grant/ros2_ws/install/mavlink:/opt/ros/foxy:/home/grant/vrx_ws/devel:/opt/ros/noetic:/home/grant/ros2_foxy/ros2-linux CONDA_PROMPT_MODIFIER=(base) /usr/bin/cmake /home/grant/ros2_ws/src/adept-vrx/wave_gazebo_plugins -DCMAKE_INSTALL_PREFIX=/home/grant/ros2_ws/install/wave_gazebo_plugins
[1.954s] Invoking command in '/home/grant/ros2_ws/build/wave_gazebo_plugins': CMAKE_PREFIX_PATH=/home/grant/ros2_ws/install/mavros_extras:/home/grant/ros2_ws/install/mavros:/home/grant/ros2_ws/install/mavros_msgs:/home/grant/ros2_ws/install/libmavconn:/home/grant/ros2_ws/install/mavlink:/opt/ros/foxy:/home/grant/vrx_ws/devel:/opt/ros/noetic:/home/grant/ros2_foxy/ros2-linux CONDA_PROMPT_MODIFIER=(base) /usr/bin/cmake --build /home/grant/ros2_ws/build/wave_gazebo_plugins -- -j8 -l8
[1.986s] [35m[1mScanning dependencies of target Hydrodynamics[0m
[2.040s] [ 14%] [32mBuilding CXX object CMakeFiles/Hydrodynamics.dir/src/Geometry.cc.o[0m
[2.040s] [ 14%] [32mBuilding CXX object CMakeFiles/Hydrodynamics.dir/src/Gazebo.cc.o[0m
[2.040s] [ 28%] [32mBuilding CXX object CMakeFiles/Hydrodynamics.dir/src/PhysicalConstants.cc.o[0m
[2.040s] [ 28%] [32mBuilding CXX object CMakeFiles/Hydrodynamics.dir/src/Physics.cc.o[0m
[2.041s] [ 35%] [32mBuilding CXX object CMakeFiles/Hydrodynamics.dir/src/Utilities.cc.o[0m
[2.043s] [ 42%] [32mBuilding CXX object CMakeFiles/Hydrodynamics.dir/src/Wavefield.cc.o[0m
[2.044s] [ 50%] [32mBuilding CXX object CMakeFiles/Hydrodynamics.dir/src/WavefieldEntity.cc.o[0m
[2.048s] [01m[K/home/grant/ros2_ws/src/adept-vrx/wave_gazebo_plugins/src/PhysicalConstants.cc:18:10:[m[K [01;31m[Kfatal error: [m[Kwave_gazebo_plugins/PhysicalConstants.hh: No such file or directory
[2.048s]    18 | #include [01;31m[K"wave_gazebo_plugins/PhysicalConstants.hh"[m[K
[2.048s]       |          [01;31m[K^~~~~~~~~~~~~~~~~~~~~~~~~~~~~~~~~~~~~~~~~~[m[K
[2.048s] compilation terminated.
[2.049s] make[2]: *** [CMakeFiles/Hydrodynamics.dir/build.make:89: CMakeFiles/Hydrodynamics.dir/src/PhysicalConstants.cc.o] Error 1
[2.049s] make[2]: *** Waiting for unfinished jobs....
[2.074s] [01m[K/home/grant/ros2_ws/src/adept-vrx/wave_gazebo_plugins/src/Physics.cc:20:10:[m[K [01;31m[Kfatal error: [m[Kwave_gazebo_plugins/Physics.hh: No such file or directory
[2.074s]    20 | #include [01;31m[K"wave_gazebo_plugins/Physics.hh"[m[K
[2.074s]       |          [01;31m[K^~~~~~~~~~~~~~~~~~~~~~~~~~~~~~~~[m[K
[2.074s] compilation terminated.
[2.075s] make[2]: *** [CMakeFiles/Hydrodynamics.dir/build.make:102: CMakeFiles/Hydrodynamics.dir/src/Physics.cc.o] Error 1
[2.078s] [01m[K/home/grant/ros2_ws/src/adept-vrx/wave_gazebo_plugins/src/Gazebo.cc:23:10:[m[K [01;31m[Kfatal error: [m[Kgazebo/gazebo.hh: No such file or directory
[2.078s]    23 | #include [01;31m[K<gazebo/gazebo.hh>[m[K
[2.078s]       |          [01;31m[K^~~~~~~~~~~~~~~~~~[m[K
[2.078s] compilation terminated.
[2.079s] make[2]: *** [CMakeFiles/Hydrodynamics.dir/build.make:63: CMakeFiles/Hydrodynamics.dir/src/Gazebo.cc.o] Error 1
[2.082s] [01m[K/home/grant/ros2_ws/src/adept-vrx/wave_gazebo_plugins/src/WavefieldEntity.cc:21:10:[m[K [01;31m[Kfatal error: [m[Kgazebo/common/Assert.hh: No such file or directory
[2.082s]    21 | #include [01;31m[K<gazebo/common/Assert.hh>[m[K
[2.082s]       |          [01;31m[K^~~~~~~~~~~~~~~~~~~~~~~~~[m[K
[2.082s] compilation terminated.
[2.083s] make[2]: *** [CMakeFiles/Hydrodynamics.dir/build.make:141: CMakeFiles/Hydrodynamics.dir/src/WavefieldEntity.cc.o] Error 1
[2.089s] [01m[K/home/grant/ros2_ws/src/adept-vrx/wave_gazebo_plugins/src/Utilities.cc:22:10:[m[K [01;31m[Kfatal error: [m[Kgazebo/gazebo.hh: No such file or directory
[2.089s]    22 | #include [01;31m[K<gazebo/gazebo.hh>[m[K
[2.089s]       |          [01;31m[K^~~~~~~~~~~~~~~~~~[m[K
[2.089s] compilation terminated.
[2.090s] make[2]: *** [CMakeFiles/Hydrodynamics.dir/build.make:115: CMakeFiles/Hydrodynamics.dir/src/Utilities.cc.o] Error 1
[2.122s] [01m[K/home/grant/ros2_ws/src/adept-vrx/wave_gazebo_plugins/src/Geometry.cc:24:10:[m[K [01;31m[Kfatal error: [m[Kwave_gazebo_plugins/Geometry.hh: No such file or directory
[2.123s]    24 | #include [01;31m[K"wave_gazebo_plugins/Geometry.hh"[m[K
[2.123s]       |          [01;31m[K^~~~~~~~~~~~~~~~~~~~~~~~~~~~~~~~~[m[K
[2.123s] compilation terminated.
[2.124s] make[2]: *** [CMakeFiles/Hydrodynamics.dir/build.make:76: CMakeFiles/Hydrodynamics.dir/src/Geometry.cc.o] Error 1
[2.152s] [01m[K/home/grant/ros2_ws/src/adept-vrx/wave_gazebo_plugins/src/Wavefield.cc:25:10:[m[K [01;31m[Kfatal error: [m[Kgazebo/gazebo.hh: No such file or directory
[2.153s]    25 | #include [01;31m[K<gazebo/gazebo.hh>[m[K
[2.153s]       |          [01;31m[K^~~~~~~~~~~~~~~~~~[m[K
[2.153s] compilation terminated.
[2.155s] make[2]: *** [CMakeFiles/Hydrodynamics.dir/build.make:128: CMakeFiles/Hydrodynamics.dir/src/Wavefield.cc.o] Error 1
[2.155s] make[1]: *** [CMakeFiles/Makefile2:166: CMakeFiles/Hydrodynamics.dir/all] Error 2
[2.156s] make: *** [Makefile:141: all] Error 2
[2.158s] Invoked command in '/home/grant/ros2_ws/build/wave_gazebo_plugins' returned '2': CMAKE_PREFIX_PATH=/home/grant/ros2_ws/install/mavros_extras:/home/grant/ros2_ws/install/mavros:/home/grant/ros2_ws/install/mavros_msgs:/home/grant/ros2_ws/install/libmavconn:/home/grant/ros2_ws/install/mavlink:/opt/ros/foxy:/home/grant/vrx_ws/devel:/opt/ros/noetic:/home/grant/ros2_foxy/ros2-linux CONDA_PROMPT_MODIFIER=(base) /usr/bin/cmake --build /home/grant/ros2_ws/build/wave_gazebo_plugins -- -j8 -l8
