[0.037s] Invoking command in '/home/grant/ros2_ws/build/mavros': CMAKE_PREFIX_PATH=/home/grant/ros2_ws/install/mavros:/home/grant/ros2_ws/install/libmavconn:/home/grant/ros2_ws/install/mavros_msgs:/home/grant/ros2_ws/install/mavlink:/home/grant/ros2_ws/install/mavros_extras:/home/grant/vrx_ws/devel:/opt/ros/noetic:/home/grant/ros2_foxy/ros2-linux CONDA_PROMPT_MODIFIER=(base) LD_LIBRARY_PATH=/home/grant/ros2_ws/install/mavros/lib:/home/grant/ros2_ws/install/libmavconn/lib:/home/grant/ros2_ws/install/mavros_msgs/lib:/home/grant/ros2_ws/install/mavros_extras/lib:/home/grant/vrx_ws/devel/lib:/opt/ros/noetic/lib:/usr/lib/x86_64-linux-gnu/gazebo-11/plugins:/opt/ros/foxy/opt/yaml_cpp_vendor/lib:/opt/ros/foxy/lib/x86_64-linux-gnu:/opt/ros/foxy/lib:/home/grant/ros2_foxy/ros2-linux/opt/yaml_cpp_vendor/lib:/home/grant/ros2_foxy/ros2-linux/opt/rviz_ogre_vendor/lib:/opt/rti.com/rti_connext_dds-5.3.1/lib/x64Linux3gcc5.4.0:/home/grant/ros2_foxy/ros2-linux/lib:/usr/lib/x86_64-linux-gnu/gazebo-11/plugins:/usr/lib/x86_64-linux-gnu/gazebo-11/plugins:/usr/lib/x86_64-linux-gnu/gazebo-11/plugins:/usr/lib/x86_64-linux-gnu/gazebo-11/plugins:/usr/lib/x86_64-linux-gnu/gazebo-11/plugins:/usr/lib/x86_64-linux-gnu/gazebo-11/plugins /usr/bin/ctest -C Release -D ExperimentalTest --no-compress-output -V --force-new-ctest-process
[0.046s] UpdateCTestConfiguration  from :/home/grant/ros2_ws/build/mavros/CTestConfiguration.ini
[0.047s] Parse Config file:/home/grant/ros2_ws/build/mavros/CTestConfiguration.ini
[0.047s]    Site: grant-2f
[0.047s]    Build name: (empty)
[0.047s]  Add coverage exclude regular expressions.
[0.047s] SetCTestConfiguration:CMakeCommand:/usr/bin/cmake
[0.047s] Create new tag: 20221024-0104 - Experimental
[0.047s] UpdateCTestConfiguration  from :/home/grant/ros2_ws/build/mavros/CTestConfiguration.ini
[0.047s] Parse Config file:/home/grant/ros2_ws/build/mavros/CTestConfiguration.ini
[0.047s] Test project /home/grant/ros2_ws/build/mavros
[0.047s] Constructing a list of tests
[0.047s] Done constructing a list of tests
[0.047s] Updating test list for fixtures
[0.047s] Added 0 tests to meet fixture requirements
[0.048s] Checking test dependency graph...
[0.048s] Checking test dependency graph end
[0.048s] test 1
[0.048s]       Start  1: libmavros-frame-conversions-test
[0.048s] 
[0.048s] 1: Test command: /home/grant/miniconda3/bin/python3 "-u" "/opt/ros/foxy/share/ament_cmake_test/cmake/run_test.py" "/home/grant/ros2_ws/build/mavros/test_results/mavros/libmavros-frame-conversions-test.gtest.xml" "--package-name" "mavros" "--output-file" "/home/grant/ros2_ws/build/mavros/ament_cmake_gtest/libmavros-frame-conversions-test.txt" "--command" "/home/grant/ros2_ws/build/mavros/libmavros-frame-conversions-test" "--gtest_output=xml:/home/grant/ros2_ws/build/mavros/test_results/mavros/libmavros-frame-conversions-test.gtest.xml"
[0.048s] 1: Test timeout computed to be: 60
[0.135s] 1: -- run_test.py: invoking following command in '/home/grant/ros2_ws/build/mavros':
[0.135s] 1:  - /home/grant/ros2_ws/build/mavros/libmavros-frame-conversions-test --gtest_output=xml:/home/grant/ros2_ws/build/mavros/test_results/mavros/libmavros-frame-conversions-test.gtest.xml
[0.152s] 1: [==========] Running 9 tests from 1 test case.
[0.153s] 1: [----------] Global test environment set-up.
[0.153s] 1: [----------] 9 tests from FRAME_TF
[0.153s] 1: [ RUN      ] FRAME_TF.transform_static_frame__aircraft_to_baselink_123
[0.153s] 1: [       OK ] FRAME_TF.transform_static_frame__aircraft_to_baselink_123 (0 ms)
[0.153s] 1: [ RUN      ] FRAME_TF.transform_static_frame__baselink_to_aircraft_123
[0.153s] 1: [       OK ] FRAME_TF.transform_static_frame__baselink_to_aircraft_123 (0 ms)
[0.153s] 1: [ RUN      ] FRAME_TF.transform_static_frame__enu_to_ned_123
[0.153s] 1: [       OK ] FRAME_TF.transform_static_frame__enu_to_ned_123 (0 ms)
[0.153s] 1: [ RUN      ] FRAME_TF.transform_static_frame__ned_to_enu_123
[0.153s] 1: [       OK ] FRAME_TF.transform_static_frame__ned_to_enu_123 (0 ms)
[0.153s] 1: [ RUN      ] FRAME_TF.transform_static_frame__ecef_to_enu_123_00
[0.154s] 1: [       OK ] FRAME_TF.transform_static_frame__ecef_to_enu_123_00 (0 ms)
[0.154s] 1: [ RUN      ] FRAME_TF.transform_static_frame__enu_to_ecef_123_00
[0.154s] 1: [       OK ] FRAME_TF.transform_static_frame__enu_to_ecef_123_00 (0 ms)
[0.154s] 1: [ RUN      ] FRAME_TF.transform_static_frame__ecef_to_enu_123_4030
[0.154s] 1: [       OK ] FRAME_TF.transform_static_frame__ecef_to_enu_123_4030 (0 ms)
[0.154s] 1: [ RUN      ] FRAME_TF.transform_static_frame__enu_to_ecef_123_4030
[0.154s] 1: [       OK ] FRAME_TF.transform_static_frame__enu_to_ecef_123_4030 (0 ms)
[0.154s] 1: [ RUN      ] FRAME_TF.quaternion_transforms__ned_to_ned_123
[0.154s] 1: [       OK ] FRAME_TF.quaternion_transforms__ned_to_ned_123 (0 ms)
[0.154s] 1: [----------] 9 tests from FRAME_TF (0 ms total)
[0.154s] 1: 
[0.154s] 1: [----------] Global test environment tear-down
[0.154s] 1: [==========] 9 tests from 1 test case ran. (0 ms total)
[0.154s] 1: [  PASSED  ] 9 tests.
[0.156s] 1: -- run_test.py: return code 0
[0.156s] 1: -- run_test.py: inject classname prefix into gtest result file '/home/grant/ros2_ws/build/mavros/test_results/mavros/libmavros-frame-conversions-test.gtest.xml'
[0.156s] 1: -- run_test.py: verify result file '/home/grant/ros2_ws/build/mavros/test_results/mavros/libmavros-frame-conversions-test.gtest.xml'
[0.171s]  1/12 Test  #1: libmavros-frame-conversions-test ....   Passed    0.12 sec
[0.171s] test 2
[0.171s]       Start  2: libmavros-sensor-orientation-test
[0.171s] 
[0.172s] 2: Test command: /home/grant/miniconda3/bin/python3 "-u" "/opt/ros/foxy/share/ament_cmake_test/cmake/run_test.py" "/home/grant/ros2_ws/build/mavros/test_results/mavros/libmavros-sensor-orientation-test.gtest.xml" "--package-name" "mavros" "--output-file" "/home/grant/ros2_ws/build/mavros/ament_cmake_gtest/libmavros-sensor-orientation-test.txt" "--command" "/home/grant/ros2_ws/build/mavros/libmavros-sensor-orientation-test" "--gtest_output=xml:/home/grant/ros2_ws/build/mavros/test_results/mavros/libmavros-sensor-orientation-test.gtest.xml"
[0.172s] 2: Test timeout computed to be: 60
[0.234s] 2: -- run_test.py: invoking following command in '/home/grant/ros2_ws/build/mavros':
[0.234s] 2:  - /home/grant/ros2_ws/build/mavros/libmavros-sensor-orientation-test --gtest_output=xml:/home/grant/ros2_ws/build/mavros/test_results/mavros/libmavros-sensor-orientation-test.gtest.xml
[0.246s] 2: [==========] Running 16 tests from 1 test case.
[0.247s] 2: [----------] Global test environment set-up.
[0.247s] 2: [----------] 16 tests from UTILS
[0.247s] 2: [ RUN      ] UTILS.sensor_orientation_matching__none
[0.247s] 2: [       OK ] UTILS.sensor_orientation_matching__none (0 ms)
[0.247s] 2: [ RUN      ] UTILS.sensor_orientation_matching__roll_180
[0.247s] 2: [       OK ] UTILS.sensor_orientation_matching__roll_180 (0 ms)
[0.247s] 2: [ RUN      ] UTILS.sensor_orientation_matching__roll_180_yaw_90
[0.247s] 2: [       OK ] UTILS.sensor_orientation_matching__roll_180_yaw_90 (0 ms)
[0.247s] 2: [ RUN      ] UTILS.sensor_orientation_matching__custom
[0.247s] 2: [       OK ] UTILS.sensor_orientation_matching__custom (0 ms)
[0.247s] 2: [ RUN      ] UTILS.to_string__none
[0.247s] 2: [       OK ] UTILS.to_string__none (0 ms)
[0.247s] 2: [ RUN      ] UTILS.to_string__roll_180
[0.248s] 2: [       OK ] UTILS.to_string__roll_180 (0 ms)
[0.248s] 2: [ RUN      ] UTILS.to_string__roll_180_yaw_90
[0.248s] 2: [       OK ] UTILS.to_string__roll_180_yaw_90 (0 ms)
[0.248s] 2: [ RUN      ] UTILS.to_string__custom
[0.248s] 2: [       OK ] UTILS.to_string__custom (0 ms)
[0.248s] 2: [ RUN      ] UTILS.sensor_orientation_from_str__none
[0.248s] 2: [       OK ] UTILS.sensor_orientation_from_str__none (0 ms)
[0.248s] 2: [ RUN      ] UTILS.sensor_orientation_from_str__unknown
[0.248s] 2: [ERROR] [1666573479.856645751] [uas.enum]: SENSOR: wrong orientation str: completely wrong identifier
[0.248s] 2: [       OK ] UTILS.sensor_orientation_from_str__unknown (0 ms)
[0.248s] 2: [ RUN      ] UTILS.sensor_orientation_from_str__number
[0.248s] 2: [       OK ] UTILS.sensor_orientation_from_str__number (0 ms)
[0.248s] 2: [ RUN      ] UTILS.sensor_orientation_from_str__wrong_number
[0.248s] 2: [ERROR] [1666573479.856707281] [uas.enum]: SENSOR: orientation index out of bound: 123
[0.248s] 2: [       OK ] UTILS.sensor_orientation_from_str__wrong_number (0 ms)
[0.249s] 2: [ RUN      ] UTILS.sensor_orientation_from_str__roll_180
[0.249s] 2: [       OK ] UTILS.sensor_orientation_from_str__roll_180 (0 ms)
[0.249s] 2: [ RUN      ] UTILS.sensor_orientation_from_str__roll_180_yaw_90
[0.249s] 2: [       OK ] UTILS.sensor_orientation_from_str__roll_180_yaw_90 (0 ms)
[0.249s] 2: [ RUN      ] UTILS.sensor_orientation_from_str__last_element_roll_90_yaw_270
[0.249s] 2: [       OK ] UTILS.sensor_orientation_from_str__last_element_roll_90_yaw_270 (0 ms)
[0.249s] 2: [ RUN      ] UTILS.sensor_orientation_from_str__custom
[0.249s] 2: [       OK ] UTILS.sensor_orientation_from_str__custom (0 ms)
[0.249s] 2: [----------] 16 tests from UTILS (0 ms total)
[0.249s] 2: 
[0.249s] 2: [----------] Global test environment tear-down
[0.249s] 2: [==========] 16 tests from 1 test case ran. (0 ms total)
[0.249s] 2: [  PASSED  ] 16 tests.
[0.249s] 2: -- run_test.py: return code 0
[0.250s] 2: -- run_test.py: inject classname prefix into gtest result file '/home/grant/ros2_ws/build/mavros/test_results/mavros/libmavros-sensor-orientation-test.gtest.xml'
[0.250s] 2: -- run_test.py: verify result file '/home/grant/ros2_ws/build/mavros/test_results/mavros/libmavros-sensor-orientation-test.gtest.xml'
[0.261s]  2/12 Test  #2: libmavros-sensor-orientation-test ...   Passed    0.09 sec
[0.262s] test 3
[0.262s]       Start  3: libmavros-quaternion-utils-test
[0.262s] 
[0.262s] 3: Test command: /home/grant/miniconda3/bin/python3 "-u" "/opt/ros/foxy/share/ament_cmake_test/cmake/run_test.py" "/home/grant/ros2_ws/build/mavros/test_results/mavros/libmavros-quaternion-utils-test.gtest.xml" "--package-name" "mavros" "--output-file" "/home/grant/ros2_ws/build/mavros/ament_cmake_gtest/libmavros-quaternion-utils-test.txt" "--command" "/home/grant/ros2_ws/build/mavros/libmavros-quaternion-utils-test" "--gtest_output=xml:/home/grant/ros2_ws/build/mavros/test_results/mavros/libmavros-quaternion-utils-test.gtest.xml"
[0.262s] 3: Test timeout computed to be: 60
[0.337s] 3: -- run_test.py: invoking following command in '/home/grant/ros2_ws/build/mavros':
[0.338s] 3:  - /home/grant/ros2_ws/build/mavros/libmavros-quaternion-utils-test --gtest_output=xml:/home/grant/ros2_ws/build/mavros/test_results/mavros/libmavros-quaternion-utils-test.gtest.xml
[0.357s] 3: [==========] Running 7 tests from 1 test case.
[0.357s] 3: [----------] Global test environment set-up.
[0.357s] 3: [----------] 7 tests from FRAME_TF
[0.357s] 3: [ RUN      ] FRAME_TF.quaternion_from_rpy__check_compatibility
[0.357s] 3: [       OK ] FRAME_TF.quaternion_from_rpy__check_compatibility (0 ms)
[0.357s] 3: [ RUN      ] FRAME_TF.quaternion_from_rpy__paranoic_check
[0.357s] 3: [       OK ] FRAME_TF.quaternion_from_rpy__paranoic_check (0 ms)
[0.358s] 3: [ RUN      ] FRAME_TF.quaternion_to_rpy__123
[0.358s] 3: [       OK ] FRAME_TF.quaternion_to_rpy__123 (0 ms)
[0.358s] 3: [ RUN      ] FRAME_TF.quaternion_to_rpy__pm_pi
[0.812s] 3: [       OK ] FRAME_TF.quaternion_to_rpy__pm_pi (455 ms)
[0.812s] 3: [ RUN      ] FRAME_TF.quaternion_get_yaw__123
[0.812s] 3: [       OK ] FRAME_TF.quaternion_get_yaw__123 (0 ms)
[0.812s] 3: [ RUN      ] FRAME_TF.quaternion_get_yaw__pm_pi
[0.817s] 3: [       OK ] FRAME_TF.quaternion_get_yaw__pm_pi (5 ms)
[0.817s] 3: [ RUN      ] FRAME_TF.quaternion_to_mavlink__123
[0.817s] 3: [       OK ] FRAME_TF.quaternion_to_mavlink__123 (0 ms)
[0.817s] 3: [----------] 7 tests from FRAME_TF (460 ms total)
[0.817s] 3: 
[0.817s] 3: [----------] Global test environment tear-down
[0.817s] 3: [==========] 7 tests from 1 test case ran. (460 ms total)
[0.817s] 3: [  PASSED  ] 7 tests.
[0.820s] 3: -- run_test.py: return code 0
[0.820s] 3: -- run_test.py: inject classname prefix into gtest result file '/home/grant/ros2_ws/build/mavros/test_results/mavros/libmavros-quaternion-utils-test.gtest.xml'
[0.820s] 3: -- run_test.py: verify result file '/home/grant/ros2_ws/build/mavros/test_results/mavros/libmavros-quaternion-utils-test.gtest.xml'
[0.830s]  3/12 Test  #3: libmavros-quaternion-utils-test .....   Passed    0.57 sec
[0.830s] test 4
[0.830s]       Start  4: mavros-router-test
[0.830s] 
[0.830s] 4: Test command: /home/grant/miniconda3/bin/python3 "-u" "/opt/ros/foxy/share/ament_cmake_test/cmake/run_test.py" "/home/grant/ros2_ws/build/mavros/test_results/mavros/mavros-router-test.gtest.xml" "--package-name" "mavros" "--output-file" "/home/grant/ros2_ws/build/mavros/ament_cmake_gmock/mavros-router-test.txt" "--command" "/home/grant/ros2_ws/build/mavros/mavros-router-test" "--gtest_output=xml:/home/grant/ros2_ws/build/mavros/test_results/mavros/mavros-router-test.gtest.xml"
[0.831s] 4: Test timeout computed to be: 60
[0.892s] 4: -- run_test.py: invoking following command in '/home/grant/ros2_ws/build/mavros':
[0.892s] 4:  - /home/grant/ros2_ws/build/mavros/mavros-router-test --gtest_output=xml:/home/grant/ros2_ws/build/mavros/test_results/mavros/mavros-router-test.gtest.xml
[0.904s] 4: [==========] Running 8 tests from 1 test case.
[0.904s] 4: [----------] Global test environment set-up.
[0.904s] 4: [----------] 8 tests from TestRouter
[0.904s] 4: [ RUN      ] TestRouter.set_parameter
[0.913s] 4: [INFO] [1666573480.523001191] [test_mavros_router]: Built-in SIMD instructions: SSE, SSE2
[0.913s] 4: [INFO] [1666573480.523090271] [test_mavros_router]: Built-in MAVLink package version: 2022.8.8
[0.913s] 4: [INFO] [1666573480.523104041] [test_mavros_router]: Known MAVLink dialects: common ardupilotmega ASLUAV AVSSUAS all development icarous matrixpilot paparazzi standard storm32 uAvionix ualberta
[0.913s] 4: [INFO] [1666573480.523112271] [test_mavros_router]: MAVROS Router started
[0.913s] 4: [INFO] [1666573480.523197211] [test_mavros_router]: Requested to add endpoint: type: 0, url: tcp-l://:57601
[0.913s] 4: [INFO] [1666573480.523324102] [test_mavros_router]: Endpoint link[1000] created
[0.915s] 4: [INFO] [1666573480.525147238] [test_mavros_router]: link[1000] opened successfully
[0.915s] 4: [INFO] [1666573480.525196878] [test_mavros_router]: Requested to add endpoint: type: 0, url: udp://:45001@
[0.915s] 4: [INFO] [1666573480.525236438] [test_mavros_router]: Endpoint link[1001] created
[0.915s] 4: [INFO] [1666573480.525482479] [test_mavros_router]: link[1001] opened successfully
[0.915s] 4: [INFO] [1666573480.525568879] [test_mavros_router]: Requested to add endpoint: type: 1, url: tcp-l://:57602
[0.916s] 4: [INFO] [1666573480.525614849] [test_mavros_router]: Endpoint link[1002] created
[0.916s] 4: [INFO] [1666573480.525748290] [test_mavros_router]: link[1002] opened successfully
[0.916s] 4: [INFO] [1666573480.525774600] [test_mavros_router]: Requested to add endpoint: type: 1, url: udp://:45002@
[0.916s] 4: [INFO] [1666573480.525812020] [test_mavros_router]: Endpoint link[1003] created
[0.916s] 4: [INFO] [1666573480.525940980] [test_mavros_router]: link[1003] opened successfully
[0.916s] 4: [INFO] [1666573480.526000981] [test_mavros_router]: Requested to add endpoint: type: 2, url: /uas1
[0.916s] 4: [INFO] [1666573480.526091001] [test_mavros_router]: Endpoint link[1004] created
[0.917s] 4: [INFO] [1666573480.526987074] [test_mavros_router]: link[1004] opened successfully
[0.917s] 4: [INFO] [1666573480.527025904] [test_mavros_router]: Requested to add endpoint: type: 2, url: /uas2
[0.917s] 4: [INFO] [1666573480.527066784] [test_mavros_router]: Endpoint link[1005] created
[0.917s] 4: [INFO] [1666573480.527460135] [test_mavros_router]: link[1005] opened successfully
[0.918s] 4: [       OK ] TestRouter.set_parameter (14 ms)
[0.918s] 4: [ RUN      ] TestRouter.route_fcu_broadcast
[0.924s] 4: [INFO] [1666573480.533972297] [test_mavros_router]: Built-in SIMD instructions: SSE, SSE2
[0.924s] 4: [INFO] [1666573480.534001587] [test_mavros_router]: Built-in MAVLink package version: 2022.8.8
[0.924s] 4: [INFO] [1666573480.534011107] [test_mavros_router]: Known MAVLink dialects: common ardupilotmega ASLUAV AVSSUAS all development icarous matrixpilot paparazzi standard storm32 uAvionix ualberta
[0.924s] 4: [INFO] [1666573480.534031077] [test_mavros_router]: MAVROS Router started
[0.924s] 4: [       OK ] TestRouter.route_fcu_broadcast (7 ms)
[0.924s] 4: [ RUN      ] TestRouter.route_uas_broadcast
[0.931s] 4: [INFO] [1666573480.541069580] [test_mavros_router]: Built-in SIMD instructions: SSE, SSE2
[0.931s] 4: [INFO] [1666573480.541101240] [test_mavros_router]: Built-in MAVLink package version: 2022.8.8
[0.931s] 4: [INFO] [1666573480.541110211] [test_mavros_router]: Known MAVLink dialects: common ardupilotmega ASLUAV AVSSUAS all development icarous matrixpilot paparazzi standard storm32 uAvionix ualberta
[0.931s] 4: [INFO] [1666573480.541118151] [test_mavros_router]: MAVROS Router started
[0.931s] 4: [       OK ] TestRouter.route_uas_broadcast (7 ms)
[0.931s] 4: [ RUN      ] TestRouter.route_gcs_broadcast
[0.965s] 4: [INFO] [1666573480.575455024] [test_mavros_router]: Built-in SIMD instructions: SSE, SSE2
[0.965s] 4: [INFO] [1666573480.575486814] [test_mavros_router]: Built-in MAVLink package version: 2022.8.8
[0.965s] 4: [INFO] [1666573480.575495574] [test_mavros_router]: Known MAVLink dialects: common ardupilotmega ASLUAV AVSSUAS all development icarous matrixpilot paparazzi standard storm32 uAvionix ualberta
[0.965s] 4: [INFO] [1666573480.575502224] [test_mavros_router]: MAVROS Router started
[0.966s] 4: [       OK ] TestRouter.route_gcs_broadcast (34 ms)
[0.966s] 4: [ RUN      ] TestRouter.route_targeted_one_system
[0.973s] 4: [INFO] [1666573480.583460331] [test_mavros_router]: Built-in SIMD instructions: SSE, SSE2
[0.973s] 4: [INFO] [1666573480.583490281] [test_mavros_router]: Built-in MAVLink package version: 2022.8.8
[0.973s] 4: [INFO] [1666573480.583501471] [test_mavros_router]: Known MAVLink dialects: common ardupilotmega ASLUAV AVSSUAS all development icarous matrixpilot paparazzi standard storm32 uAvionix ualberta
[0.973s] 4: [INFO] [1666573480.583508421] [test_mavros_router]: MAVROS Router started
[0.974s] 4: [       OK ] TestRouter.route_targeted_one_system (8 ms)
[0.974s] 4: [ RUN      ] TestRouter.route_targeted_two_system
[0.983s] 4: [INFO] [1666573480.593444364] [test_mavros_router]: Built-in SIMD instructions: SSE, SSE2
[0.984s] 4: [INFO] [1666573480.593488824] [test_mavros_router]: Built-in MAVLink package version: 2022.8.8
[0.984s] 4: [INFO] [1666573480.593497254] [test_mavros_router]: Known MAVLink dialects: common ardupilotmega ASLUAV AVSSUAS all development icarous matrixpilot paparazzi standard storm32 uAvionix ualberta
[0.984s] 4: [INFO] [1666573480.593504134] [test_mavros_router]: MAVROS Router started
[0.984s] 4: [       OK ] TestRouter.route_targeted_two_system (11 ms)
[0.984s] 4: [ RUN      ] TestRouter.route_targeted_system_component
[0.995s] 4: [INFO] [1666573480.605451069] [test_mavros_router]: Built-in SIMD instructions: SSE, SSE2
[0.996s] 4: [INFO] [1666573480.605495659] [test_mavros_router]: Built-in MAVLink package version: 2022.8.8
[0.996s] 4: [INFO] [1666573480.605504979] [test_mavros_router]: Known MAVLink dialects: common ardupilotmega ASLUAV AVSSUAS all development icarous matrixpilot paparazzi standard storm32 uAvionix ualberta
[0.996s] 4: [INFO] [1666573480.605514049] [test_mavros_router]: MAVROS Router started
[0.996s] 4: [       OK ] TestRouter.route_targeted_system_component (11 ms)
[0.996s] 4: [ RUN      ] TestRouter.endpoint_recv_message
[1.006s] 4: [INFO] [1666573480.615993879] [test_mavros_router]: Built-in SIMD instructions: SSE, SSE2
[1.006s] 4: [INFO] [1666573480.616037389] [test_mavros_router]: Built-in MAVLink package version: 2022.8.8
[1.006s] 4: [INFO] [1666573480.616046489] [test_mavros_router]: Known MAVLink dialects: common ardupilotmega ASLUAV AVSSUAS all development icarous matrixpilot paparazzi standard storm32 uAvionix ualberta
[1.006s] 4: [INFO] [1666573480.616053259] [test_mavros_router]: MAVROS Router started
[1.006s] 4: [INFO] [1666573480.616128009] [test_mavros_router]: Requested to add endpoint: type: 2, url: /uas1
[1.006s] 4: [INFO] [1666573480.616199170] [test_mavros_router]: Endpoint link[1000] created
[1.008s] 4: [INFO] [1666573480.618525427] [test_mavros_router]: link[1000] opened successfully
[1.008s] 4: [INFO] [1666573480.618640588] [test_mavros_router]: link[1000] detected remote address 1.191
[1.009s] 4: [WARN] [1666573480.618687178] [test_mavros_router]: Message dropped: msgid: 0, source: 1.191, target: 0.0
[1.009s] 4: [       OK ] TestRouter.endpoint_recv_message (14 ms)
[1.009s] 4: [----------] 8 tests from TestRouter (106 ms total)
[1.009s] 4: 
[1.009s] 4: [----------] Global test environment tear-down
[1.009s] 4: [==========] 8 tests from 1 test case ran. (106 ms total)
[1.009s] 4: [  PASSED  ] 8 tests.
[1.015s] 4: -- run_test.py: return code 0
[1.016s] 4: -- run_test.py: inject classname prefix into gtest result file '/home/grant/ros2_ws/build/mavros/test_results/mavros/mavros-router-test.gtest.xml'
[1.016s] 4: -- run_test.py: verify result file '/home/grant/ros2_ws/build/mavros/test_results/mavros/mavros-router-test.gtest.xml'
[1.028s]  4/12 Test  #4: mavros-router-test ..................   Passed    0.20 sec
[1.028s] test 5
[1.028s]       Start  5: mavros-uas-test
[1.028s] 
[1.028s] 5: Test command: /home/grant/miniconda3/bin/python3 "-u" "/opt/ros/foxy/share/ament_cmake_test/cmake/run_test.py" "/home/grant/ros2_ws/build/mavros/test_results/mavros/mavros-uas-test.gtest.xml" "--package-name" "mavros" "--output-file" "/home/grant/ros2_ws/build/mavros/ament_cmake_gmock/mavros-uas-test.txt" "--command" "/home/grant/ros2_ws/build/mavros/mavros-uas-test" "--gtest_output=xml:/home/grant/ros2_ws/build/mavros/test_results/mavros/mavros-uas-test.gtest.xml"
[1.029s] 5: Test timeout computed to be: 60
[1.105s] 5: -- run_test.py: invoking following command in '/home/grant/ros2_ws/build/mavros':
[1.105s] 5:  - /home/grant/ros2_ws/build/mavros/mavros-uas-test --gtest_output=xml:/home/grant/ros2_ws/build/mavros/test_results/mavros/mavros-uas-test.gtest.xml
[1.121s] 5: [==========] Running 2 tests from 1 test case.
[1.121s] 5: [----------] Global test environment set-up.
[1.122s] 5: [----------] 2 tests from TestUAS
[1.122s] 5: [ RUN      ] TestUAS.is_plugin_allowed
[1.154s] 5: [       OK ] TestUAS.is_plugin_allowed (32 ms)
[1.154s] 5: [ RUN      ] TestUAS.add_plugin__route_message__filter
[1.163s] 5: [INFO] [1666573480.772935804] [test_mavros_uas]: Plugin test1 created
[1.163s] 5: [INFO] [1666573480.773428936] [test_mavros_uas]: Plugin test1 initialized
[1.163s] 5: [INFO] [1666573480.773550416] [test_mavros_uas]: Plugin test2 created
[1.164s] 5: [INFO] [1666573480.773585446] [test_mavros_uas]: Plugin test2 initialized
[1.164s] 5: [       OK ] TestUAS.add_plugin__route_message__filter (11 ms)
[1.164s] 5: [----------] 2 tests from TestUAS (43 ms total)
[1.164s] 5: 
[1.164s] 5: [----------] Global test environment tear-down
[1.165s] 5: [==========] 2 tests from 1 test case ran. (43 ms total)
[1.165s] 5: [  PASSED  ] 2 tests.
[1.170s] 5: -- run_test.py: return code 0
[1.170s] 5: -- run_test.py: inject classname prefix into gtest result file '/home/grant/ros2_ws/build/mavros/test_results/mavros/mavros-uas-test.gtest.xml'
[1.171s] 5: -- run_test.py: verify result file '/home/grant/ros2_ws/build/mavros/test_results/mavros/mavros-uas-test.gtest.xml'
[1.185s]  5/12 Test  #5: mavros-uas-test .....................   Passed    0.16 sec
[1.185s] test 6
[1.185s]       Start  6: cppcheck
[1.186s] 
[1.186s] 6: Test command: /home/grant/miniconda3/bin/python3 "-u" "/opt/ros/foxy/share/ament_cmake_test/cmake/run_test.py" "/home/grant/ros2_ws/build/mavros/test_results/mavros/cppcheck.xunit.xml" "--package-name" "mavros" "--output-file" "/home/grant/ros2_ws/build/mavros/ament_cppcheck/cppcheck.txt" "--command" "/opt/ros/foxy/bin/ament_cppcheck" "--xunit-file" "/home/grant/ros2_ws/build/mavros/test_results/mavros/cppcheck.xunit.xml" "--exclude" "./test/*.cpp" "--include_dirs" "/home/grant/ros2_ws/src/mavros/mavros/include"
[1.186s] 6: Test timeout computed to be: 300
[1.257s] 6: -- run_test.py: invoking following command in '/home/grant/ros2_ws/src/mavros/mavros':
[1.257s] 6:  - /opt/ros/foxy/bin/ament_cppcheck --xunit-file /home/grant/ros2_ws/build/mavros/test_results/mavros/cppcheck.xunit.xml --exclude ./test/*.cpp --include_dirs /home/grant/ros2_ws/src/mavros/mavros/include
[1.841s] 6: No problems found
[1.888s] 6: -- run_test.py: return code 0
[1.888s] 6: -- run_test.py: verify result file '/home/grant/ros2_ws/build/mavros/test_results/mavros/cppcheck.xunit.xml'
[1.905s]  6/12 Test  #6: cppcheck ............................   Passed    0.72 sec
[1.906s] test 7
[1.906s]       Start  7: cpplint
[1.906s] 
[1.906s] 7: Test command: /home/grant/miniconda3/bin/python3 "-u" "/opt/ros/foxy/share/ament_cmake_test/cmake/run_test.py" "/home/grant/ros2_ws/build/mavros/test_results/mavros/cpplint.xunit.xml" "--package-name" "mavros" "--output-file" "/home/grant/ros2_ws/build/mavros/ament_cpplint/cpplint.txt" "--command" "/opt/ros/foxy/bin/ament_cpplint" "--xunit-file" "/home/grant/ros2_ws/build/mavros/test_results/mavros/cpplint.xunit.xml"
[1.906s] 7: Test timeout computed to be: 120
[1.974s] 7: -- run_test.py: invoking following command in '/home/grant/ros2_ws/src/mavros/mavros':
[1.974s] 7:  - /opt/ros/foxy/bin/ament_cpplint --xunit-file /home/grant/ros2_ws/build/mavros/test_results/mavros/cpplint.xunit.xml
[6.454s] 7: Using '--root=/home/grant/ros2_ws/src/mavros/mavros/include' argument
[6.454s] 7: 
[6.454s] 7: Done processing /home/grant/ros2_ws/src/mavros/mavros/include/mavros/frame_tf.hpp
[6.454s] 7: 
[6.454s] 7: Done processing /home/grant/ros2_ws/src/mavros/mavros/include/mavros/mavros_plugin_register_macro.hpp
[6.454s] 7: 
[6.454s] 7: Done processing /home/grant/ros2_ws/src/mavros/mavros/include/mavros/mavros_router.hpp
[6.454s] 7: 
[6.454s] 7: Done processing /home/grant/ros2_ws/src/mavros/mavros/include/mavros/mavros_uas.hpp
[6.455s] 7: 
[6.455s] 7: Done processing /home/grant/ros2_ws/src/mavros/mavros/include/mavros/mission_protocol_base.hpp
[6.455s] 7: 
[6.455s] 7: Done processing /home/grant/ros2_ws/src/mavros/mavros/include/mavros/plugin.hpp
[6.455s] 7: 
[6.455s] 7: Done processing /home/grant/ros2_ws/src/mavros/mavros/include/mavros/plugin_filter.hpp
[6.455s] 7: 
[6.455s] 7: Done processing /home/grant/ros2_ws/src/mavros/mavros/include/mavros/px4_custom_mode.hpp
[6.455s] 7: 
[6.455s] 7: Done processing /home/grant/ros2_ws/src/mavros/mavros/include/mavros/setpoint_mixin.hpp
[6.455s] 7: 
[6.455s] 7: Done processing /home/grant/ros2_ws/src/mavros/mavros/include/mavros/uas_executor.hpp
[6.455s] 7: 
[6.455s] 7: Done processing /home/grant/ros2_ws/src/mavros/mavros/include/mavros/utils.hpp
[6.455s] 7: 
[6.456s] 7: Using '--root=/home/grant/ros2_ws/src/mavros/mavros/src' argument
[6.456s] 7: 
[6.456s] 7: Done processing /home/grant/ros2_ws/src/mavros/mavros/src/mavros_node.cpp
[6.456s] 7: 
[6.456s] 7: Done processing /home/grant/ros2_ws/src/mavros/mavros/src/lib/enum_sensor_orientation.cpp
[6.456s] 7: 
[6.456s] 7: Done processing /home/grant/ros2_ws/src/mavros/mavros/src/lib/enum_to_string.cpp
[6.456s] 7: 
[6.456s] 7: Done processing /home/grant/ros2_ws/src/mavros/mavros/src/lib/ftf_frame_conversions.cpp
[6.456s] 7: 
[6.456s] 7: Done processing /home/grant/ros2_ws/src/mavros/mavros/src/lib/ftf_quaternion_utils.cpp
[6.456s] 7: 
[6.456s] 7: Done processing /home/grant/ros2_ws/src/mavros/mavros/src/lib/mavros_router.cpp
[6.456s] 7: 
[6.456s] 7: Done processing /home/grant/ros2_ws/src/mavros/mavros/src/lib/mavros_uas.cpp
[6.457s] 7: 
[6.457s] 7: Done processing /home/grant/ros2_ws/src/mavros/mavros/src/lib/plugin.cpp
[6.457s] 7: 
[6.457s] 7: Done processing /home/grant/ros2_ws/src/mavros/mavros/src/lib/uas_ap.cpp
[6.457s] 7: 
[6.457s] 7: Done processing /home/grant/ros2_ws/src/mavros/mavros/src/lib/uas_data.cpp
[6.457s] 7: 
[6.457s] 7: Done processing /home/grant/ros2_ws/src/mavros/mavros/src/lib/uas_executor.cpp
[6.457s] 7: 
[6.457s] 7: Done processing /home/grant/ros2_ws/src/mavros/mavros/src/lib/uas_stringify.cpp
[6.457s] 7: 
[6.457s] 7: Done processing /home/grant/ros2_ws/src/mavros/mavros/src/lib/uas_tf.cpp
[6.457s] 7: 
[6.457s] 7: Done processing /home/grant/ros2_ws/src/mavros/mavros/src/lib/uas_timesync.cpp
[6.458s] 7: 
[6.458s] 7: Done processing /home/grant/ros2_ws/src/mavros/mavros/src/plugins/actuator_control.cpp
[6.458s] 7: 
[6.458s] 7: Done processing /home/grant/ros2_ws/src/mavros/mavros/src/plugins/altitude.cpp
[6.458s] 7: 
[6.458s] 7: Done processing /home/grant/ros2_ws/src/mavros/mavros/src/plugins/command.cpp
[6.458s] 7: 
[6.458s] 7: Done processing /home/grant/ros2_ws/src/mavros/mavros/src/plugins/dummy.cpp
[6.458s] 7: 
[6.458s] 7: Done processing /home/grant/ros2_ws/src/mavros/mavros/src/plugins/ftp.cpp
[6.458s] 7: 
[6.458s] 7: Done processing /home/grant/ros2_ws/src/mavros/mavros/src/plugins/geofence.cpp
[6.458s] 7: 
[6.458s] 7: Done processing /home/grant/ros2_ws/src/mavros/mavros/src/plugins/global_position.cpp
[6.458s] 7: 
[6.459s] 7: Done processing /home/grant/ros2_ws/src/mavros/mavros/src/plugins/home_position.cpp
[6.459s] 7: 
[6.459s] 7: Done processing /home/grant/ros2_ws/src/mavros/mavros/src/plugins/imu.cpp
[6.459s] 7: 
[6.459s] 7: Done processing /home/grant/ros2_ws/src/mavros/mavros/src/plugins/local_position.cpp
[6.459s] 7: 
[6.459s] 7: Done processing /home/grant/ros2_ws/src/mavros/mavros/src/plugins/manual_control.cpp
[6.459s] 7: 
[6.459s] 7: Done processing /home/grant/ros2_ws/src/mavros/mavros/src/plugins/mission_protocol_base.cpp
[6.459s] 7: 
[6.459s] 7: Done processing /home/grant/ros2_ws/src/mavros/mavros/src/plugins/nav_controller_output.cpp
[6.459s] 7: 
[6.459s] 7: Done processing /home/grant/ros2_ws/src/mavros/mavros/src/plugins/param.cpp
[6.459s] 7: 
[6.459s] 7: Done processing /home/grant/ros2_ws/src/mavros/mavros/src/plugins/rallypoint.cpp
[6.460s] 7: 
[6.460s] 7: Done processing /home/grant/ros2_ws/src/mavros/mavros/src/plugins/rc_io.cpp
[6.460s] 7: 
[6.460s] 7: Done processing /home/grant/ros2_ws/src/mavros/mavros/src/plugins/setpoint_accel.cpp
[6.460s] 7: 
[6.460s] 7: Done processing /home/grant/ros2_ws/src/mavros/mavros/src/plugins/setpoint_attitude.cpp
[6.460s] 7: 
[6.460s] 7: Done processing /home/grant/ros2_ws/src/mavros/mavros/src/plugins/setpoint_position.cpp
[6.460s] 7: 
[6.460s] 7: Done processing /home/grant/ros2_ws/src/mavros/mavros/src/plugins/setpoint_raw.cpp
[6.460s] 7: 
[6.460s] 7: Done processing /home/grant/ros2_ws/src/mavros/mavros/src/plugins/setpoint_trajectory.cpp
[6.460s] 7: 
[6.460s] 7: Done processing /home/grant/ros2_ws/src/mavros/mavros/src/plugins/setpoint_velocity.cpp
[6.460s] 7: 
[6.460s] 7: Done processing /home/grant/ros2_ws/src/mavros/mavros/src/plugins/sys_status.cpp
[6.461s] 7: 
[6.461s] 7: Done processing /home/grant/ros2_ws/src/mavros/mavros/src/plugins/sys_time.cpp
[6.461s] 7: 
[6.461s] 7: Done processing /home/grant/ros2_ws/src/mavros/mavros/src/plugins/waypoint.cpp
[6.461s] 7: 
[6.461s] 7: Done processing /home/grant/ros2_ws/src/mavros/mavros/src/plugins/wind_estimation.cpp
[6.461s] 7: 
[6.461s] 7: Using '--root=/home/grant/ros2_ws/src/mavros/mavros/test' argument
[6.461s] 7: 
[6.461s] 7: Done processing /home/grant/ros2_ws/src/mavros/mavros/test/test_frame_conversions.cpp
[6.461s] 7: 
[6.461s] 7: Done processing /home/grant/ros2_ws/src/mavros/mavros/test/test_quaternion_utils.cpp
[6.461s] 7: 
[6.461s] 7: Done processing /home/grant/ros2_ws/src/mavros/mavros/test/test_router.cpp
[6.462s] 7: 
[6.462s] 7: Done processing /home/grant/ros2_ws/src/mavros/mavros/test/test_sensor_orientation.cpp
[6.462s] 7: 
[6.462s] 7: Done processing /home/grant/ros2_ws/src/mavros/mavros/test/test_uas.cpp
[6.462s] 7: 
[6.462s] 7: No problems found
[6.472s] 7: -- run_test.py: return code 0
[6.473s] 7: -- run_test.py: verify result file '/home/grant/ros2_ws/build/mavros/test_results/mavros/cpplint.xunit.xml'
[6.484s]  7/12 Test  #7: cpplint .............................   Passed    4.58 sec
[6.484s] test 8
[6.484s]       Start  8: flake8
[6.485s] 
[6.485s] 8: Test command: /home/grant/miniconda3/bin/python3 "-u" "/opt/ros/foxy/share/ament_cmake_test/cmake/run_test.py" "/home/grant/ros2_ws/build/mavros/test_results/mavros/flake8.xunit.xml" "--package-name" "mavros" "--output-file" "/home/grant/ros2_ws/build/mavros/ament_flake8/flake8.txt" "--command" "/opt/ros/foxy/bin/ament_flake8" "--xunit-file" "/home/grant/ros2_ws/build/mavros/test_results/mavros/flake8.xunit.xml"
[6.485s] 8: Test timeout computed to be: 60
[6.545s] 8: -- run_test.py: invoking following command in '/home/grant/ros2_ws/src/mavros/mavros':
[6.545s] 8:  - /opt/ros/foxy/bin/ament_flake8 --xunit-file /home/grant/ros2_ws/build/mavros/test_results/mavros/flake8.xunit.xml
[7.037s] 8: 
[7.038s] 8: 27 files checked
[7.038s] 8: No problems found
[7.038s] 8: 
[7.038s] 8: Checked files:
[7.038s] 8: 
[7.038s] 8: * ./setup.py
[7.038s] 8: * ./mavros/ftp.py
[7.038s] 8: * ./mavros/command.py
[7.038s] 8: * ./mavros/global_position.py
[7.038s] 8: * ./mavros/param.py
[7.038s] 8: * ./mavros/setpoint.py
[7.038s] 8: * ./mavros/mission.py
[7.039s] 8: * ./mavros/system.py
[7.039s] 8: * ./mavros/mavlink.py
[7.039s] 8: * ./mavros/__init__.py
[7.039s] 8: * ./mavros/local_position.py
[7.039s] 8: * ./mavros/utils.py
[7.039s] 8: * ./mavros/nuttx_crc32.py
[7.039s] 8: * ./mavros/base.py
[7.039s] 8: * ./mavros/cmd/checkid.py
[7.039s] 8: * ./mavros/cmd/ftp.py
[7.039s] 8: * ./mavros/cmd/param.py
[7.039s] 8: * ./mavros/cmd/mission.py
[7.039s] 8: * ./mavros/cmd/system.py
[7.039s] 8: * ./mavros/cmd/__main__.py
[7.039s] 8: * ./mavros/cmd/cmd.py
[7.039s] 8: * ./mavros/cmd/__init__.py
[7.040s] 8: * ./mavros/cmd/safety.py
[7.040s] 8: * ./mavros/cmd/utils.py
[7.040s] 8: * ./test/mavros_py/test_mission.py
[7.040s] 8: * ./test/mavros_py/test_param.py
[7.040s] 8: * ./test/mavros_py/__init__.py
[7.061s] 8: -- run_test.py: return code 0
[7.062s] 8: -- run_test.py: verify result file '/home/grant/ros2_ws/build/mavros/test_results/mavros/flake8.xunit.xml'
[7.072s]  8/12 Test  #8: flake8 ..............................   Passed    0.59 sec
[7.072s] test 9
[7.072s]       Start  9: lint_cmake
[7.072s] 
[7.072s] 9: Test command: /home/grant/miniconda3/bin/python3 "-u" "/opt/ros/foxy/share/ament_cmake_test/cmake/run_test.py" "/home/grant/ros2_ws/build/mavros/test_results/mavros/lint_cmake.xunit.xml" "--package-name" "mavros" "--output-file" "/home/grant/ros2_ws/build/mavros/ament_lint_cmake/lint_cmake.txt" "--command" "/opt/ros/foxy/bin/ament_lint_cmake" "--xunit-file" "/home/grant/ros2_ws/build/mavros/test_results/mavros/lint_cmake.xunit.xml"
[7.072s] 9: Test timeout computed to be: 60
[7.133s] 9: -- run_test.py: invoking following command in '/home/grant/ros2_ws/src/mavros/mavros':
[7.133s] 9:  - /opt/ros/foxy/bin/ament_lint_cmake --xunit-file /home/grant/ros2_ws/build/mavros/test_results/mavros/lint_cmake.xunit.xml
[7.329s] 9: 
[7.329s] 9: No problems found
[7.341s] 9: -- run_test.py: return code 0
[7.341s] 9: -- run_test.py: verify result file '/home/grant/ros2_ws/build/mavros/test_results/mavros/lint_cmake.xunit.xml'
[7.352s]  9/12 Test  #9: lint_cmake ..........................   Passed    0.28 sec
[7.352s] test 10
[7.352s]       Start 10: pep257
[7.352s] 
[7.352s] 10: Test command: /home/grant/miniconda3/bin/python3 "-u" "/opt/ros/foxy/share/ament_cmake_test/cmake/run_test.py" "/home/grant/ros2_ws/build/mavros/test_results/mavros/pep257.xunit.xml" "--package-name" "mavros" "--output-file" "/home/grant/ros2_ws/build/mavros/ament_pep257/pep257.txt" "--command" "/opt/ros/foxy/bin/ament_pep257" "--xunit-file" "/home/grant/ros2_ws/build/mavros/test_results/mavros/pep257.xunit.xml"
[7.352s] 10: Test timeout computed to be: 60
[7.413s] 10: -- run_test.py: invoking following command in '/home/grant/ros2_ws/src/mavros/mavros':
[7.413s] 10:  - /opt/ros/foxy/bin/ament_pep257 --xunit-file /home/grant/ros2_ws/build/mavros/test_results/mavros/pep257.xunit.xml
[7.959s] 10: checking ./mavros/__init__.py
[7.959s] 10: checking ./mavros/base.py
[7.959s] 10: checking ./mavros/cmd/__init__.py
[7.959s] 10: checking ./mavros/cmd/__main__.py
[7.959s] 10: checking ./mavros/cmd/checkid.py
[7.959s] 10: checking ./mavros/cmd/cmd.py
[7.959s] 10: checking ./mavros/cmd/ftp.py
[7.960s] 10: checking ./mavros/cmd/mission.py
[7.960s] 10: checking ./mavros/cmd/param.py
[7.960s] 10: checking ./mavros/cmd/safety.py
[7.960s] 10: checking ./mavros/cmd/system.py
[7.960s] 10: checking ./mavros/cmd/utils.py
[7.960s] 10: checking ./mavros/command.py
[7.960s] 10: checking ./mavros/ftp.py
[7.960s] 10: checking ./mavros/global_position.py
[7.960s] 10: checking ./mavros/local_position.py
[7.960s] 10: checking ./mavros/mavlink.py
[7.960s] 10: checking ./mavros/mission.py
[7.960s] 10: checking ./mavros/nuttx_crc32.py
[7.960s] 10: checking ./mavros/param.py
[7.960s] 10: checking ./mavros/setpoint.py
[7.960s] 10: checking ./mavros/system.py
[7.961s] 10: checking ./mavros/utils.py
[7.961s] 10: checking ./setup.py
[7.961s] 10: checking ./test/mavros_py/__init__.py
[7.961s] 10: checking ./test/mavros_py/test_mission.py
[7.961s] 10: checking ./test/mavros_py/test_param.py
[7.961s] 10: No problems found
[7.983s] 10: -- run_test.py: return code 0
[7.983s] 10: -- run_test.py: verify result file '/home/grant/ros2_ws/build/mavros/test_results/mavros/pep257.xunit.xml'
[7.993s] 10/12 Test #10: pep257 ..............................   Passed    0.64 sec
[7.993s] test 11
[7.994s]       Start 11: uncrustify
[7.994s] 
[7.994s] 11: Test command: /home/grant/miniconda3/bin/python3 "-u" "/opt/ros/foxy/share/ament_cmake_test/cmake/run_test.py" "/home/grant/ros2_ws/build/mavros/test_results/mavros/uncrustify.xunit.xml" "--package-name" "mavros" "--output-file" "/home/grant/ros2_ws/build/mavros/ament_uncrustify/uncrustify.txt" "--command" "/opt/ros/foxy/bin/ament_uncrustify" "--xunit-file" "/home/grant/ros2_ws/build/mavros/test_results/mavros/uncrustify.xunit.xml"
[7.994s] 11: Test timeout computed to be: 60
[8.054s] 11: -- run_test.py: invoking following command in '/home/grant/ros2_ws/src/mavros/mavros':
[8.055s] 11:  - /opt/ros/foxy/bin/ament_uncrustify --xunit-file /home/grant/ros2_ws/build/mavros/test_results/mavros/uncrustify.xunit.xml
[8.528s] 11: No code style divergence in file 'include/mavros/frame_tf.hpp'
[8.528s] 11: 
[8.528s] 11: No code style divergence in file 'include/mavros/mavros_plugin_register_macro.hpp'
[8.528s] 11: 
[8.528s] 11: No code style divergence in file 'include/mavros/mavros_router.hpp'
[8.529s] 11: 
[8.529s] 11: No code style divergence in file 'include/mavros/mavros_uas.hpp'
[8.529s] 11: 
[8.529s] 11: No code style divergence in file 'include/mavros/mission_protocol_base.hpp'
[8.529s] 11: 
[8.529s] 11: No code style divergence in file 'include/mavros/plugin.hpp'
[8.529s] 11: 
[8.529s] 11: No code style divergence in file 'include/mavros/plugin_filter.hpp'
[8.529s] 11: 
[8.529s] 11: No code style divergence in file 'include/mavros/px4_custom_mode.hpp'
[8.529s] 11: 
[8.529s] 11: No code style divergence in file 'include/mavros/setpoint_mixin.hpp'
[8.529s] 11: 
[8.529s] 11: No code style divergence in file 'include/mavros/uas_executor.hpp'
[8.529s] 11: 
[8.530s] 11: No code style divergence in file 'include/mavros/utils.hpp'
[8.530s] 11: 
[8.530s] 11: No code style divergence in file 'src/lib/enum_sensor_orientation.cpp'
[8.530s] 11: 
[8.530s] 11: No code style divergence in file 'src/lib/enum_to_string.cpp'
[8.530s] 11: 
[8.530s] 11: No code style divergence in file 'src/lib/ftf_frame_conversions.cpp'
[8.530s] 11: 
[8.530s] 11: No code style divergence in file 'src/lib/ftf_quaternion_utils.cpp'
[8.530s] 11: 
[8.530s] 11: No code style divergence in file 'src/lib/mavros_router.cpp'
[8.530s] 11: 
[8.530s] 11: No code style divergence in file 'src/lib/mavros_uas.cpp'
[8.530s] 11: 
[8.530s] 11: No code style divergence in file 'src/lib/plugin.cpp'
[8.531s] 11: 
[8.531s] 11: No code style divergence in file 'src/lib/uas_ap.cpp'
[8.531s] 11: 
[8.531s] 11: No code style divergence in file 'src/lib/uas_data.cpp'
[8.531s] 11: 
[8.531s] 11: No code style divergence in file 'src/lib/uas_executor.cpp'
[8.531s] 11: 
[8.531s] 11: No code style divergence in file 'src/lib/uas_stringify.cpp'
[8.531s] 11: 
[8.531s] 11: No code style divergence in file 'src/lib/uas_tf.cpp'
[8.531s] 11: 
[8.531s] 11: No code style divergence in file 'src/lib/uas_timesync.cpp'
[8.531s] 11: 
[8.531s] 11: No code style divergence in file 'src/mavros_node.cpp'
[8.531s] 11: 
[8.531s] 11: No code style divergence in file 'src/plugins/actuator_control.cpp'
[8.532s] 11: 
[8.532s] 11: No code style divergence in file 'src/plugins/altitude.cpp'
[8.532s] 11: 
[8.532s] 11: No code style divergence in file 'src/plugins/command.cpp'
[8.532s] 11: 
[8.532s] 11: No code style divergence in file 'src/plugins/dummy.cpp'
[8.532s] 11: 
[8.532s] 11: No code style divergence in file 'src/plugins/ftp.cpp'
[8.532s] 11: 
[8.532s] 11: No code style divergence in file 'src/plugins/geofence.cpp'
[8.532s] 11: 
[8.532s] 11: No code style divergence in file 'src/plugins/global_position.cpp'
[8.532s] 11: 
[8.532s] 11: No code style divergence in file 'src/plugins/home_position.cpp'
[8.532s] 11: 
[8.533s] 11: No code style divergence in file 'src/plugins/imu.cpp'
[8.533s] 11: 
[8.533s] 11: No code style divergence in file 'src/plugins/local_position.cpp'
[8.533s] 11: 
[8.533s] 11: No code style divergence in file 'src/plugins/manual_control.cpp'
[8.533s] 11: 
[8.533s] 11: No code style divergence in file 'src/plugins/mission_protocol_base.cpp'
[8.533s] 11: 
[8.533s] 11: No code style divergence in file 'src/plugins/nav_controller_output.cpp'
[8.533s] 11: 
[8.533s] 11: No code style divergence in file 'src/plugins/param.cpp'
[8.533s] 11: 
[8.533s] 11: No code style divergence in file 'src/plugins/rallypoint.cpp'
[8.533s] 11: 
[8.533s] 11: No code style divergence in file 'src/plugins/rc_io.cpp'
[8.534s] 11: 
[8.534s] 11: No code style divergence in file 'src/plugins/setpoint_accel.cpp'
[8.534s] 11: 
[8.534s] 11: No code style divergence in file 'src/plugins/setpoint_attitude.cpp'
[8.534s] 11: 
[8.534s] 11: No code style divergence in file 'src/plugins/setpoint_position.cpp'
[8.534s] 11: 
[8.534s] 11: No code style divergence in file 'src/plugins/setpoint_raw.cpp'
[8.534s] 11: 
[8.534s] 11: No code style divergence in file 'src/plugins/setpoint_trajectory.cpp'
[8.534s] 11: 
[8.534s] 11: No code style divergence in file 'src/plugins/setpoint_velocity.cpp'
[8.534s] 11: 
[8.534s] 11: No code style divergence in file 'src/plugins/sys_status.cpp'
[8.534s] 11: 
[8.535s] 11: No code style divergence in file 'src/plugins/sys_time.cpp'
[8.535s] 11: 
[8.535s] 11: No code style divergence in file 'src/plugins/waypoint.cpp'
[8.535s] 11: 
[8.535s] 11: No code style divergence in file 'src/plugins/wind_estimation.cpp'
[8.535s] 11: 
[8.535s] 11: No code style divergence in file 'test/test_frame_conversions.cpp'
[8.535s] 11: 
[8.535s] 11: No code style divergence in file 'test/test_quaternion_utils.cpp'
[8.535s] 11: 
[8.535s] 11: No code style divergence in file 'test/test_router.cpp'
[8.535s] 11: 
[8.535s] 11: No code style divergence in file 'test/test_sensor_orientation.cpp'
[8.535s] 11: 
[8.535s] 11: No code style divergence in file 'test/test_uas.cpp'
[8.536s] 11: 
[8.536s] 11: No problems found
[8.542s] 11: -- run_test.py: return code 0
[8.543s] 11: -- run_test.py: verify result file '/home/grant/ros2_ws/build/mavros/test_results/mavros/uncrustify.xunit.xml'
[8.554s] 11/12 Test #11: uncrustify ..........................   Passed    0.56 sec
[8.554s] test 12
[8.554s]       Start 12: xmllint
[8.554s] 
[8.554s] 12: Test command: /home/grant/miniconda3/bin/python3 "-u" "/opt/ros/foxy/share/ament_cmake_test/cmake/run_test.py" "/home/grant/ros2_ws/build/mavros/test_results/mavros/xmllint.xunit.xml" "--package-name" "mavros" "--output-file" "/home/grant/ros2_ws/build/mavros/ament_xmllint/xmllint.txt" "--command" "/opt/ros/foxy/bin/ament_xmllint" "--xunit-file" "/home/grant/ros2_ws/build/mavros/test_results/mavros/xmllint.xunit.xml"
[8.554s] 12: Test timeout computed to be: 60
[8.617s] 12: -- run_test.py: invoking following command in '/home/grant/ros2_ws/src/mavros/mavros':
[8.617s] 12:  - /opt/ros/foxy/bin/ament_xmllint --xunit-file /home/grant/ros2_ws/build/mavros/test_results/mavros/xmllint.xunit.xml
[8.813s] 12: File 'mavros_plugins.xml' is valid
[8.813s] 12: 
[8.813s] 12: File 'package.xml' is valid
[8.813s] 12: 
[8.813s] 12: No problems found
[8.827s] 12: -- run_test.py: return code 0
[8.827s] 12: -- run_test.py: verify result file '/home/grant/ros2_ws/build/mavros/test_results/mavros/xmllint.xunit.xml'
[8.837s] 12/12 Test #12: xmllint .............................   Passed    0.28 sec
[8.838s] 
[8.838s] [0;32m100% tests passed[0;0m, 0 tests failed[0;0m out of 12
[8.838s] 
[8.838s] Label Time Summary:
[8.838s] cppcheck      =   0.72 sec*proc (1 test)
[8.838s] cpplint       =   4.58 sec*proc (1 test)
[8.838s] flake8        =   0.59 sec*proc (1 test)
[8.838s] gmock         =   0.35 sec*proc (2 tests)
[8.838s] gtest         =   0.78 sec*proc (3 tests)
[8.838s] lint_cmake    =   0.28 sec*proc (1 test)
[8.838s] linter        =   7.65 sec*proc (7 tests)
[8.838s] pep257        =   0.64 sec*proc (1 test)
[8.838s] uncrustify    =   0.56 sec*proc (1 test)
[8.839s] xmllint       =   0.28 sec*proc (1 test)
[8.839s] 
[8.839s] Total Test time (real) =   8.79 sec
[8.843s] Invoked command in '/home/grant/ros2_ws/build/mavros' returned '0': CMAKE_PREFIX_PATH=/home/grant/ros2_ws/install/mavros:/home/grant/ros2_ws/install/libmavconn:/home/grant/ros2_ws/install/mavros_msgs:/home/grant/ros2_ws/install/mavlink:/home/grant/ros2_ws/install/mavros_extras:/home/grant/vrx_ws/devel:/opt/ros/noetic:/home/grant/ros2_foxy/ros2-linux CONDA_PROMPT_MODIFIER=(base) LD_LIBRARY_PATH=/home/grant/ros2_ws/install/mavros/lib:/home/grant/ros2_ws/install/libmavconn/lib:/home/grant/ros2_ws/install/mavros_msgs/lib:/home/grant/ros2_ws/install/mavros_extras/lib:/home/grant/vrx_ws/devel/lib:/opt/ros/noetic/lib:/usr/lib/x86_64-linux-gnu/gazebo-11/plugins:/opt/ros/foxy/opt/yaml_cpp_vendor/lib:/opt/ros/foxy/lib/x86_64-linux-gnu:/opt/ros/foxy/lib:/home/grant/ros2_foxy/ros2-linux/opt/yaml_cpp_vendor/lib:/home/grant/ros2_foxy/ros2-linux/opt/rviz_ogre_vendor/lib:/opt/rti.com/rti_connext_dds-5.3.1/lib/x64Linux3gcc5.4.0:/home/grant/ros2_foxy/ros2-linux/lib:/usr/lib/x86_64-linux-gnu/gazebo-11/plugins:/usr/lib/x86_64-linux-gnu/gazebo-11/plugins:/usr/lib/x86_64-linux-gnu/gazebo-11/plugins:/usr/lib/x86_64-linux-gnu/gazebo-11/plugins:/usr/lib/x86_64-linux-gnu/gazebo-11/plugins:/usr/lib/x86_64-linux-gnu/gazebo-11/plugins /usr/bin/ctest -C Release -D ExperimentalTest --no-compress-output -V --force-new-ctest-process
