[0.039s] Invoking command in '/home/grant/ros2_ws/build/mavros': CMAKE_PREFIX_PATH=/home/grant/ros2_ws/install/mavros:/home/grant/ros2_ws/install/libmavconn:/home/grant/ros2_ws/install/mavros_msgs:/home/grant/ros2_ws/install/mavlink:/home/grant/ros2_ws/install/mavros_extras:/home/grant/vrx_ws/devel:/opt/ros/noetic:/home/grant/ros2_foxy/ros2-linux CONDA_PROMPT_MODIFIER=(base) LD_LIBRARY_PATH=/home/grant/ros2_ws/install/mavros/lib:/home/grant/ros2_ws/install/libmavconn/lib:/home/grant/ros2_ws/install/mavros_msgs/lib:/home/grant/ros2_ws/install/mavros_extras/lib:/home/grant/vrx_ws/devel/lib:/opt/ros/noetic/lib:/usr/lib/x86_64-linux-gnu/gazebo-11/plugins:/opt/ros/foxy/opt/yaml_cpp_vendor/lib:/opt/ros/foxy/lib/x86_64-linux-gnu:/opt/ros/foxy/lib:/home/grant/ros2_foxy/ros2-linux/opt/yaml_cpp_vendor/lib:/home/grant/ros2_foxy/ros2-linux/opt/rviz_ogre_vendor/lib:/opt/rti.com/rti_connext_dds-5.3.1/lib/x64Linux3gcc5.4.0:/home/grant/ros2_foxy/ros2-linux/lib:/usr/lib/x86_64-linux-gnu/gazebo-11/plugins:/usr/lib/x86_64-linux-gnu/gazebo-11/plugins:/usr/lib/x86_64-linux-gnu/gazebo-11/plugins:/usr/lib/x86_64-linux-gnu/gazebo-11/plugins:/usr/lib/x86_64-linux-gnu/gazebo-11/plugins:/usr/lib/x86_64-linux-gnu/gazebo-11/plugins /usr/bin/ctest -C Release -D ExperimentalTest --no-compress-output -V --force-new-ctest-process
[0.044s] UpdateCTestConfiguration  from :/home/grant/ros2_ws/build/mavros/CTestConfiguration.ini
[0.045s] Parse Config file:/home/grant/ros2_ws/build/mavros/CTestConfiguration.ini
[0.045s]    Site: grant-2f
[0.045s]    Build name: (empty)
[0.045s]  Add coverage exclude regular expressions.
[0.045s] SetCTestConfiguration:CMakeCommand:/usr/bin/cmake
[0.045s] Create new tag: 20221024-0236 - Experimental
[0.045s] UpdateCTestConfiguration  from :/home/grant/ros2_ws/build/mavros/CTestConfiguration.ini
[0.045s] Parse Config file:/home/grant/ros2_ws/build/mavros/CTestConfiguration.ini
[0.045s] Test project /home/grant/ros2_ws/build/mavros
[0.046s] Constructing a list of tests
[0.046s] Done constructing a list of tests
[0.046s] Updating test list for fixtures
[0.046s] Added 0 tests to meet fixture requirements
[0.046s] Checking test dependency graph...
[0.046s] Checking test dependency graph end
[0.046s] test 1
[0.046s]       Start  1: libmavros-frame-conversions-test
[0.046s] 
[0.046s] 1: Test command: /home/grant/miniconda3/bin/python3 "-u" "/opt/ros/foxy/share/ament_cmake_test/cmake/run_test.py" "/home/grant/ros2_ws/build/mavros/test_results/mavros/libmavros-frame-conversions-test.gtest.xml" "--package-name" "mavros" "--output-file" "/home/grant/ros2_ws/build/mavros/ament_cmake_gtest/libmavros-frame-conversions-test.txt" "--command" "/home/grant/ros2_ws/build/mavros/libmavros-frame-conversions-test" "--gtest_output=xml:/home/grant/ros2_ws/build/mavros/test_results/mavros/libmavros-frame-conversions-test.gtest.xml"
[0.046s] 1: Test timeout computed to be: 60
[0.111s] 1: -- run_test.py: invoking following command in '/home/grant/ros2_ws/build/mavros':
[0.111s] 1:  - /home/grant/ros2_ws/build/mavros/libmavros-frame-conversions-test --gtest_output=xml:/home/grant/ros2_ws/build/mavros/test_results/mavros/libmavros-frame-conversions-test.gtest.xml
[0.123s] 1: [==========] Running 9 tests from 1 test case.
[0.123s] 1: [----------] Global test environment set-up.
[0.123s] 1: [----------] 9 tests from FRAME_TF
[0.123s] 1: [ RUN      ] FRAME_TF.transform_static_frame__aircraft_to_baselink_123
[0.123s] 1: [       OK ] FRAME_TF.transform_static_frame__aircraft_to_baselink_123 (0 ms)
[0.124s] 1: [ RUN      ] FRAME_TF.transform_static_frame__baselink_to_aircraft_123
[0.124s] 1: [       OK ] FRAME_TF.transform_static_frame__baselink_to_aircraft_123 (0 ms)
[0.124s] 1: [ RUN      ] FRAME_TF.transform_static_frame__enu_to_ned_123
[0.124s] 1: [       OK ] FRAME_TF.transform_static_frame__enu_to_ned_123 (0 ms)
[0.124s] 1: [ RUN      ] FRAME_TF.transform_static_frame__ned_to_enu_123
[0.124s] 1: [       OK ] FRAME_TF.transform_static_frame__ned_to_enu_123 (0 ms)
[0.124s] 1: [ RUN      ] FRAME_TF.transform_static_frame__ecef_to_enu_123_00
[0.124s] 1: [       OK ] FRAME_TF.transform_static_frame__ecef_to_enu_123_00 (0 ms)
[0.124s] 1: [ RUN      ] FRAME_TF.transform_static_frame__enu_to_ecef_123_00
[0.124s] 1: [       OK ] FRAME_TF.transform_static_frame__enu_to_ecef_123_00 (0 ms)
[0.124s] 1: [ RUN      ] FRAME_TF.transform_static_frame__ecef_to_enu_123_4030
[0.124s] 1: [       OK ] FRAME_TF.transform_static_frame__ecef_to_enu_123_4030 (0 ms)
[0.124s] 1: [ RUN      ] FRAME_TF.transform_static_frame__enu_to_ecef_123_4030
[0.124s] 1: [       OK ] FRAME_TF.transform_static_frame__enu_to_ecef_123_4030 (0 ms)
[0.125s] 1: [ RUN      ] FRAME_TF.quaternion_transforms__ned_to_ned_123
[0.125s] 1: [       OK ] FRAME_TF.quaternion_transforms__ned_to_ned_123 (0 ms)
[0.125s] 1: [----------] 9 tests from FRAME_TF (0 ms total)
[0.125s] 1: 
[0.125s] 1: [----------] Global test environment tear-down
[0.125s] 1: [==========] 9 tests from 1 test case ran. (0 ms total)
[0.125s] 1: [  PASSED  ] 9 tests.
[0.126s] 1: -- run_test.py: return code 0
[0.126s] 1: -- run_test.py: inject classname prefix into gtest result file '/home/grant/ros2_ws/build/mavros/test_results/mavros/libmavros-frame-conversions-test.gtest.xml'
[0.126s] 1: -- run_test.py: verify result file '/home/grant/ros2_ws/build/mavros/test_results/mavros/libmavros-frame-conversions-test.gtest.xml'
[0.136s]  1/12 Test  #1: libmavros-frame-conversions-test ....   Passed    0.09 sec
[0.137s] test 2
[0.137s]       Start  2: libmavros-sensor-orientation-test
[0.137s] 
[0.137s] 2: Test command: /home/grant/miniconda3/bin/python3 "-u" "/opt/ros/foxy/share/ament_cmake_test/cmake/run_test.py" "/home/grant/ros2_ws/build/mavros/test_results/mavros/libmavros-sensor-orientation-test.gtest.xml" "--package-name" "mavros" "--output-file" "/home/grant/ros2_ws/build/mavros/ament_cmake_gtest/libmavros-sensor-orientation-test.txt" "--command" "/home/grant/ros2_ws/build/mavros/libmavros-sensor-orientation-test" "--gtest_output=xml:/home/grant/ros2_ws/build/mavros/test_results/mavros/libmavros-sensor-orientation-test.gtest.xml"
[0.137s] 2: Test timeout computed to be: 60
[0.197s] 2: -- run_test.py: invoking following command in '/home/grant/ros2_ws/build/mavros':
[0.197s] 2:  - /home/grant/ros2_ws/build/mavros/libmavros-sensor-orientation-test --gtest_output=xml:/home/grant/ros2_ws/build/mavros/test_results/mavros/libmavros-sensor-orientation-test.gtest.xml
[0.210s] 2: [==========] Running 16 tests from 1 test case.
[0.210s] 2: [----------] Global test environment set-up.
[0.210s] 2: [----------] 16 tests from UTILS
[0.210s] 2: [ RUN      ] UTILS.sensor_orientation_matching__none
[0.211s] 2: [       OK ] UTILS.sensor_orientation_matching__none (0 ms)
[0.211s] 2: [ RUN      ] UTILS.sensor_orientation_matching__roll_180
[0.211s] 2: [       OK ] UTILS.sensor_orientation_matching__roll_180 (0 ms)
[0.211s] 2: [ RUN      ] UTILS.sensor_orientation_matching__roll_180_yaw_90
[0.211s] 2: [       OK ] UTILS.sensor_orientation_matching__roll_180_yaw_90 (0 ms)
[0.211s] 2: [ RUN      ] UTILS.sensor_orientation_matching__custom
[0.211s] 2: [       OK ] UTILS.sensor_orientation_matching__custom (0 ms)
[0.211s] 2: [ RUN      ] UTILS.to_string__none
[0.211s] 2: [       OK ] UTILS.to_string__none (0 ms)
[0.211s] 2: [ RUN      ] UTILS.to_string__roll_180
[0.211s] 2: [       OK ] UTILS.to_string__roll_180 (0 ms)
[0.211s] 2: [ RUN      ] UTILS.to_string__roll_180_yaw_90
[0.211s] 2: [       OK ] UTILS.to_string__roll_180_yaw_90 (0 ms)
[0.211s] 2: [ RUN      ] UTILS.to_string__custom
[0.212s] 2: [       OK ] UTILS.to_string__custom (0 ms)
[0.212s] 2: [ RUN      ] UTILS.sensor_orientation_from_str__none
[0.212s] 2: [       OK ] UTILS.sensor_orientation_from_str__none (0 ms)
[0.212s] 2: [ RUN      ] UTILS.sensor_orientation_from_str__unknown
[0.212s] 2: [ERROR] [1666579007.928585522] [uas.enum]: SENSOR: wrong orientation str: completely wrong identifier
[0.212s] 2: [       OK ] UTILS.sensor_orientation_from_str__unknown (0 ms)
[0.212s] 2: [ RUN      ] UTILS.sensor_orientation_from_str__number
[0.212s] 2: [       OK ] UTILS.sensor_orientation_from_str__number (0 ms)
[0.212s] 2: [ RUN      ] UTILS.sensor_orientation_from_str__wrong_number
[0.212s] 2: [ERROR] [1666579007.928633992] [uas.enum]: SENSOR: orientation index out of bound: 123
[0.212s] 2: [       OK ] UTILS.sensor_orientation_from_str__wrong_number (0 ms)
[0.212s] 2: [ RUN      ] UTILS.sensor_orientation_from_str__roll_180
[0.212s] 2: [       OK ] UTILS.sensor_orientation_from_str__roll_180 (0 ms)
[0.212s] 2: [ RUN      ] UTILS.sensor_orientation_from_str__roll_180_yaw_90
[0.212s] 2: [       OK ] UTILS.sensor_orientation_from_str__roll_180_yaw_90 (0 ms)
[0.213s] 2: [ RUN      ] UTILS.sensor_orientation_from_str__last_element_roll_90_yaw_270
[0.213s] 2: [       OK ] UTILS.sensor_orientation_from_str__last_element_roll_90_yaw_270 (0 ms)
[0.213s] 2: [ RUN      ] UTILS.sensor_orientation_from_str__custom
[0.213s] 2: [       OK ] UTILS.sensor_orientation_from_str__custom (0 ms)
[0.213s] 2: [----------] 16 tests from UTILS (0 ms total)
[0.213s] 2: 
[0.213s] 2: [----------] Global test environment tear-down
[0.213s] 2: [==========] 16 tests from 1 test case ran. (0 ms total)
[0.213s] 2: [  PASSED  ] 16 tests.
[0.213s] 2: -- run_test.py: return code 0
[0.213s] 2: -- run_test.py: inject classname prefix into gtest result file '/home/grant/ros2_ws/build/mavros/test_results/mavros/libmavros-sensor-orientation-test.gtest.xml'
[0.214s] 2: -- run_test.py: verify result file '/home/grant/ros2_ws/build/mavros/test_results/mavros/libmavros-sensor-orientation-test.gtest.xml'
[0.223s]  2/12 Test  #2: libmavros-sensor-orientation-test ...   Passed    0.09 sec
[0.223s] test 3
[0.223s]       Start  3: libmavros-quaternion-utils-test
[0.223s] 
[0.224s] 3: Test command: /home/grant/miniconda3/bin/python3 "-u" "/opt/ros/foxy/share/ament_cmake_test/cmake/run_test.py" "/home/grant/ros2_ws/build/mavros/test_results/mavros/libmavros-quaternion-utils-test.gtest.xml" "--package-name" "mavros" "--output-file" "/home/grant/ros2_ws/build/mavros/ament_cmake_gtest/libmavros-quaternion-utils-test.txt" "--command" "/home/grant/ros2_ws/build/mavros/libmavros-quaternion-utils-test" "--gtest_output=xml:/home/grant/ros2_ws/build/mavros/test_results/mavros/libmavros-quaternion-utils-test.gtest.xml"
[0.224s] 3: Test timeout computed to be: 60
[0.284s] 3: -- run_test.py: invoking following command in '/home/grant/ros2_ws/build/mavros':
[0.284s] 3:  - /home/grant/ros2_ws/build/mavros/libmavros-quaternion-utils-test --gtest_output=xml:/home/grant/ros2_ws/build/mavros/test_results/mavros/libmavros-quaternion-utils-test.gtest.xml
[0.296s] 3: [==========] Running 7 tests from 1 test case.
[0.296s] 3: [----------] Global test environment set-up.
[0.296s] 3: [----------] 7 tests from FRAME_TF
[0.296s] 3: [ RUN      ] FRAME_TF.quaternion_from_rpy__check_compatibility
[0.296s] 3: [       OK ] FRAME_TF.quaternion_from_rpy__check_compatibility (0 ms)
[0.296s] 3: [ RUN      ] FRAME_TF.quaternion_from_rpy__paranoic_check
[0.296s] 3: [       OK ] FRAME_TF.quaternion_from_rpy__paranoic_check (0 ms)
[0.296s] 3: [ RUN      ] FRAME_TF.quaternion_to_rpy__123
[0.297s] 3: [       OK ] FRAME_TF.quaternion_to_rpy__123 (0 ms)
[0.297s] 3: [ RUN      ] FRAME_TF.quaternion_to_rpy__pm_pi
[0.725s] 3: [       OK ] FRAME_TF.quaternion_to_rpy__pm_pi (428 ms)
[0.725s] 3: [ RUN      ] FRAME_TF.quaternion_get_yaw__123
[0.725s] 3: [       OK ] FRAME_TF.quaternion_get_yaw__123 (0 ms)
[0.725s] 3: [ RUN      ] FRAME_TF.quaternion_get_yaw__pm_pi
[0.729s] 3: [       OK ] FRAME_TF.quaternion_get_yaw__pm_pi (4 ms)
[0.730s] 3: [ RUN      ] FRAME_TF.quaternion_to_mavlink__123
[0.730s] 3: [       OK ] FRAME_TF.quaternion_to_mavlink__123 (0 ms)
[0.730s] 3: [----------] 7 tests from FRAME_TF (433 ms total)
[0.730s] 3: 
[0.730s] 3: [----------] Global test environment tear-down
[0.730s] 3: [==========] 7 tests from 1 test case ran. (433 ms total)
[0.730s] 3: [  PASSED  ] 7 tests.
[0.733s] 3: -- run_test.py: return code 0
[0.734s] 3: -- run_test.py: inject classname prefix into gtest result file '/home/grant/ros2_ws/build/mavros/test_results/mavros/libmavros-quaternion-utils-test.gtest.xml'
[0.734s] 3: -- run_test.py: verify result file '/home/grant/ros2_ws/build/mavros/test_results/mavros/libmavros-quaternion-utils-test.gtest.xml'
[0.746s]  3/12 Test  #3: libmavros-quaternion-utils-test .....   Passed    0.52 sec
[0.746s] test 4
[0.746s]       Start  4: mavros-router-test
[0.746s] 
[0.746s] 4: Test command: /home/grant/miniconda3/bin/python3 "-u" "/opt/ros/foxy/share/ament_cmake_test/cmake/run_test.py" "/home/grant/ros2_ws/build/mavros/test_results/mavros/mavros-router-test.gtest.xml" "--package-name" "mavros" "--output-file" "/home/grant/ros2_ws/build/mavros/ament_cmake_gmock/mavros-router-test.txt" "--command" "/home/grant/ros2_ws/build/mavros/mavros-router-test" "--gtest_output=xml:/home/grant/ros2_ws/build/mavros/test_results/mavros/mavros-router-test.gtest.xml"
[0.746s] 4: Test timeout computed to be: 60
[0.807s] 4: -- run_test.py: invoking following command in '/home/grant/ros2_ws/build/mavros':
[0.807s] 4:  - /home/grant/ros2_ws/build/mavros/mavros-router-test --gtest_output=xml:/home/grant/ros2_ws/build/mavros/test_results/mavros/mavros-router-test.gtest.xml
[0.821s] 4: [==========] Running 8 tests from 1 test case.
[0.821s] 4: [----------] Global test environment set-up.
[0.822s] 4: [----------] 8 tests from TestRouter
[0.822s] 4: [ RUN      ] TestRouter.set_parameter
[0.831s] 4: [INFO] [1666579008.549491253] [test_mavros_router]: Built-in SIMD instructions: SSE, SSE2
[0.831s] 4: [INFO] [1666579008.549568563] [test_mavros_router]: Built-in MAVLink package version: 2022.8.8
[0.831s] 4: [INFO] [1666579008.549582183] [test_mavros_router]: Known MAVLink dialects: common ardupilotmega ASLUAV AVSSUAS all development icarous matrixpilot paparazzi standard storm32 uAvionix ualberta
[0.831s] 4: [INFO] [1666579008.549589223] [test_mavros_router]: MAVROS Router started
[0.832s] 4: [INFO] [1666579008.549682883] [test_mavros_router]: Requested to add endpoint: type: 0, url: tcp-l://:57601
[0.832s] 4: [INFO] [1666579008.549850794] [test_mavros_router]: Endpoint link[1000] created
[0.833s] 4: [INFO] [1666579008.551683039] [test_mavros_router]: link[1000] opened successfully
[0.833s] 4: [INFO] [1666579008.551734169] [test_mavros_router]: Requested to add endpoint: type: 0, url: udp://:45001@
[0.834s] 4: [INFO] [1666579008.551789309] [test_mavros_router]: Endpoint link[1001] created
[0.834s] 4: [INFO] [1666579008.552106400] [test_mavros_router]: link[1001] opened successfully
[0.834s] 4: [INFO] [1666579008.552177150] [test_mavros_router]: Requested to add endpoint: type: 1, url: tcp-l://:57602
[0.834s] 4: [INFO] [1666579008.552232240] [test_mavros_router]: Endpoint link[1002] created
[0.834s] 4: [INFO] [1666579008.552377601] [test_mavros_router]: link[1002] opened successfully
[0.834s] 4: [INFO] [1666579008.552405191] [test_mavros_router]: Requested to add endpoint: type: 1, url: udp://:45002@
[0.834s] 4: [INFO] [1666579008.552443401] [test_mavros_router]: Endpoint link[1003] created
[0.834s] 4: [INFO] [1666579008.552573871] [test_mavros_router]: link[1003] opened successfully
[0.835s] 4: [INFO] [1666579008.552634191] [test_mavros_router]: Requested to add endpoint: type: 2, url: /uas1
[0.835s] 4: [INFO] [1666579008.552710941] [test_mavros_router]: Endpoint link[1004] created
[0.835s] 4: [INFO] [1666579008.553689854] [test_mavros_router]: link[1004] opened successfully
[0.835s] 4: [INFO] [1666579008.553716974] [test_mavros_router]: Requested to add endpoint: type: 2, url: /uas2
[0.835s] 4: [INFO] [1666579008.553769374] [test_mavros_router]: Endpoint link[1005] created
[0.836s] 4: [INFO] [1666579008.554144935] [test_mavros_router]: link[1005] opened successfully
[0.836s] 4: [       OK ] TestRouter.set_parameter (15 ms)
[0.836s] 4: [ RUN      ] TestRouter.route_fcu_broadcast
[0.841s] 4: [INFO] [1666579008.559441240] [test_mavros_router]: Built-in SIMD instructions: SSE, SSE2
[0.841s] 4: [INFO] [1666579008.559470380] [test_mavros_router]: Built-in MAVLink package version: 2022.8.8
[0.841s] 4: [INFO] [1666579008.559478900] [test_mavros_router]: Known MAVLink dialects: common ardupilotmega ASLUAV AVSSUAS all development icarous matrixpilot paparazzi standard storm32 uAvionix ualberta
[0.841s] 4: [INFO] [1666579008.559485480] [test_mavros_router]: MAVROS Router started
[0.841s] 4: [       OK ] TestRouter.route_fcu_broadcast (5 ms)
[0.842s] 4: [ RUN      ] TestRouter.route_uas_broadcast
[0.847s] 4: [INFO] [1666579008.565494706] [test_mavros_router]: Built-in SIMD instructions: SSE, SSE2
[0.847s] 4: [INFO] [1666579008.565523616] [test_mavros_router]: Built-in MAVLink package version: 2022.8.8
[0.847s] 4: [INFO] [1666579008.565532006] [test_mavros_router]: Known MAVLink dialects: common ardupilotmega ASLUAV AVSSUAS all development icarous matrixpilot paparazzi standard storm32 uAvionix ualberta
[0.847s] 4: [INFO] [1666579008.565539816] [test_mavros_router]: MAVROS Router started
[0.847s] 4: [       OK ] TestRouter.route_uas_broadcast (6 ms)
[0.847s] 4: [ RUN      ] TestRouter.route_gcs_broadcast
[0.917s] 4: [INFO] [1666579008.635218734] [test_mavros_router]: Built-in SIMD instructions: SSE, SSE2
[0.917s] 4: [INFO] [1666579008.635281124] [test_mavros_router]: Built-in MAVLink package version: 2022.8.8
[0.917s] 4: [INFO] [1666579008.635289524] [test_mavros_router]: Known MAVLink dialects: common ardupilotmega ASLUAV AVSSUAS all development icarous matrixpilot paparazzi standard storm32 uAvionix ualberta
[0.918s] 4: [INFO] [1666579008.635309114] [test_mavros_router]: MAVROS Router started
[0.918s] 4: [       OK ] TestRouter.route_gcs_broadcast (70 ms)
[0.918s] 4: [ RUN      ] TestRouter.route_targeted_one_system
[0.924s] 4: [INFO] [1666579008.642919676] [test_mavros_router]: Built-in SIMD instructions: SSE, SSE2
[0.925s] 4: [INFO] [1666579008.642950796] [test_mavros_router]: Built-in MAVLink package version: 2022.8.8
[0.925s] 4: [INFO] [1666579008.642959356] [test_mavros_router]: Known MAVLink dialects: common ardupilotmega ASLUAV AVSSUAS all development icarous matrixpilot paparazzi standard storm32 uAvionix ualberta
[0.925s] 4: [INFO] [1666579008.642966006] [test_mavros_router]: MAVROS Router started
[0.925s] 4: [       OK ] TestRouter.route_targeted_one_system (8 ms)
[0.925s] 4: [ RUN      ] TestRouter.route_targeted_two_system
[0.933s] 4: [INFO] [1666579008.651338898] [test_mavros_router]: Built-in SIMD instructions: SSE, SSE2
[0.934s] 4: [INFO] [1666579008.651396358] [test_mavros_router]: Built-in MAVLink package version: 2022.8.8
[0.934s] 4: [INFO] [1666579008.651405568] [test_mavros_router]: Known MAVLink dialects: common ardupilotmega ASLUAV AVSSUAS all development icarous matrixpilot paparazzi standard storm32 uAvionix ualberta
[0.934s] 4: [INFO] [1666579008.651412658] [test_mavros_router]: MAVROS Router started
[0.934s] 4: [       OK ] TestRouter.route_targeted_two_system (8 ms)
[0.934s] 4: [ RUN      ] TestRouter.route_targeted_system_component
[0.942s] 4: [INFO] [1666579008.660119702] [test_mavros_router]: Built-in SIMD instructions: SSE, SSE2
[0.942s] 4: [INFO] [1666579008.660151172] [test_mavros_router]: Built-in MAVLink package version: 2022.8.8
[0.942s] 4: [INFO] [1666579008.660161692] [test_mavros_router]: Known MAVLink dialects: common ardupilotmega ASLUAV AVSSUAS all development icarous matrixpilot paparazzi standard storm32 uAvionix ualberta
[0.942s] 4: [INFO] [1666579008.660168272] [test_mavros_router]: MAVROS Router started
[0.942s] 4: [       OK ] TestRouter.route_targeted_system_component (9 ms)
[0.942s] 4: [ RUN      ] TestRouter.endpoint_recv_message
[0.950s] 4: [INFO] [1666579008.668785855] [test_mavros_router]: Built-in SIMD instructions: SSE, SSE2
[0.951s] 4: [INFO] [1666579008.668817105] [test_mavros_router]: Built-in MAVLink package version: 2022.8.8
[0.951s] 4: [INFO] [1666579008.668840355] [test_mavros_router]: Known MAVLink dialects: common ardupilotmega ASLUAV AVSSUAS all development icarous matrixpilot paparazzi standard storm32 uAvionix ualberta
[0.951s] 4: [INFO] [1666579008.668849195] [test_mavros_router]: MAVROS Router started
[0.951s] 4: [INFO] [1666579008.668895626] [test_mavros_router]: Requested to add endpoint: type: 2, url: /uas1
[0.951s] 4: [INFO] [1666579008.668955126] [test_mavros_router]: Endpoint link[1000] created
[0.951s] 4: [INFO] [1666579008.669645928] [test_mavros_router]: link[1000] opened successfully
[0.951s] 4: [INFO] [1666579008.669734808] [test_mavros_router]: link[1000] detected remote address 1.191
[0.951s] 4: [WARN] [1666579008.669764798] [test_mavros_router]: Message dropped: msgid: 0, source: 1.191, target: 0.0
[0.952s] 4: [       OK ] TestRouter.endpoint_recv_message (9 ms)
[0.952s] 4: [----------] 8 tests from TestRouter (130 ms total)
[0.952s] 4: 
[0.952s] 4: [----------] Global test environment tear-down
[0.952s] 4: [==========] 8 tests from 1 test case ran. (131 ms total)
[0.952s] 4: [  PASSED  ] 8 tests.
[0.958s] 4: -- run_test.py: return code 0
[0.958s] 4: -- run_test.py: inject classname prefix into gtest result file '/home/grant/ros2_ws/build/mavros/test_results/mavros/mavros-router-test.gtest.xml'
[0.958s] 4: -- run_test.py: verify result file '/home/grant/ros2_ws/build/mavros/test_results/mavros/mavros-router-test.gtest.xml'
[0.968s]  4/12 Test  #4: mavros-router-test ..................   Passed    0.22 sec
[0.968s] test 5
[0.968s]       Start  5: mavros-uas-test
[0.969s] 
[0.969s] 5: Test command: /home/grant/miniconda3/bin/python3 "-u" "/opt/ros/foxy/share/ament_cmake_test/cmake/run_test.py" "/home/grant/ros2_ws/build/mavros/test_results/mavros/mavros-uas-test.gtest.xml" "--package-name" "mavros" "--output-file" "/home/grant/ros2_ws/build/mavros/ament_cmake_gmock/mavros-uas-test.txt" "--command" "/home/grant/ros2_ws/build/mavros/mavros-uas-test" "--gtest_output=xml:/home/grant/ros2_ws/build/mavros/test_results/mavros/mavros-uas-test.gtest.xml"
[0.969s] 5: Test timeout computed to be: 60
[1.029s] 5: -- run_test.py: invoking following command in '/home/grant/ros2_ws/build/mavros':
[1.030s] 5:  - /home/grant/ros2_ws/build/mavros/mavros-uas-test --gtest_output=xml:/home/grant/ros2_ws/build/mavros/test_results/mavros/mavros-uas-test.gtest.xml
[1.043s] 5: [==========] Running 2 tests from 1 test case.
[1.043s] 5: [----------] Global test environment set-up.
[1.043s] 5: [----------] 2 tests from TestUAS
[1.043s] 5: [ RUN      ] TestUAS.is_plugin_allowed
[1.071s] 5: [       OK ] TestUAS.is_plugin_allowed (27 ms)
[1.071s] 5: [ RUN      ] TestUAS.add_plugin__route_message__filter
[1.077s] 5: [INFO] [1666579008.795570999] [test_mavros_uas]: Plugin test1 created
[1.077s] 5: [INFO] [1666579008.795866510] [test_mavros_uas]: Plugin test1 initialized
[1.078s] 5: [INFO] [1666579008.795899500] [test_mavros_uas]: Plugin test2 created
[1.078s] 5: [INFO] [1666579008.795954910] [test_mavros_uas]: Plugin test2 initialized
[1.078s] 5: [       OK ] TestUAS.add_plugin__route_message__filter (8 ms)
[1.078s] 5: [----------] 2 tests from TestUAS (35 ms total)
[1.078s] 5: 
[1.078s] 5: [----------] Global test environment tear-down
[1.078s] 5: [==========] 2 tests from 1 test case ran. (35 ms total)
[1.078s] 5: [  PASSED  ] 2 tests.
[1.083s] 5: -- run_test.py: return code 0
[1.084s] 5: -- run_test.py: inject classname prefix into gtest result file '/home/grant/ros2_ws/build/mavros/test_results/mavros/mavros-uas-test.gtest.xml'
[1.084s] 5: -- run_test.py: verify result file '/home/grant/ros2_ws/build/mavros/test_results/mavros/mavros-uas-test.gtest.xml'
[1.095s]  5/12 Test  #5: mavros-uas-test .....................   Passed    0.13 sec
[1.095s] test 6
[1.095s]       Start  6: cppcheck
[1.095s] 
[1.096s] 6: Test command: /home/grant/miniconda3/bin/python3 "-u" "/opt/ros/foxy/share/ament_cmake_test/cmake/run_test.py" "/home/grant/ros2_ws/build/mavros/test_results/mavros/cppcheck.xunit.xml" "--package-name" "mavros" "--output-file" "/home/grant/ros2_ws/build/mavros/ament_cppcheck/cppcheck.txt" "--command" "/opt/ros/foxy/bin/ament_cppcheck" "--xunit-file" "/home/grant/ros2_ws/build/mavros/test_results/mavros/cppcheck.xunit.xml" "--exclude" "./test/*.cpp" "--include_dirs" "/home/grant/ros2_ws/src/mavros/mavros/include"
[1.096s] 6: Test timeout computed to be: 300
[1.158s] 6: -- run_test.py: invoking following command in '/home/grant/ros2_ws/src/mavros/mavros':
[1.158s] 6:  - /opt/ros/foxy/bin/ament_cppcheck --xunit-file /home/grant/ros2_ws/build/mavros/test_results/mavros/cppcheck.xunit.xml --exclude ./test/*.cpp --include_dirs /home/grant/ros2_ws/src/mavros/mavros/include
[1.584s] 6: No problems found
[1.599s] 6: -- run_test.py: return code 0
[1.600s] 6: -- run_test.py: verify result file '/home/grant/ros2_ws/build/mavros/test_results/mavros/cppcheck.xunit.xml'
[1.610s]  6/12 Test  #6: cppcheck ............................   Passed    0.51 sec
[1.610s] test 7
[1.610s]       Start  7: cpplint
[1.610s] 
[1.610s] 7: Test command: /home/grant/miniconda3/bin/python3 "-u" "/opt/ros/foxy/share/ament_cmake_test/cmake/run_test.py" "/home/grant/ros2_ws/build/mavros/test_results/mavros/cpplint.xunit.xml" "--package-name" "mavros" "--output-file" "/home/grant/ros2_ws/build/mavros/ament_cpplint/cpplint.txt" "--command" "/opt/ros/foxy/bin/ament_cpplint" "--xunit-file" "/home/grant/ros2_ws/build/mavros/test_results/mavros/cpplint.xunit.xml"
[1.610s] 7: Test timeout computed to be: 120
[1.672s] 7: -- run_test.py: invoking following command in '/home/grant/ros2_ws/src/mavros/mavros':
[1.672s] 7:  - /opt/ros/foxy/bin/ament_cpplint --xunit-file /home/grant/ros2_ws/build/mavros/test_results/mavros/cpplint.xunit.xml
[6.307s] 7: Using '--root=/home/grant/ros2_ws/src/mavros/mavros/include' argument
[6.307s] 7: 
[6.307s] 7: Done processing /home/grant/ros2_ws/src/mavros/mavros/include/mavros/frame_tf.hpp
[6.307s] 7: 
[6.307s] 7: Done processing /home/grant/ros2_ws/src/mavros/mavros/include/mavros/mavros_plugin_register_macro.hpp
[6.307s] 7: 
[6.307s] 7: Done processing /home/grant/ros2_ws/src/mavros/mavros/include/mavros/mavros_router.hpp
[6.307s] 7: 
[6.307s] 7: Done processing /home/grant/ros2_ws/src/mavros/mavros/include/mavros/mavros_uas.hpp
[6.307s] 7: 
[6.308s] 7: Done processing /home/grant/ros2_ws/src/mavros/mavros/include/mavros/mission_protocol_base.hpp
[6.308s] 7: 
[6.308s] 7: Done processing /home/grant/ros2_ws/src/mavros/mavros/include/mavros/plugin.hpp
[6.308s] 7: 
[6.308s] 7: Done processing /home/grant/ros2_ws/src/mavros/mavros/include/mavros/plugin_filter.hpp
[6.308s] 7: 
[6.308s] 7: Done processing /home/grant/ros2_ws/src/mavros/mavros/include/mavros/px4_custom_mode.hpp
[6.308s] 7: 
[6.308s] 7: Done processing /home/grant/ros2_ws/src/mavros/mavros/include/mavros/setpoint_mixin.hpp
[6.308s] 7: 
[6.308s] 7: Done processing /home/grant/ros2_ws/src/mavros/mavros/include/mavros/uas_executor.hpp
[6.308s] 7: 
[6.308s] 7: Done processing /home/grant/ros2_ws/src/mavros/mavros/include/mavros/utils.hpp
[6.308s] 7: 
[6.308s] 7: Using '--root=/home/grant/ros2_ws/src/mavros/mavros/src' argument
[6.309s] 7: 
[6.309s] 7: Done processing /home/grant/ros2_ws/src/mavros/mavros/src/mavros_node.cpp
[6.309s] 7: 
[6.309s] 7: Done processing /home/grant/ros2_ws/src/mavros/mavros/src/lib/enum_sensor_orientation.cpp
[6.309s] 7: 
[6.309s] 7: Done processing /home/grant/ros2_ws/src/mavros/mavros/src/lib/enum_to_string.cpp
[6.309s] 7: 
[6.309s] 7: Done processing /home/grant/ros2_ws/src/mavros/mavros/src/lib/ftf_frame_conversions.cpp
[6.309s] 7: 
[6.309s] 7: Done processing /home/grant/ros2_ws/src/mavros/mavros/src/lib/ftf_quaternion_utils.cpp
[6.309s] 7: 
[6.309s] 7: Done processing /home/grant/ros2_ws/src/mavros/mavros/src/lib/mavros_router.cpp
[6.309s] 7: 
[6.309s] 7: Done processing /home/grant/ros2_ws/src/mavros/mavros/src/lib/mavros_uas.cpp
[6.309s] 7: 
[6.310s] 7: Done processing /home/grant/ros2_ws/src/mavros/mavros/src/lib/plugin.cpp
[6.310s] 7: 
[6.310s] 7: Done processing /home/grant/ros2_ws/src/mavros/mavros/src/lib/uas_ap.cpp
[6.310s] 7: 
[6.310s] 7: Done processing /home/grant/ros2_ws/src/mavros/mavros/src/lib/uas_data.cpp
[6.310s] 7: 
[6.310s] 7: Done processing /home/grant/ros2_ws/src/mavros/mavros/src/lib/uas_executor.cpp
[6.310s] 7: 
[6.310s] 7: Done processing /home/grant/ros2_ws/src/mavros/mavros/src/lib/uas_stringify.cpp
[6.310s] 7: 
[6.310s] 7: Done processing /home/grant/ros2_ws/src/mavros/mavros/src/lib/uas_tf.cpp
[6.310s] 7: 
[6.310s] 7: Done processing /home/grant/ros2_ws/src/mavros/mavros/src/lib/uas_timesync.cpp
[6.310s] 7: 
[6.310s] 7: Done processing /home/grant/ros2_ws/src/mavros/mavros/src/plugins/actuator_control.cpp
[6.311s] 7: 
[6.311s] 7: Done processing /home/grant/ros2_ws/src/mavros/mavros/src/plugins/altitude.cpp
[6.311s] 7: 
[6.311s] 7: Done processing /home/grant/ros2_ws/src/mavros/mavros/src/plugins/command.cpp
[6.311s] 7: 
[6.311s] 7: Done processing /home/grant/ros2_ws/src/mavros/mavros/src/plugins/dummy.cpp
[6.311s] 7: 
[6.311s] 7: Done processing /home/grant/ros2_ws/src/mavros/mavros/src/plugins/ftp.cpp
[6.311s] 7: 
[6.311s] 7: Done processing /home/grant/ros2_ws/src/mavros/mavros/src/plugins/geofence.cpp
[6.311s] 7: 
[6.311s] 7: Done processing /home/grant/ros2_ws/src/mavros/mavros/src/plugins/global_position.cpp
[6.311s] 7: 
[6.311s] 7: Done processing /home/grant/ros2_ws/src/mavros/mavros/src/plugins/home_position.cpp
[6.311s] 7: 
[6.312s] 7: Done processing /home/grant/ros2_ws/src/mavros/mavros/src/plugins/imu.cpp
[6.312s] 7: 
[6.312s] 7: Done processing /home/grant/ros2_ws/src/mavros/mavros/src/plugins/local_position.cpp
[6.312s] 7: 
[6.312s] 7: Done processing /home/grant/ros2_ws/src/mavros/mavros/src/plugins/manual_control.cpp
[6.312s] 7: 
[6.312s] 7: Done processing /home/grant/ros2_ws/src/mavros/mavros/src/plugins/mission_protocol_base.cpp
[6.312s] 7: 
[6.312s] 7: Done processing /home/grant/ros2_ws/src/mavros/mavros/src/plugins/nav_controller_output.cpp
[6.312s] 7: 
[6.312s] 7: Done processing /home/grant/ros2_ws/src/mavros/mavros/src/plugins/param.cpp
[6.312s] 7: 
[6.312s] 7: Done processing /home/grant/ros2_ws/src/mavros/mavros/src/plugins/rallypoint.cpp
[6.312s] 7: 
[6.312s] 7: Done processing /home/grant/ros2_ws/src/mavros/mavros/src/plugins/rc_io.cpp
[6.312s] 7: 
[6.313s] 7: Done processing /home/grant/ros2_ws/src/mavros/mavros/src/plugins/setpoint_accel.cpp
[6.313s] 7: 
[6.313s] 7: Done processing /home/grant/ros2_ws/src/mavros/mavros/src/plugins/setpoint_attitude.cpp
[6.313s] 7: 
[6.313s] 7: Done processing /home/grant/ros2_ws/src/mavros/mavros/src/plugins/setpoint_position.cpp
[6.313s] 7: 
[6.313s] 7: Done processing /home/grant/ros2_ws/src/mavros/mavros/src/plugins/setpoint_raw.cpp
[6.313s] 7: 
[6.313s] 7: Done processing /home/grant/ros2_ws/src/mavros/mavros/src/plugins/setpoint_trajectory.cpp
[6.313s] 7: 
[6.313s] 7: Done processing /home/grant/ros2_ws/src/mavros/mavros/src/plugins/setpoint_velocity.cpp
[6.313s] 7: 
[6.313s] 7: Done processing /home/grant/ros2_ws/src/mavros/mavros/src/plugins/sys_status.cpp
[6.313s] 7: 
[6.313s] 7: Done processing /home/grant/ros2_ws/src/mavros/mavros/src/plugins/sys_time.cpp
[6.314s] 7: 
[6.314s] 7: Done processing /home/grant/ros2_ws/src/mavros/mavros/src/plugins/waypoint.cpp
[6.314s] 7: 
[6.314s] 7: Done processing /home/grant/ros2_ws/src/mavros/mavros/src/plugins/wind_estimation.cpp
[6.314s] 7: 
[6.314s] 7: Using '--root=/home/grant/ros2_ws/src/mavros/mavros/test' argument
[6.314s] 7: 
[6.314s] 7: Done processing /home/grant/ros2_ws/src/mavros/mavros/test/test_frame_conversions.cpp
[6.314s] 7: 
[6.314s] 7: Done processing /home/grant/ros2_ws/src/mavros/mavros/test/test_quaternion_utils.cpp
[6.314s] 7: 
[6.314s] 7: Done processing /home/grant/ros2_ws/src/mavros/mavros/test/test_router.cpp
[6.314s] 7: 
[6.314s] 7: Done processing /home/grant/ros2_ws/src/mavros/mavros/test/test_sensor_orientation.cpp
[6.314s] 7: 
[6.315s] 7: Done processing /home/grant/ros2_ws/src/mavros/mavros/test/test_uas.cpp
[6.315s] 7: 
[6.315s] 7: No problems found
[6.320s] 7: -- run_test.py: return code 0
[6.320s] 7: -- run_test.py: verify result file '/home/grant/ros2_ws/build/mavros/test_results/mavros/cpplint.xunit.xml'
[6.331s]  7/12 Test  #7: cpplint .............................   Passed    4.72 sec
[6.332s] test 8
[6.332s]       Start  8: flake8
[6.332s] 
[6.332s] 8: Test command: /home/grant/miniconda3/bin/python3 "-u" "/opt/ros/foxy/share/ament_cmake_test/cmake/run_test.py" "/home/grant/ros2_ws/build/mavros/test_results/mavros/flake8.xunit.xml" "--package-name" "mavros" "--output-file" "/home/grant/ros2_ws/build/mavros/ament_flake8/flake8.txt" "--command" "/opt/ros/foxy/bin/ament_flake8" "--xunit-file" "/home/grant/ros2_ws/build/mavros/test_results/mavros/flake8.xunit.xml"
[6.332s] 8: Test timeout computed to be: 60
[6.393s] 8: -- run_test.py: invoking following command in '/home/grant/ros2_ws/src/mavros/mavros':
[6.393s] 8:  - /opt/ros/foxy/bin/ament_flake8 --xunit-file /home/grant/ros2_ws/build/mavros/test_results/mavros/flake8.xunit.xml
[6.894s] 8: 
[6.894s] 8: 27 files checked
[6.894s] 8: No problems found
[6.894s] 8: 
[6.894s] 8: Checked files:
[6.894s] 8: 
[6.894s] 8: * ./setup.py
[6.894s] 8: * ./mavros/ftp.py
[6.894s] 8: * ./mavros/command.py
[6.894s] 8: * ./mavros/global_position.py
[6.894s] 8: * ./mavros/param.py
[6.894s] 8: * ./mavros/setpoint.py
[6.894s] 8: * ./mavros/mission.py
[6.894s] 8: * ./mavros/system.py
[6.895s] 8: * ./mavros/mavlink.py
[6.895s] 8: * ./mavros/__init__.py
[6.895s] 8: * ./mavros/local_position.py
[6.895s] 8: * ./mavros/utils.py
[6.895s] 8: * ./mavros/nuttx_crc32.py
[6.895s] 8: * ./mavros/base.py
[6.895s] 8: * ./mavros/cmd/checkid.py
[6.895s] 8: * ./mavros/cmd/ftp.py
[6.895s] 8: * ./mavros/cmd/param.py
[6.895s] 8: * ./mavros/cmd/mission.py
[6.895s] 8: * ./mavros/cmd/system.py
[6.895s] 8: * ./mavros/cmd/__main__.py
[6.895s] 8: * ./mavros/cmd/cmd.py
[6.895s] 8: * ./mavros/cmd/__init__.py
[6.896s] 8: * ./mavros/cmd/safety.py
[6.896s] 8: * ./mavros/cmd/utils.py
[6.896s] 8: * ./test/mavros_py/test_mission.py
[6.896s] 8: * ./test/mavros_py/test_param.py
[6.896s] 8: * ./test/mavros_py/__init__.py
[6.917s] 8: -- run_test.py: return code 0
[6.917s] 8: -- run_test.py: verify result file '/home/grant/ros2_ws/build/mavros/test_results/mavros/flake8.xunit.xml'
[6.928s]  8/12 Test  #8: flake8 ..............................   Passed    0.60 sec
[6.928s] test 9
[6.928s]       Start  9: lint_cmake
[6.928s] 
[6.928s] 9: Test command: /home/grant/miniconda3/bin/python3 "-u" "/opt/ros/foxy/share/ament_cmake_test/cmake/run_test.py" "/home/grant/ros2_ws/build/mavros/test_results/mavros/lint_cmake.xunit.xml" "--package-name" "mavros" "--output-file" "/home/grant/ros2_ws/build/mavros/ament_lint_cmake/lint_cmake.txt" "--command" "/opt/ros/foxy/bin/ament_lint_cmake" "--xunit-file" "/home/grant/ros2_ws/build/mavros/test_results/mavros/lint_cmake.xunit.xml"
[6.928s] 9: Test timeout computed to be: 60
[6.988s] 9: -- run_test.py: invoking following command in '/home/grant/ros2_ws/src/mavros/mavros':
[6.988s] 9:  - /opt/ros/foxy/bin/ament_lint_cmake --xunit-file /home/grant/ros2_ws/build/mavros/test_results/mavros/lint_cmake.xunit.xml
[7.180s] 9: 
[7.181s] 9: No problems found
[7.192s] 9: -- run_test.py: return code 0
[7.192s] 9: -- run_test.py: verify result file '/home/grant/ros2_ws/build/mavros/test_results/mavros/lint_cmake.xunit.xml'
[7.202s]  9/12 Test  #9: lint_cmake ..........................   Passed    0.27 sec
[7.202s] test 10
[7.202s]       Start 10: pep257
[7.203s] 
[7.203s] 10: Test command: /home/grant/miniconda3/bin/python3 "-u" "/opt/ros/foxy/share/ament_cmake_test/cmake/run_test.py" "/home/grant/ros2_ws/build/mavros/test_results/mavros/pep257.xunit.xml" "--package-name" "mavros" "--output-file" "/home/grant/ros2_ws/build/mavros/ament_pep257/pep257.txt" "--command" "/opt/ros/foxy/bin/ament_pep257" "--xunit-file" "/home/grant/ros2_ws/build/mavros/test_results/mavros/pep257.xunit.xml"
[7.203s] 10: Test timeout computed to be: 60
[7.268s] 10: -- run_test.py: invoking following command in '/home/grant/ros2_ws/src/mavros/mavros':
[7.269s] 10:  - /opt/ros/foxy/bin/ament_pep257 --xunit-file /home/grant/ros2_ws/build/mavros/test_results/mavros/pep257.xunit.xml
[7.791s] 10: checking ./mavros/__init__.py
[7.791s] 10: checking ./mavros/base.py
[7.791s] 10: checking ./mavros/cmd/__init__.py
[7.791s] 10: checking ./mavros/cmd/__main__.py
[7.791s] 10: checking ./mavros/cmd/checkid.py
[7.791s] 10: checking ./mavros/cmd/cmd.py
[7.791s] 10: checking ./mavros/cmd/ftp.py
[7.791s] 10: checking ./mavros/cmd/mission.py
[7.792s] 10: checking ./mavros/cmd/param.py
[7.792s] 10: checking ./mavros/cmd/safety.py
[7.792s] 10: checking ./mavros/cmd/system.py
[7.792s] 10: checking ./mavros/cmd/utils.py
[7.792s] 10: checking ./mavros/command.py
[7.792s] 10: checking ./mavros/ftp.py
[7.792s] 10: checking ./mavros/global_position.py
[7.792s] 10: checking ./mavros/local_position.py
[7.792s] 10: checking ./mavros/mavlink.py
[7.792s] 10: checking ./mavros/mission.py
[7.792s] 10: checking ./mavros/nuttx_crc32.py
[7.792s] 10: checking ./mavros/param.py
[7.792s] 10: checking ./mavros/setpoint.py
[7.792s] 10: checking ./mavros/system.py
[7.792s] 10: checking ./mavros/utils.py
[7.793s] 10: checking ./setup.py
[7.793s] 10: checking ./test/mavros_py/__init__.py
[7.793s] 10: checking ./test/mavros_py/test_mission.py
[7.793s] 10: checking ./test/mavros_py/test_param.py
[7.793s] 10: No problems found
[7.810s] 10: -- run_test.py: return code 0
[7.810s] 10: -- run_test.py: verify result file '/home/grant/ros2_ws/build/mavros/test_results/mavros/pep257.xunit.xml'
[7.820s] 10/12 Test #10: pep257 ..............................   Passed    0.62 sec
[7.820s] test 11
[7.820s]       Start 11: uncrustify
[7.821s] 
[7.821s] 11: Test command: /home/grant/miniconda3/bin/python3 "-u" "/opt/ros/foxy/share/ament_cmake_test/cmake/run_test.py" "/home/grant/ros2_ws/build/mavros/test_results/mavros/uncrustify.xunit.xml" "--package-name" "mavros" "--output-file" "/home/grant/ros2_ws/build/mavros/ament_uncrustify/uncrustify.txt" "--command" "/opt/ros/foxy/bin/ament_uncrustify" "--xunit-file" "/home/grant/ros2_ws/build/mavros/test_results/mavros/uncrustify.xunit.xml"
[7.821s] 11: Test timeout computed to be: 60
[7.881s] 11: -- run_test.py: invoking following command in '/home/grant/ros2_ws/src/mavros/mavros':
[7.881s] 11:  - /opt/ros/foxy/bin/ament_uncrustify --xunit-file /home/grant/ros2_ws/build/mavros/test_results/mavros/uncrustify.xunit.xml
[8.346s] 11: No code style divergence in file 'include/mavros/frame_tf.hpp'
[8.347s] 11: 
[8.347s] 11: No code style divergence in file 'include/mavros/mavros_plugin_register_macro.hpp'
[8.347s] 11: 
[8.347s] 11: No code style divergence in file 'include/mavros/mavros_router.hpp'
[8.347s] 11: 
[8.347s] 11: No code style divergence in file 'include/mavros/mavros_uas.hpp'
[8.347s] 11: 
[8.347s] 11: No code style divergence in file 'include/mavros/mission_protocol_base.hpp'
[8.347s] 11: 
[8.347s] 11: No code style divergence in file 'include/mavros/plugin.hpp'
[8.347s] 11: 
[8.347s] 11: No code style divergence in file 'include/mavros/plugin_filter.hpp'
[8.347s] 11: 
[8.347s] 11: No code style divergence in file 'include/mavros/px4_custom_mode.hpp'
[8.348s] 11: 
[8.348s] 11: No code style divergence in file 'include/mavros/setpoint_mixin.hpp'
[8.348s] 11: 
[8.348s] 11: No code style divergence in file 'include/mavros/uas_executor.hpp'
[8.348s] 11: 
[8.348s] 11: No code style divergence in file 'include/mavros/utils.hpp'
[8.348s] 11: 
[8.348s] 11: No code style divergence in file 'src/lib/enum_sensor_orientation.cpp'
[8.348s] 11: 
[8.348s] 11: No code style divergence in file 'src/lib/enum_to_string.cpp'
[8.348s] 11: 
[8.348s] 11: No code style divergence in file 'src/lib/ftf_frame_conversions.cpp'
[8.348s] 11: 
[8.348s] 11: No code style divergence in file 'src/lib/ftf_quaternion_utils.cpp'
[8.348s] 11: 
[8.349s] 11: No code style divergence in file 'src/lib/mavros_router.cpp'
[8.349s] 11: 
[8.349s] 11: No code style divergence in file 'src/lib/mavros_uas.cpp'
[8.349s] 11: 
[8.349s] 11: No code style divergence in file 'src/lib/plugin.cpp'
[8.349s] 11: 
[8.349s] 11: No code style divergence in file 'src/lib/uas_ap.cpp'
[8.349s] 11: 
[8.349s] 11: No code style divergence in file 'src/lib/uas_data.cpp'
[8.349s] 11: 
[8.349s] 11: No code style divergence in file 'src/lib/uas_executor.cpp'
[8.349s] 11: 
[8.349s] 11: No code style divergence in file 'src/lib/uas_stringify.cpp'
[8.349s] 11: 
[8.349s] 11: No code style divergence in file 'src/lib/uas_tf.cpp'
[8.349s] 11: 
[8.350s] 11: No code style divergence in file 'src/lib/uas_timesync.cpp'
[8.350s] 11: 
[8.350s] 11: No code style divergence in file 'src/mavros_node.cpp'
[8.350s] 11: 
[8.350s] 11: No code style divergence in file 'src/plugins/actuator_control.cpp'
[8.350s] 11: 
[8.350s] 11: No code style divergence in file 'src/plugins/altitude.cpp'
[8.350s] 11: 
[8.350s] 11: No code style divergence in file 'src/plugins/command.cpp'
[8.350s] 11: 
[8.350s] 11: No code style divergence in file 'src/plugins/dummy.cpp'
[8.350s] 11: 
[8.350s] 11: No code style divergence in file 'src/plugins/ftp.cpp'
[8.350s] 11: 
[8.351s] 11: No code style divergence in file 'src/plugins/geofence.cpp'
[8.351s] 11: 
[8.351s] 11: No code style divergence in file 'src/plugins/global_position.cpp'
[8.351s] 11: 
[8.351s] 11: No code style divergence in file 'src/plugins/home_position.cpp'
[8.351s] 11: 
[8.351s] 11: No code style divergence in file 'src/plugins/imu.cpp'
[8.351s] 11: 
[8.351s] 11: No code style divergence in file 'src/plugins/local_position.cpp'
[8.351s] 11: 
[8.351s] 11: No code style divergence in file 'src/plugins/manual_control.cpp'
[8.351s] 11: 
[8.351s] 11: No code style divergence in file 'src/plugins/mission_protocol_base.cpp'
[8.351s] 11: 
[8.351s] 11: No code style divergence in file 'src/plugins/nav_controller_output.cpp'
[8.352s] 11: 
[8.352s] 11: No code style divergence in file 'src/plugins/param.cpp'
[8.352s] 11: 
[8.352s] 11: No code style divergence in file 'src/plugins/rallypoint.cpp'
[8.352s] 11: 
[8.352s] 11: No code style divergence in file 'src/plugins/rc_io.cpp'
[8.352s] 11: 
[8.352s] 11: No code style divergence in file 'src/plugins/setpoint_accel.cpp'
[8.352s] 11: 
[8.352s] 11: No code style divergence in file 'src/plugins/setpoint_attitude.cpp'
[8.352s] 11: 
[8.352s] 11: No code style divergence in file 'src/plugins/setpoint_position.cpp'
[8.352s] 11: 
[8.352s] 11: No code style divergence in file 'src/plugins/setpoint_raw.cpp'
[8.352s] 11: 
[8.353s] 11: No code style divergence in file 'src/plugins/setpoint_trajectory.cpp'
[8.353s] 11: 
[8.353s] 11: No code style divergence in file 'src/plugins/setpoint_velocity.cpp'
[8.353s] 11: 
[8.353s] 11: No code style divergence in file 'src/plugins/sys_status.cpp'
[8.353s] 11: 
[8.353s] 11: No code style divergence in file 'src/plugins/sys_time.cpp'
[8.353s] 11: 
[8.353s] 11: No code style divergence in file 'src/plugins/waypoint.cpp'
[8.353s] 11: 
[8.353s] 11: No code style divergence in file 'src/plugins/wind_estimation.cpp'
[8.353s] 11: 
[8.353s] 11: No code style divergence in file 'test/test_frame_conversions.cpp'
[8.353s] 11: 
[8.353s] 11: No code style divergence in file 'test/test_quaternion_utils.cpp'
[8.354s] 11: 
[8.354s] 11: No code style divergence in file 'test/test_router.cpp'
[8.354s] 11: 
[8.354s] 11: No code style divergence in file 'test/test_sensor_orientation.cpp'
[8.354s] 11: 
[8.354s] 11: No code style divergence in file 'test/test_uas.cpp'
[8.354s] 11: 
[8.354s] 11: No problems found
[8.360s] 11: -- run_test.py: return code 0
[8.361s] 11: -- run_test.py: verify result file '/home/grant/ros2_ws/build/mavros/test_results/mavros/uncrustify.xunit.xml'
[8.371s] 11/12 Test #11: uncrustify ..........................   Passed    0.55 sec
[8.371s] test 12
[8.371s]       Start 12: xmllint
[8.371s] 
[8.371s] 12: Test command: /home/grant/miniconda3/bin/python3 "-u" "/opt/ros/foxy/share/ament_cmake_test/cmake/run_test.py" "/home/grant/ros2_ws/build/mavros/test_results/mavros/xmllint.xunit.xml" "--package-name" "mavros" "--output-file" "/home/grant/ros2_ws/build/mavros/ament_xmllint/xmllint.txt" "--command" "/opt/ros/foxy/bin/ament_xmllint" "--xunit-file" "/home/grant/ros2_ws/build/mavros/test_results/mavros/xmllint.xunit.xml"
[8.371s] 12: Test timeout computed to be: 60
[8.432s] 12: -- run_test.py: invoking following command in '/home/grant/ros2_ws/src/mavros/mavros':
[8.432s] 12:  - /opt/ros/foxy/bin/ament_xmllint --xunit-file /home/grant/ros2_ws/build/mavros/test_results/mavros/xmllint.xunit.xml
[8.625s] 12: File 'mavros_plugins.xml' is valid
[8.625s] 12: 
[8.625s] 12: File 'package.xml' is valid
[8.625s] 12: 
[8.625s] 12: No problems found
[8.639s] 12: -- run_test.py: return code 0
[8.639s] 12: -- run_test.py: verify result file '/home/grant/ros2_ws/build/mavros/test_results/mavros/xmllint.xunit.xml'
[8.649s] 12/12 Test #12: xmllint .............................   Passed    0.28 sec
[8.650s] 
[8.650s] [0;32m100% tests passed[0;0m, 0 tests failed[0;0m out of 12
[8.650s] 
[8.650s] Label Time Summary:
[8.650s] cppcheck      =   0.51 sec*proc (1 test)
[8.650s] cpplint       =   4.72 sec*proc (1 test)
[8.650s] flake8        =   0.60 sec*proc (1 test)
[8.650s] gmock         =   0.35 sec*proc (2 tests)
[8.650s] gtest         =   0.70 sec*proc (3 tests)
[8.650s] lint_cmake    =   0.27 sec*proc (1 test)
[8.651s] linter        =   7.55 sec*proc (7 tests)
[8.651s] pep257        =   0.62 sec*proc (1 test)
[8.651s] uncrustify    =   0.55 sec*proc (1 test)
[8.651s] xmllint       =   0.28 sec*proc (1 test)
[8.651s] 
[8.651s] Total Test time (real) =   8.61 sec
[8.655s] Invoked command in '/home/grant/ros2_ws/build/mavros' returned '0': CMAKE_PREFIX_PATH=/home/grant/ros2_ws/install/mavros:/home/grant/ros2_ws/install/libmavconn:/home/grant/ros2_ws/install/mavros_msgs:/home/grant/ros2_ws/install/mavlink:/home/grant/ros2_ws/install/mavros_extras:/home/grant/vrx_ws/devel:/opt/ros/noetic:/home/grant/ros2_foxy/ros2-linux CONDA_PROMPT_MODIFIER=(base) LD_LIBRARY_PATH=/home/grant/ros2_ws/install/mavros/lib:/home/grant/ros2_ws/install/libmavconn/lib:/home/grant/ros2_ws/install/mavros_msgs/lib:/home/grant/ros2_ws/install/mavros_extras/lib:/home/grant/vrx_ws/devel/lib:/opt/ros/noetic/lib:/usr/lib/x86_64-linux-gnu/gazebo-11/plugins:/opt/ros/foxy/opt/yaml_cpp_vendor/lib:/opt/ros/foxy/lib/x86_64-linux-gnu:/opt/ros/foxy/lib:/home/grant/ros2_foxy/ros2-linux/opt/yaml_cpp_vendor/lib:/home/grant/ros2_foxy/ros2-linux/opt/rviz_ogre_vendor/lib:/opt/rti.com/rti_connext_dds-5.3.1/lib/x64Linux3gcc5.4.0:/home/grant/ros2_foxy/ros2-linux/lib:/usr/lib/x86_64-linux-gnu/gazebo-11/plugins:/usr/lib/x86_64-linux-gnu/gazebo-11/plugins:/usr/lib/x86_64-linux-gnu/gazebo-11/plugins:/usr/lib/x86_64-linux-gnu/gazebo-11/plugins:/usr/lib/x86_64-linux-gnu/gazebo-11/plugins:/usr/lib/x86_64-linux-gnu/gazebo-11/plugins /usr/bin/ctest -C Release -D ExperimentalTest --no-compress-output -V --force-new-ctest-process
