<?xml version="1.0" encoding="UTF-8"?>
<Site BuildName="(empty)"
	BuildStamp="20221024-0046-Experimental"
	Name="grant-2f"
	Generator="ctest-3.16.3"
	CompilerName="/usr/bin/c++"
	CompilerVersion="9.4.0"
	OSName="Linux"
	Hostname="grant-2f"
	OSRelease="5.15.0-52-generic"
	OSVersion="#58~20.04.1-Ubuntu SMP Thu Oct 13 13:09:46 UTC 2022"
	OSPlatform="x86_64"
	Is64Bits="1"
	VendorString="AuthenticAMD"
	VendorID="Advanced Micro Devices"
	FamilyID="25"
	ModelID="33"
	ProcessorCacheSize="512"
	NumberOfLogicalCPU="8"
	NumberOfPhysicalCPU="8"
	TotalVirtualMemory="2047"
	TotalPhysicalMemory="23972"
	LogicalProcessorsPerPhysical="1"
	ProcessorClockFrequency="4200"
	>
	<Testing>
		<StartDateTime>Oct 23 20:46 EDT</StartDateTime>
		<StartTestTime>1666572393</StartTestTime>
		<TestList>
			<Test>./cppcheck</Test>
			<Test>./cpplint</Test>
			<Test>./lint_cmake</Test>
			<Test>./uncrustify</Test>
			<Test>./xmllint</Test>
		</TestList>
		<Test Status="passed">
			<Name>cppcheck</Name>
			<Path>.</Path>
			<FullName>./cppcheck</FullName>
			<FullCommandLine>/home/grant/miniconda3/bin/python3 "-u" "/opt/ros/foxy/share/ament_cmake_test/cmake/run_test.py" "/home/grant/ros2_ws/build/mavros_msgs/test_results/mavros_msgs/cppcheck.xunit.xml" "--package-name" "mavros_msgs" "--output-file" "/home/grant/ros2_ws/build/mavros_msgs/ament_cppcheck/cppcheck.txt" "--command" "/opt/ros/foxy/bin/ament_cppcheck" "--xunit-file" "/home/grant/ros2_ws/build/mavros_msgs/test_results/mavros_msgs/cppcheck.xunit.xml"</FullCommandLine>
			<Results>
				<NamedMeasurement type="numeric/double" name="Execution Time">
					<Value>0.343101</Value>
				</NamedMeasurement>
				<NamedMeasurement type="numeric/double" name="Processors">
					<Value>1</Value>
				</NamedMeasurement>
				<NamedMeasurement type="text/string" name="Completion Status">
					<Value>Completed</Value>
				</NamedMeasurement>
				<NamedMeasurement type="text/string" name="Command Line">
					<Value>/home/grant/miniconda3/bin/python3 "-u" "/opt/ros/foxy/share/ament_cmake_test/cmake/run_test.py" "/home/grant/ros2_ws/build/mavros_msgs/test_results/mavros_msgs/cppcheck.xunit.xml" "--package-name" "mavros_msgs" "--output-file" "/home/grant/ros2_ws/build/mavros_msgs/ament_cppcheck/cppcheck.txt" "--command" "/opt/ros/foxy/bin/ament_cppcheck" "--xunit-file" "/home/grant/ros2_ws/build/mavros_msgs/test_results/mavros_msgs/cppcheck.xunit.xml"</Value>
				</NamedMeasurement>
				<Measurement>
					<Value>-- run_test.py: invoking following command in '/home/grant/ros2_ws/src/mavros/mavros_msgs':
 - /opt/ros/foxy/bin/ament_cppcheck --xunit-file /home/grant/ros2_ws/build/mavros_msgs/test_results/mavros_msgs/cppcheck.xunit.xml
No problems found
-- run_test.py: return code 0
-- run_test.py: verify result file '/home/grant/ros2_ws/build/mavros_msgs/test_results/mavros_msgs/cppcheck.xunit.xml'
</Value>
				</Measurement>
			</Results>
			<Labels>
				<Label>cppcheck</Label>
				<Label>linter</Label>
			</Labels>
		</Test>
		<Test Status="passed">
			<Name>cpplint</Name>
			<Path>.</Path>
			<FullName>./cpplint</FullName>
			<FullCommandLine>/home/grant/miniconda3/bin/python3 "-u" "/opt/ros/foxy/share/ament_cmake_test/cmake/run_test.py" "/home/grant/ros2_ws/build/mavros_msgs/test_results/mavros_msgs/cpplint.xunit.xml" "--package-name" "mavros_msgs" "--output-file" "/home/grant/ros2_ws/build/mavros_msgs/ament_cpplint/cpplint.txt" "--command" "/opt/ros/foxy/bin/ament_cpplint" "--xunit-file" "/home/grant/ros2_ws/build/mavros_msgs/test_results/mavros_msgs/cpplint.xunit.xml"</FullCommandLine>
			<Results>
				<NamedMeasurement type="numeric/double" name="Execution Time">
					<Value>0.348014</Value>
				</NamedMeasurement>
				<NamedMeasurement type="numeric/double" name="Processors">
					<Value>1</Value>
				</NamedMeasurement>
				<NamedMeasurement type="text/string" name="Completion Status">
					<Value>Completed</Value>
				</NamedMeasurement>
				<NamedMeasurement type="text/string" name="Command Line">
					<Value>/home/grant/miniconda3/bin/python3 "-u" "/opt/ros/foxy/share/ament_cmake_test/cmake/run_test.py" "/home/grant/ros2_ws/build/mavros_msgs/test_results/mavros_msgs/cpplint.xunit.xml" "--package-name" "mavros_msgs" "--output-file" "/home/grant/ros2_ws/build/mavros_msgs/ament_cpplint/cpplint.txt" "--command" "/opt/ros/foxy/bin/ament_cpplint" "--xunit-file" "/home/grant/ros2_ws/build/mavros_msgs/test_results/mavros_msgs/cpplint.xunit.xml"</Value>
				</NamedMeasurement>
				<Measurement>
					<Value>-- run_test.py: invoking following command in '/home/grant/ros2_ws/src/mavros/mavros_msgs':
 - /opt/ros/foxy/bin/ament_cpplint --xunit-file /home/grant/ros2_ws/build/mavros_msgs/test_results/mavros_msgs/cpplint.xunit.xml
Using '--root=/home/grant/ros2_ws/src/mavros/mavros_msgs/include' argument

Done processing /home/grant/ros2_ws/src/mavros/mavros_msgs/include/mavros_msgs/mavlink_convert.hpp

No problems found
-- run_test.py: return code 0
-- run_test.py: verify result file '/home/grant/ros2_ws/build/mavros_msgs/test_results/mavros_msgs/cpplint.xunit.xml'
</Value>
				</Measurement>
			</Results>
			<Labels>
				<Label>cpplint</Label>
				<Label>linter</Label>
			</Labels>
		</Test>
		<Test Status="passed">
			<Name>lint_cmake</Name>
			<Path>.</Path>
			<FullName>./lint_cmake</FullName>
			<FullCommandLine>/home/grant/miniconda3/bin/python3 "-u" "/opt/ros/foxy/share/ament_cmake_test/cmake/run_test.py" "/home/grant/ros2_ws/build/mavros_msgs/test_results/mavros_msgs/lint_cmake.xunit.xml" "--package-name" "mavros_msgs" "--output-file" "/home/grant/ros2_ws/build/mavros_msgs/ament_lint_cmake/lint_cmake.txt" "--command" "/opt/ros/foxy/bin/ament_lint_cmake" "--xunit-file" "/home/grant/ros2_ws/build/mavros_msgs/test_results/mavros_msgs/lint_cmake.xunit.xml"</FullCommandLine>
			<Results>
				<NamedMeasurement type="numeric/double" name="Execution Time">
					<Value>0.285159</Value>
				</NamedMeasurement>
				<NamedMeasurement type="numeric/double" name="Processors">
					<Value>1</Value>
				</NamedMeasurement>
				<NamedMeasurement type="text/string" name="Completion Status">
					<Value>Completed</Value>
				</NamedMeasurement>
				<NamedMeasurement type="text/string" name="Command Line">
					<Value>/home/grant/miniconda3/bin/python3 "-u" "/opt/ros/foxy/share/ament_cmake_test/cmake/run_test.py" "/home/grant/ros2_ws/build/mavros_msgs/test_results/mavros_msgs/lint_cmake.xunit.xml" "--package-name" "mavros_msgs" "--output-file" "/home/grant/ros2_ws/build/mavros_msgs/ament_lint_cmake/lint_cmake.txt" "--command" "/opt/ros/foxy/bin/ament_lint_cmake" "--xunit-file" "/home/grant/ros2_ws/build/mavros_msgs/test_results/mavros_msgs/lint_cmake.xunit.xml"</Value>
				</NamedMeasurement>
				<Measurement>
					<Value>-- run_test.py: invoking following command in '/home/grant/ros2_ws/src/mavros/mavros_msgs':
 - /opt/ros/foxy/bin/ament_lint_cmake --xunit-file /home/grant/ros2_ws/build/mavros_msgs/test_results/mavros_msgs/lint_cmake.xunit.xml

No problems found
-- run_test.py: return code 0
-- run_test.py: verify result file '/home/grant/ros2_ws/build/mavros_msgs/test_results/mavros_msgs/lint_cmake.xunit.xml'
</Value>
				</Measurement>
			</Results>
			<Labels>
				<Label>lint_cmake</Label>
				<Label>linter</Label>
			</Labels>
		</Test>
		<Test Status="passed">
			<Name>uncrustify</Name>
			<Path>.</Path>
			<FullName>./uncrustify</FullName>
			<FullCommandLine>/home/grant/miniconda3/bin/python3 "-u" "/opt/ros/foxy/share/ament_cmake_test/cmake/run_test.py" "/home/grant/ros2_ws/build/mavros_msgs/test_results/mavros_msgs/uncrustify.xunit.xml" "--package-name" "mavros_msgs" "--output-file" "/home/grant/ros2_ws/build/mavros_msgs/ament_uncrustify/uncrustify.txt" "--command" "/opt/ros/foxy/bin/ament_uncrustify" "--xunit-file" "/home/grant/ros2_ws/build/mavros_msgs/test_results/mavros_msgs/uncrustify.xunit.xml"</FullCommandLine>
			<Results>
				<NamedMeasurement type="numeric/double" name="Execution Time">
					<Value>0.296663</Value>
				</NamedMeasurement>
				<NamedMeasurement type="numeric/double" name="Processors">
					<Value>1</Value>
				</NamedMeasurement>
				<NamedMeasurement type="text/string" name="Completion Status">
					<Value>Completed</Value>
				</NamedMeasurement>
				<NamedMeasurement type="text/string" name="Command Line">
					<Value>/home/grant/miniconda3/bin/python3 "-u" "/opt/ros/foxy/share/ament_cmake_test/cmake/run_test.py" "/home/grant/ros2_ws/build/mavros_msgs/test_results/mavros_msgs/uncrustify.xunit.xml" "--package-name" "mavros_msgs" "--output-file" "/home/grant/ros2_ws/build/mavros_msgs/ament_uncrustify/uncrustify.txt" "--command" "/opt/ros/foxy/bin/ament_uncrustify" "--xunit-file" "/home/grant/ros2_ws/build/mavros_msgs/test_results/mavros_msgs/uncrustify.xunit.xml"</Value>
				</NamedMeasurement>
				<Measurement>
					<Value>-- run_test.py: invoking following command in '/home/grant/ros2_ws/src/mavros/mavros_msgs':
 - /opt/ros/foxy/bin/ament_uncrustify --xunit-file /home/grant/ros2_ws/build/mavros_msgs/test_results/mavros_msgs/uncrustify.xunit.xml
No code style divergence in file 'include/mavros_msgs/mavlink_convert.hpp'

No problems found
-- run_test.py: return code 0
-- run_test.py: verify result file '/home/grant/ros2_ws/build/mavros_msgs/test_results/mavros_msgs/uncrustify.xunit.xml'
</Value>
				</Measurement>
			</Results>
			<Labels>
				<Label>linter</Label>
				<Label>uncrustify</Label>
			</Labels>
		</Test>
		<Test Status="passed">
			<Name>xmllint</Name>
			<Path>.</Path>
			<FullName>./xmllint</FullName>
			<FullCommandLine>/home/grant/miniconda3/bin/python3 "-u" "/opt/ros/foxy/share/ament_cmake_test/cmake/run_test.py" "/home/grant/ros2_ws/build/mavros_msgs/test_results/mavros_msgs/xmllint.xunit.xml" "--package-name" "mavros_msgs" "--output-file" "/home/grant/ros2_ws/build/mavros_msgs/ament_xmllint/xmllint.txt" "--command" "/opt/ros/foxy/bin/ament_xmllint" "--xunit-file" "/home/grant/ros2_ws/build/mavros_msgs/test_results/mavros_msgs/xmllint.xunit.xml"</FullCommandLine>
			<Results>
				<NamedMeasurement type="numeric/double" name="Execution Time">
					<Value>0.739831</Value>
				</NamedMeasurement>
				<NamedMeasurement type="numeric/double" name="Processors">
					<Value>1</Value>
				</NamedMeasurement>
				<NamedMeasurement type="text/string" name="Completion Status">
					<Value>Completed</Value>
				</NamedMeasurement>
				<NamedMeasurement type="text/string" name="Command Line">
					<Value>/home/grant/miniconda3/bin/python3 "-u" "/opt/ros/foxy/share/ament_cmake_test/cmake/run_test.py" "/home/grant/ros2_ws/build/mavros_msgs/test_results/mavros_msgs/xmllint.xunit.xml" "--package-name" "mavros_msgs" "--output-file" "/home/grant/ros2_ws/build/mavros_msgs/ament_xmllint/xmllint.txt" "--command" "/opt/ros/foxy/bin/ament_xmllint" "--xunit-file" "/home/grant/ros2_ws/build/mavros_msgs/test_results/mavros_msgs/xmllint.xunit.xml"</Value>
				</NamedMeasurement>
				<Measurement>
					<Value>-- run_test.py: invoking following command in '/home/grant/ros2_ws/src/mavros/mavros_msgs':
 - /opt/ros/foxy/bin/ament_xmllint --xunit-file /home/grant/ros2_ws/build/mavros_msgs/test_results/mavros_msgs/xmllint.xunit.xml
File 'package.xml' is valid

No problems found
-- run_test.py: return code 0
-- run_test.py: verify result file '/home/grant/ros2_ws/build/mavros_msgs/test_results/mavros_msgs/xmllint.xunit.xml'
</Value>
				</Measurement>
			</Results>
			<Labels>
				<Label>linter</Label>
				<Label>xmllint</Label>
			</Labels>
		</Test>
		<EndDateTime>Oct 23 20:46 EDT</EndDateTime>
		<EndTestTime>1666572395</EndTestTime>
		<ElapsedMinutes>0</ElapsedMinutes>
	</Testing>
</Site>
