[01m[K/home/grant/ros2_ws/src/VRX_Foxy/robotX_2022/src/ArduPilotPlugin.cc:48:10:[m[K [01;31m[Kfatal error: [m[Kinclude/ArduPilotPlugin.hh: No such file or directory
   48 | #include [01;31m[K"include/ArduPilotPlugin.hh"[m[K
      |          [01;31m[K^~~~~~~~~~~~~~~~~~~~~~~~~~~~[m[K
compilation terminated.
make[2]: *** [CMakeFiles/ArduPilotPlugin.dir/build.make:63: CMakeFiles/ArduPilotPlugin.dir/src/ArduPilotPlugin.cc.o] Error 1
make[1]: *** [CMakeFiles/Makefile2:80: CMakeFiles/ArduPilotPlugin.dir/all] Error 2
make[1]: *** Waiting for unfinished jobs....
[01m[K/home/grant/ros2_ws/src/VRX_Foxy/robotX_2022/src/ArduCopterIRLockPlugin.cc:48:10:[m[K [01;31m[Kfatal error: [m[Kinclude/SelectionBuffer.hh: No such file or directory
   48 | #include [01;31m[K<include/SelectionBuffer.hh>[m[K
      |          [01;31m[K^~~~~~~~~~~~~~~~~~~~~~~~~~~~[m[K
compilation terminated.
make[2]: *** [CMakeFiles/ArduCopterIRLockPlugin.dir/build.make:63: CMakeFiles/ArduCopterIRLockPlugin.dir/src/ArduCopterIRLockPlugin.cc.o] Error 1
make[1]: *** [CMakeFiles/Makefile2:107: CMakeFiles/ArduCopterIRLockPlugin.dir/all] Error 2
make: *** [Makefile:141: all] Error 2
