[0.038s] Invoking command in '/home/grant/ros2_ws/build/mavros': AMENT_PREFIX_PATH=/home/grant/ros2_ws/install/mavros:/home/grant/ros2_ws/install/libmavconn:/home/grant/ros2_ws/install/mavros_msgs:${AMENT_PREFIX_PATH} CMAKE_PREFIX_PATH=/home/grant/ros2_ws/install/mavros:/home/grant/ros2_ws/install/libmavconn:/home/grant/ros2_ws/install/mavros_msgs:/home/grant/ros2_ws/install/mavlink:${CMAKE_PREFIX_PATH} CONDA_PROMPT_MODIFIER=(base) LD_LIBRARY_PATH=/home/grant/ros2_ws/install/mavros/lib:/home/grant/ros2_ws/install/libmavconn/lib:/home/grant/ros2_ws/install/mavros_msgs/lib:${LD_LIBRARY_PATH} PKG_CONFIG_PATH=/home/grant/ros2_ws/install/mavlink/lib/x86_64-linux-gnu/pkgconfig:/home/grant/ros2_ws/install/mavlink/lib/pkgconfig:${PKG_CONFIG_PATH} PYTHONPATH=/home/grant/ros2_ws/install/mavros/lib/python3.8/site-packages:/home/grant/ros2_ws/install/mavros_msgs/lib/python3.8/site-packages:${PYTHONPATH} /usr/bin/ctest -C Release -D ExperimentalTest --no-compress-output -V --force-new-ctest-process
[0.044s] UpdateCTestConfiguration  from :/home/grant/ros2_ws/build/mavros/CTestConfiguration.ini
[0.044s] Parse Config file:/home/grant/ros2_ws/build/mavros/CTestConfiguration.ini
[0.044s]    Site: grant-2f
[0.045s]    Build name: (empty)
[0.045s]  Add coverage exclude regular expressions.
[0.045s] SetCTestConfiguration:CMakeCommand:/usr/bin/cmake
[0.045s] Create new tag: 20221024-0047 - Experimental
[0.045s] UpdateCTestConfiguration  from :/home/grant/ros2_ws/build/mavros/CTestConfiguration.ini
[0.045s] Parse Config file:/home/grant/ros2_ws/build/mavros/CTestConfiguration.ini
[0.045s] Test project /home/grant/ros2_ws/build/mavros
[0.045s] Constructing a list of tests
[0.046s] Done constructing a list of tests
[0.046s] Updating test list for fixtures
[0.046s] Added 0 tests to meet fixture requirements
[0.046s] Checking test dependency graph...
[0.046s] Checking test dependency graph end
[0.046s] test 1
[0.046s]       Start  1: libmavros-frame-conversions-test
[0.046s] 
[0.046s] 1: Test command: /home/grant/miniconda3/bin/python3 "-u" "/opt/ros/foxy/share/ament_cmake_test/cmake/run_test.py" "/home/grant/ros2_ws/build/mavros/test_results/mavros/libmavros-frame-conversions-test.gtest.xml" "--package-name" "mavros" "--output-file" "/home/grant/ros2_ws/build/mavros/ament_cmake_gtest/libmavros-frame-conversions-test.txt" "--command" "/home/grant/ros2_ws/build/mavros/libmavros-frame-conversions-test" "--gtest_output=xml:/home/grant/ros2_ws/build/mavros/test_results/mavros/libmavros-frame-conversions-test.gtest.xml"
[0.046s] 1: Test timeout computed to be: 60
[0.119s] 1: -- run_test.py: invoking following command in '/home/grant/ros2_ws/build/mavros':
[0.119s] 1:  - /home/grant/ros2_ws/build/mavros/libmavros-frame-conversions-test --gtest_output=xml:/home/grant/ros2_ws/build/mavros/test_results/mavros/libmavros-frame-conversions-test.gtest.xml
[0.132s] 1: [==========] Running 9 tests from 1 test case.
[0.133s] 1: [----------] Global test environment set-up.
[0.133s] 1: [----------] 9 tests from FRAME_TF
[0.133s] 1: [ RUN      ] FRAME_TF.transform_static_frame__aircraft_to_baselink_123
[0.133s] 1: [       OK ] FRAME_TF.transform_static_frame__aircraft_to_baselink_123 (0 ms)
[0.133s] 1: [ RUN      ] FRAME_TF.transform_static_frame__baselink_to_aircraft_123
[0.133s] 1: [       OK ] FRAME_TF.transform_static_frame__baselink_to_aircraft_123 (0 ms)
[0.133s] 1: [ RUN      ] FRAME_TF.transform_static_frame__enu_to_ned_123
[0.133s] 1: [       OK ] FRAME_TF.transform_static_frame__enu_to_ned_123 (0 ms)
[0.133s] 1: [ RUN      ] FRAME_TF.transform_static_frame__ned_to_enu_123
[0.133s] 1: [       OK ] FRAME_TF.transform_static_frame__ned_to_enu_123 (0 ms)
[0.134s] 1: [ RUN      ] FRAME_TF.transform_static_frame__ecef_to_enu_123_00
[0.134s] 1: [       OK ] FRAME_TF.transform_static_frame__ecef_to_enu_123_00 (0 ms)
[0.134s] 1: [ RUN      ] FRAME_TF.transform_static_frame__enu_to_ecef_123_00
[0.134s] 1: [       OK ] FRAME_TF.transform_static_frame__enu_to_ecef_123_00 (0 ms)
[0.134s] 1: [ RUN      ] FRAME_TF.transform_static_frame__ecef_to_enu_123_4030
[0.134s] 1: [       OK ] FRAME_TF.transform_static_frame__ecef_to_enu_123_4030 (0 ms)
[0.134s] 1: [ RUN      ] FRAME_TF.transform_static_frame__enu_to_ecef_123_4030
[0.134s] 1: [       OK ] FRAME_TF.transform_static_frame__enu_to_ecef_123_4030 (0 ms)
[0.134s] 1: [ RUN      ] FRAME_TF.quaternion_transforms__ned_to_ned_123
[0.134s] 1: [       OK ] FRAME_TF.quaternion_transforms__ned_to_ned_123 (0 ms)
[0.134s] 1: [----------] 9 tests from FRAME_TF (0 ms total)
[0.134s] 1: 
[0.134s] 1: [----------] Global test environment tear-down
[0.134s] 1: [==========] 9 tests from 1 test case ran. (0 ms total)
[0.135s] 1: [  PASSED  ] 9 tests.
[0.136s] 1: -- run_test.py: return code 0
[0.136s] 1: -- run_test.py: inject classname prefix into gtest result file '/home/grant/ros2_ws/build/mavros/test_results/mavros/libmavros-frame-conversions-test.gtest.xml'
[0.136s] 1: -- run_test.py: verify result file '/home/grant/ros2_ws/build/mavros/test_results/mavros/libmavros-frame-conversions-test.gtest.xml'
[0.148s]  1/12 Test  #1: libmavros-frame-conversions-test ....   Passed    0.10 sec
[0.148s] test 2
[0.148s]       Start  2: libmavros-sensor-orientation-test
[0.149s] 
[0.149s] 2: Test command: /home/grant/miniconda3/bin/python3 "-u" "/opt/ros/foxy/share/ament_cmake_test/cmake/run_test.py" "/home/grant/ros2_ws/build/mavros/test_results/mavros/libmavros-sensor-orientation-test.gtest.xml" "--package-name" "mavros" "--output-file" "/home/grant/ros2_ws/build/mavros/ament_cmake_gtest/libmavros-sensor-orientation-test.txt" "--command" "/home/grant/ros2_ws/build/mavros/libmavros-sensor-orientation-test" "--gtest_output=xml:/home/grant/ros2_ws/build/mavros/test_results/mavros/libmavros-sensor-orientation-test.gtest.xml"
[0.149s] 2: Test timeout computed to be: 60
[0.213s] 2: -- run_test.py: invoking following command in '/home/grant/ros2_ws/build/mavros':
[0.213s] 2:  - /home/grant/ros2_ws/build/mavros/libmavros-sensor-orientation-test --gtest_output=xml:/home/grant/ros2_ws/build/mavros/test_results/mavros/libmavros-sensor-orientation-test.gtest.xml
[0.225s] 2: [==========] Running 16 tests from 1 test case.
[0.225s] 2: [----------] Global test environment set-up.
[0.225s] 2: [----------] 16 tests from UTILS
[0.225s] 2: [ RUN      ] UTILS.sensor_orientation_matching__none
[0.225s] 2: [       OK ] UTILS.sensor_orientation_matching__none (0 ms)
[0.225s] 2: [ RUN      ] UTILS.sensor_orientation_matching__roll_180
[0.225s] 2: [       OK ] UTILS.sensor_orientation_matching__roll_180 (0 ms)
[0.225s] 2: [ RUN      ] UTILS.sensor_orientation_matching__roll_180_yaw_90
[0.225s] 2: [       OK ] UTILS.sensor_orientation_matching__roll_180_yaw_90 (0 ms)
[0.225s] 2: [ RUN      ] UTILS.sensor_orientation_matching__custom
[0.225s] 2: [       OK ] UTILS.sensor_orientation_matching__custom (0 ms)
[0.225s] 2: [ RUN      ] UTILS.to_string__none
[0.226s] 2: [       OK ] UTILS.to_string__none (0 ms)
[0.226s] 2: [ RUN      ] UTILS.to_string__roll_180
[0.226s] 2: [       OK ] UTILS.to_string__roll_180 (0 ms)
[0.226s] 2: [ RUN      ] UTILS.to_string__roll_180_yaw_90
[0.226s] 2: [       OK ] UTILS.to_string__roll_180_yaw_90 (0 ms)
[0.226s] 2: [ RUN      ] UTILS.to_string__custom
[0.226s] 2: [       OK ] UTILS.to_string__custom (0 ms)
[0.226s] 2: [ RUN      ] UTILS.sensor_orientation_from_str__none
[0.226s] 2: [       OK ] UTILS.sensor_orientation_from_str__none (0 ms)
[0.226s] 2: [ RUN      ] UTILS.sensor_orientation_from_str__unknown
[0.226s] 2: [ERROR] [1666572430.827350262] [uas.enum]: SENSOR: wrong orientation str: completely wrong identifier
[0.226s] 2: [       OK ] UTILS.sensor_orientation_from_str__unknown (0 ms)
[0.227s] 2: [ RUN      ] UTILS.sensor_orientation_from_str__number
[0.227s] 2: [       OK ] UTILS.sensor_orientation_from_str__number (0 ms)
[0.227s] 2: [ RUN      ] UTILS.sensor_orientation_from_str__wrong_number
[0.227s] 2: [ERROR] [1666572430.827397612] [uas.enum]: SENSOR: orientation index out of bound: 123
[0.227s] 2: [       OK ] UTILS.sensor_orientation_from_str__wrong_number (0 ms)
[0.227s] 2: [ RUN      ] UTILS.sensor_orientation_from_str__roll_180
[0.227s] 2: [       OK ] UTILS.sensor_orientation_from_str__roll_180 (0 ms)
[0.227s] 2: [ RUN      ] UTILS.sensor_orientation_from_str__roll_180_yaw_90
[0.227s] 2: [       OK ] UTILS.sensor_orientation_from_str__roll_180_yaw_90 (0 ms)
[0.228s] 2: [ RUN      ] UTILS.sensor_orientation_from_str__last_element_roll_90_yaw_270
[0.228s] 2: [       OK ] UTILS.sensor_orientation_from_str__last_element_roll_90_yaw_270 (0 ms)
[0.228s] 2: [ RUN      ] UTILS.sensor_orientation_from_str__custom
[0.228s] 2: [       OK ] UTILS.sensor_orientation_from_str__custom (0 ms)
[0.228s] 2: [----------] 16 tests from UTILS (0 ms total)
[0.228s] 2: 
[0.228s] 2: [----------] Global test environment tear-down
[0.228s] 2: [==========] 16 tests from 1 test case ran. (0 ms total)
[0.228s] 2: [  PASSED  ] 16 tests.
[0.228s] 2: -- run_test.py: return code 0
[0.228s] 2: -- run_test.py: inject classname prefix into gtest result file '/home/grant/ros2_ws/build/mavros/test_results/mavros/libmavros-sensor-orientation-test.gtest.xml'
[0.228s] 2: -- run_test.py: verify result file '/home/grant/ros2_ws/build/mavros/test_results/mavros/libmavros-sensor-orientation-test.gtest.xml'
[0.236s]  2/12 Test  #2: libmavros-sensor-orientation-test ...   Passed    0.09 sec
[0.236s] test 3
[0.236s]       Start  3: libmavros-quaternion-utils-test
[0.237s] 
[0.237s] 3: Test command: /home/grant/miniconda3/bin/python3 "-u" "/opt/ros/foxy/share/ament_cmake_test/cmake/run_test.py" "/home/grant/ros2_ws/build/mavros/test_results/mavros/libmavros-quaternion-utils-test.gtest.xml" "--package-name" "mavros" "--output-file" "/home/grant/ros2_ws/build/mavros/ament_cmake_gtest/libmavros-quaternion-utils-test.txt" "--command" "/home/grant/ros2_ws/build/mavros/libmavros-quaternion-utils-test" "--gtest_output=xml:/home/grant/ros2_ws/build/mavros/test_results/mavros/libmavros-quaternion-utils-test.gtest.xml"
[0.237s] 3: Test timeout computed to be: 60
[0.299s] 3: -- run_test.py: invoking following command in '/home/grant/ros2_ws/build/mavros':
[0.299s] 3:  - /home/grant/ros2_ws/build/mavros/libmavros-quaternion-utils-test --gtest_output=xml:/home/grant/ros2_ws/build/mavros/test_results/mavros/libmavros-quaternion-utils-test.gtest.xml
[0.311s] 3: [==========] Running 7 tests from 1 test case.
[0.311s] 3: [----------] Global test environment set-up.
[0.311s] 3: [----------] 7 tests from FRAME_TF
[0.311s] 3: [ RUN      ] FRAME_TF.quaternion_from_rpy__check_compatibility
[0.311s] 3: [       OK ] FRAME_TF.quaternion_from_rpy__check_compatibility (0 ms)
[0.311s] 3: [ RUN      ] FRAME_TF.quaternion_from_rpy__paranoic_check
[0.311s] 3: [       OK ] FRAME_TF.quaternion_from_rpy__paranoic_check (0 ms)
[0.311s] 3: [ RUN      ] FRAME_TF.quaternion_to_rpy__123
[0.311s] 3: [       OK ] FRAME_TF.quaternion_to_rpy__123 (0 ms)
[0.312s] 3: [ RUN      ] FRAME_TF.quaternion_to_rpy__pm_pi
[0.754s] 3: [       OK ] FRAME_TF.quaternion_to_rpy__pm_pi (444 ms)
[0.755s] 3: [ RUN      ] FRAME_TF.quaternion_get_yaw__123
[0.755s] 3: [       OK ] FRAME_TF.quaternion_get_yaw__123 (0 ms)
[0.755s] 3: [ RUN      ] FRAME_TF.quaternion_get_yaw__pm_pi
[0.759s] 3: [       OK ] FRAME_TF.quaternion_get_yaw__pm_pi (4 ms)
[0.759s] 3: [ RUN      ] FRAME_TF.quaternion_to_mavlink__123
[0.759s] 3: [       OK ] FRAME_TF.quaternion_to_mavlink__123 (0 ms)
[0.759s] 3: [----------] 7 tests from FRAME_TF (448 ms total)
[0.760s] 3: 
[0.760s] 3: [----------] Global test environment tear-down
[0.760s] 3: [==========] 7 tests from 1 test case ran. (448 ms total)
[0.760s] 3: [  PASSED  ] 7 tests.
[0.762s] 3: -- run_test.py: return code 0
[0.763s] 3: -- run_test.py: inject classname prefix into gtest result file '/home/grant/ros2_ws/build/mavros/test_results/mavros/libmavros-quaternion-utils-test.gtest.xml'
[0.763s] 3: -- run_test.py: verify result file '/home/grant/ros2_ws/build/mavros/test_results/mavros/libmavros-quaternion-utils-test.gtest.xml'
[0.775s]  3/12 Test  #3: libmavros-quaternion-utils-test .....   Passed    0.54 sec
[0.775s] test 4
[0.775s]       Start  4: mavros-router-test
[0.775s] 
[0.775s] 4: Test command: /home/grant/miniconda3/bin/python3 "-u" "/opt/ros/foxy/share/ament_cmake_test/cmake/run_test.py" "/home/grant/ros2_ws/build/mavros/test_results/mavros/mavros-router-test.gtest.xml" "--package-name" "mavros" "--output-file" "/home/grant/ros2_ws/build/mavros/ament_cmake_gmock/mavros-router-test.txt" "--command" "/home/grant/ros2_ws/build/mavros/mavros-router-test" "--gtest_output=xml:/home/grant/ros2_ws/build/mavros/test_results/mavros/mavros-router-test.gtest.xml"
[0.775s] 4: Test timeout computed to be: 60
[0.836s] 4: -- run_test.py: invoking following command in '/home/grant/ros2_ws/build/mavros':
[0.836s] 4:  - /home/grant/ros2_ws/build/mavros/mavros-router-test --gtest_output=xml:/home/grant/ros2_ws/build/mavros/test_results/mavros/mavros-router-test.gtest.xml
[0.848s] 4: [==========] Running 8 tests from 1 test case.
[0.848s] 4: [----------] Global test environment set-up.
[0.848s] 4: [----------] 8 tests from TestRouter
[0.848s] 4: [ RUN      ] TestRouter.set_parameter
[0.857s] 4: [INFO] [1666572431.460074152] [test_mavros_router]: Built-in SIMD instructions: SSE, SSE2
[0.858s] 4: [INFO] [1666572431.460170762] [test_mavros_router]: Built-in MAVLink package version: 2022.8.8
[0.858s] 4: [INFO] [1666572431.460188902] [test_mavros_router]: Known MAVLink dialects: common ardupilotmega ASLUAV AVSSUAS all development icarous matrixpilot paparazzi standard storm32 uAvionix ualberta
[0.858s] 4: [INFO] [1666572431.460196042] [test_mavros_router]: MAVROS Router started
[0.858s] 4: [INFO] [1666572431.460285822] [test_mavros_router]: Requested to add endpoint: type: 0, url: tcp-l://:57601
[0.858s] 4: [INFO] [1666572431.460415943] [test_mavros_router]: Endpoint link[1000] created
[0.859s] 4: [INFO] [1666572431.462190967] [test_mavros_router]: link[1000] opened successfully
[0.860s] 4: [INFO] [1666572431.462230067] [test_mavros_router]: Requested to add endpoint: type: 0, url: udp://:45001@
[0.860s] 4: [INFO] [1666572431.462273807] [test_mavros_router]: Endpoint link[1001] created
[0.860s] 4: [INFO] [1666572431.462504578] [test_mavros_router]: link[1001] opened successfully
[0.860s] 4: [INFO] [1666572431.462569828] [test_mavros_router]: Requested to add endpoint: type: 1, url: tcp-l://:57602
[0.860s] 4: [INFO] [1666572431.462613568] [test_mavros_router]: Endpoint link[1002] created
[0.860s] 4: [INFO] [1666572431.462766718] [test_mavros_router]: link[1002] opened successfully
[0.860s] 4: [INFO] [1666572431.462794898] [test_mavros_router]: Requested to add endpoint: type: 1, url: udp://:45002@
[0.860s] 4: [INFO] [1666572431.462833259] [test_mavros_router]: Endpoint link[1003] created
[0.860s] 4: [INFO] [1666572431.462963539] [test_mavros_router]: link[1003] opened successfully
[0.860s] 4: [INFO] [1666572431.463022999] [test_mavros_router]: Requested to add endpoint: type: 2, url: /uas1
[0.861s] 4: [INFO] [1666572431.463094309] [test_mavros_router]: Endpoint link[1004] created
[0.861s] 4: [INFO] [1666572431.464111902] [test_mavros_router]: link[1004] opened successfully
[0.861s] 4: [INFO] [1666572431.464140642] [test_mavros_router]: Requested to add endpoint: type: 2, url: /uas2
[0.862s] 4: [INFO] [1666572431.464193582] [test_mavros_router]: Endpoint link[1005] created
[0.862s] 4: [INFO] [1666572431.464604393] [test_mavros_router]: link[1005] opened successfully
[0.862s] 4: [       OK ] TestRouter.set_parameter (14 ms)
[0.862s] 4: [ RUN      ] TestRouter.route_fcu_broadcast
[0.868s] 4: [INFO] [1666572431.470881037] [test_mavros_router]: Built-in SIMD instructions: SSE, SSE2
[0.868s] 4: [INFO] [1666572431.470910097] [test_mavros_router]: Built-in MAVLink package version: 2022.8.8
[0.868s] 4: [INFO] [1666572431.470918227] [test_mavros_router]: Known MAVLink dialects: common ardupilotmega ASLUAV AVSSUAS all development icarous matrixpilot paparazzi standard storm32 uAvionix ualberta
[0.868s] 4: [INFO] [1666572431.470924747] [test_mavros_router]: MAVROS Router started
[0.869s] 4: [       OK ] TestRouter.route_fcu_broadcast (7 ms)
[0.869s] 4: [ RUN      ] TestRouter.route_uas_broadcast
[0.875s] 4: [INFO] [1666572431.477936075] [test_mavros_router]: Built-in SIMD instructions: SSE, SSE2
[0.875s] 4: [INFO] [1666572431.477964165] [test_mavros_router]: Built-in MAVLink package version: 2022.8.8
[0.875s] 4: [INFO] [1666572431.477972995] [test_mavros_router]: Known MAVLink dialects: common ardupilotmega ASLUAV AVSSUAS all development icarous matrixpilot paparazzi standard storm32 uAvionix ualberta
[0.875s] 4: [INFO] [1666572431.477979605] [test_mavros_router]: MAVROS Router started
[0.876s] 4: [       OK ] TestRouter.route_uas_broadcast (7 ms)
[0.876s] 4: [ RUN      ] TestRouter.route_gcs_broadcast
[0.937s] 4: [INFO] [1666572431.539281580] [test_mavros_router]: Built-in SIMD instructions: SSE, SSE2
[0.937s] 4: [INFO] [1666572431.539323860] [test_mavros_router]: Built-in MAVLink package version: 2022.8.8
[0.937s] 4: [INFO] [1666572431.539332370] [test_mavros_router]: Known MAVLink dialects: common ardupilotmega ASLUAV AVSSUAS all development icarous matrixpilot paparazzi standard storm32 uAvionix ualberta
[0.937s] 4: [INFO] [1666572431.539339000] [test_mavros_router]: MAVROS Router started
[0.937s] 4: [       OK ] TestRouter.route_gcs_broadcast (61 ms)
[0.937s] 4: [ RUN      ] TestRouter.route_targeted_one_system
[0.946s] 4: [INFO] [1666572431.548837043] [test_mavros_router]: Built-in SIMD instructions: SSE, SSE2
[0.946s] 4: [INFO] [1666572431.548867123] [test_mavros_router]: Built-in MAVLink package version: 2022.8.8
[0.946s] 4: [INFO] [1666572431.548875783] [test_mavros_router]: Known MAVLink dialects: common ardupilotmega ASLUAV AVSSUAS all development icarous matrixpilot paparazzi standard storm32 uAvionix ualberta
[0.946s] 4: [INFO] [1666572431.548882313] [test_mavros_router]: MAVROS Router started
[0.946s] 4: [       OK ] TestRouter.route_targeted_one_system (10 ms)
[0.947s] 4: [ RUN      ] TestRouter.route_targeted_two_system
[0.956s] 4: [INFO] [1666572431.558546367] [test_mavros_router]: Built-in SIMD instructions: SSE, SSE2
[0.956s] 4: [INFO] [1666572431.558576967] [test_mavros_router]: Built-in MAVLink package version: 2022.8.8
[0.956s] 4: [INFO] [1666572431.558587617] [test_mavros_router]: Known MAVLink dialects: common ardupilotmega ASLUAV AVSSUAS all development icarous matrixpilot paparazzi standard storm32 uAvionix ualberta
[0.956s] 4: [INFO] [1666572431.558594517] [test_mavros_router]: MAVROS Router started
[0.956s] 4: [       OK ] TestRouter.route_targeted_two_system (10 ms)
[0.956s] 4: [ RUN      ] TestRouter.route_targeted_system_component
[0.966s] 4: [INFO] [1666572431.568382581] [test_mavros_router]: Built-in SIMD instructions: SSE, SSE2
[0.966s] 4: [INFO] [1666572431.568444071] [test_mavros_router]: Built-in MAVLink package version: 2022.8.8
[0.966s] 4: [INFO] [1666572431.568457271] [test_mavros_router]: Known MAVLink dialects: common ardupilotmega ASLUAV AVSSUAS all development icarous matrixpilot paparazzi standard storm32 uAvionix ualberta
[0.966s] 4: [INFO] [1666572431.568464101] [test_mavros_router]: MAVROS Router started
[0.966s] 4: [       OK ] TestRouter.route_targeted_system_component (9 ms)
[0.966s] 4: [ RUN      ] TestRouter.endpoint_recv_message
[0.977s] 4: [INFO] [1666572431.579217047] [test_mavros_router]: Built-in SIMD instructions: SSE, SSE2
[0.977s] 4: [INFO] [1666572431.579242237] [test_mavros_router]: Built-in MAVLink package version: 2022.8.8
[0.977s] 4: [INFO] [1666572431.579264148] [test_mavros_router]: Known MAVLink dialects: common ardupilotmega ASLUAV AVSSUAS all development icarous matrixpilot paparazzi standard storm32 uAvionix ualberta
[0.977s] 4: [INFO] [1666572431.579277858] [test_mavros_router]: MAVROS Router started
[0.977s] 4: [INFO] [1666572431.579321888] [test_mavros_router]: Requested to add endpoint: type: 2, url: /uas1
[0.977s] 4: [INFO] [1666572431.579385138] [test_mavros_router]: Endpoint link[1000] created
[0.977s] 4: [INFO] [1666572431.580124850] [test_mavros_router]: link[1000] opened successfully
[0.978s] 4: [INFO] [1666572431.580212330] [test_mavros_router]: link[1000] detected remote address 1.191
[0.978s] 4: [WARN] [1666572431.580241690] [test_mavros_router]: Message dropped: msgid: 0, source: 1.191, target: 0.0
[0.978s] 4: [       OK ] TestRouter.endpoint_recv_message (12 ms)
[0.978s] 4: [----------] 8 tests from TestRouter (130 ms total)
[0.978s] 4: 
[0.978s] 4: [----------] Global test environment tear-down
[0.978s] 4: [==========] 8 tests from 1 test case ran. (130 ms total)
[0.978s] 4: [  PASSED  ] 8 tests.
[0.985s] 4: -- run_test.py: return code 0
[0.986s] 4: -- run_test.py: inject classname prefix into gtest result file '/home/grant/ros2_ws/build/mavros/test_results/mavros/mavros-router-test.gtest.xml'
[0.986s] 4: -- run_test.py: verify result file '/home/grant/ros2_ws/build/mavros/test_results/mavros/mavros-router-test.gtest.xml'
[0.996s]  4/12 Test  #4: mavros-router-test ..................   Passed    0.22 sec
[0.996s] test 5
[0.996s]       Start  5: mavros-uas-test
[0.996s] 
[0.996s] 5: Test command: /home/grant/miniconda3/bin/python3 "-u" "/opt/ros/foxy/share/ament_cmake_test/cmake/run_test.py" "/home/grant/ros2_ws/build/mavros/test_results/mavros/mavros-uas-test.gtest.xml" "--package-name" "mavros" "--output-file" "/home/grant/ros2_ws/build/mavros/ament_cmake_gmock/mavros-uas-test.txt" "--command" "/home/grant/ros2_ws/build/mavros/mavros-uas-test" "--gtest_output=xml:/home/grant/ros2_ws/build/mavros/test_results/mavros/mavros-uas-test.gtest.xml"
[0.996s] 5: Test timeout computed to be: 60
[1.056s] 5: -- run_test.py: invoking following command in '/home/grant/ros2_ws/build/mavros':
[1.057s] 5:  - /home/grant/ros2_ws/build/mavros/mavros-uas-test --gtest_output=xml:/home/grant/ros2_ws/build/mavros/test_results/mavros/mavros-uas-test.gtest.xml
[1.068s] 5: [==========] Running 2 tests from 1 test case.
[1.068s] 5: [----------] Global test environment set-up.
[1.068s] 5: [----------] 2 tests from TestUAS
[1.068s] 5: [ RUN      ] TestUAS.is_plugin_allowed
[1.096s] 5: [       OK ] TestUAS.is_plugin_allowed (28 ms)
[1.096s] 5: [ RUN      ] TestUAS.add_plugin__route_message__filter
[1.102s] 5: [INFO] [1666572431.704831764] [test_mavros_uas]: Plugin test1 created
[1.102s] 5: [INFO] [1666572431.705154120] [test_mavros_uas]: Plugin test1 initialized
[1.103s] 5: [INFO] [1666572431.705188600] [test_mavros_uas]: Plugin test2 created
[1.103s] 5: [INFO] [1666572431.705221730] [test_mavros_uas]: Plugin test2 initialized
[1.103s] 5: [       OK ] TestUAS.add_plugin__route_message__filter (7 ms)
[1.103s] 5: [----------] 2 tests from TestUAS (35 ms total)
[1.103s] 5: 
[1.103s] 5: [----------] Global test environment tear-down
[1.103s] 5: [==========] 2 tests from 1 test case ran. (35 ms total)
[1.103s] 5: [  PASSED  ] 2 tests.
[1.108s] 5: -- run_test.py: return code 0
[1.108s] 5: -- run_test.py: inject classname prefix into gtest result file '/home/grant/ros2_ws/build/mavros/test_results/mavros/mavros-uas-test.gtest.xml'
[1.108s] 5: -- run_test.py: verify result file '/home/grant/ros2_ws/build/mavros/test_results/mavros/mavros-uas-test.gtest.xml'
[1.120s]  5/12 Test  #5: mavros-uas-test .....................   Passed    0.12 sec
[1.120s] test 6
[1.120s]       Start  6: cppcheck
[1.120s] 
[1.120s] 6: Test command: /home/grant/miniconda3/bin/python3 "-u" "/opt/ros/foxy/share/ament_cmake_test/cmake/run_test.py" "/home/grant/ros2_ws/build/mavros/test_results/mavros/cppcheck.xunit.xml" "--package-name" "mavros" "--output-file" "/home/grant/ros2_ws/build/mavros/ament_cppcheck/cppcheck.txt" "--command" "/opt/ros/foxy/bin/ament_cppcheck" "--xunit-file" "/home/grant/ros2_ws/build/mavros/test_results/mavros/cppcheck.xunit.xml" "--exclude" "./test/*.cpp" "--include_dirs" "/home/grant/ros2_ws/src/mavros/mavros/include"
[1.120s] 6: Test timeout computed to be: 300
[1.181s] 6: -- run_test.py: invoking following command in '/home/grant/ros2_ws/src/mavros/mavros':
[1.182s] 6:  - /opt/ros/foxy/bin/ament_cppcheck --xunit-file /home/grant/ros2_ws/build/mavros/test_results/mavros/cppcheck.xunit.xml --exclude ./test/*.cpp --include_dirs /home/grant/ros2_ws/src/mavros/mavros/include
[1.594s] 6: No problems found
[1.615s] 6: -- run_test.py: return code 0
[1.615s] 6: -- run_test.py: verify result file '/home/grant/ros2_ws/build/mavros/test_results/mavros/cppcheck.xunit.xml'
[1.625s]  6/12 Test  #6: cppcheck ............................   Passed    0.51 sec
[1.625s] test 7
[1.625s]       Start  7: cpplint
[1.626s] 
[1.626s] 7: Test command: /home/grant/miniconda3/bin/python3 "-u" "/opt/ros/foxy/share/ament_cmake_test/cmake/run_test.py" "/home/grant/ros2_ws/build/mavros/test_results/mavros/cpplint.xunit.xml" "--package-name" "mavros" "--output-file" "/home/grant/ros2_ws/build/mavros/ament_cpplint/cpplint.txt" "--command" "/opt/ros/foxy/bin/ament_cpplint" "--xunit-file" "/home/grant/ros2_ws/build/mavros/test_results/mavros/cpplint.xunit.xml"
[1.626s] 7: Test timeout computed to be: 120
[1.687s] 7: -- run_test.py: invoking following command in '/home/grant/ros2_ws/src/mavros/mavros':
[1.687s] 7:  - /opt/ros/foxy/bin/ament_cpplint --xunit-file /home/grant/ros2_ws/build/mavros/test_results/mavros/cpplint.xunit.xml
[6.180s] 7: Using '--root=/home/grant/ros2_ws/src/mavros/mavros/include' argument
[6.180s] 7: 
[6.181s] 7: Done processing /home/grant/ros2_ws/src/mavros/mavros/include/mavros/frame_tf.hpp
[6.181s] 7: 
[6.181s] 7: Done processing /home/grant/ros2_ws/src/mavros/mavros/include/mavros/mavros_plugin_register_macro.hpp
[6.181s] 7: 
[6.181s] 7: Done processing /home/grant/ros2_ws/src/mavros/mavros/include/mavros/mavros_router.hpp
[6.181s] 7: 
[6.181s] 7: Done processing /home/grant/ros2_ws/src/mavros/mavros/include/mavros/mavros_uas.hpp
[6.181s] 7: 
[6.181s] 7: Done processing /home/grant/ros2_ws/src/mavros/mavros/include/mavros/mission_protocol_base.hpp
[6.181s] 7: 
[6.181s] 7: Done processing /home/grant/ros2_ws/src/mavros/mavros/include/mavros/plugin.hpp
[6.181s] 7: 
[6.181s] 7: Done processing /home/grant/ros2_ws/src/mavros/mavros/include/mavros/plugin_filter.hpp
[6.181s] 7: 
[6.181s] 7: Done processing /home/grant/ros2_ws/src/mavros/mavros/include/mavros/px4_custom_mode.hpp
[6.182s] 7: 
[6.182s] 7: Done processing /home/grant/ros2_ws/src/mavros/mavros/include/mavros/setpoint_mixin.hpp
[6.182s] 7: 
[6.182s] 7: Done processing /home/grant/ros2_ws/src/mavros/mavros/include/mavros/uas_executor.hpp
[6.182s] 7: 
[6.182s] 7: Done processing /home/grant/ros2_ws/src/mavros/mavros/include/mavros/utils.hpp
[6.182s] 7: 
[6.182s] 7: Using '--root=/home/grant/ros2_ws/src/mavros/mavros/src' argument
[6.182s] 7: 
[6.182s] 7: Done processing /home/grant/ros2_ws/src/mavros/mavros/src/mavros_node.cpp
[6.182s] 7: 
[6.182s] 7: Done processing /home/grant/ros2_ws/src/mavros/mavros/src/lib/enum_sensor_orientation.cpp
[6.182s] 7: 
[6.182s] 7: Done processing /home/grant/ros2_ws/src/mavros/mavros/src/lib/enum_to_string.cpp
[6.182s] 7: 
[6.182s] 7: Done processing /home/grant/ros2_ws/src/mavros/mavros/src/lib/ftf_frame_conversions.cpp
[6.183s] 7: 
[6.183s] 7: Done processing /home/grant/ros2_ws/src/mavros/mavros/src/lib/ftf_quaternion_utils.cpp
[6.183s] 7: 
[6.183s] 7: Done processing /home/grant/ros2_ws/src/mavros/mavros/src/lib/mavros_router.cpp
[6.183s] 7: 
[6.183s] 7: Done processing /home/grant/ros2_ws/src/mavros/mavros/src/lib/mavros_uas.cpp
[6.183s] 7: 
[6.183s] 7: Done processing /home/grant/ros2_ws/src/mavros/mavros/src/lib/plugin.cpp
[6.183s] 7: 
[6.183s] 7: Done processing /home/grant/ros2_ws/src/mavros/mavros/src/lib/uas_ap.cpp
[6.183s] 7: 
[6.183s] 7: Done processing /home/grant/ros2_ws/src/mavros/mavros/src/lib/uas_data.cpp
[6.183s] 7: 
[6.183s] 7: Done processing /home/grant/ros2_ws/src/mavros/mavros/src/lib/uas_executor.cpp
[6.183s] 7: 
[6.184s] 7: Done processing /home/grant/ros2_ws/src/mavros/mavros/src/lib/uas_stringify.cpp
[6.184s] 7: 
[6.184s] 7: Done processing /home/grant/ros2_ws/src/mavros/mavros/src/lib/uas_tf.cpp
[6.184s] 7: 
[6.184s] 7: Done processing /home/grant/ros2_ws/src/mavros/mavros/src/lib/uas_timesync.cpp
[6.184s] 7: 
[6.184s] 7: Done processing /home/grant/ros2_ws/src/mavros/mavros/src/plugins/actuator_control.cpp
[6.184s] 7: 
[6.184s] 7: Done processing /home/grant/ros2_ws/src/mavros/mavros/src/plugins/altitude.cpp
[6.184s] 7: 
[6.184s] 7: Done processing /home/grant/ros2_ws/src/mavros/mavros/src/plugins/command.cpp
[6.184s] 7: 
[6.184s] 7: Done processing /home/grant/ros2_ws/src/mavros/mavros/src/plugins/dummy.cpp
[6.184s] 7: 
[6.184s] 7: Done processing /home/grant/ros2_ws/src/mavros/mavros/src/plugins/ftp.cpp
[6.184s] 7: 
[6.185s] 7: Done processing /home/grant/ros2_ws/src/mavros/mavros/src/plugins/geofence.cpp
[6.185s] 7: 
[6.185s] 7: Done processing /home/grant/ros2_ws/src/mavros/mavros/src/plugins/global_position.cpp
[6.185s] 7: 
[6.185s] 7: Done processing /home/grant/ros2_ws/src/mavros/mavros/src/plugins/home_position.cpp
[6.185s] 7: 
[6.185s] 7: Done processing /home/grant/ros2_ws/src/mavros/mavros/src/plugins/imu.cpp
[6.185s] 7: 
[6.185s] 7: Done processing /home/grant/ros2_ws/src/mavros/mavros/src/plugins/local_position.cpp
[6.185s] 7: 
[6.185s] 7: Done processing /home/grant/ros2_ws/src/mavros/mavros/src/plugins/manual_control.cpp
[6.185s] 7: 
[6.185s] 7: Done processing /home/grant/ros2_ws/src/mavros/mavros/src/plugins/mission_protocol_base.cpp
[6.185s] 7: 
[6.185s] 7: Done processing /home/grant/ros2_ws/src/mavros/mavros/src/plugins/nav_controller_output.cpp
[6.186s] 7: 
[6.186s] 7: Done processing /home/grant/ros2_ws/src/mavros/mavros/src/plugins/param.cpp
[6.186s] 7: 
[6.186s] 7: Done processing /home/grant/ros2_ws/src/mavros/mavros/src/plugins/rallypoint.cpp
[6.186s] 7: 
[6.186s] 7: Done processing /home/grant/ros2_ws/src/mavros/mavros/src/plugins/rc_io.cpp
[6.186s] 7: 
[6.186s] 7: Done processing /home/grant/ros2_ws/src/mavros/mavros/src/plugins/setpoint_accel.cpp
[6.186s] 7: 
[6.186s] 7: Done processing /home/grant/ros2_ws/src/mavros/mavros/src/plugins/setpoint_attitude.cpp
[6.186s] 7: 
[6.186s] 7: Done processing /home/grant/ros2_ws/src/mavros/mavros/src/plugins/setpoint_position.cpp
[6.186s] 7: 
[6.186s] 7: Done processing /home/grant/ros2_ws/src/mavros/mavros/src/plugins/setpoint_raw.cpp
[6.186s] 7: 
[6.187s] 7: Done processing /home/grant/ros2_ws/src/mavros/mavros/src/plugins/setpoint_trajectory.cpp
[6.187s] 7: 
[6.187s] 7: Done processing /home/grant/ros2_ws/src/mavros/mavros/src/plugins/setpoint_velocity.cpp
[6.187s] 7: 
[6.187s] 7: Done processing /home/grant/ros2_ws/src/mavros/mavros/src/plugins/sys_status.cpp
[6.187s] 7: 
[6.187s] 7: Done processing /home/grant/ros2_ws/src/mavros/mavros/src/plugins/sys_time.cpp
[6.187s] 7: 
[6.187s] 7: Done processing /home/grant/ros2_ws/src/mavros/mavros/src/plugins/waypoint.cpp
[6.187s] 7: 
[6.187s] 7: Done processing /home/grant/ros2_ws/src/mavros/mavros/src/plugins/wind_estimation.cpp
[6.187s] 7: 
[6.187s] 7: Using '--root=/home/grant/ros2_ws/src/mavros/mavros/test' argument
[6.187s] 7: 
[6.187s] 7: Done processing /home/grant/ros2_ws/src/mavros/mavros/test/test_frame_conversions.cpp
[6.187s] 7: 
[6.188s] 7: Done processing /home/grant/ros2_ws/src/mavros/mavros/test/test_quaternion_utils.cpp
[6.188s] 7: 
[6.188s] 7: Done processing /home/grant/ros2_ws/src/mavros/mavros/test/test_router.cpp
[6.188s] 7: 
[6.188s] 7: Done processing /home/grant/ros2_ws/src/mavros/mavros/test/test_sensor_orientation.cpp
[6.188s] 7: 
[6.188s] 7: Done processing /home/grant/ros2_ws/src/mavros/mavros/test/test_uas.cpp
[6.188s] 7: 
[6.188s] 7: No problems found
[6.193s] 7: -- run_test.py: return code 0
[6.194s] 7: -- run_test.py: verify result file '/home/grant/ros2_ws/build/mavros/test_results/mavros/cpplint.xunit.xml'
[6.205s]  7/12 Test  #7: cpplint .............................   Passed    4.58 sec
[6.206s] test 8
[6.206s]       Start  8: flake8
[6.206s] 
[6.206s] 8: Test command: /home/grant/miniconda3/bin/python3 "-u" "/opt/ros/foxy/share/ament_cmake_test/cmake/run_test.py" "/home/grant/ros2_ws/build/mavros/test_results/mavros/flake8.xunit.xml" "--package-name" "mavros" "--output-file" "/home/grant/ros2_ws/build/mavros/ament_flake8/flake8.txt" "--command" "/opt/ros/foxy/bin/ament_flake8" "--xunit-file" "/home/grant/ros2_ws/build/mavros/test_results/mavros/flake8.xunit.xml"
[6.206s] 8: Test timeout computed to be: 60
[6.267s] 8: -- run_test.py: invoking following command in '/home/grant/ros2_ws/src/mavros/mavros':
[6.267s] 8:  - /opt/ros/foxy/bin/ament_flake8 --xunit-file /home/grant/ros2_ws/build/mavros/test_results/mavros/flake8.xunit.xml
[6.769s] 8: 
[6.769s] 8: 27 files checked
[6.769s] 8: No problems found
[6.769s] 8: 
[6.770s] 8: Checked files:
[6.770s] 8: 
[6.770s] 8: * ./setup.py
[6.770s] 8: * ./mavros/ftp.py
[6.770s] 8: * ./mavros/command.py
[6.770s] 8: * ./mavros/global_position.py
[6.770s] 8: * ./mavros/param.py
[6.770s] 8: * ./mavros/setpoint.py
[6.770s] 8: * ./mavros/mission.py
[6.770s] 8: * ./mavros/system.py
[6.770s] 8: * ./mavros/mavlink.py
[6.770s] 8: * ./mavros/__init__.py
[6.770s] 8: * ./mavros/local_position.py
[6.770s] 8: * ./mavros/utils.py
[6.770s] 8: * ./mavros/nuttx_crc32.py
[6.771s] 8: * ./mavros/base.py
[6.771s] 8: * ./mavros/cmd/checkid.py
[6.771s] 8: * ./mavros/cmd/ftp.py
[6.771s] 8: * ./mavros/cmd/param.py
[6.771s] 8: * ./mavros/cmd/mission.py
[6.771s] 8: * ./mavros/cmd/system.py
[6.771s] 8: * ./mavros/cmd/__main__.py
[6.771s] 8: * ./mavros/cmd/cmd.py
[6.771s] 8: * ./mavros/cmd/__init__.py
[6.771s] 8: * ./mavros/cmd/safety.py
[6.771s] 8: * ./mavros/cmd/utils.py
[6.771s] 8: * ./test/mavros_py/test_mission.py
[6.771s] 8: * ./test/mavros_py/test_param.py
[6.771s] 8: * ./test/mavros_py/__init__.py
[6.795s] 8: -- run_test.py: return code 0
[6.796s] 8: -- run_test.py: verify result file '/home/grant/ros2_ws/build/mavros/test_results/mavros/flake8.xunit.xml'
[6.806s]  8/12 Test  #8: flake8 ..............................   Passed    0.60 sec
[6.806s] test 9
[6.806s]       Start  9: lint_cmake
[6.806s] 
[6.806s] 9: Test command: /home/grant/miniconda3/bin/python3 "-u" "/opt/ros/foxy/share/ament_cmake_test/cmake/run_test.py" "/home/grant/ros2_ws/build/mavros/test_results/mavros/lint_cmake.xunit.xml" "--package-name" "mavros" "--output-file" "/home/grant/ros2_ws/build/mavros/ament_lint_cmake/lint_cmake.txt" "--command" "/opt/ros/foxy/bin/ament_lint_cmake" "--xunit-file" "/home/grant/ros2_ws/build/mavros/test_results/mavros/lint_cmake.xunit.xml"
[6.806s] 9: Test timeout computed to be: 60
[6.866s] 9: -- run_test.py: invoking following command in '/home/grant/ros2_ws/src/mavros/mavros':
[6.867s] 9:  - /opt/ros/foxy/bin/ament_lint_cmake --xunit-file /home/grant/ros2_ws/build/mavros/test_results/mavros/lint_cmake.xunit.xml
[7.060s] 9: 
[7.060s] 9: No problems found
[7.074s] 9: -- run_test.py: return code 0
[7.075s] 9: -- run_test.py: verify result file '/home/grant/ros2_ws/build/mavros/test_results/mavros/lint_cmake.xunit.xml'
[7.085s]  9/12 Test  #9: lint_cmake ..........................   Passed    0.28 sec
[7.085s] test 10
[7.085s]       Start 10: pep257
[7.085s] 
[7.085s] 10: Test command: /home/grant/miniconda3/bin/python3 "-u" "/opt/ros/foxy/share/ament_cmake_test/cmake/run_test.py" "/home/grant/ros2_ws/build/mavros/test_results/mavros/pep257.xunit.xml" "--package-name" "mavros" "--output-file" "/home/grant/ros2_ws/build/mavros/ament_pep257/pep257.txt" "--command" "/opt/ros/foxy/bin/ament_pep257" "--xunit-file" "/home/grant/ros2_ws/build/mavros/test_results/mavros/pep257.xunit.xml"
[7.085s] 10: Test timeout computed to be: 60
[7.149s] 10: -- run_test.py: invoking following command in '/home/grant/ros2_ws/src/mavros/mavros':
[7.149s] 10:  - /opt/ros/foxy/bin/ament_pep257 --xunit-file /home/grant/ros2_ws/build/mavros/test_results/mavros/pep257.xunit.xml
[7.743s] 10: checking ./mavros/__init__.py
[7.743s] 10: checking ./mavros/base.py
[7.743s] 10: checking ./mavros/cmd/__init__.py
[7.743s] 10: checking ./mavros/cmd/__main__.py
[7.743s] 10: checking ./mavros/cmd/checkid.py
[7.743s] 10: checking ./mavros/cmd/cmd.py
[7.743s] 10: checking ./mavros/cmd/ftp.py
[7.743s] 10: checking ./mavros/cmd/mission.py
[7.743s] 10: checking ./mavros/cmd/param.py
[7.743s] 10: checking ./mavros/cmd/safety.py
[7.743s] 10: checking ./mavros/cmd/system.py
[7.744s] 10: checking ./mavros/cmd/utils.py
[7.744s] 10: checking ./mavros/command.py
[7.744s] 10: checking ./mavros/ftp.py
[7.744s] 10: checking ./mavros/global_position.py
[7.744s] 10: checking ./mavros/local_position.py
[7.744s] 10: checking ./mavros/mavlink.py
[7.744s] 10: checking ./mavros/mission.py
[7.744s] 10: checking ./mavros/nuttx_crc32.py
[7.744s] 10: checking ./mavros/param.py
[7.744s] 10: checking ./mavros/setpoint.py
[7.744s] 10: checking ./mavros/system.py
[7.744s] 10: checking ./mavros/utils.py
[7.744s] 10: checking ./setup.py
[7.744s] 10: checking ./test/mavros_py/__init__.py
[7.744s] 10: checking ./test/mavros_py/test_mission.py
[7.744s] 10: checking ./test/mavros_py/test_param.py
[7.745s] 10: No problems found
[7.764s] 10: -- run_test.py: return code 0
[7.764s] 10: -- run_test.py: verify result file '/home/grant/ros2_ws/build/mavros/test_results/mavros/pep257.xunit.xml'
[7.776s] 10/12 Test #10: pep257 ..............................   Passed    0.69 sec
[7.776s] test 11
[7.776s]       Start 11: uncrustify
[7.776s] 
[7.776s] 11: Test command: /home/grant/miniconda3/bin/python3 "-u" "/opt/ros/foxy/share/ament_cmake_test/cmake/run_test.py" "/home/grant/ros2_ws/build/mavros/test_results/mavros/uncrustify.xunit.xml" "--package-name" "mavros" "--output-file" "/home/grant/ros2_ws/build/mavros/ament_uncrustify/uncrustify.txt" "--command" "/opt/ros/foxy/bin/ament_uncrustify" "--xunit-file" "/home/grant/ros2_ws/build/mavros/test_results/mavros/uncrustify.xunit.xml"
[7.776s] 11: Test timeout computed to be: 60
[7.837s] 11: -- run_test.py: invoking following command in '/home/grant/ros2_ws/src/mavros/mavros':
[7.837s] 11:  - /opt/ros/foxy/bin/ament_uncrustify --xunit-file /home/grant/ros2_ws/build/mavros/test_results/mavros/uncrustify.xunit.xml
[8.310s] 11: No code style divergence in file 'include/mavros/frame_tf.hpp'
[8.310s] 11: 
[8.310s] 11: No code style divergence in file 'include/mavros/mavros_plugin_register_macro.hpp'
[8.310s] 11: 
[8.310s] 11: No code style divergence in file 'include/mavros/mavros_router.hpp'
[8.310s] 11: 
[8.310s] 11: No code style divergence in file 'include/mavros/mavros_uas.hpp'
[8.310s] 11: 
[8.310s] 11: No code style divergence in file 'include/mavros/mission_protocol_base.hpp'
[8.310s] 11: 
[8.310s] 11: No code style divergence in file 'include/mavros/plugin.hpp'
[8.310s] 11: 
[8.311s] 11: No code style divergence in file 'include/mavros/plugin_filter.hpp'
[8.311s] 11: 
[8.311s] 11: No code style divergence in file 'include/mavros/px4_custom_mode.hpp'
[8.311s] 11: 
[8.311s] 11: No code style divergence in file 'include/mavros/setpoint_mixin.hpp'
[8.311s] 11: 
[8.311s] 11: No code style divergence in file 'include/mavros/uas_executor.hpp'
[8.311s] 11: 
[8.311s] 11: No code style divergence in file 'include/mavros/utils.hpp'
[8.311s] 11: 
[8.311s] 11: No code style divergence in file 'src/lib/enum_sensor_orientation.cpp'
[8.311s] 11: 
[8.311s] 11: No code style divergence in file 'src/lib/enum_to_string.cpp'
[8.311s] 11: 
[8.311s] 11: No code style divergence in file 'src/lib/ftf_frame_conversions.cpp'
[8.312s] 11: 
[8.312s] 11: No code style divergence in file 'src/lib/ftf_quaternion_utils.cpp'
[8.312s] 11: 
[8.312s] 11: No code style divergence in file 'src/lib/mavros_router.cpp'
[8.312s] 11: 
[8.312s] 11: No code style divergence in file 'src/lib/mavros_uas.cpp'
[8.312s] 11: 
[8.312s] 11: No code style divergence in file 'src/lib/plugin.cpp'
[8.312s] 11: 
[8.312s] 11: No code style divergence in file 'src/lib/uas_ap.cpp'
[8.312s] 11: 
[8.312s] 11: No code style divergence in file 'src/lib/uas_data.cpp'
[8.312s] 11: 
[8.312s] 11: No code style divergence in file 'src/lib/uas_executor.cpp'
[8.312s] 11: 
[8.312s] 11: No code style divergence in file 'src/lib/uas_stringify.cpp'
[8.313s] 11: 
[8.313s] 11: No code style divergence in file 'src/lib/uas_tf.cpp'
[8.313s] 11: 
[8.313s] 11: No code style divergence in file 'src/lib/uas_timesync.cpp'
[8.313s] 11: 
[8.313s] 11: No code style divergence in file 'src/mavros_node.cpp'
[8.313s] 11: 
[8.313s] 11: No code style divergence in file 'src/plugins/actuator_control.cpp'
[8.313s] 11: 
[8.313s] 11: No code style divergence in file 'src/plugins/altitude.cpp'
[8.313s] 11: 
[8.313s] 11: No code style divergence in file 'src/plugins/command.cpp'
[8.313s] 11: 
[8.313s] 11: No code style divergence in file 'src/plugins/dummy.cpp'
[8.313s] 11: 
[8.314s] 11: No code style divergence in file 'src/plugins/ftp.cpp'
[8.314s] 11: 
[8.316s] 11: No code style divergence in file 'src/plugins/geofence.cpp'
[8.316s] 11: 
[8.316s] 11: No code style divergence in file 'src/plugins/global_position.cpp'
[8.316s] 11: 
[8.316s] 11: No code style divergence in file 'src/plugins/home_position.cpp'
[8.317s] 11: 
[8.317s] 11: No code style divergence in file 'src/plugins/imu.cpp'
[8.317s] 11: 
[8.317s] 11: No code style divergence in file 'src/plugins/local_position.cpp'
[8.317s] 11: 
[8.317s] 11: No code style divergence in file 'src/plugins/manual_control.cpp'
[8.317s] 11: 
[8.317s] 11: No code style divergence in file 'src/plugins/mission_protocol_base.cpp'
[8.317s] 11: 
[8.317s] 11: No code style divergence in file 'src/plugins/nav_controller_output.cpp'
[8.317s] 11: 
[8.317s] 11: No code style divergence in file 'src/plugins/param.cpp'
[8.317s] 11: 
[8.317s] 11: No code style divergence in file 'src/plugins/rallypoint.cpp'
[8.318s] 11: 
[8.318s] 11: No code style divergence in file 'src/plugins/rc_io.cpp'
[8.318s] 11: 
[8.318s] 11: No code style divergence in file 'src/plugins/setpoint_accel.cpp'
[8.318s] 11: 
[8.318s] 11: No code style divergence in file 'src/plugins/setpoint_attitude.cpp'
[8.318s] 11: 
[8.318s] 11: No code style divergence in file 'src/plugins/setpoint_position.cpp'
[8.318s] 11: 
[8.318s] 11: No code style divergence in file 'src/plugins/setpoint_raw.cpp'
[8.318s] 11: 
[8.318s] 11: No code style divergence in file 'src/plugins/setpoint_trajectory.cpp'
[8.318s] 11: 
[8.318s] 11: No code style divergence in file 'src/plugins/setpoint_velocity.cpp'
[8.319s] 11: 
[8.319s] 11: No code style divergence in file 'src/plugins/sys_status.cpp'
[8.319s] 11: 
[8.319s] 11: No code style divergence in file 'src/plugins/sys_time.cpp'
[8.319s] 11: 
[8.319s] 11: No code style divergence in file 'src/plugins/waypoint.cpp'
[8.319s] 11: 
[8.319s] 11: No code style divergence in file 'src/plugins/wind_estimation.cpp'
[8.319s] 11: 
[8.319s] 11: No code style divergence in file 'test/test_frame_conversions.cpp'
[8.319s] 11: 
[8.319s] 11: No code style divergence in file 'test/test_quaternion_utils.cpp'
[8.319s] 11: 
[8.319s] 11: No code style divergence in file 'test/test_router.cpp'
[8.319s] 11: 
[8.319s] 11: No code style divergence in file 'test/test_sensor_orientation.cpp'
[8.320s] 11: 
[8.320s] 11: No code style divergence in file 'test/test_uas.cpp'
[8.320s] 11: 
[8.320s] 11: No problems found
[8.330s] 11: -- run_test.py: return code 0
[8.331s] 11: -- run_test.py: verify result file '/home/grant/ros2_ws/build/mavros/test_results/mavros/uncrustify.xunit.xml'
[8.342s] 11/12 Test #11: uncrustify ..........................   Passed    0.57 sec
[8.342s] test 12
[8.342s]       Start 12: xmllint
[8.342s] 
[8.342s] 12: Test command: /home/grant/miniconda3/bin/python3 "-u" "/opt/ros/foxy/share/ament_cmake_test/cmake/run_test.py" "/home/grant/ros2_ws/build/mavros/test_results/mavros/xmllint.xunit.xml" "--package-name" "mavros" "--output-file" "/home/grant/ros2_ws/build/mavros/ament_xmllint/xmllint.txt" "--command" "/opt/ros/foxy/bin/ament_xmllint" "--xunit-file" "/home/grant/ros2_ws/build/mavros/test_results/mavros/xmllint.xunit.xml"
[8.343s] 12: Test timeout computed to be: 60
[8.406s] 12: -- run_test.py: invoking following command in '/home/grant/ros2_ws/src/mavros/mavros':
[8.406s] 12:  - /opt/ros/foxy/bin/ament_xmllint --xunit-file /home/grant/ros2_ws/build/mavros/test_results/mavros/xmllint.xunit.xml
[8.599s] 12: File 'mavros_plugins.xml' is valid
[8.599s] 12: 
[8.599s] 12: File 'package.xml' is valid
[8.599s] 12: 
[8.599s] 12: No problems found
[8.616s] 12: -- run_test.py: return code 0
[8.616s] 12: -- run_test.py: verify result file '/home/grant/ros2_ws/build/mavros/test_results/mavros/xmllint.xunit.xml'
[8.626s] 12/12 Test #12: xmllint .............................   Passed    0.28 sec
[8.627s] 
[8.627s] [0;32m100% tests passed[0;0m, 0 tests failed[0;0m out of 12
[8.627s] 
[8.627s] Label Time Summary:
[8.627s] cppcheck      =   0.51 sec*proc (1 test)
[8.627s] cpplint       =   4.58 sec*proc (1 test)
[8.627s] flake8        =   0.60 sec*proc (1 test)
[8.627s] gmock         =   0.34 sec*proc (2 tests)
[8.627s] gtest         =   0.73 sec*proc (3 tests)
[8.627s] lint_cmake    =   0.28 sec*proc (1 test)
[8.627s] linter        =   7.51 sec*proc (7 tests)
[8.627s] pep257        =   0.69 sec*proc (1 test)
[8.627s] uncrustify    =   0.57 sec*proc (1 test)
[8.627s] xmllint       =   0.28 sec*proc (1 test)
[8.627s] 
[8.628s] Total Test time (real) =   8.58 sec
[8.634s] Invoked command in '/home/grant/ros2_ws/build/mavros' returned '0': AMENT_PREFIX_PATH=/home/grant/ros2_ws/install/mavros:/home/grant/ros2_ws/install/libmavconn:/home/grant/ros2_ws/install/mavros_msgs:${AMENT_PREFIX_PATH} CMAKE_PREFIX_PATH=/home/grant/ros2_ws/install/mavros:/home/grant/ros2_ws/install/libmavconn:/home/grant/ros2_ws/install/mavros_msgs:/home/grant/ros2_ws/install/mavlink:${CMAKE_PREFIX_PATH} CONDA_PROMPT_MODIFIER=(base) LD_LIBRARY_PATH=/home/grant/ros2_ws/install/mavros/lib:/home/grant/ros2_ws/install/libmavconn/lib:/home/grant/ros2_ws/install/mavros_msgs/lib:${LD_LIBRARY_PATH} PKG_CONFIG_PATH=/home/grant/ros2_ws/install/mavlink/lib/x86_64-linux-gnu/pkgconfig:/home/grant/ros2_ws/install/mavlink/lib/pkgconfig:${PKG_CONFIG_PATH} PYTHONPATH=/home/grant/ros2_ws/install/mavros/lib/python3.8/site-packages:/home/grant/ros2_ws/install/mavros_msgs/lib/python3.8/site-packages:${PYTHONPATH} /usr/bin/ctest -C Release -D ExperimentalTest --no-compress-output -V --force-new-ctest-process
