Start testing: Oct 23 20:48 EDT
----------------------------------------------------------
1/6 Testing: test_mavconn
1/6 Test: test_mavconn
Command: "/home/grant/miniconda3/bin/python3" "-u" "/opt/ros/foxy/share/ament_cmake_test/cmake/run_test.py" "/home/grant/ros2_ws/build/libmavconn/test_results/libmavconn/test_mavconn.gtest.xml" "--package-name" "libmavconn" "--output-file" "/home/grant/ros2_ws/build/libmavconn/ament_cmake_gtest/test_mavconn.txt" "--command" "/home/grant/ros2_ws/build/libmavconn/test_mavconn" "--gtest_output=xml:/home/grant/ros2_ws/build/libmavconn/test_results/libmavconn/test_mavconn.gtest.xml"
Directory: /home/grant/ros2_ws/build/libmavconn
"test_mavconn" start time: Oct 23 20:48 EDT
Output:
----------------------------------------------------------
-- run_test.py: invoking following command in '/home/grant/ros2_ws/build/libmavconn':
 - /home/grant/ros2_ws/build/libmavconn/test_mavconn --gtest_output=xml:/home/grant/ros2_ws/build/libmavconn/test_results/libmavconn/test_mavconn.gtest.xml
[==========] Running 8 tests from 4 test cases.
[----------] Global test environment set-up.
[----------] 1 test from UDP
[ RUN      ] UDP.send_message
[       OK ] UDP.send_message (2 ms)
[----------] 1 test from UDP (2 ms total)

[----------] 4 tests from TCP
[ RUN      ] TCP.bind_error
[       OK ] TCP.bind_error (1 ms)
[ RUN      ] TCP.connect_error
[       OK ] TCP.connect_error (0 ms)
[ RUN      ] TCP.send_message
[       OK ] TCP.send_message (0 ms)
[ RUN      ] TCP.client_reconnect
Error:   [       OK ] TCP.client_reconnect (1 ms)
mavconn: tcp12: receive: End of file
[----------]          at line 4 tests from TCP (2 ms total)

[----------] 1 test from SERIAL
[ RUN      ] SERIAL.open_error
283 in /home/grant/ros2_ws/src/mavros/libmavconn/src/tcp.cpp
Error:   [       OK ] mavconn: tcp14: receive: End of file
         at line 283 in /home/grant/ros2_ws/src/mavros/libmavconn/src/tcp.cpp
SERIAL.open_error (0 ms)
[----------] 1 test from SERIAL (0 ms total)

[----------] 2 tests from URL
[ RUN      ] URL.open_url_udp
Error:   mavconn: tcp16: receive: End of file
         at line 283 in /home/grant/ros2_ws/src/mavros/libmavconn/src/tcp.cpp
Warning: mavconn: You did not provide message handling callback to open_url(), It is unsafe to set it later.
         at line 446 in /home/grant/ros2_ws/src/mavros/libmavconn/src/interface.cpp
Warning: mavconn: You did not provide message handling callback to open_url(), It is unsafe to set it later.
         at line 446 in /home/grant/ros2_ws/src/mavros/libmavconn/src/interface.cpp
Warning: mavconn: You did not provide message handling callback to open_url(), It is unsafe to set it later.
         at line 446 in /home/grant/ros2_ws/src/mavros/libmavconn/src/interface.cpp
Error:   mavconn: UDP URL should contain @!
         at line 303 in /home/grant/ros2_ws/src/mavros/libmavconn/src/interface.cpp
[       OK ] URL.open_url_udp (1 ms)
[ RUN      ] URL.open_url_tcp
Warning: mavconn: You did not provide message handling callback to open_url(), It is unsafe to set it later.
         at line 446 in /home/grant/ros2_ws/src/mavros/libmavconn/src/interface.cpp
Warning: mavconn: You did not provide message handling callback to open_url(), It is unsafe to set it later.
         at line 446 in /home/grant/ros2_ws/src/mavros/libmavconn/src/interface.cpp
Error:   mavconn: tcp24: receive: End of file
         at line 283 in /home/grant/ros2_ws/src/mavros/libmavconn/src/tcp.cpp
[       OK ] URL.open_url_tcp (0 ms)
[----------] 2 tests from URL (1 ms total)

[----------] Global test environment tear-down
[==========] 8 tests from 4 test cases ran. (5 ms total)
[  PASSED  ] 8 tests.
-- run_test.py: return code 0
-- run_test.py: inject classname prefix into gtest result file '/home/grant/ros2_ws/build/libmavconn/test_results/libmavconn/test_mavconn.gtest.xml'
-- run_test.py: verify result file '/home/grant/ros2_ws/build/libmavconn/test_results/libmavconn/test_mavconn.gtest.xml'
<end of output>
Test time =   0.09 sec
----------------------------------------------------------
Test Passed.
"test_mavconn" end time: Oct 23 20:48 EDT
"test_mavconn" time elapsed: 00:00:00
----------------------------------------------------------

2/6 Testing: cppcheck
2/6 Test: cppcheck
Command: "/home/grant/miniconda3/bin/python3" "-u" "/opt/ros/foxy/share/ament_cmake_test/cmake/run_test.py" "/home/grant/ros2_ws/build/libmavconn/test_results/libmavconn/cppcheck.xunit.xml" "--package-name" "libmavconn" "--output-file" "/home/grant/ros2_ws/build/libmavconn/ament_cppcheck/cppcheck.txt" "--command" "/opt/ros/foxy/bin/ament_cppcheck" "--xunit-file" "/home/grant/ros2_ws/build/libmavconn/test_results/libmavconn/cppcheck.xunit.xml" "--include_dirs" "/home/grant/ros2_ws/src/mavros/libmavconn/include"
Directory: /home/grant/ros2_ws/src/mavros/libmavconn
"cppcheck" start time: Oct 23 20:48 EDT
Output:
----------------------------------------------------------
-- run_test.py: invoking following command in '/home/grant/ros2_ws/src/mavros/libmavconn':
 - /opt/ros/foxy/bin/ament_cppcheck --xunit-file /home/grant/ros2_ws/build/libmavconn/test_results/libmavconn/cppcheck.xunit.xml --include_dirs /home/grant/ros2_ws/src/mavros/libmavconn/include
No problems found
-- run_test.py: return code 0
-- run_test.py: verify result file '/home/grant/ros2_ws/build/libmavconn/test_results/libmavconn/cppcheck.xunit.xml'
<end of output>
Test time =   0.37 sec
----------------------------------------------------------
Test Passed.
"cppcheck" end time: Oct 23 20:48 EDT
"cppcheck" time elapsed: 00:00:00
----------------------------------------------------------

3/6 Testing: cpplint
3/6 Test: cpplint
Command: "/home/grant/miniconda3/bin/python3" "-u" "/opt/ros/foxy/share/ament_cmake_test/cmake/run_test.py" "/home/grant/ros2_ws/build/libmavconn/test_results/libmavconn/cpplint.xunit.xml" "--package-name" "libmavconn" "--output-file" "/home/grant/ros2_ws/build/libmavconn/ament_cpplint/cpplint.txt" "--command" "/opt/ros/foxy/bin/ament_cpplint" "--xunit-file" "/home/grant/ros2_ws/build/libmavconn/test_results/libmavconn/cpplint.xunit.xml"
Directory: /home/grant/ros2_ws/src/mavros/libmavconn
"cpplint" start time: Oct 23 20:48 EDT
Output:
----------------------------------------------------------
-- run_test.py: invoking following command in '/home/grant/ros2_ws/src/mavros/libmavconn':
 - /opt/ros/foxy/bin/ament_cpplint --xunit-file /home/grant/ros2_ws/build/libmavconn/test_results/libmavconn/cpplint.xunit.xml
Using '--root=/home/grant/ros2_ws/src/mavros/libmavconn/include' argument

Done processing /home/grant/ros2_ws/src/mavros/libmavconn/include/mavconn/console_bridge_compat.hpp

Done processing /home/grant/ros2_ws/src/mavros/libmavconn/include/mavconn/interface.hpp

Done processing /home/grant/ros2_ws/src/mavros/libmavconn/include/mavconn/mavlink_dialect.hpp

Done processing /home/grant/ros2_ws/src/mavros/libmavconn/include/mavconn/msgbuffer.hpp

Done processing /home/grant/ros2_ws/src/mavros/libmavconn/include/mavconn/serial.hpp

Done processing /home/grant/ros2_ws/src/mavros/libmavconn/include/mavconn/tcp.hpp

Done processing /home/grant/ros2_ws/src/mavros/libmavconn/include/mavconn/thread_utils.hpp

Done processing /home/grant/ros2_ws/src/mavros/libmavconn/include/mavconn/udp.hpp

Using '--root=/home/grant/ros2_ws/src/mavros/libmavconn/src' argument

Done processing /home/grant/ros2_ws/src/mavros/libmavconn/src/interface.cpp

Done processing /home/grant/ros2_ws/src/mavros/libmavconn/src/serial.cpp

Done processing /home/grant/ros2_ws/src/mavros/libmavconn/src/tcp.cpp

Done processing /home/grant/ros2_ws/src/mavros/libmavconn/src/udp.cpp

Using '--root=/home/grant/ros2_ws/src/mavros/libmavconn/test' argument

Done processing /home/grant/ros2_ws/src/mavros/libmavconn/test/test_mavconn.cpp

No problems found
-- run_test.py: return code 0
-- run_test.py: verify result file '/home/grant/ros2_ws/build/libmavconn/test_results/libmavconn/cpplint.xunit.xml'
<end of output>
Test time =   0.99 sec
----------------------------------------------------------
Test Passed.
"cpplint" end time: Oct 23 20:48 EDT
"cpplint" time elapsed: 00:00:00
----------------------------------------------------------

4/6 Testing: lint_cmake
4/6 Test: lint_cmake
Command: "/home/grant/miniconda3/bin/python3" "-u" "/opt/ros/foxy/share/ament_cmake_test/cmake/run_test.py" "/home/grant/ros2_ws/build/libmavconn/test_results/libmavconn/lint_cmake.xunit.xml" "--package-name" "libmavconn" "--output-file" "/home/grant/ros2_ws/build/libmavconn/ament_lint_cmake/lint_cmake.txt" "--command" "/opt/ros/foxy/bin/ament_lint_cmake" "--xunit-file" "/home/grant/ros2_ws/build/libmavconn/test_results/libmavconn/lint_cmake.xunit.xml"
Directory: /home/grant/ros2_ws/src/mavros/libmavconn
"lint_cmake" start time: Oct 23 20:48 EDT
Output:
----------------------------------------------------------
-- run_test.py: invoking following command in '/home/grant/ros2_ws/src/mavros/libmavconn':
 - /opt/ros/foxy/bin/ament_lint_cmake --xunit-file /home/grant/ros2_ws/build/libmavconn/test_results/libmavconn/lint_cmake.xunit.xml

No problems found
-- run_test.py: return code 0
-- run_test.py: verify result file '/home/grant/ros2_ws/build/libmavconn/test_results/libmavconn/lint_cmake.xunit.xml'
<end of output>
Test time =   0.28 sec
----------------------------------------------------------
Test Passed.
"lint_cmake" end time: Oct 23 20:48 EDT
"lint_cmake" time elapsed: 00:00:00
----------------------------------------------------------

5/6 Testing: uncrustify
5/6 Test: uncrustify
Command: "/home/grant/miniconda3/bin/python3" "-u" "/opt/ros/foxy/share/ament_cmake_test/cmake/run_test.py" "/home/grant/ros2_ws/build/libmavconn/test_results/libmavconn/uncrustify.xunit.xml" "--package-name" "libmavconn" "--output-file" "/home/grant/ros2_ws/build/libmavconn/ament_uncrustify/uncrustify.txt" "--command" "/opt/ros/foxy/bin/ament_uncrustify" "--xunit-file" "/home/grant/ros2_ws/build/libmavconn/test_results/libmavconn/uncrustify.xunit.xml"
Directory: /home/grant/ros2_ws/src/mavros/libmavconn
"uncrustify" start time: Oct 23 20:48 EDT
Output:
----------------------------------------------------------
-- run_test.py: invoking following command in '/home/grant/ros2_ws/src/mavros/libmavconn':
 - /opt/ros/foxy/bin/ament_uncrustify --xunit-file /home/grant/ros2_ws/build/libmavconn/test_results/libmavconn/uncrustify.xunit.xml
No code style divergence in file 'include/mavconn/console_bridge_compat.hpp'

No code style divergence in file 'include/mavconn/interface.hpp'

No code style divergence in file 'include/mavconn/mavlink_dialect.hpp'

No code style divergence in file 'include/mavconn/msgbuffer.hpp'

No code style divergence in file 'include/mavconn/serial.hpp'

No code style divergence in file 'include/mavconn/tcp.hpp'

No code style divergence in file 'include/mavconn/thread_utils.hpp'

No code style divergence in file 'include/mavconn/udp.hpp'

No code style divergence in file 'src/interface.cpp'

No code style divergence in file 'src/serial.cpp'

No code style divergence in file 'src/tcp.cpp'

No code style divergence in file 'src/udp.cpp'

No code style divergence in file 'test/test_mavconn.cpp'

No problems found
-- run_test.py: return code 0
-- run_test.py: verify result file '/home/grant/ros2_ws/build/libmavconn/test_results/libmavconn/uncrustify.xunit.xml'
<end of output>
Test time =   0.33 sec
----------------------------------------------------------
Test Passed.
"uncrustify" end time: Oct 23 20:48 EDT
"uncrustify" time elapsed: 00:00:00
----------------------------------------------------------

6/6 Testing: xmllint
6/6 Test: xmllint
Command: "/home/grant/miniconda3/bin/python3" "-u" "/opt/ros/foxy/share/ament_cmake_test/cmake/run_test.py" "/home/grant/ros2_ws/build/libmavconn/test_results/libmavconn/xmllint.xunit.xml" "--package-name" "libmavconn" "--output-file" "/home/grant/ros2_ws/build/libmavconn/ament_xmllint/xmllint.txt" "--command" "/opt/ros/foxy/bin/ament_xmllint" "--xunit-file" "/home/grant/ros2_ws/build/libmavconn/test_results/libmavconn/xmllint.xunit.xml"
Directory: /home/grant/ros2_ws/src/mavros/libmavconn
"xmllint" start time: Oct 23 20:48 EDT
Output:
----------------------------------------------------------
-- run_test.py: invoking following command in '/home/grant/ros2_ws/src/mavros/libmavconn':
 - /opt/ros/foxy/bin/ament_xmllint --xunit-file /home/grant/ros2_ws/build/libmavconn/test_results/libmavconn/xmllint.xunit.xml
File 'package.xml' is valid

No problems found
-- run_test.py: return code 0
-- run_test.py: verify result file '/home/grant/ros2_ws/build/libmavconn/test_results/libmavconn/xmllint.xunit.xml'
<end of output>
Test time =   0.47 sec
----------------------------------------------------------
Test Passed.
"xmllint" end time: Oct 23 20:48 EDT
"xmllint" time elapsed: 00:00:00
----------------------------------------------------------

End testing: Oct 23 20:48 EDT

cppcheck =   0.37 sec*proc

cpplint =   0.99 sec*proc

gtest =   0.09 sec*proc

lint_cmake =   0.28 sec*proc

linter =   2.43 sec*proc

uncrustify =   0.33 sec*proc

xmllint =   0.47 sec*proc

