Start testing: Oct 23 20:47 EDT
----------------------------------------------------------
1/5 Testing: cppcheck
1/5 Test: cppcheck
Command: "/home/grant/miniconda3/bin/python3" "-u" "/opt/ros/foxy/share/ament_cmake_test/cmake/run_test.py" "/home/grant/ros2_ws/build/mavros_extras/test_results/mavros_extras/cppcheck.xunit.xml" "--package-name" "mavros_extras" "--output-file" "/home/grant/ros2_ws/build/mavros_extras/ament_cppcheck/cppcheck.txt" "--command" "/opt/ros/foxy/bin/ament_cppcheck" "--xunit-file" "/home/grant/ros2_ws/build/mavros_extras/test_results/mavros_extras/cppcheck.xunit.xml" "--include_dirs" "/home/grant/ros2_ws/src/mavros/mavros_extras/include"
Directory: /home/grant/ros2_ws/src/mavros/mavros_extras
"cppcheck" start time: Oct 23 20:47 EDT
Output:
----------------------------------------------------------
-- run_test.py: invoking following command in '/home/grant/ros2_ws/src/mavros/mavros_extras':
 - /opt/ros/foxy/bin/ament_cppcheck --xunit-file /home/grant/ros2_ws/build/mavros_extras/test_results/mavros_extras/cppcheck.xunit.xml --include_dirs /home/grant/ros2_ws/src/mavros/mavros_extras/include
No problems found
-- run_test.py: return code 0
-- run_test.py: verify result file '/home/grant/ros2_ws/build/mavros_extras/test_results/mavros_extras/cppcheck.xunit.xml'
<end of output>
Test time =   0.38 sec
----------------------------------------------------------
Test Passed.
"cppcheck" end time: Oct 23 20:47 EDT
"cppcheck" time elapsed: 00:00:00
----------------------------------------------------------

2/5 Testing: cpplint
2/5 Test: cpplint
Command: "/home/grant/miniconda3/bin/python3" "-u" "/opt/ros/foxy/share/ament_cmake_test/cmake/run_test.py" "/home/grant/ros2_ws/build/mavros_extras/test_results/mavros_extras/cpplint.xunit.xml" "--package-name" "mavros_extras" "--output-file" "/home/grant/ros2_ws/build/mavros_extras/ament_cpplint/cpplint.txt" "--command" "/opt/ros/foxy/bin/ament_cpplint" "--xunit-file" "/home/grant/ros2_ws/build/mavros_extras/test_results/mavros_extras/cpplint.xunit.xml"
Directory: /home/grant/ros2_ws/src/mavros/mavros_extras
"cpplint" start time: Oct 23 20:47 EDT
Output:
----------------------------------------------------------
-- run_test.py: invoking following command in '/home/grant/ros2_ws/src/mavros/mavros_extras':
 - /opt/ros/foxy/bin/ament_cpplint --xunit-file /home/grant/ros2_ws/build/mavros_extras/test_results/mavros_extras/cpplint.xunit.xml
/home/grant/ros2_ws/src/mavros/mavros_extras/src/plugins/guided_target.cpp:21:  Found C system header after C++ system header. Should be: guided_target.h, c system, c++ system, other.  [build/include_order] [4]
/home/grant/ros2_ws/src/mavros/mavros_extras/src/plugins/mount_control.cpp:54:  Add #include <string> for string  [build/include_what_you_use] [4]
Category 'build/include_order' errors found: 1
Category 'build/include_what_you_use' errors found: 1
Total errors found: 2
Using '--root=/home/grant/ros2_ws/src/mavros/mavros_extras/include' argument

Done processing /home/grant/ros2_ws/src/mavros/mavros_extras/include/mavros_extras/servo_state_publisher.hpp

Using '--root=/home/grant/ros2_ws/src/mavros/mavros_extras/src' argument

Done processing /home/grant/ros2_ws/src/mavros/mavros_extras/src/lib/servo_state_publisher.cpp

Done processing /home/grant/ros2_ws/src/mavros/mavros_extras/src/plugins/3dr_radio.cpp

Done processing /home/grant/ros2_ws/src/mavros/mavros_extras/src/plugins/adsb.cpp

Done processing /home/grant/ros2_ws/src/mavros/mavros_extras/src/plugins/cam_imu_sync.cpp

Done processing /home/grant/ros2_ws/src/mavros/mavros_extras/src/plugins/camera.cpp

Done processing /home/grant/ros2_ws/src/mavros/mavros_extras/src/plugins/cellular_status.cpp

Done processing /home/grant/ros2_ws/src/mavros/mavros_extras/src/plugins/companion_process_status.cpp

Done processing /home/grant/ros2_ws/src/mavros/mavros_extras/src/plugins/debug_value.cpp

Done processing /home/grant/ros2_ws/src/mavros/mavros_extras/src/plugins/distance_sensor.cpp

Done processing /home/grant/ros2_ws/src/mavros/mavros_extras/src/plugins/esc_status.cpp

Done processing /home/grant/ros2_ws/src/mavros/mavros_extras/src/plugins/esc_telemetry.cpp

Done processing /home/grant/ros2_ws/src/mavros/mavros_extras/src/plugins/fake_gps.cpp

Done processing /home/grant/ros2_ws/src/mavros/mavros_extras/src/plugins/gps_input.cpp

Done processing /home/grant/ros2_ws/src/mavros/mavros_extras/src/plugins/gps_rtk.cpp

Done processing /home/grant/ros2_ws/src/mavros/mavros_extras/src/plugins/gps_status.cpp

Done processing /home/grant/ros2_ws/src/mavros/mavros_extras/src/plugins/guided_target.cpp

Done processing /home/grant/ros2_ws/src/mavros/mavros_extras/src/plugins/hil.cpp

Done processing /home/grant/ros2_ws/src/mavros/mavros_extras/src/plugins/landing_target.cpp

Done processing /home/grant/ros2_ws/src/mavros/mavros_extras/src/plugins/log_transfer.cpp

Done processing /home/grant/ros2_ws/src/mavros/mavros_extras/src/plugins/mag_calibration_status.cpp

Done processing /home/grant/ros2_ws/src/mavros/mavros_extras/src/plugins/mocap_pose_estimate.cpp

Done processing /home/grant/ros2_ws/src/mavros/mavros_extras/src/plugins/mount_control.cpp

Done processing /home/grant/ros2_ws/src/mavros/mavros_extras/src/plugins/obstacle_distance.cpp

Done processing /home/grant/ros2_ws/src/mavros/mavros_extras/src/plugins/odom.cpp

Done processing /home/grant/ros2_ws/src/mavros/mavros_extras/src/plugins/onboard_computer_status.cpp

Done processing /home/grant/ros2_ws/src/mavros/mavros_extras/src/plugins/play_tune.cpp

Done processing /home/grant/ros2_ws/src/mavros/mavros_extras/src/plugins/px4flow.cpp

Done processing /home/grant/ros2_ws/src/mavros/mavros_extras/src/plugins/rangefinder.cpp

Done processing /home/grant/ros2_ws/src/mavros/mavros_extras/src/plugins/terrain.cpp

Done processing /home/grant/ros2_ws/src/mavros/mavros_extras/src/plugins/trajectory.cpp

Done processing /home/grant/ros2_ws/src/mavros/mavros_extras/src/plugins/tunnel.cpp

Done processing /home/grant/ros2_ws/src/mavros/mavros_extras/src/plugins/vfr_hud.cpp

Done processing /home/grant/ros2_ws/src/mavros/mavros_extras/src/plugins/vibration.cpp

Done processing /home/grant/ros2_ws/src/mavros/mavros_extras/src/plugins/vision_pose_estimate.cpp

Done processing /home/grant/ros2_ws/src/mavros/mavros_extras/src/plugins/vision_speed_estimate.cpp

Done processing /home/grant/ros2_ws/src/mavros/mavros_extras/src/plugins/wheel_odometry.cpp

-- run_test.py: return code 1
-- run_test.py: verify result file '/home/grant/ros2_ws/build/mavros_extras/test_results/mavros_extras/cpplint.xunit.xml'
<end of output>
Test time =   2.17 sec
----------------------------------------------------------
Test Failed.
"cpplint" end time: Oct 23 20:47 EDT
"cpplint" time elapsed: 00:00:02
----------------------------------------------------------

3/5 Testing: lint_cmake
3/5 Test: lint_cmake
Command: "/home/grant/miniconda3/bin/python3" "-u" "/opt/ros/foxy/share/ament_cmake_test/cmake/run_test.py" "/home/grant/ros2_ws/build/mavros_extras/test_results/mavros_extras/lint_cmake.xunit.xml" "--package-name" "mavros_extras" "--output-file" "/home/grant/ros2_ws/build/mavros_extras/ament_lint_cmake/lint_cmake.txt" "--command" "/opt/ros/foxy/bin/ament_lint_cmake" "--xunit-file" "/home/grant/ros2_ws/build/mavros_extras/test_results/mavros_extras/lint_cmake.xunit.xml"
Directory: /home/grant/ros2_ws/src/mavros/mavros_extras
"lint_cmake" start time: Oct 23 20:47 EDT
Output:
----------------------------------------------------------
-- run_test.py: invoking following command in '/home/grant/ros2_ws/src/mavros/mavros_extras':
 - /opt/ros/foxy/bin/ament_lint_cmake --xunit-file /home/grant/ros2_ws/build/mavros_extras/test_results/mavros_extras/lint_cmake.xunit.xml

No problems found
-- run_test.py: return code 0
-- run_test.py: verify result file '/home/grant/ros2_ws/build/mavros_extras/test_results/mavros_extras/lint_cmake.xunit.xml'
<end of output>
Test time =   0.28 sec
----------------------------------------------------------
Test Passed.
"lint_cmake" end time: Oct 23 20:47 EDT
"lint_cmake" time elapsed: 00:00:00
----------------------------------------------------------

4/5 Testing: uncrustify
4/5 Test: uncrustify
Command: "/home/grant/miniconda3/bin/python3" "-u" "/opt/ros/foxy/share/ament_cmake_test/cmake/run_test.py" "/home/grant/ros2_ws/build/mavros_extras/test_results/mavros_extras/uncrustify.xunit.xml" "--package-name" "mavros_extras" "--output-file" "/home/grant/ros2_ws/build/mavros_extras/ament_uncrustify/uncrustify.txt" "--command" "/opt/ros/foxy/bin/ament_uncrustify" "--xunit-file" "/home/grant/ros2_ws/build/mavros_extras/test_results/mavros_extras/uncrustify.xunit.xml"
Directory: /home/grant/ros2_ws/src/mavros/mavros_extras
"uncrustify" start time: Oct 23 20:47 EDT
Output:
----------------------------------------------------------
-- run_test.py: invoking following command in '/home/grant/ros2_ws/src/mavros/mavros_extras':
 - /opt/ros/foxy/bin/ament_uncrustify --xunit-file /home/grant/ros2_ws/build/mavros_extras/test_results/mavros_extras/uncrustify.xunit.xml
No code style divergence in file 'include/mavros_extras/servo_state_publisher.hpp'

No code style divergence in file 'src/lib/servo_state_publisher.cpp'

No code style divergence in file 'src/plugins/3dr_radio.cpp'

No code style divergence in file 'src/plugins/adsb.cpp'

No code style divergence in file 'src/plugins/cam_imu_sync.cpp'

No code style divergence in file 'src/plugins/camera.cpp'

No code style divergence in file 'src/plugins/cellular_status.cpp'

No code style divergence in file 'src/plugins/companion_process_status.cpp'

No code style divergence in file 'src/plugins/debug_value.cpp'

No code style divergence in file 'src/plugins/distance_sensor.cpp'

No code style divergence in file 'src/plugins/esc_status.cpp'

No code style divergence in file 'src/plugins/esc_telemetry.cpp'

No code style divergence in file 'src/plugins/fake_gps.cpp'

No code style divergence in file 'src/plugins/gps_input.cpp'

No code style divergence in file 'src/plugins/gps_rtk.cpp'

No code style divergence in file 'src/plugins/gps_status.cpp'

No code style divergence in file 'src/plugins/guided_target.cpp'

No code style divergence in file 'src/plugins/hil.cpp'

No code style divergence in file 'src/plugins/landing_target.cpp'

No code style divergence in file 'src/plugins/log_transfer.cpp'

No code style divergence in file 'src/plugins/mag_calibration_status.cpp'

No code style divergence in file 'src/plugins/mocap_pose_estimate.cpp'

No code style divergence in file 'src/plugins/mount_control.cpp'

No code style divergence in file 'src/plugins/obstacle_distance.cpp'

No code style divergence in file 'src/plugins/odom.cpp'

No code style divergence in file 'src/plugins/onboard_computer_status.cpp'

No code style divergence in file 'src/plugins/play_tune.cpp'

No code style divergence in file 'src/plugins/px4flow.cpp'

No code style divergence in file 'src/plugins/rangefinder.cpp'

No code style divergence in file 'src/plugins/terrain.cpp'

No code style divergence in file 'src/plugins/trajectory.cpp'

No code style divergence in file 'src/plugins/tunnel.cpp'

No code style divergence in file 'src/plugins/vfr_hud.cpp'

No code style divergence in file 'src/plugins/vibration.cpp'

No code style divergence in file 'src/plugins/vision_pose_estimate.cpp'

No code style divergence in file 'src/plugins/vision_speed_estimate.cpp'

No code style divergence in file 'src/plugins/wheel_odometry.cpp'

No problems found
-- run_test.py: return code 0
-- run_test.py: verify result file '/home/grant/ros2_ws/build/mavros_extras/test_results/mavros_extras/uncrustify.xunit.xml'
<end of output>
Test time =   0.41 sec
----------------------------------------------------------
Test Passed.
"uncrustify" end time: Oct 23 20:47 EDT
"uncrustify" time elapsed: 00:00:00
----------------------------------------------------------

5/5 Testing: xmllint
5/5 Test: xmllint
Command: "/home/grant/miniconda3/bin/python3" "-u" "/opt/ros/foxy/share/ament_cmake_test/cmake/run_test.py" "/home/grant/ros2_ws/build/mavros_extras/test_results/mavros_extras/xmllint.xunit.xml" "--package-name" "mavros_extras" "--output-file" "/home/grant/ros2_ws/build/mavros_extras/ament_xmllint/xmllint.txt" "--command" "/opt/ros/foxy/bin/ament_xmllint" "--xunit-file" "/home/grant/ros2_ws/build/mavros_extras/test_results/mavros_extras/xmllint.xunit.xml"
Directory: /home/grant/ros2_ws/src/mavros/mavros_extras
"xmllint" start time: Oct 23 20:47 EDT
Output:
----------------------------------------------------------
-- run_test.py: invoking following command in '/home/grant/ros2_ws/src/mavros/mavros_extras':
 - /opt/ros/foxy/bin/ament_xmllint --xunit-file /home/grant/ros2_ws/build/mavros_extras/test_results/mavros_extras/xmllint.xunit.xml
File 'mavros_plugins.xml' is valid

File 'package.xml' is valid

No problems found
-- run_test.py: return code 0
-- run_test.py: verify result file '/home/grant/ros2_ws/build/mavros_extras/test_results/mavros_extras/xmllint.xunit.xml'
<end of output>
Test time =   0.29 sec
----------------------------------------------------------
Test Passed.
"xmllint" end time: Oct 23 20:47 EDT
"xmllint" time elapsed: 00:00:00
----------------------------------------------------------

End testing: Oct 23 20:47 EDT

cppcheck =   0.38 sec*proc

cpplint =   2.17 sec*proc

lint_cmake =   0.28 sec*proc

linter =   3.53 sec*proc

uncrustify =   0.41 sec*proc

xmllint =   0.29 sec*proc

