<?xml version="1.0" encoding="UTF-8"?>
<Site BuildName="(empty)"
	BuildStamp="20221024-0050-Experimental"
	Name="grant-2f"
	Generator="ctest-3.16.3"
	CompilerName="/usr/bin/c++"
	CompilerVersion="9.4.0"
	OSName="Linux"
	Hostname="grant-2f"
	OSRelease="5.15.0-52-generic"
	OSVersion="#58~20.04.1-Ubuntu SMP Thu Oct 13 13:09:46 UTC 2022"
	OSPlatform="x86_64"
	Is64Bits="1"
	VendorString="AuthenticAMD"
	VendorID="Advanced Micro Devices"
	FamilyID="25"
	ModelID="33"
	ProcessorCacheSize="512"
	NumberOfLogicalCPU="8"
	NumberOfPhysicalCPU="8"
	TotalVirtualMemory="2047"
	TotalPhysicalMemory="23972"
	LogicalProcessorsPerPhysical="1"
	ProcessorClockFrequency="4200"
	>
	<Testing>
		<StartDateTime>Oct 23 20:50 EDT</StartDateTime>
		<StartTestTime>1666572625</StartTestTime>
		<TestList>
			<Test>./test_mavconn</Test>
			<Test>./cppcheck</Test>
			<Test>./cpplint</Test>
			<Test>./lint_cmake</Test>
			<Test>./uncrustify</Test>
			<Test>./xmllint</Test>
		</TestList>
		<Test Status="passed">
			<Name>test_mavconn</Name>
			<Path>.</Path>
			<FullName>./test_mavconn</FullName>
			<FullCommandLine>/home/grant/miniconda3/bin/python3 "-u" "/opt/ros/foxy/share/ament_cmake_test/cmake/run_test.py" "/home/grant/ros2_ws/build/libmavconn/test_results/libmavconn/test_mavconn.gtest.xml" "--package-name" "libmavconn" "--output-file" "/home/grant/ros2_ws/build/libmavconn/ament_cmake_gtest/test_mavconn.txt" "--command" "/home/grant/ros2_ws/build/libmavconn/test_mavconn" "--gtest_output=xml:/home/grant/ros2_ws/build/libmavconn/test_results/libmavconn/test_mavconn.gtest.xml"</FullCommandLine>
			<Results>
				<NamedMeasurement type="numeric/double" name="Execution Time">
					<Value>0.0844503</Value>
				</NamedMeasurement>
				<NamedMeasurement type="numeric/double" name="Processors">
					<Value>1</Value>
				</NamedMeasurement>
				<NamedMeasurement type="text/string" name="Completion Status">
					<Value>Completed</Value>
				</NamedMeasurement>
				<NamedMeasurement type="text/string" name="Command Line">
					<Value>/home/grant/miniconda3/bin/python3 "-u" "/opt/ros/foxy/share/ament_cmake_test/cmake/run_test.py" "/home/grant/ros2_ws/build/libmavconn/test_results/libmavconn/test_mavconn.gtest.xml" "--package-name" "libmavconn" "--output-file" "/home/grant/ros2_ws/build/libmavconn/ament_cmake_gtest/test_mavconn.txt" "--command" "/home/grant/ros2_ws/build/libmavconn/test_mavconn" "--gtest_output=xml:/home/grant/ros2_ws/build/libmavconn/test_results/libmavconn/test_mavconn.gtest.xml"</Value>
				</NamedMeasurement>
				<Measurement>
					<Value>-- run_test.py: invoking following command in '/home/grant/ros2_ws/build/libmavconn':
 - /home/grant/ros2_ws/build/libmavconn/test_mavconn --gtest_output=xml:/home/grant/ros2_ws/build/libmavconn/test_results/libmavconn/test_mavconn.gtest.xml
[==========] Running 8 tests from 4 test cases.
[----------] Global test environment set-up.
[----------] 1 test from UDP
[ RUN      ] UDP.send_message
[       OK ] UDP.send_message (2 ms)
[----------] 1 test from UDP (2 ms total)

[----------] 4 tests from TCP
[ RUN      ] TCP.bind_error
[       OK ] TCP.bind_error (1 ms)
[ RUN      ] TCP.connect_error
[       OK ] TCP.connect_error (0 ms)
[ RUN      ] TCP.send_message
[       OK ] TCP.send_message (0 ms)
[ RUN      ] TCP.client_reconnect
Error:   [       OK ] TCP.client_reconnect (1 ms)
mavconn: tcp12: receive: End of file
[----------]          at line 4 tests from TCP (2 ms total)

283 in /home/grant/ros2_ws/src/mavros/libmavconn/src/tcp.cpp
[----------] 1 test from SERIAL
[ RUN      ] SERIAL.open_error
Error:   mavconn: tcp14: receive: End of file
         at line 283 in /home/grant/ros2_ws/src/mavros/libmavconn/src/tcp.cpp
[       OK ] SERIAL.open_error (0 ms)
[----------] 1 test from SERIAL (0 ms total)

[----------] 2 tests from URL
[ RUN      ] URL.open_url_udp
Error:   mavconn: tcp16: receive: End of file
         at line 283 in /home/grant/ros2_ws/src/mavros/libmavconn/src/tcp.cpp
Warning: mavconn: You did not provide message handling callback to open_url(), It is unsafe to set it later.
         at line 446 in /home/grant/ros2_ws/src/mavros/libmavconn/src/interface.cpp
Warning: mavconn: You did not provide message handling callback to open_url(), It is unsafe to set it later.
         at line 446 in /home/grant/ros2_ws/src/mavros/libmavconn/src/interface.cpp
Warning: mavconn: You did not provide message handling callback to open_url(), It is unsafe to set it later.
         at line 446 in /home/grant/ros2_ws/src/mavros/libmavconn/src/interface.cpp
Error:   mavconn: UDP URL should contain @!
         at line 303 in /home/grant/ros2_ws/src/mavros/libmavconn/src/interface.cpp
[       OK ] URL.open_url_udp (0 ms)
[ RUN      ] URL.open_url_tcp
Warning: mavconn: You did not provide message handling callback to open_url(), It is unsafe to set it later.
         at line 446 in /home/grant/ros2_ws/src/mavros/libmavconn/src/interface.cpp
Warning: mavconn: You did not provide message handling callback to open_url(), It is unsafe to set it later.
         at line 446 in /home/grant/ros2_ws/src/mavros/libmavconn/src/interface.cpp
Error:   mavconn: tcp24: receive: End of file
         at line 283 in /home/grant/ros2_ws/src/mavros/libmavconn/src/tcp.cpp
[       OK ] URL.open_url_tcp (1 ms)
[----------] 2 tests from URL (1 ms total)

[----------] Global test environment tear-down
[==========] 8 tests from 4 test cases ran. (5 ms total)
[  PASSED  ] 8 tests.
-- run_test.py: return code 0
-- run_test.py: inject classname prefix into gtest result file '/home/grant/ros2_ws/build/libmavconn/test_results/libmavconn/test_mavconn.gtest.xml'
-- run_test.py: verify result file '/home/grant/ros2_ws/build/libmavconn/test_results/libmavconn/test_mavconn.gtest.xml'
</Value>
				</Measurement>
			</Results>
			<Labels>
				<Label>gtest</Label>
			</Labels>
		</Test>
		<Test Status="passed">
			<Name>cppcheck</Name>
			<Path>.</Path>
			<FullName>./cppcheck</FullName>
			<FullCommandLine>/home/grant/miniconda3/bin/python3 "-u" "/opt/ros/foxy/share/ament_cmake_test/cmake/run_test.py" "/home/grant/ros2_ws/build/libmavconn/test_results/libmavconn/cppcheck.xunit.xml" "--package-name" "libmavconn" "--output-file" "/home/grant/ros2_ws/build/libmavconn/ament_cppcheck/cppcheck.txt" "--command" "/opt/ros/foxy/bin/ament_cppcheck" "--xunit-file" "/home/grant/ros2_ws/build/libmavconn/test_results/libmavconn/cppcheck.xunit.xml" "--include_dirs" "/home/grant/ros2_ws/src/mavros/libmavconn/include"</FullCommandLine>
			<Results>
				<NamedMeasurement type="numeric/double" name="Execution Time">
					<Value>0.365373</Value>
				</NamedMeasurement>
				<NamedMeasurement type="numeric/double" name="Processors">
					<Value>1</Value>
				</NamedMeasurement>
				<NamedMeasurement type="text/string" name="Completion Status">
					<Value>Completed</Value>
				</NamedMeasurement>
				<NamedMeasurement type="text/string" name="Command Line">
					<Value>/home/grant/miniconda3/bin/python3 "-u" "/opt/ros/foxy/share/ament_cmake_test/cmake/run_test.py" "/home/grant/ros2_ws/build/libmavconn/test_results/libmavconn/cppcheck.xunit.xml" "--package-name" "libmavconn" "--output-file" "/home/grant/ros2_ws/build/libmavconn/ament_cppcheck/cppcheck.txt" "--command" "/opt/ros/foxy/bin/ament_cppcheck" "--xunit-file" "/home/grant/ros2_ws/build/libmavconn/test_results/libmavconn/cppcheck.xunit.xml" "--include_dirs" "/home/grant/ros2_ws/src/mavros/libmavconn/include"</Value>
				</NamedMeasurement>
				<Measurement>
					<Value>-- run_test.py: invoking following command in '/home/grant/ros2_ws/src/mavros/libmavconn':
 - /opt/ros/foxy/bin/ament_cppcheck --xunit-file /home/grant/ros2_ws/build/libmavconn/test_results/libmavconn/cppcheck.xunit.xml --include_dirs /home/grant/ros2_ws/src/mavros/libmavconn/include
No problems found
-- run_test.py: return code 0
-- run_test.py: verify result file '/home/grant/ros2_ws/build/libmavconn/test_results/libmavconn/cppcheck.xunit.xml'
</Value>
				</Measurement>
			</Results>
			<Labels>
				<Label>cppcheck</Label>
				<Label>linter</Label>
			</Labels>
		</Test>
		<Test Status="passed">
			<Name>cpplint</Name>
			<Path>.</Path>
			<FullName>./cpplint</FullName>
			<FullCommandLine>/home/grant/miniconda3/bin/python3 "-u" "/opt/ros/foxy/share/ament_cmake_test/cmake/run_test.py" "/home/grant/ros2_ws/build/libmavconn/test_results/libmavconn/cpplint.xunit.xml" "--package-name" "libmavconn" "--output-file" "/home/grant/ros2_ws/build/libmavconn/ament_cpplint/cpplint.txt" "--command" "/opt/ros/foxy/bin/ament_cpplint" "--xunit-file" "/home/grant/ros2_ws/build/libmavconn/test_results/libmavconn/cpplint.xunit.xml"</FullCommandLine>
			<Results>
				<NamedMeasurement type="numeric/double" name="Execution Time">
					<Value>0.981656</Value>
				</NamedMeasurement>
				<NamedMeasurement type="numeric/double" name="Processors">
					<Value>1</Value>
				</NamedMeasurement>
				<NamedMeasurement type="text/string" name="Completion Status">
					<Value>Completed</Value>
				</NamedMeasurement>
				<NamedMeasurement type="text/string" name="Command Line">
					<Value>/home/grant/miniconda3/bin/python3 "-u" "/opt/ros/foxy/share/ament_cmake_test/cmake/run_test.py" "/home/grant/ros2_ws/build/libmavconn/test_results/libmavconn/cpplint.xunit.xml" "--package-name" "libmavconn" "--output-file" "/home/grant/ros2_ws/build/libmavconn/ament_cpplint/cpplint.txt" "--command" "/opt/ros/foxy/bin/ament_cpplint" "--xunit-file" "/home/grant/ros2_ws/build/libmavconn/test_results/libmavconn/cpplint.xunit.xml"</Value>
				</NamedMeasurement>
				<Measurement>
					<Value>-- run_test.py: invoking following command in '/home/grant/ros2_ws/src/mavros/libmavconn':
 - /opt/ros/foxy/bin/ament_cpplint --xunit-file /home/grant/ros2_ws/build/libmavconn/test_results/libmavconn/cpplint.xunit.xml
Using '--root=/home/grant/ros2_ws/src/mavros/libmavconn/include' argument

Done processing /home/grant/ros2_ws/src/mavros/libmavconn/include/mavconn/console_bridge_compat.hpp

Done processing /home/grant/ros2_ws/src/mavros/libmavconn/include/mavconn/interface.hpp

Done processing /home/grant/ros2_ws/src/mavros/libmavconn/include/mavconn/mavlink_dialect.hpp

Done processing /home/grant/ros2_ws/src/mavros/libmavconn/include/mavconn/msgbuffer.hpp

Done processing /home/grant/ros2_ws/src/mavros/libmavconn/include/mavconn/serial.hpp

Done processing /home/grant/ros2_ws/src/mavros/libmavconn/include/mavconn/tcp.hpp

Done processing /home/grant/ros2_ws/src/mavros/libmavconn/include/mavconn/thread_utils.hpp

Done processing /home/grant/ros2_ws/src/mavros/libmavconn/include/mavconn/udp.hpp

Using '--root=/home/grant/ros2_ws/src/mavros/libmavconn/src' argument

Done processing /home/grant/ros2_ws/src/mavros/libmavconn/src/interface.cpp

Done processing /home/grant/ros2_ws/src/mavros/libmavconn/src/serial.cpp

Done processing /home/grant/ros2_ws/src/mavros/libmavconn/src/tcp.cpp

Done processing /home/grant/ros2_ws/src/mavros/libmavconn/src/udp.cpp

Using '--root=/home/grant/ros2_ws/src/mavros/libmavconn/test' argument

Done processing /home/grant/ros2_ws/src/mavros/libmavconn/test/test_mavconn.cpp

No problems found
-- run_test.py: return code 0
-- run_test.py: verify result file '/home/grant/ros2_ws/build/libmavconn/test_results/libmavconn/cpplint.xunit.xml'
</Value>
				</Measurement>
			</Results>
			<Labels>
				<Label>cpplint</Label>
				<Label>linter</Label>
			</Labels>
		</Test>
		<Test Status="passed">
			<Name>lint_cmake</Name>
			<Path>.</Path>
			<FullName>./lint_cmake</FullName>
			<FullCommandLine>/home/grant/miniconda3/bin/python3 "-u" "/opt/ros/foxy/share/ament_cmake_test/cmake/run_test.py" "/home/grant/ros2_ws/build/libmavconn/test_results/libmavconn/lint_cmake.xunit.xml" "--package-name" "libmavconn" "--output-file" "/home/grant/ros2_ws/build/libmavconn/ament_lint_cmake/lint_cmake.txt" "--command" "/opt/ros/foxy/bin/ament_lint_cmake" "--xunit-file" "/home/grant/ros2_ws/build/libmavconn/test_results/libmavconn/lint_cmake.xunit.xml"</FullCommandLine>
			<Results>
				<NamedMeasurement type="numeric/double" name="Execution Time">
					<Value>0.288642</Value>
				</NamedMeasurement>
				<NamedMeasurement type="numeric/double" name="Processors">
					<Value>1</Value>
				</NamedMeasurement>
				<NamedMeasurement type="text/string" name="Completion Status">
					<Value>Completed</Value>
				</NamedMeasurement>
				<NamedMeasurement type="text/string" name="Command Line">
					<Value>/home/grant/miniconda3/bin/python3 "-u" "/opt/ros/foxy/share/ament_cmake_test/cmake/run_test.py" "/home/grant/ros2_ws/build/libmavconn/test_results/libmavconn/lint_cmake.xunit.xml" "--package-name" "libmavconn" "--output-file" "/home/grant/ros2_ws/build/libmavconn/ament_lint_cmake/lint_cmake.txt" "--command" "/opt/ros/foxy/bin/ament_lint_cmake" "--xunit-file" "/home/grant/ros2_ws/build/libmavconn/test_results/libmavconn/lint_cmake.xunit.xml"</Value>
				</NamedMeasurement>
				<Measurement>
					<Value>-- run_test.py: invoking following command in '/home/grant/ros2_ws/src/mavros/libmavconn':
 - /opt/ros/foxy/bin/ament_lint_cmake --xunit-file /home/grant/ros2_ws/build/libmavconn/test_results/libmavconn/lint_cmake.xunit.xml

No problems found
-- run_test.py: return code 0
-- run_test.py: verify result file '/home/grant/ros2_ws/build/libmavconn/test_results/libmavconn/lint_cmake.xunit.xml'
</Value>
				</Measurement>
			</Results>
			<Labels>
				<Label>lint_cmake</Label>
				<Label>linter</Label>
			</Labels>
		</Test>
		<Test Status="passed">
			<Name>uncrustify</Name>
			<Path>.</Path>
			<FullName>./uncrustify</FullName>
			<FullCommandLine>/home/grant/miniconda3/bin/python3 "-u" "/opt/ros/foxy/share/ament_cmake_test/cmake/run_test.py" "/home/grant/ros2_ws/build/libmavconn/test_results/libmavconn/uncrustify.xunit.xml" "--package-name" "libmavconn" "--output-file" "/home/grant/ros2_ws/build/libmavconn/ament_uncrustify/uncrustify.txt" "--command" "/opt/ros/foxy/bin/ament_uncrustify" "--xunit-file" "/home/grant/ros2_ws/build/libmavconn/test_results/libmavconn/uncrustify.xunit.xml"</FullCommandLine>
			<Results>
				<NamedMeasurement type="numeric/double" name="Execution Time">
					<Value>0.320081</Value>
				</NamedMeasurement>
				<NamedMeasurement type="numeric/double" name="Processors">
					<Value>1</Value>
				</NamedMeasurement>
				<NamedMeasurement type="text/string" name="Completion Status">
					<Value>Completed</Value>
				</NamedMeasurement>
				<NamedMeasurement type="text/string" name="Command Line">
					<Value>/home/grant/miniconda3/bin/python3 "-u" "/opt/ros/foxy/share/ament_cmake_test/cmake/run_test.py" "/home/grant/ros2_ws/build/libmavconn/test_results/libmavconn/uncrustify.xunit.xml" "--package-name" "libmavconn" "--output-file" "/home/grant/ros2_ws/build/libmavconn/ament_uncrustify/uncrustify.txt" "--command" "/opt/ros/foxy/bin/ament_uncrustify" "--xunit-file" "/home/grant/ros2_ws/build/libmavconn/test_results/libmavconn/uncrustify.xunit.xml"</Value>
				</NamedMeasurement>
				<Measurement>
					<Value>-- run_test.py: invoking following command in '/home/grant/ros2_ws/src/mavros/libmavconn':
 - /opt/ros/foxy/bin/ament_uncrustify --xunit-file /home/grant/ros2_ws/build/libmavconn/test_results/libmavconn/uncrustify.xunit.xml
No code style divergence in file 'include/mavconn/console_bridge_compat.hpp'

No code style divergence in file 'include/mavconn/interface.hpp'

No code style divergence in file 'include/mavconn/mavlink_dialect.hpp'

No code style divergence in file 'include/mavconn/msgbuffer.hpp'

No code style divergence in file 'include/mavconn/serial.hpp'

No code style divergence in file 'include/mavconn/tcp.hpp'

No code style divergence in file 'include/mavconn/thread_utils.hpp'

No code style divergence in file 'include/mavconn/udp.hpp'

No code style divergence in file 'src/interface.cpp'

No code style divergence in file 'src/serial.cpp'

No code style divergence in file 'src/tcp.cpp'

No code style divergence in file 'src/udp.cpp'

No code style divergence in file 'test/test_mavconn.cpp'

No problems found
-- run_test.py: return code 0
-- run_test.py: verify result file '/home/grant/ros2_ws/build/libmavconn/test_results/libmavconn/uncrustify.xunit.xml'
</Value>
				</Measurement>
			</Results>
			<Labels>
				<Label>linter</Label>
				<Label>uncrustify</Label>
			</Labels>
		</Test>
		<Test Status="passed">
			<Name>xmllint</Name>
			<Path>.</Path>
			<FullName>./xmllint</FullName>
			<FullCommandLine>/home/grant/miniconda3/bin/python3 "-u" "/opt/ros/foxy/share/ament_cmake_test/cmake/run_test.py" "/home/grant/ros2_ws/build/libmavconn/test_results/libmavconn/xmllint.xunit.xml" "--package-name" "libmavconn" "--output-file" "/home/grant/ros2_ws/build/libmavconn/ament_xmllint/xmllint.txt" "--command" "/opt/ros/foxy/bin/ament_xmllint" "--xunit-file" "/home/grant/ros2_ws/build/libmavconn/test_results/libmavconn/xmllint.xunit.xml"</FullCommandLine>
			<Results>
				<NamedMeasurement type="numeric/double" name="Execution Time">
					<Value>0.475048</Value>
				</NamedMeasurement>
				<NamedMeasurement type="numeric/double" name="Processors">
					<Value>1</Value>
				</NamedMeasurement>
				<NamedMeasurement type="text/string" name="Completion Status">
					<Value>Completed</Value>
				</NamedMeasurement>
				<NamedMeasurement type="text/string" name="Command Line">
					<Value>/home/grant/miniconda3/bin/python3 "-u" "/opt/ros/foxy/share/ament_cmake_test/cmake/run_test.py" "/home/grant/ros2_ws/build/libmavconn/test_results/libmavconn/xmllint.xunit.xml" "--package-name" "libmavconn" "--output-file" "/home/grant/ros2_ws/build/libmavconn/ament_xmllint/xmllint.txt" "--command" "/opt/ros/foxy/bin/ament_xmllint" "--xunit-file" "/home/grant/ros2_ws/build/libmavconn/test_results/libmavconn/xmllint.xunit.xml"</Value>
				</NamedMeasurement>
				<Measurement>
					<Value>-- run_test.py: invoking following command in '/home/grant/ros2_ws/src/mavros/libmavconn':
 - /opt/ros/foxy/bin/ament_xmllint --xunit-file /home/grant/ros2_ws/build/libmavconn/test_results/libmavconn/xmllint.xunit.xml
File 'package.xml' is valid

No problems found
-- run_test.py: return code 0
-- run_test.py: verify result file '/home/grant/ros2_ws/build/libmavconn/test_results/libmavconn/xmllint.xunit.xml'
</Value>
				</Measurement>
			</Results>
			<Labels>
				<Label>linter</Label>
				<Label>xmllint</Label>
			</Labels>
		</Test>
		<EndDateTime>Oct 23 20:50 EDT</EndDateTime>
		<EndTestTime>1666572628</EndTestTime>
		<ElapsedMinutes>0</ElapsedMinutes>
	</Testing>
</Site>
