[0.030s] Invoking command in '/home/grant/ros2_ws/build/mavros': AMENT_PREFIX_PATH=/home/grant/ros2_ws/install/mavros:/home/grant/ros2_ws/install/libmavconn:/home/grant/ros2_ws/install/mavros_msgs:${AMENT_PREFIX_PATH} CMAKE_PREFIX_PATH=/home/grant/ros2_ws/install/mavros:/home/grant/ros2_ws/install/libmavconn:/home/grant/ros2_ws/install/mavros_msgs:/home/grant/ros2_ws/install/mavlink:${CMAKE_PREFIX_PATH} CONDA_PROMPT_MODIFIER=(base) LD_LIBRARY_PATH=/home/grant/ros2_ws/install/mavros/lib:/home/grant/ros2_ws/install/libmavconn/lib:/home/grant/ros2_ws/install/mavros_msgs/lib:${LD_LIBRARY_PATH} PKG_CONFIG_PATH=/home/grant/ros2_ws/install/mavlink/lib/x86_64-linux-gnu/pkgconfig:/home/grant/ros2_ws/install/mavlink/lib/pkgconfig:${PKG_CONFIG_PATH} PYTHONPATH=/home/grant/ros2_ws/install/mavros/lib/python3.8/site-packages:/home/grant/ros2_ws/install/mavros_msgs/lib/python3.8/site-packages:${PYTHONPATH} /usr/bin/ctest -C Release -D ExperimentalTest --no-compress-output -V --force-new-ctest-process
[0.044s] UpdateCTestConfiguration  from :/home/grant/ros2_ws/build/mavros/CTestConfiguration.ini
[0.044s] Parse Config file:/home/grant/ros2_ws/build/mavros/CTestConfiguration.ini
[0.044s]    Site: grant-2f
[0.044s]    Build name: (empty)
[0.044s]  Add coverage exclude regular expressions.
[0.044s] SetCTestConfiguration:CMakeCommand:/usr/bin/cmake
[0.044s] Create new tag: 20221024-0050 - Experimental
[0.044s] UpdateCTestConfiguration  from :/home/grant/ros2_ws/build/mavros/CTestConfiguration.ini
[0.044s] Parse Config file:/home/grant/ros2_ws/build/mavros/CTestConfiguration.ini
[0.044s] Test project /home/grant/ros2_ws/build/mavros
[0.045s] Constructing a list of tests
[0.045s] Done constructing a list of tests
[0.045s] Updating test list for fixtures
[0.045s] Added 0 tests to meet fixture requirements
[0.045s] Checking test dependency graph...
[0.045s] Checking test dependency graph end
[0.045s] test 1
[0.045s]       Start  1: libmavros-frame-conversions-test
[0.045s] 
[0.045s] 1: Test command: /home/grant/miniconda3/bin/python3 "-u" "/opt/ros/foxy/share/ament_cmake_test/cmake/run_test.py" "/home/grant/ros2_ws/build/mavros/test_results/mavros/libmavros-frame-conversions-test.gtest.xml" "--package-name" "mavros" "--output-file" "/home/grant/ros2_ws/build/mavros/ament_cmake_gtest/libmavros-frame-conversions-test.txt" "--command" "/home/grant/ros2_ws/build/mavros/libmavros-frame-conversions-test" "--gtest_output=xml:/home/grant/ros2_ws/build/mavros/test_results/mavros/libmavros-frame-conversions-test.gtest.xml"
[0.045s] 1: Test timeout computed to be: 60
[0.113s] 1: -- run_test.py: invoking following command in '/home/grant/ros2_ws/build/mavros':
[0.113s] 1:  - /home/grant/ros2_ws/build/mavros/libmavros-frame-conversions-test --gtest_output=xml:/home/grant/ros2_ws/build/mavros/test_results/mavros/libmavros-frame-conversions-test.gtest.xml
[0.131s] 1: [==========] Running 9 tests from 1 test case.
[0.132s] 1: [----------] Global test environment set-up.
[0.132s] 1: [----------] 9 tests from FRAME_TF
[0.132s] 1: [ RUN      ] FRAME_TF.transform_static_frame__aircraft_to_baselink_123
[0.132s] 1: [       OK ] FRAME_TF.transform_static_frame__aircraft_to_baselink_123 (0 ms)
[0.132s] 1: [ RUN      ] FRAME_TF.transform_static_frame__baselink_to_aircraft_123
[0.132s] 1: [       OK ] FRAME_TF.transform_static_frame__baselink_to_aircraft_123 (0 ms)
[0.133s] 1: [ RUN      ] FRAME_TF.transform_static_frame__enu_to_ned_123
[0.133s] 1: [       OK ] FRAME_TF.transform_static_frame__enu_to_ned_123 (1 ms)
[0.133s] 1: [ RUN      ] FRAME_TF.transform_static_frame__ned_to_enu_123
[0.133s] 1: [       OK ] FRAME_TF.transform_static_frame__ned_to_enu_123 (0 ms)
[0.134s] 1: [ RUN      ] FRAME_TF.transform_static_frame__ecef_to_enu_123_00
[0.134s] 1: [       OK ] FRAME_TF.transform_static_frame__ecef_to_enu_123_00 (0 ms)
[0.134s] 1: [ RUN      ] FRAME_TF.transform_static_frame__enu_to_ecef_123_00
[0.134s] 1: [       OK ] FRAME_TF.transform_static_frame__enu_to_ecef_123_00 (0 ms)
[0.134s] 1: [ RUN      ] FRAME_TF.transform_static_frame__ecef_to_enu_123_4030
[0.134s] 1: [       OK ] FRAME_TF.transform_static_frame__ecef_to_enu_123_4030 (0 ms)
[0.134s] 1: [ RUN      ] FRAME_TF.transform_static_frame__enu_to_ecef_123_4030
[0.135s] 1: [       OK ] FRAME_TF.transform_static_frame__enu_to_ecef_123_4030 (0 ms)
[0.135s] 1: [ RUN      ] FRAME_TF.quaternion_transforms__ned_to_ned_123
[0.135s] 1: [       OK ] FRAME_TF.quaternion_transforms__ned_to_ned_123 (0 ms)
[0.135s] 1: [----------] 9 tests from FRAME_TF (1 ms total)
[0.135s] 1: 
[0.135s] 1: [----------] Global test environment tear-down
[0.135s] 1: [==========] 9 tests from 1 test case ran. (1 ms total)
[0.135s] 1: [  PASSED  ] 9 tests.
[0.136s] 1: -- run_test.py: return code 0
[0.137s] 1: -- run_test.py: inject classname prefix into gtest result file '/home/grant/ros2_ws/build/mavros/test_results/mavros/libmavros-frame-conversions-test.gtest.xml'
[0.137s] 1: -- run_test.py: verify result file '/home/grant/ros2_ws/build/mavros/test_results/mavros/libmavros-frame-conversions-test.gtest.xml'
[0.153s]  1/12 Test  #1: libmavros-frame-conversions-test ....   Passed    0.11 sec
[0.153s] test 2
[0.153s]       Start  2: libmavros-sensor-orientation-test
[0.153s] 
[0.154s] 2: Test command: /home/grant/miniconda3/bin/python3 "-u" "/opt/ros/foxy/share/ament_cmake_test/cmake/run_test.py" "/home/grant/ros2_ws/build/mavros/test_results/mavros/libmavros-sensor-orientation-test.gtest.xml" "--package-name" "mavros" "--output-file" "/home/grant/ros2_ws/build/mavros/ament_cmake_gtest/libmavros-sensor-orientation-test.txt" "--command" "/home/grant/ros2_ws/build/mavros/libmavros-sensor-orientation-test" "--gtest_output=xml:/home/grant/ros2_ws/build/mavros/test_results/mavros/libmavros-sensor-orientation-test.gtest.xml"
[0.154s] 2: Test timeout computed to be: 60
[0.220s] 2: -- run_test.py: invoking following command in '/home/grant/ros2_ws/build/mavros':
[0.220s] 2:  - /home/grant/ros2_ws/build/mavros/libmavros-sensor-orientation-test --gtest_output=xml:/home/grant/ros2_ws/build/mavros/test_results/mavros/libmavros-sensor-orientation-test.gtest.xml
[0.232s] 2: [==========] Running 16 tests from 1 test case.
[0.232s] 2: [----------] Global test environment set-up.
[0.232s] 2: [----------] 16 tests from UTILS
[0.233s] 2: [ RUN      ] UTILS.sensor_orientation_matching__none
[0.233s] 2: [       OK ] UTILS.sensor_orientation_matching__none (0 ms)
[0.233s] 2: [ RUN      ] UTILS.sensor_orientation_matching__roll_180
[0.233s] 2: [       OK ] UTILS.sensor_orientation_matching__roll_180 (0 ms)
[0.233s] 2: [ RUN      ] UTILS.sensor_orientation_matching__roll_180_yaw_90
[0.233s] 2: [       OK ] UTILS.sensor_orientation_matching__roll_180_yaw_90 (0 ms)
[0.233s] 2: [ RUN      ] UTILS.sensor_orientation_matching__custom
[0.233s] 2: [       OK ] UTILS.sensor_orientation_matching__custom (0 ms)
[0.233s] 2: [ RUN      ] UTILS.to_string__none
[0.233s] 2: [       OK ] UTILS.to_string__none (0 ms)
[0.233s] 2: [ RUN      ] UTILS.to_string__roll_180
[0.233s] 2: [       OK ] UTILS.to_string__roll_180 (0 ms)
[0.233s] 2: [ RUN      ] UTILS.to_string__roll_180_yaw_90
[0.233s] 2: [       OK ] UTILS.to_string__roll_180_yaw_90 (0 ms)
[0.234s] 2: [ RUN      ] UTILS.to_string__custom
[0.234s] 2: [       OK ] UTILS.to_string__custom (0 ms)
[0.234s] 2: [ RUN      ] UTILS.sensor_orientation_from_str__none
[0.234s] 2: [       OK ] UTILS.sensor_orientation_from_str__none (0 ms)
[0.234s] 2: [ RUN      ] UTILS.sensor_orientation_from_str__unknown
[0.234s] 2: [ERROR] [1666572628.458007547] [uas.enum]: SENSOR: wrong orientation str: completely wrong identifier
[0.234s] 2: [       OK ] UTILS.sensor_orientation_from_str__unknown (1 ms)
[0.234s] 2: [ RUN      ] UTILS.sensor_orientation_from_str__number
[0.234s] 2: [       OK ] UTILS.sensor_orientation_from_str__number (0 ms)
[0.234s] 2: [ RUN      ] UTILS.sensor_orientation_from_str__wrong_number
[0.234s] 2: [ERROR] [1666572628.458055398] [uas.enum]: SENSOR: orientation index out of bound: 123
[0.234s] 2: [       OK ] UTILS.sensor_orientation_from_str__wrong_number (0 ms)
[0.234s] 2: [ RUN      ] UTILS.sensor_orientation_from_str__roll_180
[0.234s] 2: [       OK ] UTILS.sensor_orientation_from_str__roll_180 (0 ms)
[0.234s] 2: [ RUN      ] UTILS.sensor_orientation_from_str__roll_180_yaw_90
[0.235s] 2: [       OK ] UTILS.sensor_orientation_from_str__roll_180_yaw_90 (0 ms)
[0.235s] 2: [ RUN      ] UTILS.sensor_orientation_from_str__last_element_roll_90_yaw_270
[0.235s] 2: [       OK ] UTILS.sensor_orientation_from_str__last_element_roll_90_yaw_270 (0 ms)
[0.235s] 2: [ RUN      ] UTILS.sensor_orientation_from_str__custom
[0.235s] 2: [       OK ] UTILS.sensor_orientation_from_str__custom (0 ms)
[0.235s] 2: [----------] 16 tests from UTILS (1 ms total)
[0.235s] 2: 
[0.235s] 2: [----------] Global test environment tear-down
[0.235s] 2: [==========] 16 tests from 1 test case ran. (1 ms total)
[0.235s] 2: [  PASSED  ] 16 tests.
[0.235s] 2: -- run_test.py: return code 0
[0.235s] 2: -- run_test.py: inject classname prefix into gtest result file '/home/grant/ros2_ws/build/mavros/test_results/mavros/libmavros-sensor-orientation-test.gtest.xml'
[0.236s] 2: -- run_test.py: verify result file '/home/grant/ros2_ws/build/mavros/test_results/mavros/libmavros-sensor-orientation-test.gtest.xml'
[0.245s]  2/12 Test  #2: libmavros-sensor-orientation-test ...   Passed    0.09 sec
[0.245s] test 3
[0.245s]       Start  3: libmavros-quaternion-utils-test
[0.245s] 
[0.246s] 3: Test command: /home/grant/miniconda3/bin/python3 "-u" "/opt/ros/foxy/share/ament_cmake_test/cmake/run_test.py" "/home/grant/ros2_ws/build/mavros/test_results/mavros/libmavros-quaternion-utils-test.gtest.xml" "--package-name" "mavros" "--output-file" "/home/grant/ros2_ws/build/mavros/ament_cmake_gtest/libmavros-quaternion-utils-test.txt" "--command" "/home/grant/ros2_ws/build/mavros/libmavros-quaternion-utils-test" "--gtest_output=xml:/home/grant/ros2_ws/build/mavros/test_results/mavros/libmavros-quaternion-utils-test.gtest.xml"
[0.246s] 3: Test timeout computed to be: 60
[0.306s] 3: -- run_test.py: invoking following command in '/home/grant/ros2_ws/build/mavros':
[0.306s] 3:  - /home/grant/ros2_ws/build/mavros/libmavros-quaternion-utils-test --gtest_output=xml:/home/grant/ros2_ws/build/mavros/test_results/mavros/libmavros-quaternion-utils-test.gtest.xml
[0.318s] 3: [==========] Running 7 tests from 1 test case.
[0.318s] 3: [----------] Global test environment set-up.
[0.318s] 3: [----------] 7 tests from FRAME_TF
[0.318s] 3: [ RUN      ] FRAME_TF.quaternion_from_rpy__check_compatibility
[0.318s] 3: [       OK ] FRAME_TF.quaternion_from_rpy__check_compatibility (0 ms)
[0.318s] 3: [ RUN      ] FRAME_TF.quaternion_from_rpy__paranoic_check
[0.318s] 3: [       OK ] FRAME_TF.quaternion_from_rpy__paranoic_check (0 ms)
[0.318s] 3: [ RUN      ] FRAME_TF.quaternion_to_rpy__123
[0.319s] 3: [       OK ] FRAME_TF.quaternion_to_rpy__123 (0 ms)
[0.319s] 3: [ RUN      ] FRAME_TF.quaternion_to_rpy__pm_pi
[0.758s] 3: [       OK ] FRAME_TF.quaternion_to_rpy__pm_pi (440 ms)
[0.758s] 3: [ RUN      ] FRAME_TF.quaternion_get_yaw__123
[0.758s] 3: [       OK ] FRAME_TF.quaternion_get_yaw__123 (0 ms)
[0.758s] 3: [ RUN      ] FRAME_TF.quaternion_get_yaw__pm_pi
[0.763s] 3: [       OK ] FRAME_TF.quaternion_get_yaw__pm_pi (5 ms)
[0.763s] 3: [ RUN      ] FRAME_TF.quaternion_to_mavlink__123
[0.763s] 3: [       OK ] FRAME_TF.quaternion_to_mavlink__123 (0 ms)
[0.764s] 3: [----------] 7 tests from FRAME_TF (445 ms total)
[0.764s] 3: 
[0.764s] 3: [----------] Global test environment tear-down
[0.764s] 3: [==========] 7 tests from 1 test case ran. (445 ms total)
[0.764s] 3: [  PASSED  ] 7 tests.
[0.766s] 3: -- run_test.py: return code 0
[0.766s] 3: -- run_test.py: inject classname prefix into gtest result file '/home/grant/ros2_ws/build/mavros/test_results/mavros/libmavros-quaternion-utils-test.gtest.xml'
[0.767s] 3: -- run_test.py: verify result file '/home/grant/ros2_ws/build/mavros/test_results/mavros/libmavros-quaternion-utils-test.gtest.xml'
[0.778s]  3/12 Test  #3: libmavros-quaternion-utils-test .....   Passed    0.53 sec
[0.778s] test 4
[0.778s]       Start  4: mavros-router-test
[0.779s] 
[0.779s] 4: Test command: /home/grant/miniconda3/bin/python3 "-u" "/opt/ros/foxy/share/ament_cmake_test/cmake/run_test.py" "/home/grant/ros2_ws/build/mavros/test_results/mavros/mavros-router-test.gtest.xml" "--package-name" "mavros" "--output-file" "/home/grant/ros2_ws/build/mavros/ament_cmake_gmock/mavros-router-test.txt" "--command" "/home/grant/ros2_ws/build/mavros/mavros-router-test" "--gtest_output=xml:/home/grant/ros2_ws/build/mavros/test_results/mavros/mavros-router-test.gtest.xml"
[0.779s] 4: Test timeout computed to be: 60
[0.839s] 4: -- run_test.py: invoking following command in '/home/grant/ros2_ws/build/mavros':
[0.839s] 4:  - /home/grant/ros2_ws/build/mavros/mavros-router-test --gtest_output=xml:/home/grant/ros2_ws/build/mavros/test_results/mavros/mavros-router-test.gtest.xml
[0.852s] 4: [==========] Running 8 tests from 1 test case.
[0.853s] 4: [----------] Global test environment set-up.
[0.853s] 4: [----------] 8 tests from TestRouter
[0.853s] 4: [ RUN      ] TestRouter.set_parameter
[0.862s] 4: [INFO] [1666572629.088033817] [test_mavros_router]: Built-in SIMD instructions: SSE, SSE2
[0.862s] 4: [INFO] [1666572629.088116067] [test_mavros_router]: Built-in MAVLink package version: 2022.8.8
[0.863s] 4: [INFO] [1666572629.088130767] [test_mavros_router]: Known MAVLink dialects: common ardupilotmega ASLUAV AVSSUAS all development icarous matrixpilot paparazzi standard storm32 uAvionix ualberta
[0.863s] 4: [INFO] [1666572629.088139947] [test_mavros_router]: MAVROS Router started
[0.863s] 4: [INFO] [1666572629.088239978] [test_mavros_router]: Requested to add endpoint: type: 0, url: tcp-l://:57601
[0.863s] 4: [INFO] [1666572629.088395788] [test_mavros_router]: Endpoint link[1000] created
[0.864s] 4: [INFO] [1666572629.090248892] [test_mavros_router]: link[1000] opened successfully
[0.865s] 4: [INFO] [1666572629.090291863] [test_mavros_router]: Requested to add endpoint: type: 0, url: udp://:45001@
[0.865s] 4: [INFO] [1666572629.090337683] [test_mavros_router]: Endpoint link[1001] created
[0.865s] 4: [INFO] [1666572629.090602533] [test_mavros_router]: link[1001] opened successfully
[0.865s] 4: [INFO] [1666572629.090673394] [test_mavros_router]: Requested to add endpoint: type: 1, url: tcp-l://:57602
[0.865s] 4: [INFO] [1666572629.090717344] [test_mavros_router]: Endpoint link[1002] created
[0.865s] 4: [INFO] [1666572629.090852414] [test_mavros_router]: link[1002] opened successfully
[0.865s] 4: [INFO] [1666572629.090878414] [test_mavros_router]: Requested to add endpoint: type: 1, url: udp://:45002@
[0.866s] 4: [INFO] [1666572629.090916244] [test_mavros_router]: Endpoint link[1003] created
[0.866s] 4: [INFO] [1666572629.091066624] [test_mavros_router]: link[1003] opened successfully
[0.866s] 4: [INFO] [1666572629.091128295] [test_mavros_router]: Requested to add endpoint: type: 2, url: /uas1
[0.866s] 4: [INFO] [1666572629.091205555] [test_mavros_router]: Endpoint link[1004] created
[0.866s] 4: [INFO] [1666572629.092195447] [test_mavros_router]: link[1004] opened successfully
[0.866s] 4: [INFO] [1666572629.092223257] [test_mavros_router]: Requested to add endpoint: type: 2, url: /uas2
[0.867s] 4: [INFO] [1666572629.092284567] [test_mavros_router]: Endpoint link[1005] created
[0.867s] 4: [INFO] [1666572629.092723699] [test_mavros_router]: link[1005] opened successfully
[0.867s] 4: [       OK ] TestRouter.set_parameter (16 ms)
[0.867s] 4: [ RUN      ] TestRouter.route_fcu_broadcast
[0.873s] 4: [INFO] [1666572629.099110434] [test_mavros_router]: Built-in SIMD instructions: SSE, SSE2
[0.873s] 4: [INFO] [1666572629.099139934] [test_mavros_router]: Built-in MAVLink package version: 2022.8.8
[0.873s] 4: [INFO] [1666572629.099148734] [test_mavros_router]: Known MAVLink dialects: common ardupilotmega ASLUAV AVSSUAS all development icarous matrixpilot paparazzi standard storm32 uAvionix ualberta
[0.874s] 4: [INFO] [1666572629.099156644] [test_mavros_router]: MAVROS Router started
[0.874s] 4: [       OK ] TestRouter.route_fcu_broadcast (6 ms)
[0.874s] 4: [ RUN      ] TestRouter.route_uas_broadcast
[0.881s] 4: [INFO] [1666572629.106287442] [test_mavros_router]: Built-in SIMD instructions: SSE, SSE2
[0.881s] 4: [INFO] [1666572629.106315972] [test_mavros_router]: Built-in MAVLink package version: 2022.8.8
[0.881s] 4: [INFO] [1666572629.106324322] [test_mavros_router]: Known MAVLink dialects: common ardupilotmega ASLUAV AVSSUAS all development icarous matrixpilot paparazzi standard storm32 uAvionix ualberta
[0.881s] 4: [INFO] [1666572629.106331172] [test_mavros_router]: MAVROS Router started
[0.881s] 4: [       OK ] TestRouter.route_uas_broadcast (7 ms)
[0.881s] 4: [ RUN      ] TestRouter.route_gcs_broadcast
[0.904s] 4: [INFO] [1666572629.130169158] [test_mavros_router]: Built-in SIMD instructions: SSE, SSE2
[0.905s] 4: [INFO] [1666572629.130200828] [test_mavros_router]: Built-in MAVLink package version: 2022.8.8
[0.905s] 4: [INFO] [1666572629.130209668] [test_mavros_router]: Known MAVLink dialects: common ardupilotmega ASLUAV AVSSUAS all development icarous matrixpilot paparazzi standard storm32 uAvionix ualberta
[0.905s] 4: [INFO] [1666572629.130216468] [test_mavros_router]: MAVROS Router started
[0.905s] 4: [       OK ] TestRouter.route_gcs_broadcast (24 ms)
[0.905s] 4: [ RUN      ] TestRouter.route_targeted_one_system
[0.912s] 4: [INFO] [1666572629.138283138] [test_mavros_router]: Built-in SIMD instructions: SSE, SSE2
[0.913s] 4: [INFO] [1666572629.138312888] [test_mavros_router]: Built-in MAVLink package version: 2022.8.8
[0.913s] 4: [INFO] [1666572629.138321228] [test_mavros_router]: Known MAVLink dialects: common ardupilotmega ASLUAV AVSSUAS all development icarous matrixpilot paparazzi standard storm32 uAvionix ualberta
[0.913s] 4: [INFO] [1666572629.138327818] [test_mavros_router]: MAVROS Router started
[0.913s] 4: [       OK ] TestRouter.route_targeted_one_system (8 ms)
[0.913s] 4: [ RUN      ] TestRouter.route_targeted_two_system
[0.922s] 4: [INFO] [1666572629.147350899] [test_mavros_router]: Built-in SIMD instructions: SSE, SSE2
[0.922s] 4: [INFO] [1666572629.147377419] [test_mavros_router]: Built-in MAVLink package version: 2022.8.8
[0.922s] 4: [INFO] [1666572629.147385959] [test_mavros_router]: Known MAVLink dialects: common ardupilotmega ASLUAV AVSSUAS all development icarous matrixpilot paparazzi standard storm32 uAvionix ualberta
[0.922s] 4: [INFO] [1666572629.147393929] [test_mavros_router]: MAVROS Router started
[0.922s] 4: [       OK ] TestRouter.route_targeted_two_system (9 ms)
[0.922s] 4: [ RUN      ] TestRouter.route_targeted_system_component
[0.932s] 4: [INFO] [1666572629.157516194] [test_mavros_router]: Built-in SIMD instructions: SSE, SSE2
[0.932s] 4: [INFO] [1666572629.157553554] [test_mavros_router]: Built-in MAVLink package version: 2022.8.8
[0.932s] 4: [INFO] [1666572629.157564774] [test_mavros_router]: Known MAVLink dialects: common ardupilotmega ASLUAV AVSSUAS all development icarous matrixpilot paparazzi standard storm32 uAvionix ualberta
[0.932s] 4: [INFO] [1666572629.157571814] [test_mavros_router]: MAVROS Router started
[0.932s] 4: [       OK ] TestRouter.route_targeted_system_component (10 ms)
[0.932s] 4: [ RUN      ] TestRouter.endpoint_recv_message
[0.944s] 4: [INFO] [1666572629.170132555] [test_mavros_router]: Built-in SIMD instructions: SSE, SSE2
[0.945s] 4: [INFO] [1666572629.170165385] [test_mavros_router]: Built-in MAVLink package version: 2022.8.8
[0.945s] 4: [INFO] [1666572629.170174385] [test_mavros_router]: Known MAVLink dialects: common ardupilotmega ASLUAV AVSSUAS all development icarous matrixpilot paparazzi standard storm32 uAvionix ualberta
[0.945s] 4: [INFO] [1666572629.170181015] [test_mavros_router]: MAVROS Router started
[0.945s] 4: [INFO] [1666572629.170223195] [test_mavros_router]: Requested to add endpoint: type: 2, url: /uas1
[0.945s] 4: [INFO] [1666572629.170285455] [test_mavros_router]: Endpoint link[1000] created
[0.946s] 4: [INFO] [1666572629.171275228] [test_mavros_router]: link[1000] opened successfully
[0.946s] 4: [INFO] [1666572629.171383428] [test_mavros_router]: link[1000] detected remote address 1.191
[0.946s] 4: [WARN] [1666572629.171426248] [test_mavros_router]: Message dropped: msgid: 0, source: 1.191, target: 0.0
[0.946s] 4: [       OK ] TestRouter.endpoint_recv_message (14 ms)
[0.946s] 4: [----------] 8 tests from TestRouter (94 ms total)
[0.946s] 4: 
[0.946s] 4: [----------] Global test environment tear-down
[0.947s] 4: [==========] 8 tests from 1 test case ran. (94 ms total)
[0.947s] 4: [  PASSED  ] 8 tests.
[0.956s] 4: -- run_test.py: return code 0
[0.956s] 4: -- run_test.py: inject classname prefix into gtest result file '/home/grant/ros2_ws/build/mavros/test_results/mavros/mavros-router-test.gtest.xml'
[0.956s] 4: -- run_test.py: verify result file '/home/grant/ros2_ws/build/mavros/test_results/mavros/mavros-router-test.gtest.xml'
[0.970s]  4/12 Test  #4: mavros-router-test ..................   Passed    0.19 sec
[0.970s] test 5
[0.970s]       Start  5: mavros-uas-test
[0.970s] 
[0.970s] 5: Test command: /home/grant/miniconda3/bin/python3 "-u" "/opt/ros/foxy/share/ament_cmake_test/cmake/run_test.py" "/home/grant/ros2_ws/build/mavros/test_results/mavros/mavros-uas-test.gtest.xml" "--package-name" "mavros" "--output-file" "/home/grant/ros2_ws/build/mavros/ament_cmake_gmock/mavros-uas-test.txt" "--command" "/home/grant/ros2_ws/build/mavros/mavros-uas-test" "--gtest_output=xml:/home/grant/ros2_ws/build/mavros/test_results/mavros/mavros-uas-test.gtest.xml"
[0.970s] 5: Test timeout computed to be: 60
[1.051s] 5: -- run_test.py: invoking following command in '/home/grant/ros2_ws/build/mavros':
[1.051s] 5:  - /home/grant/ros2_ws/build/mavros/mavros-uas-test --gtest_output=xml:/home/grant/ros2_ws/build/mavros/test_results/mavros/mavros-uas-test.gtest.xml
[1.069s] 5: [==========] Running 2 tests from 1 test case.
[1.069s] 5: [----------] Global test environment set-up.
[1.069s] 5: [----------] 2 tests from TestUAS
[1.069s] 5: [ RUN      ] TestUAS.is_plugin_allowed
[1.108s] 5: [       OK ] TestUAS.is_plugin_allowed (40 ms)
[1.109s] 5: [ RUN      ] TestUAS.add_plugin__route_message__filter
[1.117s] 5: [INFO] [1666572629.342807631] [test_mavros_uas]: Plugin test1 created
[1.118s] 5: [INFO] [1666572629.343487812] [test_mavros_uas]: Plugin test1 initialized
[1.118s] 5: [INFO] [1666572629.343526513] [test_mavros_uas]: Plugin test2 created
[1.118s] 5: [INFO] [1666572629.343560523] [test_mavros_uas]: Plugin test2 initialized
[1.118s] 5: [       OK ] TestUAS.add_plugin__route_message__filter (10 ms)
[1.119s] 5: [----------] 2 tests from TestUAS (50 ms total)
[1.119s] 5: 
[1.119s] 5: [----------] Global test environment tear-down
[1.119s] 5: [==========] 2 tests from 1 test case ran. (50 ms total)
[1.119s] 5: [  PASSED  ] 2 tests.
[1.125s] 5: -- run_test.py: return code 0
[1.126s] 5: -- run_test.py: inject classname prefix into gtest result file '/home/grant/ros2_ws/build/mavros/test_results/mavros/mavros-uas-test.gtest.xml'
[1.126s] 5: -- run_test.py: verify result file '/home/grant/ros2_ws/build/mavros/test_results/mavros/mavros-uas-test.gtest.xml'
[1.139s]  5/12 Test  #5: mavros-uas-test .....................   Passed    0.17 sec
[1.139s] test 6
[1.139s]       Start  6: cppcheck
[1.139s] 
[1.139s] 6: Test command: /home/grant/miniconda3/bin/python3 "-u" "/opt/ros/foxy/share/ament_cmake_test/cmake/run_test.py" "/home/grant/ros2_ws/build/mavros/test_results/mavros/cppcheck.xunit.xml" "--package-name" "mavros" "--output-file" "/home/grant/ros2_ws/build/mavros/ament_cppcheck/cppcheck.txt" "--command" "/opt/ros/foxy/bin/ament_cppcheck" "--xunit-file" "/home/grant/ros2_ws/build/mavros/test_results/mavros/cppcheck.xunit.xml" "--exclude" "./test/*.cpp" "--include_dirs" "/home/grant/ros2_ws/src/mavros/mavros/include"
[1.139s] 6: Test timeout computed to be: 300
[1.203s] 6: -- run_test.py: invoking following command in '/home/grant/ros2_ws/src/mavros/mavros':
[1.203s] 6:  - /opt/ros/foxy/bin/ament_cppcheck --xunit-file /home/grant/ros2_ws/build/mavros/test_results/mavros/cppcheck.xunit.xml --exclude ./test/*.cpp --include_dirs /home/grant/ros2_ws/src/mavros/mavros/include
[1.629s] 6: No problems found
[1.664s] 6: -- run_test.py: return code 0
[1.664s] 6: -- run_test.py: verify result file '/home/grant/ros2_ws/build/mavros/test_results/mavros/cppcheck.xunit.xml'
[1.684s]  6/12 Test  #6: cppcheck ............................   Passed    0.54 sec
[1.684s] test 7
[1.684s]       Start  7: cpplint
[1.684s] 
[1.684s] 7: Test command: /home/grant/miniconda3/bin/python3 "-u" "/opt/ros/foxy/share/ament_cmake_test/cmake/run_test.py" "/home/grant/ros2_ws/build/mavros/test_results/mavros/cpplint.xunit.xml" "--package-name" "mavros" "--output-file" "/home/grant/ros2_ws/build/mavros/ament_cpplint/cpplint.txt" "--command" "/opt/ros/foxy/bin/ament_cpplint" "--xunit-file" "/home/grant/ros2_ws/build/mavros/test_results/mavros/cpplint.xunit.xml"
[1.685s] 7: Test timeout computed to be: 120
[1.752s] 7: -- run_test.py: invoking following command in '/home/grant/ros2_ws/src/mavros/mavros':
[1.752s] 7:  - /opt/ros/foxy/bin/ament_cpplint --xunit-file /home/grant/ros2_ws/build/mavros/test_results/mavros/cpplint.xunit.xml
[6.343s] 7: Using '--root=/home/grant/ros2_ws/src/mavros/mavros/include' argument
[6.343s] 7: 
[6.343s] 7: Done processing /home/grant/ros2_ws/src/mavros/mavros/include/mavros/frame_tf.hpp
[6.343s] 7: 
[6.343s] 7: Done processing /home/grant/ros2_ws/src/mavros/mavros/include/mavros/mavros_plugin_register_macro.hpp
[6.343s] 7: 
[6.343s] 7: Done processing /home/grant/ros2_ws/src/mavros/mavros/include/mavros/mavros_router.hpp
[6.343s] 7: 
[6.344s] 7: Done processing /home/grant/ros2_ws/src/mavros/mavros/include/mavros/mavros_uas.hpp
[6.344s] 7: 
[6.344s] 7: Done processing /home/grant/ros2_ws/src/mavros/mavros/include/mavros/mission_protocol_base.hpp
[6.344s] 7: 
[6.344s] 7: Done processing /home/grant/ros2_ws/src/mavros/mavros/include/mavros/plugin.hpp
[6.344s] 7: 
[6.344s] 7: Done processing /home/grant/ros2_ws/src/mavros/mavros/include/mavros/plugin_filter.hpp
[6.344s] 7: 
[6.344s] 7: Done processing /home/grant/ros2_ws/src/mavros/mavros/include/mavros/px4_custom_mode.hpp
[6.344s] 7: 
[6.344s] 7: Done processing /home/grant/ros2_ws/src/mavros/mavros/include/mavros/setpoint_mixin.hpp
[6.344s] 7: 
[6.344s] 7: Done processing /home/grant/ros2_ws/src/mavros/mavros/include/mavros/uas_executor.hpp
[6.344s] 7: 
[6.344s] 7: Done processing /home/grant/ros2_ws/src/mavros/mavros/include/mavros/utils.hpp
[6.345s] 7: 
[6.345s] 7: Using '--root=/home/grant/ros2_ws/src/mavros/mavros/src' argument
[6.345s] 7: 
[6.345s] 7: Done processing /home/grant/ros2_ws/src/mavros/mavros/src/mavros_node.cpp
[6.345s] 7: 
[6.345s] 7: Done processing /home/grant/ros2_ws/src/mavros/mavros/src/lib/enum_sensor_orientation.cpp
[6.345s] 7: 
[6.345s] 7: Done processing /home/grant/ros2_ws/src/mavros/mavros/src/lib/enum_to_string.cpp
[6.345s] 7: 
[6.345s] 7: Done processing /home/grant/ros2_ws/src/mavros/mavros/src/lib/ftf_frame_conversions.cpp
[6.345s] 7: 
[6.345s] 7: Done processing /home/grant/ros2_ws/src/mavros/mavros/src/lib/ftf_quaternion_utils.cpp
[6.345s] 7: 
[6.345s] 7: Done processing /home/grant/ros2_ws/src/mavros/mavros/src/lib/mavros_router.cpp
[6.345s] 7: 
[6.346s] 7: Done processing /home/grant/ros2_ws/src/mavros/mavros/src/lib/mavros_uas.cpp
[6.346s] 7: 
[6.346s] 7: Done processing /home/grant/ros2_ws/src/mavros/mavros/src/lib/plugin.cpp
[6.346s] 7: 
[6.346s] 7: Done processing /home/grant/ros2_ws/src/mavros/mavros/src/lib/uas_ap.cpp
[6.346s] 7: 
[6.346s] 7: Done processing /home/grant/ros2_ws/src/mavros/mavros/src/lib/uas_data.cpp
[6.346s] 7: 
[6.346s] 7: Done processing /home/grant/ros2_ws/src/mavros/mavros/src/lib/uas_executor.cpp
[6.346s] 7: 
[6.346s] 7: Done processing /home/grant/ros2_ws/src/mavros/mavros/src/lib/uas_stringify.cpp
[6.346s] 7: 
[6.346s] 7: Done processing /home/grant/ros2_ws/src/mavros/mavros/src/lib/uas_tf.cpp
[6.346s] 7: 
[6.346s] 7: Done processing /home/grant/ros2_ws/src/mavros/mavros/src/lib/uas_timesync.cpp
[6.347s] 7: 
[6.347s] 7: Done processing /home/grant/ros2_ws/src/mavros/mavros/src/plugins/actuator_control.cpp
[6.347s] 7: 
[6.347s] 7: Done processing /home/grant/ros2_ws/src/mavros/mavros/src/plugins/altitude.cpp
[6.347s] 7: 
[6.347s] 7: Done processing /home/grant/ros2_ws/src/mavros/mavros/src/plugins/command.cpp
[6.347s] 7: 
[6.347s] 7: Done processing /home/grant/ros2_ws/src/mavros/mavros/src/plugins/dummy.cpp
[6.347s] 7: 
[6.347s] 7: Done processing /home/grant/ros2_ws/src/mavros/mavros/src/plugins/ftp.cpp
[6.347s] 7: 
[6.347s] 7: Done processing /home/grant/ros2_ws/src/mavros/mavros/src/plugins/geofence.cpp
[6.347s] 7: 
[6.347s] 7: Done processing /home/grant/ros2_ws/src/mavros/mavros/src/plugins/global_position.cpp
[6.348s] 7: 
[6.348s] 7: Done processing /home/grant/ros2_ws/src/mavros/mavros/src/plugins/home_position.cpp
[6.348s] 7: 
[6.348s] 7: Done processing /home/grant/ros2_ws/src/mavros/mavros/src/plugins/imu.cpp
[6.348s] 7: 
[6.348s] 7: Done processing /home/grant/ros2_ws/src/mavros/mavros/src/plugins/local_position.cpp
[6.348s] 7: 
[6.348s] 7: Done processing /home/grant/ros2_ws/src/mavros/mavros/src/plugins/manual_control.cpp
[6.348s] 7: 
[6.348s] 7: Done processing /home/grant/ros2_ws/src/mavros/mavros/src/plugins/mission_protocol_base.cpp
[6.348s] 7: 
[6.348s] 7: Done processing /home/grant/ros2_ws/src/mavros/mavros/src/plugins/nav_controller_output.cpp
[6.348s] 7: 
[6.348s] 7: Done processing /home/grant/ros2_ws/src/mavros/mavros/src/plugins/param.cpp
[6.348s] 7: 
[6.348s] 7: Done processing /home/grant/ros2_ws/src/mavros/mavros/src/plugins/rallypoint.cpp
[6.349s] 7: 
[6.349s] 7: Done processing /home/grant/ros2_ws/src/mavros/mavros/src/plugins/rc_io.cpp
[6.349s] 7: 
[6.349s] 7: Done processing /home/grant/ros2_ws/src/mavros/mavros/src/plugins/setpoint_accel.cpp
[6.349s] 7: 
[6.349s] 7: Done processing /home/grant/ros2_ws/src/mavros/mavros/src/plugins/setpoint_attitude.cpp
[6.349s] 7: 
[6.349s] 7: Done processing /home/grant/ros2_ws/src/mavros/mavros/src/plugins/setpoint_position.cpp
[6.349s] 7: 
[6.349s] 7: Done processing /home/grant/ros2_ws/src/mavros/mavros/src/plugins/setpoint_raw.cpp
[6.349s] 7: 
[6.349s] 7: Done processing /home/grant/ros2_ws/src/mavros/mavros/src/plugins/setpoint_trajectory.cpp
[6.349s] 7: 
[6.349s] 7: Done processing /home/grant/ros2_ws/src/mavros/mavros/src/plugins/setpoint_velocity.cpp
[6.349s] 7: 
[6.350s] 7: Done processing /home/grant/ros2_ws/src/mavros/mavros/src/plugins/sys_status.cpp
[6.350s] 7: 
[6.350s] 7: Done processing /home/grant/ros2_ws/src/mavros/mavros/src/plugins/sys_time.cpp
[6.350s] 7: 
[6.350s] 7: Done processing /home/grant/ros2_ws/src/mavros/mavros/src/plugins/waypoint.cpp
[6.350s] 7: 
[6.350s] 7: Done processing /home/grant/ros2_ws/src/mavros/mavros/src/plugins/wind_estimation.cpp
[6.350s] 7: 
[6.350s] 7: Using '--root=/home/grant/ros2_ws/src/mavros/mavros/test' argument
[6.350s] 7: 
[6.350s] 7: Done processing /home/grant/ros2_ws/src/mavros/mavros/test/test_frame_conversions.cpp
[6.350s] 7: 
[6.350s] 7: Done processing /home/grant/ros2_ws/src/mavros/mavros/test/test_quaternion_utils.cpp
[6.350s] 7: 
[6.351s] 7: Done processing /home/grant/ros2_ws/src/mavros/mavros/test/test_router.cpp
[6.351s] 7: 
[6.351s] 7: Done processing /home/grant/ros2_ws/src/mavros/mavros/test/test_sensor_orientation.cpp
[6.351s] 7: 
[6.351s] 7: Done processing /home/grant/ros2_ws/src/mavros/mavros/test/test_uas.cpp
[6.351s] 7: 
[6.351s] 7: No problems found
[6.358s] 7: -- run_test.py: return code 0
[6.358s] 7: -- run_test.py: verify result file '/home/grant/ros2_ws/build/mavros/test_results/mavros/cpplint.xunit.xml'
[6.369s]  7/12 Test  #7: cpplint .............................   Passed    4.69 sec
[6.369s] test 8
[6.369s]       Start  8: flake8
[6.369s] 
[6.369s] 8: Test command: /home/grant/miniconda3/bin/python3 "-u" "/opt/ros/foxy/share/ament_cmake_test/cmake/run_test.py" "/home/grant/ros2_ws/build/mavros/test_results/mavros/flake8.xunit.xml" "--package-name" "mavros" "--output-file" "/home/grant/ros2_ws/build/mavros/ament_flake8/flake8.txt" "--command" "/opt/ros/foxy/bin/ament_flake8" "--xunit-file" "/home/grant/ros2_ws/build/mavros/test_results/mavros/flake8.xunit.xml"
[6.369s] 8: Test timeout computed to be: 60
[6.430s] 8: -- run_test.py: invoking following command in '/home/grant/ros2_ws/src/mavros/mavros':
[6.430s] 8:  - /opt/ros/foxy/bin/ament_flake8 --xunit-file /home/grant/ros2_ws/build/mavros/test_results/mavros/flake8.xunit.xml
[6.937s] 8: 
[6.938s] 8: 27 files checked
[6.938s] 8: No problems found
[6.938s] 8: 
[6.938s] 8: Checked files:
[6.938s] 8: 
[6.938s] 8: * ./setup.py
[6.938s] 8: * ./mavros/ftp.py
[6.938s] 8: * ./mavros/command.py
[6.938s] 8: * ./mavros/global_position.py
[6.938s] 8: * ./mavros/param.py
[6.938s] 8: * ./mavros/setpoint.py
[6.938s] 8: * ./mavros/mission.py
[6.938s] 8: * ./mavros/system.py
[6.939s] 8: * ./mavros/mavlink.py
[6.939s] 8: * ./mavros/__init__.py
[6.939s] 8: * ./mavros/local_position.py
[6.939s] 8: * ./mavros/utils.py
[6.939s] 8: * ./mavros/nuttx_crc32.py
[6.939s] 8: * ./mavros/base.py
[6.939s] 8: * ./mavros/cmd/checkid.py
[6.939s] 8: * ./mavros/cmd/ftp.py
[6.939s] 8: * ./mavros/cmd/param.py
[6.939s] 8: * ./mavros/cmd/mission.py
[6.939s] 8: * ./mavros/cmd/system.py
[6.939s] 8: * ./mavros/cmd/__main__.py
[6.939s] 8: * ./mavros/cmd/cmd.py
[6.939s] 8: * ./mavros/cmd/__init__.py
[6.940s] 8: * ./mavros/cmd/safety.py
[6.940s] 8: * ./mavros/cmd/utils.py
[6.940s] 8: * ./test/mavros_py/test_mission.py
[6.940s] 8: * ./test/mavros_py/test_param.py
[6.940s] 8: * ./test/mavros_py/__init__.py
[6.965s] 8: -- run_test.py: return code 0
[6.965s] 8: -- run_test.py: verify result file '/home/grant/ros2_ws/build/mavros/test_results/mavros/flake8.xunit.xml'
[6.976s]  8/12 Test  #8: flake8 ..............................   Passed    0.61 sec
[6.976s] test 9
[6.976s]       Start  9: lint_cmake
[6.976s] 
[6.976s] 9: Test command: /home/grant/miniconda3/bin/python3 "-u" "/opt/ros/foxy/share/ament_cmake_test/cmake/run_test.py" "/home/grant/ros2_ws/build/mavros/test_results/mavros/lint_cmake.xunit.xml" "--package-name" "mavros" "--output-file" "/home/grant/ros2_ws/build/mavros/ament_lint_cmake/lint_cmake.txt" "--command" "/opt/ros/foxy/bin/ament_lint_cmake" "--xunit-file" "/home/grant/ros2_ws/build/mavros/test_results/mavros/lint_cmake.xunit.xml"
[6.977s] 9: Test timeout computed to be: 60
[7.038s] 9: -- run_test.py: invoking following command in '/home/grant/ros2_ws/src/mavros/mavros':
[7.038s] 9:  - /opt/ros/foxy/bin/ament_lint_cmake --xunit-file /home/grant/ros2_ws/build/mavros/test_results/mavros/lint_cmake.xunit.xml
[7.229s] 9: 
[7.229s] 9: No problems found
[7.257s] 9: -- run_test.py: return code 0
[7.257s] 9: -- run_test.py: verify result file '/home/grant/ros2_ws/build/mavros/test_results/mavros/lint_cmake.xunit.xml'
[7.274s]  9/12 Test  #9: lint_cmake ..........................   Passed    0.30 sec
[7.274s] test 10
[7.274s]       Start 10: pep257
[7.274s] 
[7.274s] 10: Test command: /home/grant/miniconda3/bin/python3 "-u" "/opt/ros/foxy/share/ament_cmake_test/cmake/run_test.py" "/home/grant/ros2_ws/build/mavros/test_results/mavros/pep257.xunit.xml" "--package-name" "mavros" "--output-file" "/home/grant/ros2_ws/build/mavros/ament_pep257/pep257.txt" "--command" "/opt/ros/foxy/bin/ament_pep257" "--xunit-file" "/home/grant/ros2_ws/build/mavros/test_results/mavros/pep257.xunit.xml"
[7.274s] 10: Test timeout computed to be: 60
[7.336s] 10: -- run_test.py: invoking following command in '/home/grant/ros2_ws/src/mavros/mavros':
[7.336s] 10:  - /opt/ros/foxy/bin/ament_pep257 --xunit-file /home/grant/ros2_ws/build/mavros/test_results/mavros/pep257.xunit.xml
[7.855s] 10: checking ./mavros/__init__.py
[7.855s] 10: checking ./mavros/base.py
[7.855s] 10: checking ./mavros/cmd/__init__.py
[7.855s] 10: checking ./mavros/cmd/__main__.py
[7.855s] 10: checking ./mavros/cmd/checkid.py
[7.855s] 10: checking ./mavros/cmd/cmd.py
[7.855s] 10: checking ./mavros/cmd/ftp.py
[7.855s] 10: checking ./mavros/cmd/mission.py
[7.856s] 10: checking ./mavros/cmd/param.py
[7.856s] 10: checking ./mavros/cmd/safety.py
[7.856s] 10: checking ./mavros/cmd/system.py
[7.856s] 10: checking ./mavros/cmd/utils.py
[7.856s] 10: checking ./mavros/command.py
[7.856s] 10: checking ./mavros/ftp.py
[7.856s] 10: checking ./mavros/global_position.py
[7.856s] 10: checking ./mavros/local_position.py
[7.856s] 10: checking ./mavros/mavlink.py
[7.856s] 10: checking ./mavros/mission.py
[7.856s] 10: checking ./mavros/nuttx_crc32.py
[7.856s] 10: checking ./mavros/param.py
[7.856s] 10: checking ./mavros/setpoint.py
[7.856s] 10: checking ./mavros/system.py
[7.856s] 10: checking ./mavros/utils.py
[7.857s] 10: checking ./setup.py
[7.857s] 10: checking ./test/mavros_py/__init__.py
[7.857s] 10: checking ./test/mavros_py/test_mission.py
[7.857s] 10: checking ./test/mavros_py/test_param.py
[7.857s] 10: No problems found
[7.873s] 10: -- run_test.py: return code 0
[7.874s] 10: -- run_test.py: verify result file '/home/grant/ros2_ws/build/mavros/test_results/mavros/pep257.xunit.xml'
[7.885s] 10/12 Test #10: pep257 ..............................   Passed    0.61 sec
[7.885s] test 11
[7.885s]       Start 11: uncrustify
[7.885s] 
[7.885s] 11: Test command: /home/grant/miniconda3/bin/python3 "-u" "/opt/ros/foxy/share/ament_cmake_test/cmake/run_test.py" "/home/grant/ros2_ws/build/mavros/test_results/mavros/uncrustify.xunit.xml" "--package-name" "mavros" "--output-file" "/home/grant/ros2_ws/build/mavros/ament_uncrustify/uncrustify.txt" "--command" "/opt/ros/foxy/bin/ament_uncrustify" "--xunit-file" "/home/grant/ros2_ws/build/mavros/test_results/mavros/uncrustify.xunit.xml"
[7.886s] 11: Test timeout computed to be: 60
[7.947s] 11: -- run_test.py: invoking following command in '/home/grant/ros2_ws/src/mavros/mavros':
[7.947s] 11:  - /opt/ros/foxy/bin/ament_uncrustify --xunit-file /home/grant/ros2_ws/build/mavros/test_results/mavros/uncrustify.xunit.xml
[8.434s] 11: No code style divergence in file 'include/mavros/frame_tf.hpp'
[8.434s] 11: 
[8.434s] 11: No code style divergence in file 'include/mavros/mavros_plugin_register_macro.hpp'
[8.434s] 11: 
[8.434s] 11: No code style divergence in file 'include/mavros/mavros_router.hpp'
[8.434s] 11: 
[8.434s] 11: No code style divergence in file 'include/mavros/mavros_uas.hpp'
[8.434s] 11: 
[8.434s] 11: No code style divergence in file 'include/mavros/mission_protocol_base.hpp'
[8.434s] 11: 
[8.435s] 11: No code style divergence in file 'include/mavros/plugin.hpp'
[8.435s] 11: 
[8.435s] 11: No code style divergence in file 'include/mavros/plugin_filter.hpp'
[8.435s] 11: 
[8.435s] 11: No code style divergence in file 'include/mavros/px4_custom_mode.hpp'
[8.435s] 11: 
[8.435s] 11: No code style divergence in file 'include/mavros/setpoint_mixin.hpp'
[8.435s] 11: 
[8.435s] 11: No code style divergence in file 'include/mavros/uas_executor.hpp'
[8.435s] 11: 
[8.435s] 11: No code style divergence in file 'include/mavros/utils.hpp'
[8.435s] 11: 
[8.435s] 11: No code style divergence in file 'src/lib/enum_sensor_orientation.cpp'
[8.435s] 11: 
[8.436s] 11: No code style divergence in file 'src/lib/enum_to_string.cpp'
[8.436s] 11: 
[8.436s] 11: No code style divergence in file 'src/lib/ftf_frame_conversions.cpp'
[8.436s] 11: 
[8.436s] 11: No code style divergence in file 'src/lib/ftf_quaternion_utils.cpp'
[8.436s] 11: 
[8.436s] 11: No code style divergence in file 'src/lib/mavros_router.cpp'
[8.436s] 11: 
[8.436s] 11: No code style divergence in file 'src/lib/mavros_uas.cpp'
[8.436s] 11: 
[8.436s] 11: No code style divergence in file 'src/lib/plugin.cpp'
[8.436s] 11: 
[8.436s] 11: No code style divergence in file 'src/lib/uas_ap.cpp'
[8.436s] 11: 
[8.436s] 11: No code style divergence in file 'src/lib/uas_data.cpp'
[8.437s] 11: 
[8.437s] 11: No code style divergence in file 'src/lib/uas_executor.cpp'
[8.437s] 11: 
[8.437s] 11: No code style divergence in file 'src/lib/uas_stringify.cpp'
[8.437s] 11: 
[8.437s] 11: No code style divergence in file 'src/lib/uas_tf.cpp'
[8.437s] 11: 
[8.437s] 11: No code style divergence in file 'src/lib/uas_timesync.cpp'
[8.437s] 11: 
[8.437s] 11: No code style divergence in file 'src/mavros_node.cpp'
[8.437s] 11: 
[8.437s] 11: No code style divergence in file 'src/plugins/actuator_control.cpp'
[8.437s] 11: 
[8.437s] 11: No code style divergence in file 'src/plugins/altitude.cpp'
[8.438s] 11: 
[8.438s] 11: No code style divergence in file 'src/plugins/command.cpp'
[8.438s] 11: 
[8.438s] 11: No code style divergence in file 'src/plugins/dummy.cpp'
[8.438s] 11: 
[8.438s] 11: No code style divergence in file 'src/plugins/ftp.cpp'
[8.438s] 11: 
[8.438s] 11: No code style divergence in file 'src/plugins/geofence.cpp'
[8.438s] 11: 
[8.438s] 11: No code style divergence in file 'src/plugins/global_position.cpp'
[8.438s] 11: 
[8.438s] 11: No code style divergence in file 'src/plugins/home_position.cpp'
[8.438s] 11: 
[8.438s] 11: No code style divergence in file 'src/plugins/imu.cpp'
[8.438s] 11: 
[8.439s] 11: No code style divergence in file 'src/plugins/local_position.cpp'
[8.439s] 11: 
[8.439s] 11: No code style divergence in file 'src/plugins/manual_control.cpp'
[8.439s] 11: 
[8.439s] 11: No code style divergence in file 'src/plugins/mission_protocol_base.cpp'
[8.439s] 11: 
[8.439s] 11: No code style divergence in file 'src/plugins/nav_controller_output.cpp'
[8.439s] 11: 
[8.439s] 11: No code style divergence in file 'src/plugins/param.cpp'
[8.439s] 11: 
[8.439s] 11: No code style divergence in file 'src/plugins/rallypoint.cpp'
[8.439s] 11: 
[8.439s] 11: No code style divergence in file 'src/plugins/rc_io.cpp'
[8.439s] 11: 
[8.439s] 11: No code style divergence in file 'src/plugins/setpoint_accel.cpp'
[8.440s] 11: 
[8.440s] 11: No code style divergence in file 'src/plugins/setpoint_attitude.cpp'
[8.440s] 11: 
[8.440s] 11: No code style divergence in file 'src/plugins/setpoint_position.cpp'
[8.440s] 11: 
[8.440s] 11: No code style divergence in file 'src/plugins/setpoint_raw.cpp'
[8.440s] 11: 
[8.440s] 11: No code style divergence in file 'src/plugins/setpoint_trajectory.cpp'
[8.440s] 11: 
[8.440s] 11: No code style divergence in file 'src/plugins/setpoint_velocity.cpp'
[8.440s] 11: 
[8.440s] 11: No code style divergence in file 'src/plugins/sys_status.cpp'
[8.440s] 11: 
[8.440s] 11: No code style divergence in file 'src/plugins/sys_time.cpp'
[8.440s] 11: 
[8.441s] 11: No code style divergence in file 'src/plugins/waypoint.cpp'
[8.441s] 11: 
[8.441s] 11: No code style divergence in file 'src/plugins/wind_estimation.cpp'
[8.441s] 11: 
[8.441s] 11: No code style divergence in file 'test/test_frame_conversions.cpp'
[8.441s] 11: 
[8.441s] 11: No code style divergence in file 'test/test_quaternion_utils.cpp'
[8.441s] 11: 
[8.441s] 11: No code style divergence in file 'test/test_router.cpp'
[8.441s] 11: 
[8.441s] 11: No code style divergence in file 'test/test_sensor_orientation.cpp'
[8.441s] 11: 
[8.441s] 11: No code style divergence in file 'test/test_uas.cpp'
[8.441s] 11: 
[8.441s] 11: No problems found
[8.450s] 11: -- run_test.py: return code 0
[8.450s] 11: -- run_test.py: verify result file '/home/grant/ros2_ws/build/mavros/test_results/mavros/uncrustify.xunit.xml'
[8.461s] 11/12 Test #11: uncrustify ..........................   Passed    0.58 sec
[8.461s] test 12
[8.461s]       Start 12: xmllint
[8.461s] 
[8.461s] 12: Test command: /home/grant/miniconda3/bin/python3 "-u" "/opt/ros/foxy/share/ament_cmake_test/cmake/run_test.py" "/home/grant/ros2_ws/build/mavros/test_results/mavros/xmllint.xunit.xml" "--package-name" "mavros" "--output-file" "/home/grant/ros2_ws/build/mavros/ament_xmllint/xmllint.txt" "--command" "/opt/ros/foxy/bin/ament_xmllint" "--xunit-file" "/home/grant/ros2_ws/build/mavros/test_results/mavros/xmllint.xunit.xml"
[8.461s] 12: Test timeout computed to be: 60
[8.522s] 12: -- run_test.py: invoking following command in '/home/grant/ros2_ws/src/mavros/mavros':
[8.522s] 12:  - /opt/ros/foxy/bin/ament_xmllint --xunit-file /home/grant/ros2_ws/build/mavros/test_results/mavros/xmllint.xunit.xml
[8.721s] 12: File 'mavros_plugins.xml' is valid
[8.721s] 12: 
[8.721s] 12: File 'package.xml' is valid
[8.721s] 12: 
[8.721s] 12: No problems found
[8.734s] 12: -- run_test.py: return code 0
[8.734s] 12: -- run_test.py: verify result file '/home/grant/ros2_ws/build/mavros/test_results/mavros/xmllint.xunit.xml'
[8.745s] 12/12 Test #12: xmllint .............................   Passed    0.28 sec
[8.745s] 
[8.745s] [0;32m100% tests passed[0;0m, 0 tests failed[0;0m out of 12
[8.746s] 
[8.746s] Label Time Summary:
[8.746s] cppcheck      =   0.54 sec*proc (1 test)
[8.746s] cpplint       =   4.69 sec*proc (1 test)
[8.746s] flake8        =   0.61 sec*proc (1 test)
[8.746s] gmock         =   0.36 sec*proc (2 tests)
[8.746s] gtest         =   0.74 sec*proc (3 tests)
[8.746s] lint_cmake    =   0.30 sec*proc (1 test)
[8.746s] linter        =   7.60 sec*proc (7 tests)
[8.746s] pep257        =   0.61 sec*proc (1 test)
[8.746s] uncrustify    =   0.58 sec*proc (1 test)
[8.746s] xmllint       =   0.28 sec*proc (1 test)
[8.746s] 
[8.746s] Total Test time (real) =   8.71 sec
[8.751s] Invoked command in '/home/grant/ros2_ws/build/mavros' returned '0': AMENT_PREFIX_PATH=/home/grant/ros2_ws/install/mavros:/home/grant/ros2_ws/install/libmavconn:/home/grant/ros2_ws/install/mavros_msgs:${AMENT_PREFIX_PATH} CMAKE_PREFIX_PATH=/home/grant/ros2_ws/install/mavros:/home/grant/ros2_ws/install/libmavconn:/home/grant/ros2_ws/install/mavros_msgs:/home/grant/ros2_ws/install/mavlink:${CMAKE_PREFIX_PATH} CONDA_PROMPT_MODIFIER=(base) LD_LIBRARY_PATH=/home/grant/ros2_ws/install/mavros/lib:/home/grant/ros2_ws/install/libmavconn/lib:/home/grant/ros2_ws/install/mavros_msgs/lib:${LD_LIBRARY_PATH} PKG_CONFIG_PATH=/home/grant/ros2_ws/install/mavlink/lib/x86_64-linux-gnu/pkgconfig:/home/grant/ros2_ws/install/mavlink/lib/pkgconfig:${PKG_CONFIG_PATH} PYTHONPATH=/home/grant/ros2_ws/install/mavros/lib/python3.8/site-packages:/home/grant/ros2_ws/install/mavros_msgs/lib/python3.8/site-packages:${PYTHONPATH} /usr/bin/ctest -C Release -D ExperimentalTest --no-compress-output -V --force-new-ctest-process
