Start testing: Oct 23 20:48 EDT
----------------------------------------------------------
1/5 Testing: cppcheck
1/5 Test: cppcheck
Command: "/home/grant/miniconda3/bin/python3" "-u" "/opt/ros/foxy/share/ament_cmake_test/cmake/run_test.py" "/home/grant/ros2_ws/build/mavros_msgs/test_results/mavros_msgs/cppcheck.xunit.xml" "--package-name" "mavros_msgs" "--output-file" "/home/grant/ros2_ws/build/mavros_msgs/ament_cppcheck/cppcheck.txt" "--command" "/opt/ros/foxy/bin/ament_cppcheck" "--xunit-file" "/home/grant/ros2_ws/build/mavros_msgs/test_results/mavros_msgs/cppcheck.xunit.xml"
Directory: /home/grant/ros2_ws/src/mavros/mavros_msgs
"cppcheck" start time: Oct 23 20:48 EDT
Output:
----------------------------------------------------------
-- run_test.py: invoking following command in '/home/grant/ros2_ws/src/mavros/mavros_msgs':
 - /opt/ros/foxy/bin/ament_cppcheck --xunit-file /home/grant/ros2_ws/build/mavros_msgs/test_results/mavros_msgs/cppcheck.xunit.xml
No problems found
-- run_test.py: return code 0
-- run_test.py: verify result file '/home/grant/ros2_ws/build/mavros_msgs/test_results/mavros_msgs/cppcheck.xunit.xml'
<end of output>
Test time =   0.31 sec
----------------------------------------------------------
Test Passed.
"cppcheck" end time: Oct 23 20:48 EDT
"cppcheck" time elapsed: 00:00:00
----------------------------------------------------------

2/5 Testing: cpplint
2/5 Test: cpplint
Command: "/home/grant/miniconda3/bin/python3" "-u" "/opt/ros/foxy/share/ament_cmake_test/cmake/run_test.py" "/home/grant/ros2_ws/build/mavros_msgs/test_results/mavros_msgs/cpplint.xunit.xml" "--package-name" "mavros_msgs" "--output-file" "/home/grant/ros2_ws/build/mavros_msgs/ament_cpplint/cpplint.txt" "--command" "/opt/ros/foxy/bin/ament_cpplint" "--xunit-file" "/home/grant/ros2_ws/build/mavros_msgs/test_results/mavros_msgs/cpplint.xunit.xml"
Directory: /home/grant/ros2_ws/src/mavros/mavros_msgs
"cpplint" start time: Oct 23 20:48 EDT
Output:
----------------------------------------------------------
-- run_test.py: invoking following command in '/home/grant/ros2_ws/src/mavros/mavros_msgs':
 - /opt/ros/foxy/bin/ament_cpplint --xunit-file /home/grant/ros2_ws/build/mavros_msgs/test_results/mavros_msgs/cpplint.xunit.xml
Using '--root=/home/grant/ros2_ws/src/mavros/mavros_msgs/include' argument

Done processing /home/grant/ros2_ws/src/mavros/mavros_msgs/include/mavros_msgs/mavlink_convert.hpp

No problems found
-- run_test.py: return code 0
-- run_test.py: verify result file '/home/grant/ros2_ws/build/mavros_msgs/test_results/mavros_msgs/cpplint.xunit.xml'
<end of output>
Test time =   0.35 sec
----------------------------------------------------------
Test Passed.
"cpplint" end time: Oct 23 20:48 EDT
"cpplint" time elapsed: 00:00:00
----------------------------------------------------------

3/5 Testing: lint_cmake
3/5 Test: lint_cmake
Command: "/home/grant/miniconda3/bin/python3" "-u" "/opt/ros/foxy/share/ament_cmake_test/cmake/run_test.py" "/home/grant/ros2_ws/build/mavros_msgs/test_results/mavros_msgs/lint_cmake.xunit.xml" "--package-name" "mavros_msgs" "--output-file" "/home/grant/ros2_ws/build/mavros_msgs/ament_lint_cmake/lint_cmake.txt" "--command" "/opt/ros/foxy/bin/ament_lint_cmake" "--xunit-file" "/home/grant/ros2_ws/build/mavros_msgs/test_results/mavros_msgs/lint_cmake.xunit.xml"
Directory: /home/grant/ros2_ws/src/mavros/mavros_msgs
"lint_cmake" start time: Oct 23 20:48 EDT
Output:
----------------------------------------------------------
-- run_test.py: invoking following command in '/home/grant/ros2_ws/src/mavros/mavros_msgs':
 - /opt/ros/foxy/bin/ament_lint_cmake --xunit-file /home/grant/ros2_ws/build/mavros_msgs/test_results/mavros_msgs/lint_cmake.xunit.xml

No problems found
-- run_test.py: return code 0
-- run_test.py: verify result file '/home/grant/ros2_ws/build/mavros_msgs/test_results/mavros_msgs/lint_cmake.xunit.xml'
<end of output>
Test time =   0.27 sec
----------------------------------------------------------
Test Passed.
"lint_cmake" end time: Oct 23 20:48 EDT
"lint_cmake" time elapsed: 00:00:00
----------------------------------------------------------

4/5 Testing: uncrustify
4/5 Test: uncrustify
Command: "/home/grant/miniconda3/bin/python3" "-u" "/opt/ros/foxy/share/ament_cmake_test/cmake/run_test.py" "/home/grant/ros2_ws/build/mavros_msgs/test_results/mavros_msgs/uncrustify.xunit.xml" "--package-name" "mavros_msgs" "--output-file" "/home/grant/ros2_ws/build/mavros_msgs/ament_uncrustify/uncrustify.txt" "--command" "/opt/ros/foxy/bin/ament_uncrustify" "--xunit-file" "/home/grant/ros2_ws/build/mavros_msgs/test_results/mavros_msgs/uncrustify.xunit.xml"
Directory: /home/grant/ros2_ws/src/mavros/mavros_msgs
"uncrustify" start time: Oct 23 20:48 EDT
Output:
----------------------------------------------------------
-- run_test.py: invoking following command in '/home/grant/ros2_ws/src/mavros/mavros_msgs':
 - /opt/ros/foxy/bin/ament_uncrustify --xunit-file /home/grant/ros2_ws/build/mavros_msgs/test_results/mavros_msgs/uncrustify.xunit.xml
No code style divergence in file 'include/mavros_msgs/mavlink_convert.hpp'

No problems found
-- run_test.py: return code 0
-- run_test.py: verify result file '/home/grant/ros2_ws/build/mavros_msgs/test_results/mavros_msgs/uncrustify.xunit.xml'
<end of output>
Test time =   0.30 sec
----------------------------------------------------------
Test Passed.
"uncrustify" end time: Oct 23 20:48 EDT
"uncrustify" time elapsed: 00:00:00
----------------------------------------------------------

5/5 Testing: xmllint
5/5 Test: xmllint
Command: "/home/grant/miniconda3/bin/python3" "-u" "/opt/ros/foxy/share/ament_cmake_test/cmake/run_test.py" "/home/grant/ros2_ws/build/mavros_msgs/test_results/mavros_msgs/xmllint.xunit.xml" "--package-name" "mavros_msgs" "--output-file" "/home/grant/ros2_ws/build/mavros_msgs/ament_xmllint/xmllint.txt" "--command" "/opt/ros/foxy/bin/ament_xmllint" "--xunit-file" "/home/grant/ros2_ws/build/mavros_msgs/test_results/mavros_msgs/xmllint.xunit.xml"
Directory: /home/grant/ros2_ws/src/mavros/mavros_msgs
"xmllint" start time: Oct 23 20:48 EDT
Output:
----------------------------------------------------------
-- run_test.py: invoking following command in '/home/grant/ros2_ws/src/mavros/mavros_msgs':
 - /opt/ros/foxy/bin/ament_xmllint --xunit-file /home/grant/ros2_ws/build/mavros_msgs/test_results/mavros_msgs/xmllint.xunit.xml
File 'package.xml' is valid

No problems found
-- run_test.py: return code 0
-- run_test.py: verify result file '/home/grant/ros2_ws/build/mavros_msgs/test_results/mavros_msgs/xmllint.xunit.xml'
<end of output>
Test time =   0.47 sec
----------------------------------------------------------
Test Passed.
"xmllint" end time: Oct 23 20:48 EDT
"xmllint" time elapsed: 00:00:00
----------------------------------------------------------

End testing: Oct 23 20:48 EDT

cppcheck =   0.31 sec*proc

cpplint =   0.35 sec*proc

lint_cmake =   0.27 sec*proc

linter =   1.71 sec*proc

uncrustify =   0.30 sec*proc

xmllint =   0.47 sec*proc

